#-----------------------------------------------------------
# Vivado v2015.4 (64-bit)
# SW Build 1412921 on Wed Nov 18 09:43:45 MST 2015
# IP Build 1412160 on Tue Nov 17 13:47:24 MST 2015
# Start of session at: Mon Feb 22 10:40:39 2016
# Process ID: 6216
# Current directory: C:/Users/Riccardo/Documents/HLS_FILTERS/OV7670_GRAYSCALE/solution1/sim/verilog
# Command line: vivado.exe -source open_wave.tcl
# Log file: C:/Users/Riccardo/Documents/HLS_FILTERS/OV7670_GRAYSCALE/solution1/sim/verilog/vivado.log
# Journal file: C:/Users/Riccardo/Documents/HLS_FILTERS/OV7670_GRAYSCALE/solution1/sim/verilog\vivado.jou
#-----------------------------------------------------------
start_gui
source open_wave.tcl
# current_fileset
INFO: [IP_Flow 19-234] Refreshing IP repositories
INFO: [IP_Flow 19-1704] No user IP repositories specified
INFO: [IP_Flow 19-2313] Loaded Vivado IP repository 'C:/Xilinx/Vivado/2015.4/data/ip'.
# open_wave_database ov7670_grayscale.wdb
add_wave {{/apatb_ov7670_grayscale_top}} 
close_sim
INFO: [Simtcl 6-16] Simulation closed
exit
INFO: [Common 17-206] Exiting Vivado at Mon Feb 22 10:42:28 2016...
