#-----------------------------------------------------------
# xsim v2015.4 (64-bit)
# SW Build 1412921 on Wed Nov 18 09:43:45 MST 2015
# IP Build 1412160 on Tue Nov 17 13:47:24 MST 2015
# Start of session at: Mon Feb 22 10:40:29 2016
# Process ID: 11236
# Current directory: C:/Users/Riccardo/Documents/HLS_FILTERS/OV7670_GRAYSCALE/solution1/sim/verilog
# Command line: xsim.exe -mode tcl -source {xsim.dir/ov7670_grayscale/xsim_script.tcl}
# Log file: C:/Users/Riccardo/Documents/HLS_FILTERS/OV7670_GRAYSCALE/solution1/sim/verilog/xsim.log
# Journal file: C:/Users/Riccardo/Documents/HLS_FILTERS/OV7670_GRAYSCALE/solution1/sim/verilog\xsim.jou
#-----------------------------------------------------------
source xsim.dir/ov7670_grayscale/xsim_script.tcl
# xsim {ov7670_grayscale} -maxdeltaid 10000 -autoloadwcfg -tclbatch {ov7670_grayscale.tcl}
Vivado Simulator 2015.4
Time resolution is 1 ps
source ov7670_grayscale.tcl
## log_wave -r /
WARNING: [Simtcl 6-142] log_wave skipped an HDL object or scope because of this problem: WARNING: Simulation object /apatb_ov7670_grayscale_top/next_trigger_ready_cnt was not traceable in the design for the following reason:
Vivado Simulator does not yet support tracing of Verilog named events.

Tracing of this type is not supported yet
Tracing of this type is not supported yet
WARNING: [Simtcl 6-142] log_wave skipped an HDL object or scope because of this problem: WARNING: Simulation object /apatb_ov7670_grayscale_top/AESL_AXI_S_inStream_V_V/fifo_inStream_V_V_TDATA/write_event was not traceable in the design for the following reason:
Vivado Simulator does not yet support tracing of Verilog named events.

WARNING: [Simtcl 6-142] log_wave skipped an HDL object or scope because of this problem: WARNING: Simulation object /apatb_ov7670_grayscale_top/AESL_AXI_S_inStream_V_V/fifo_inStream_V_V_TDATA/read_event was not traceable in the design for the following reason:
Vivado Simulator does not yet support tracing of Verilog named events.

Tracing of this type is not supported yet
Tracing of this type is not supported yet
WARNING: [Simtcl 6-142] log_wave skipped an HDL object or scope because of this problem: WARNING: Simulation object /apatb_ov7670_grayscale_top/AESL_AXI_S_outStream_V_V/fifo_outStream_V_V_TDATA/write_event was not traceable in the design for the following reason:
Vivado Simulator does not yet support tracing of Verilog named events.

WARNING: [Simtcl 6-142] log_wave skipped an HDL object or scope because of this problem: WARNING: Simulation object /apatb_ov7670_grayscale_top/AESL_AXI_S_outStream_V_V/fifo_outStream_V_V_TDATA/read_event was not traceable in the design for the following reason:
Vivado Simulator does not yet support tracing of Verilog named events.

## run all
$finish called at time : 275 ns : File "C:/Users/Riccardo/Documents/HLS_FILTERS/OV7670_GRAYSCALE/solution1/sim/verilog/ov7670_grayscale.autotb.v" Line 282
## quit
INFO: [Common 17-206] Exiting xsim at Mon Feb 22 10:40:34 2016...
