@I [HLS-0] Workspace F:/Progetti_Vivado_Tesi/Test_7_Tesi/HLS_COMMON/DDR/DDR_TO_AXIS_READER_AXILITE_SD/solution1 opened at Mon Sep 25 18:29:17 +0200 2017
@I [HLS-100] Command "config_clock -quiet -name default -period 42 -default=false "
@I [SYN-201] Setting up clock 'default' with a period of 42ns.
@I [HLS-100] Command 'config_clock' returned 0; elapsed 0Total elapsed time: 1.173 sec.
@I [HLS-100] Command "config_clock -quiet -name default -uncertainty 1 "
@I [SYN-201] Setting up clock 'default' with an uncertainty of 1ns.
@I [HLS-100] Command 'config_clock' returned 0; elapsed 0Total elapsed time: 1.174 sec.
@I [HLS-100] Command "open_platform DefaultPlatform "
@I [HLS-100] Command 'open_platform' returned 0; elapsed 0Total elapsed time: 1.176 sec.
@I [HLS-100] Command "import_lib F:/Vivado_old/Vivado_HLS/2016.2/common/technology/xilinx/zynq/zynq "
@I [HLS-100] Command "source F:/Vivado_old/Vivado_HLS/2016.2/common/technology/xilinx/common/xilinx.lib "
@I [HLS-100] Command "source F:/Vivado_old/Vivado_HLS/2016.2/common/technology/xilinx/interface/xilinx_interface.lib "
@I [HLS-100] Command "source F:/Vivado_old/Vivado_HLS/2016.2/common/technology/xilinx/interface/plb46.lib "
@I [HLS-100] Command 'ap_source' returned 0; elapsed 0Total elapsed time: 1.179 sec.
@I [HLS-100] Command "source F:/Vivado_old/Vivado_HLS/2016.2/common/technology/xilinx/interface/fsl.lib "
@I [HLS-100] Command 'ap_source' returned 0; elapsed 0Total elapsed time: 1.180 sec.
@I [HLS-100] Command "source F:/Vivado_old/Vivado_HLS/2016.2/common/technology/xilinx/interface/axi4.lib "
@I [HLS-100] Command 'ap_source' returned 0; elapsed 0Total elapsed time: 1.181 sec.
@I [HLS-100] Command "source F:/Vivado_old/Vivado_HLS/2016.2/common/technology/xilinx/interface/maxi.lib "
@I [HLS-100] Command 'ap_source' returned 0; elapsed 0.001Total elapsed time: 1.182 sec.
@I [HLS-100] Command "source F:/Vivado_old/Vivado_HLS/2016.2/common/technology/xilinx/interface/saxilite.lib "
@I [HLS-100] Command 'ap_source' returned 0; elapsed 0.001Total elapsed time: 1.183 sec.
@I [HLS-100] Command 'ap_source' returned 0; elapsed 0.005Total elapsed time: 1.183 sec.
@I [HLS-100] Command "source F:/Vivado_old/Vivado_HLS/2016.2/common/technology/xilinx/common/dsp48.lib "
@I [HLS-100] Command 'ap_source' returned 0; elapsed 0.001Total elapsed time: 1.184 sec.
@I [HLS-100] Command "source F:/Vivado_old/Vivado_HLS/2016.2/common/technology/xilinx/ip/dds_compiler.lib "
@I [HLS-100] Command 'ap_source' returned 0; elapsed 0.001Total elapsed time: 1.185 sec.
@I [HLS-100] Command "source F:/Vivado_old/Vivado_HLS/2016.2/common/technology/xilinx/ip/xfft.lib "
@I [HLS-100] Command 'ap_source' returned 0; elapsed 0Total elapsed time: 1.185 sec.
@I [HLS-100] Command "source F:/Vivado_old/Vivado_HLS/2016.2/common/technology/xilinx/ip/xfir.lib "
@I [HLS-100] Command 'ap_source' returned 0; elapsed 0Total elapsed time: 1.186 sec.
@I [HLS-100] Command 'ap_source' returned 0; elapsed 0.01Total elapsed time: 1.188 sec.
@I [HLS-100] Command "source F:/Vivado_old/Vivado_HLS/2016.2/common/technology/xilinx/common/xilinx_old.lib "
@I [HLS-100] Command 'ap_source' returned 0; elapsed 0.001Total elapsed time: 1.191 sec.
@I [HLS-100] Command "source F:/Vivado_old/Vivado_HLS/2016.2/common/technology/xilinx/common/xilinx_vivado.lib "
@I [HLS-100] Command 'ap_source' returned 0; elapsed 0Total elapsed time: 1.192 sec.
@I [HLS-100] Command "source F:/Vivado_old/Vivado_HLS/2016.2/common/technology/xilinx/common/xilinx.hlp "
@I [HLS-100] Command "source F:/Vivado_old/Vivado_HLS/2016.2/common/technology/xilinx/common/target_info.tcl "
@I [HLS-100] Command 'ap_source' returned 0; elapsed 0.001Total elapsed time: 1.198 sec.
@I [HLS-100] Command "source F:/Vivado_old/Vivado_HLS/2016.2/common/technology/xilinx/interface/xilinx_interface.hlp "
@I [HLS-100] Command "source F:/Vivado_old/Vivado_HLS/2016.2/common/technology/xilinx/interface/maxi.hlp "
@I [HLS-100] Command 'ap_source' returned 0; elapsed 0Total elapsed time: 1.199 sec.
@I [HLS-100] Command "source F:/Vivado_old/Vivado_HLS/2016.2/common/technology/xilinx/interface/saxilite.hlp "
@I [HLS-100] Command 'ap_source' returned 0; elapsed 0Total elapsed time: 1.200 sec.
@I [HLS-100] Command 'ap_source' returned 0; elapsed 0.002Total elapsed time: 1.201 sec.
@I [HLS-100] Command "source F:/Vivado_old/Vivado_HLS/2016.2/common/technology/xilinx/common/dsp48.hlp "
@I [HLS-100] Command 'ap_source' returned 0; elapsed 0.001Total elapsed time: 1.203 sec.
@I [HLS-100] Command 'ap_source' returned 0; elapsed 0.008Total elapsed time: 1.204 sec.
@I [HLS-100] Command "source F:/Vivado_old/Vivado_HLS/2016.2/common/technology/xilinx/zynq/dsp48e1.hlp "
@I [HLS-100] Command 'ap_source' returned 0; elapsed 0.001Total elapsed time: 1.205 sec.
@I [HLS-100] Command "get_default_platform "
@I [HLS-100] Command 'get_default_platform' returned 0; elapsed 0Total elapsed time: 1.205 sec.
@I [HLS-100] Command "config_chip_info -quiet -resource  {SLICE 13300}  {LUT 53200}     {FF 106400} {DSP48E 220}   {BRAM 280}  "
@I [HLS-100] Command 'config_chip_info' returned 0; elapsed 0Total elapsed time: 1.206 sec.
@I [HLS-100] Command "config_chip_info -quiet -speed medium "
@I [HLS-100] Command 'config_chip_info' returned 0; elapsed 0Total elapsed time: 1.207 sec.
@I [HLS-100] Command 'import_lib' returned 0; elapsed 0.032Total elapsed time: 1.209 sec.
@I [HLS-100] Command "source F:/Vivado_old/Vivado_HLS/2016.2/common/technology/xilinx/zynq/zynq.gen "
@I [HLS-100] Command "source F:/Vivado_old/Vivado_HLS/2016.2/common/technology/xilinx/common/virtex.gen "
@I [HLS-100] Command "source F:/Vivado_old/Vivado_HLS/2016.2/common/technology/xilinx/common/xilinx.gen "
@I [HLS-100] Command "source F:/Vivado_old/Vivado_HLS/2016.2/common/technology/xilinx/interface/plb46.gen "
@I [HLS-100] Command 'ap_source' returned 0; elapsed 0.001Total elapsed time: 1.214 sec.
@I [HLS-100] Command "source F:/Vivado_old/Vivado_HLS/2016.2/common/technology/xilinx/interface/fsl.gen "
@I [HLS-100] Command 'ap_source' returned 0; elapsed 0.001Total elapsed time: 1.216 sec.
@I [HLS-100] Command "source F:/Vivado_old/Vivado_HLS/2016.2/common/technology/xilinx/interface/axi4.gen "
@I [HLS-100] Command 'ap_source' returned 0; elapsed 0.003Total elapsed time: 1.220 sec.
@I [HLS-100] Command "source F:/Vivado_old/Vivado_HLS/2016.2/common/technology/xilinx/interface/nativeAXI4.gen "
@I [HLS-100] Command "source F:/Vivado_old/Vivado_HLS/2016.2/common/technology/xilinx/interface/saxilite.gen "
@I [HLS-100] Command 'ap_source' returned 0; elapsed 0.006Total elapsed time: 1.228 sec.
@I [HLS-100] Command "source F:/Vivado_old/Vivado_HLS/2016.2/common/technology/xilinx/interface/maxi.gen "
@I [HLS-100] Command 'ap_source' returned 0; elapsed 0.014Total elapsed time: 1.242 sec.
@I [HLS-100] Command 'ap_source' returned 0; elapsed 0.022Total elapsed time: 1.243 sec.
@I [HLS-100] Command "source F:/Vivado_old/Vivado_HLS/2016.2/common/technology/xilinx/scripts/xilinxcoregen.gen "
@I [HLS-100] Command 'ap_source' returned 0; elapsed 0.019Total elapsed time: 1.263 sec.
@I [HLS-100] Command "source F:/Vivado_old/Vivado_HLS/2016.2/common/technology/xilinx/interface/XilEDKCoreGen.gen "
@I [HLS-100] Command 'ap_source' returned 0; elapsed 0.043Total elapsed time: 1.307 sec.
@I [HLS-100] Command "source F:/Vivado_old/Vivado_HLS/2016.2/common/technology/xilinx/ip/dds_compiler.gen "
@I [HLS-100] Command 'ap_source' returned 0; elapsed 0.01Total elapsed time: 1.319 sec.
@I [HLS-100] Command "source F:/Vivado_old/Vivado_HLS/2016.2/common/technology/xilinx/ip/util.gen "
@I [HLS-100] Command 'ap_source' returned 0; elapsed 0.001Total elapsed time: 1.322 sec.
@I [HLS-100] Command "source F:/Vivado_old/Vivado_HLS/2016.2/common/technology/xilinx/ip/xfft.gen "
@I [HLS-100] Command 'ap_source' returned 0; elapsed 0.241Total elapsed time: 1.564 sec.
@I [HLS-100] Command "source F:/Vivado_old/Vivado_HLS/2016.2/common/technology/xilinx/ip/xfir.gen "
@I [HLS-100] Command 'ap_source' returned 0; elapsed 0.001Total elapsed time: 1.566 sec.
@I [HLS-100] Command 'ap_source' returned 0; elapsed 0.354Total elapsed time: 1.566 sec.
@I [HLS-100] Command "source F:/Vivado_old/Vivado_HLS/2016.2/common/technology/xilinx/common/dsp48.gen "
@I [HLS-100] Command 'ap_source' returned 0; elapsed 0Total elapsed time: 1.569 sec.
@I [HLS-100] Command 'ap_source' returned 0; elapsed 0.36Total elapsed time: 1.570 sec.
@I [HLS-100] Command 'ap_source' returned 0; elapsed 0.361Total elapsed time: 1.571 sec.
@I [HLS-100] Command "open_platform DefaultPlatform "
@I [HLS-100] Command 'open_platform' returned 0; elapsed 0Total elapsed time: 1.571 sec.
@I [HLS-100] Command "import_lib F:/Vivado_old/Vivado_HLS/2016.2/common/technology/xilinx/zynq/zynq_fpv6 "
@I [HLS-100] Command "source F:/Vivado_old/Vivado_HLS/2016.2/common/technology/xilinx/common/xilinx_fpv7.lib "
@I [HLS-100] Command "source F:/Vivado_old/Vivado_HLS/2016.2/common/technology/xilinx/common/xilinx_hp.lib "
@I [HLS-100] Command 'ap_source' returned 0; elapsed 0.001Total elapsed time: 1.574 sec.
@I [HLS-100] Command 'ap_source' returned 0; elapsed 0.004Total elapsed time: 1.577 sec.
@I [HLS-100] Command "source F:/Vivado_old/Vivado_HLS/2016.2/common/technology/xilinx/common/xilinx_fpv.hlp "
@I [HLS-100] Command "source F:/Vivado_old/Vivado_HLS/2016.2/common/technology/xilinx/common/xilinx.hlp "
@I [HLS-100] Command "source F:/Vivado_old/Vivado_HLS/2016.2/common/technology/xilinx/common/target_info.tcl "
@I [HLS-100] Command 'ap_source' returned 0; elapsed 0.039Total elapsed time: 1.628 sec.
@I [HLS-100] Command "source F:/Vivado_old/Vivado_HLS/2016.2/common/technology/xilinx/interface/xilinx_interface.hlp "
@I [HLS-100] Command "source F:/Vivado_old/Vivado_HLS/2016.2/common/technology/xilinx/interface/maxi.hlp "
@I [HLS-100] Command 'ap_source' returned 0; elapsed 0.001Total elapsed time: 1.631 sec.
@I [HLS-100] Command "source F:/Vivado_old/Vivado_HLS/2016.2/common/technology/xilinx/interface/saxilite.hlp "
@I [HLS-100] Command 'ap_source' returned 0; elapsed 0Total elapsed time: 1.632 sec.
@I [HLS-100] Command 'ap_source' returned 0; elapsed 0.003Total elapsed time: 1.633 sec.
@I [HLS-100] Command "source F:/Vivado_old/Vivado_HLS/2016.2/common/technology/xilinx/common/dsp48.hlp "
@I [HLS-100] Command 'ap_source' returned 0; elapsed 0.003Total elapsed time: 1.638 sec.
@I [HLS-100] Command 'ap_source' returned 0; elapsed 0.052Total elapsed time: 1.640 sec.
@I [HLS-100] Command 'ap_source' returned 0; elapsed 0.058Total elapsed time: 1.645 sec.
@I [HLS-100] Command "source F:/Vivado_old/Vivado_HLS/2016.2/common/technology/xilinx/zynq/zynq_hp.hlp "
@I [HLS-100] Command 'ap_source' returned 0; elapsed 0.006Total elapsed time: 1.653 sec.
@I [HLS-100] Command 'import_lib' returned 0; elapsed 0.099Total elapsed time: 1.671 sec.
@I [HLS-100] Command "source F:/Vivado_old/Vivado_HLS/2016.2/common/technology/xilinx/zynq/zynq_fpv6.gen "
@I [HLS-100] Command "source F:/Vivado_old/Vivado_HLS/2016.2/common/technology/xilinx/common/xilinx_fpv6.gen "
@I [HLS-100] Command 'ap_source' returned 0; elapsed 0.003Total elapsed time: 1.677 sec.
@I [HLS-100] Command 'ap_source' returned 0; elapsed 0.005Total elapsed time: 1.678 sec.
@I [HLS-100] Command "set_part xc7z020clg484-1 "
@I [HLS-100] Command "add_library xilinx/zynq/zynq:xc7z020:clg484:-1 "
@I [HLS-100] Command "get_default_platform "
@I [HLS-100] Command 'get_default_platform' returned 0; elapsed 0Total elapsed time: 1.685 sec.
@I [HLS-100] Command "license_isbetapart xc7z020 "
@I [HLS-100] Command 'license_isbetapart' returned 1; elapsed 0.016Total elapsed time: 1.702 sec.
@I [HLS-100] Command "get_default_platform "
@I [HLS-100] Command 'get_default_platform' returned 0; elapsed 0Total elapsed time: 1.708 sec.
@I [HLS-100] Command "config_chip_info -quiet -resource  {SLICE 13300}  {LUT 53200}     {FF 106400} {DSP48E 220}   {BRAM 280}  "
@I [HLS-100] Command 'config_chip_info' returned 0; elapsed 0Total elapsed time: 1.709 sec.
@I [HLS-100] Command "config_chip_info -quiet -speed slow "
@I [HLS-100] Command 'config_chip_info' returned 0; elapsed 0Total elapsed time: 1.709 sec.
@I [HLS-100] Command 'add_library' returned 0; elapsed 0.035Total elapsed time: 1.719 sec.
@I [HLS-100] Command "add_library xilinx/zynq/zynq_fpv6 "
@I [HLS-100] Command "get_default_platform "
@I [HLS-100] Command 'get_default_platform' returned 0; elapsed 0Total elapsed time: 1.722 sec.
@I [HLS-100] Command 'add_library' returned 0; elapsed 0.006Total elapsed time: 1.726 sec.
@I [HLS-10] Setting target device to 'xc7z020clg484-1'
@I [HLS-100] Command 'set_part' returned 0; elapsed 0.049Total elapsed time: 1.728 sec.
@I [HLS-100] Command "get_default_platform "
@I [HLS-100] Command 'get_default_platform' returned 0; elapsed 0Total elapsed time: 1.729 sec.
@I [HLS-100] Command "config_chip_info -quiet -resource  {SLICE 13300}  {LUT 53200}     {FF 106400} {DSP48E 220}   {BRAM 280}  "
@I [HLS-100] Command 'config_chip_info' returned 0; elapsed 0Total elapsed time: 1.729 sec.
@I [HLS-100] Command "config_chip_info -quiet -speed slow "
@I [HLS-100] Command 'config_chip_info' returned 0; elapsed 0Total elapsed time: 1.729 sec.
@I [HLS-100] Command 'open_solution' returned 0; elapsed 0.609Total elapsed time: 1.730 sec.
@I [HLS-100] Command "export_design -format ip_catalog "
@I [HLS-100] Command "source F:/Progetti_Vivado_Tesi/Test_7_Tesi/HLS_COMMON/DDR/DDR_TO_AXIS_READER_AXILITE_SD/solution1/.autopilot/db/global.setting.tcl "
@I [HLS-100] Command 'ap_source' returned 0; elapsed 0.001Total elapsed time: 1.761 sec.
@I [HLS-100] Command "source F:/Vivado_old/Vivado_HLS/2016.2/common/technology/generic/autopilot/common.gen "
@I [HLS-100] Command "source F:/Vivado_old/Vivado_HLS/2016.2/common/technology/generic/autopilot/APCoreGen.gen "
@I [HLS-100] Command 'ap_source' returned 0; elapsed 0.001Total elapsed time: 1.769 sec.
@I [HLS-100] Command 'ap_source' returned 0; elapsed 0.003Total elapsed time: 1.770 sec.
@I [HLS-100] Command "source F:/Vivado_old/Vivado_HLS/2016.2/common/technology/generic/autopilot/op.gen "
@I [HLS-100] Command 'ap_source' returned 0; elapsed 0Total elapsed time: 1.771 sec.
@I [HLS-100] Command "source F:/Vivado_old/Vivado_HLS/2016.2/common/technology/generic/autopilot/op_simcore.gen "
@I [HLS-100] Command 'ap_source' returned 0; elapsed 0.002Total elapsed time: 1.774 sec.
@I [HLS-100] Command "source F:/Vivado_old/Vivado_HLS/2016.2/common/technology/generic/autopilot/interface.gen "
@I [HLS-100] Command 'ap_source' returned 0; elapsed 0Total elapsed time: 1.775 sec.
@I [HLS-100] Command "source F:/Progetti_Vivado_Tesi/Test_7_Tesi/HLS_COMMON/DDR/DDR_TO_AXIS_READER_AXILITE_SD/solution1/.autopilot/db/global.setting.tcl "
@I [HLS-100] Command 'ap_source' returned 0; elapsed 0.001Total elapsed time: 1.777 sec.
@I [HLS-100] Command "source F:/Vivado_old/Vivado_HLS/2016.2/common/technology/xilinx/zynq/zynq.gen "
@I [HLS-100] Command "source F:/Vivado_old/Vivado_HLS/2016.2/common/technology/xilinx/common/virtex.gen "
@I [HLS-100] Command "source F:/Vivado_old/Vivado_HLS/2016.2/common/technology/xilinx/common/xilinx.gen "
@I [HLS-100] Command "source F:/Vivado_old/Vivado_HLS/2016.2/common/technology/xilinx/interface/plb46.gen "
@I [HLS-100] Command 'ap_source' returned 0; elapsed 0.002Total elapsed time: 1.781 sec.
@I [HLS-100] Command "source F:/Vivado_old/Vivado_HLS/2016.2/common/technology/xilinx/interface/fsl.gen "
@I [HLS-100] Command 'ap_source' returned 0; elapsed 0.001Total elapsed time: 1.782 sec.
@I [HLS-100] Command "source F:/Vivado_old/Vivado_HLS/2016.2/common/technology/xilinx/interface/axi4.gen "
@I [HLS-100] Command 'ap_source' returned 0; elapsed 0.003Total elapsed time: 1.785 sec.
@I [HLS-100] Command "source F:/Vivado_old/Vivado_HLS/2016.2/common/technology/xilinx/interface/nativeAXI4.gen "
@I [HLS-100] Command "source F:/Vivado_old/Vivado_HLS/2016.2/common/technology/xilinx/interface/saxilite.gen "
@I [HLS-100] Command 'ap_source' returned 0; elapsed 0.006Total elapsed time: 1.791 sec.
@I [HLS-100] Command "source F:/Vivado_old/Vivado_HLS/2016.2/common/technology/xilinx/interface/maxi.gen "
@I [HLS-100] Command 'ap_source' returned 0; elapsed 0.016Total elapsed time: 1.807 sec.
@I [HLS-100] Command 'ap_source' returned 0; elapsed 0.023Total elapsed time: 1.808 sec.
@I [HLS-100] Command "source F:/Vivado_old/Vivado_HLS/2016.2/common/technology/xilinx/scripts/xilinxcoregen.gen "
@I [HLS-100] Command 'ap_source' returned 0; elapsed 0.03Total elapsed time: 1.839 sec.
@I [HLS-100] Command "source F:/Vivado_old/Vivado_HLS/2016.2/common/technology/xilinx/interface/XilEDKCoreGen.gen "
@I [HLS-100] Command 'ap_source' returned 0; elapsed 0.024Total elapsed time: 1.864 sec.
@I [HLS-100] Command "source F:/Vivado_old/Vivado_HLS/2016.2/common/technology/xilinx/ip/dds_compiler.gen "
@I [HLS-100] Command 'ap_source' returned 0; elapsed 0.009Total elapsed time: 1.874 sec.
@I [HLS-100] Command "source F:/Vivado_old/Vivado_HLS/2016.2/common/technology/xilinx/ip/util.gen "
@I [HLS-100] Command 'ap_source' returned 0; elapsed 0.001Total elapsed time: 1.875 sec.
@I [HLS-100] Command "source F:/Vivado_old/Vivado_HLS/2016.2/common/technology/xilinx/ip/xfft.gen "
@I [HLS-100] Command 'ap_source' returned 0; elapsed 0.167Total elapsed time: 2.42 sec.
@I [HLS-100] Command "source F:/Vivado_old/Vivado_HLS/2016.2/common/technology/xilinx/ip/xfir.gen "
@I [HLS-100] Command 'ap_source' returned 0; elapsed 0.002Total elapsed time: 2.45 sec.
@I [HLS-100] Command 'ap_source' returned 0; elapsed 0.267Total elapsed time: 2.46 sec.
@I [HLS-100] Command "source F:/Vivado_old/Vivado_HLS/2016.2/common/technology/xilinx/common/dsp48.gen "
@I [HLS-100] Command 'ap_source' returned 0; elapsed 0.001Total elapsed time: 2.50 sec.
@I [HLS-100] Command 'ap_source' returned 0; elapsed 0.274Total elapsed time: 2.51 sec.
@I [HLS-100] Command 'ap_source' returned 0; elapsed 0.275Total elapsed time: 2.52 sec.
@I [HLS-100] Command "source F:/Vivado_old/Vivado_HLS/2016.2/common/technology/xilinx/zynq/zynq_fpv6.gen "
@I [HLS-100] Command "source F:/Vivado_old/Vivado_HLS/2016.2/common/technology/xilinx/common/xilinx_fpv6.gen "
@I [HLS-100] Command 'ap_source' returned 0; elapsed 0.008Total elapsed time: 2.64 sec.
@I [HLS-100] Command 'ap_source' returned 0; elapsed 0.01Total elapsed time: 2.65 sec.
@I [HLS-100] Command "source F:/Progetti_Vivado_Tesi/Test_7_Tesi/HLS_COMMON/DDR/DDR_TO_AXIS_READER_AXILITE_SD/solution1/.autopilot/db/global.setting.tcl "
@I [HLS-100] Command 'ap_source' returned 0; elapsed 0.003Total elapsed time: 2.118 sec.
@I [IMPL-8] Exporting RTL as an IP in IP-XACT.
@I [HLS-100] Command "source F:/Progetti_Vivado_Tesi/Test_7_Tesi/HLS_COMMON/DDR/DDR_TO_AXIS_READER_AXILITE_SD/solution1/.autopilot/db/global.setting.tcl "
@I [HLS-100] Command 'ap_source' returned 0; elapsed 0.001Total elapsed time: 2.127 sec.
@I [HLS-100] Command "source F:/Progetti_Vivado_Tesi/Test_7_Tesi/HLS_COMMON/DDR/DDR_TO_AXIS_READER_AXILITE_SD/solution1/.autopilot/db/global.setting.tcl "
@I [HLS-100] Command 'ap_source' returned 0; elapsed 0.002Total elapsed time: 2.155 sec.
@I [HLS-100] Command "source F:/Vivado_old/Vivado_HLS/2016.2/common/technology/generic/autopilot/common.gen "
@I [HLS-100] Command "source F:/Vivado_old/Vivado_HLS/2016.2/common/technology/generic/autopilot/APCoreGen.gen "
@I [HLS-100] Command 'ap_source' returned 0; elapsed 0.002Total elapsed time: 2.159 sec.
@I [HLS-100] Command 'ap_source' returned 0; elapsed 0.005Total elapsed time: 2.161 sec.
@I [HLS-100] Command "source F:/Vivado_old/Vivado_HLS/2016.2/common/technology/generic/autopilot/op.gen "
@I [HLS-100] Command 'ap_source' returned 0; elapsed 0.002Total elapsed time: 2.164 sec.
@I [HLS-100] Command "source F:/Vivado_old/Vivado_HLS/2016.2/common/technology/generic/autopilot/op_simcore.gen "
@I [HLS-100] Command 'ap_source' returned 0; elapsed 0.003Total elapsed time: 2.167 sec.
@I [HLS-100] Command "source F:/Vivado_old/Vivado_HLS/2016.2/common/technology/generic/autopilot/interface.gen "
@I [HLS-100] Command 'ap_source' returned 0; elapsed 0.001Total elapsed time: 2.168 sec.
@I [HLS-100] Command "source F:/Progetti_Vivado_Tesi/Test_7_Tesi/HLS_COMMON/DDR/DDR_TO_AXIS_READER_AXILITE_SD/solution1/.autopilot/db/global.setting.tcl "
@I [HLS-100] Command 'ap_source' returned 0; elapsed 0.001Total elapsed time: 2.169 sec.
@I [HLS-100] Command "source F:/Vivado_old/Vivado_HLS/2016.2/common/technology/xilinx/zynq/zynq.gen "
@I [HLS-100] Command "source F:/Vivado_old/Vivado_HLS/2016.2/common/technology/xilinx/common/virtex.gen "
@I [HLS-100] Command "source F:/Vivado_old/Vivado_HLS/2016.2/common/technology/xilinx/common/xilinx.gen "
@I [HLS-100] Command "source F:/Vivado_old/Vivado_HLS/2016.2/common/technology/xilinx/interface/plb46.gen "
@I [HLS-100] Command 'ap_source' returned 0; elapsed 0.001Total elapsed time: 2.173 sec.
@I [HLS-100] Command "source F:/Vivado_old/Vivado_HLS/2016.2/common/technology/xilinx/interface/fsl.gen "
@I [HLS-100] Command 'ap_source' returned 0; elapsed 0.001Total elapsed time: 2.175 sec.
@I [HLS-100] Command "source F:/Vivado_old/Vivado_HLS/2016.2/common/technology/xilinx/interface/axi4.gen "
@I [HLS-100] Command 'ap_source' returned 0; elapsed 0.004Total elapsed time: 2.180 sec.
@I [HLS-100] Command "source F:/Vivado_old/Vivado_HLS/2016.2/common/technology/xilinx/interface/nativeAXI4.gen "
@I [HLS-100] Command "source F:/Vivado_old/Vivado_HLS/2016.2/common/technology/xilinx/interface/saxilite.gen "
@I [HLS-100] Command 'ap_source' returned 0; elapsed 0.008Total elapsed time: 2.188 sec.
@I [HLS-100] Command "source F:/Vivado_old/Vivado_HLS/2016.2/common/technology/xilinx/interface/maxi.gen "
@I [HLS-100] Command 'ap_source' returned 0; elapsed 0.013Total elapsed time: 2.201 sec.
@I [HLS-100] Command 'ap_source' returned 0; elapsed 0.022Total elapsed time: 2.202 sec.
@I [HLS-100] Command "source F:/Vivado_old/Vivado_HLS/2016.2/common/technology/xilinx/scripts/xilinxcoregen.gen "
@I [HLS-100] Command 'ap_source' returned 0; elapsed 0.014Total elapsed time: 2.216 sec.
@I [HLS-100] Command "source F:/Vivado_old/Vivado_HLS/2016.2/common/technology/xilinx/interface/XilEDKCoreGen.gen "
@I [HLS-100] Command 'ap_source' returned 0; elapsed 0.015Total elapsed time: 2.231 sec.
@I [HLS-100] Command "source F:/Vivado_old/Vivado_HLS/2016.2/common/technology/xilinx/ip/dds_compiler.gen "
@I [HLS-100] Command 'ap_source' returned 0; elapsed 0.005Total elapsed time: 2.237 sec.
@I [HLS-100] Command "source F:/Vivado_old/Vivado_HLS/2016.2/common/technology/xilinx/ip/util.gen "
@I [HLS-100] Command 'ap_source' returned 0; elapsed 0Total elapsed time: 2.238 sec.
@I [HLS-100] Command "source F:/Vivado_old/Vivado_HLS/2016.2/common/technology/xilinx/ip/xfft.gen "
@I [HLS-100] Command 'ap_source' returned 0; elapsed 0.154Total elapsed time: 2.393 sec.
@I [HLS-100] Command "source F:/Vivado_old/Vivado_HLS/2016.2/common/technology/xilinx/ip/xfir.gen "
@I [HLS-100] Command 'ap_source' returned 0; elapsed 0.001Total elapsed time: 2.395 sec.
@I [HLS-100] Command 'ap_source' returned 0; elapsed 0.224Total elapsed time: 2.395 sec.
@I [HLS-100] Command "source F:/Vivado_old/Vivado_HLS/2016.2/common/technology/xilinx/common/dsp48.gen "
@I [HLS-100] Command 'ap_source' returned 0; elapsed 0.001Total elapsed time: 2.398 sec.
@I [HLS-100] Command 'ap_source' returned 0; elapsed 0.228Total elapsed time: 2.398 sec.
@I [HLS-100] Command 'ap_source' returned 0; elapsed 0.229Total elapsed time: 2.399 sec.
@I [HLS-100] Command "source F:/Vivado_old/Vivado_HLS/2016.2/common/technology/xilinx/zynq/zynq_fpv6.gen "
@I [HLS-100] Command "source F:/Vivado_old/Vivado_HLS/2016.2/common/technology/xilinx/common/xilinx_fpv6.gen "
@I [HLS-100] Command 'ap_source' returned 0; elapsed 0.003Total elapsed time: 2.402 sec.
@I [HLS-100] Command 'ap_source' returned 0; elapsed 0.004Total elapsed time: 2.403 sec.
@I [HLS-100] Command "source F:/Progetti_Vivado_Tesi/Test_7_Tesi/HLS_COMMON/DDR/DDR_TO_AXIS_READER_AXILITE_SD/solution1/.autopilot/db/global.setting.tcl "
@I [HLS-100] Command 'ap_source' returned 0; elapsed 0.004Total elapsed time: 2.445 sec.
@I [HLS-100] Command "source F:/Progetti_Vivado_Tesi/Test_7_Tesi/HLS_COMMON/DDR/DDR_TO_AXIS_READER_AXILITE_SD/solution1/.autopilot/db/global.setting.tcl "
@I [HLS-100] Command 'ap_source' returned 0; elapsed 0.003Total elapsed time: 2.456 sec.
@I [HLS-100] Command "source F:/Progetti_Vivado_Tesi/Test_7_Tesi/HLS_COMMON/DDR/DDR_TO_AXIS_READER_AXILITE_SD/solution1/.autopilot/db/ddr_to_axis_reader_SD.compgen.tcl "
@I [HLS-100] Command 'ap_source' returned 0; elapsed 0.037Total elapsed time: 2.503 sec.
@I [HLS-100] Command "source F:/Progetti_Vivado_Tesi/Test_7_Tesi/HLS_COMMON/DDR/DDR_TO_AXIS_READER_AXILITE_SD/solution1/.autopilot/db/global.setting.tcl "
@I [HLS-100] Command 'ap_source' returned 0; elapsed 0.001Total elapsed time: 2.590 sec.
@I [HLS-100] Command "source F:/Progetti_Vivado_Tesi/Test_7_Tesi/HLS_COMMON/DDR/DDR_TO_AXIS_READER_AXILITE_SD/solution1/.autopilot/db/global.setting.tcl "
@I [HLS-100] Command 'ap_source' returned 0; elapsed 0.001Total elapsed time: 2.594 sec.
@I [HLS-100] Command "source F:/Progetti_Vivado_Tesi/Test_7_Tesi/HLS_COMMON/DDR/DDR_TO_AXIS_READER_AXILITE_SD/solution1/.autopilot/db/ddr_to_axis_reader_SD.compgen.tcl "
@I [HLS-100] Command "source F:/Progetti_Vivado_Tesi/Test_7_Tesi/HLS_COMMON/DDR/DDR_TO_AXIS_READER_AXILITE_SD/solution1/.autopilot/db/ddr_to_axis_reader_SD.rtl_wrap.cfg.tcl "
@I [HLS-100] Command 'ap_source' returned 0; elapsed 0.002Total elapsed time: 2.601 sec.
@I [HLS-100] Command "source F:/Progetti_Vivado_Tesi/Test_7_Tesi/HLS_COMMON/DDR/DDR_TO_AXIS_READER_AXILITE_SD/solution1/.autopilot/db/ddr_to_axis_reader_SD.rtl_wrap.cfg.tcl "
@I [HLS-100] Command 'ap_source' returned 0; elapsed 0.001Total elapsed time: 2.603 sec.
@I [HLS-100] Command "source F:/Progetti_Vivado_Tesi/Test_7_Tesi/HLS_COMMON/DDR/DDR_TO_AXIS_READER_AXILITE_SD/solution1/.autopilot/db/ddr_to_axis_reader_SD.rtl_wrap.cfg.tcl "
@I [HLS-100] Command 'ap_source' returned 0; elapsed 0.002Total elapsed time: 2.606 sec.
@I [HLS-100] Command "source F:/Progetti_Vivado_Tesi/Test_7_Tesi/HLS_COMMON/DDR/DDR_TO_AXIS_READER_AXILITE_SD/solution1/.autopilot/db/ddr_to_axis_reader_SD.tbgen.tcl "
@I [HLS-100] Command 'ap_source' returned 0; elapsed 0.001Total elapsed time: 2.608 sec.
@I [HLS-100] Command "source F:/Progetti_Vivado_Tesi/Test_7_Tesi/HLS_COMMON/DDR/DDR_TO_AXIS_READER_AXILITE_SD/solution1/.autopilot/db/ddr_to_axis_reader_SD.tbgen.tcl "
@I [HLS-100] Command 'ap_source' returned 0; elapsed 0.001Total elapsed time: 2.610 sec.
@I [HLS-100] Command 'ap_source' returned 0; elapsed 0.187Total elapsed time: 2.783 sec.
@I [HLS-100] Command "source F:/Progetti_Vivado_Tesi/Test_7_Tesi/HLS_COMMON/DDR/DDR_TO_AXIS_READER_AXILITE_SD/solution1/.autopilot/db/global.setting.tcl "
@I [HLS-100] Command 'ap_source' returned 0; elapsed 0.001Total elapsed time: 2.827 sec.
@I [HLS-100] Command "source F:/Progetti_Vivado_Tesi/Test_7_Tesi/HLS_COMMON/DDR/DDR_TO_AXIS_READER_AXILITE_SD/solution1/.autopilot/db/global.setting.tcl "
@I [HLS-100] Command 'ap_source' returned 0; elapsed 0.001Total elapsed time: 2.830 sec.
@I [HLS-100] Command "source F:/Progetti_Vivado_Tesi/Test_7_Tesi/HLS_COMMON/DDR/DDR_TO_AXIS_READER_AXILITE_SD/solution1/.autopilot/db/ddr_to_axis_reader_SD.compgen.tcl "
@I [HLS-100] Command 'ap_source' returned 0; elapsed 0.001Total elapsed time: 2.833 sec.
@I [HLS-100] Command "source F:/Progetti_Vivado_Tesi/Test_7_Tesi/HLS_COMMON/DDR/DDR_TO_AXIS_READER_AXILITE_SD/solution1/.autopilot/db/global.setting.tcl "
@I [HLS-100] Command 'ap_source' returned 0; elapsed 0Total elapsed time: 3.403 sec.
@I [HLS-100] Command "source F:/Progetti_Vivado_Tesi/Test_7_Tesi/HLS_COMMON/DDR/DDR_TO_AXIS_READER_AXILITE_SD/solution1/.autopilot/db/ddr_to_axis_reader_SD.constraint.tcl "
@I [HLS-100] Command 'ap_source' returned 0; elapsed 0.001Total elapsed time: 3.415 sec.
@I [HLS-100] Command "source F:/Progetti_Vivado_Tesi/Test_7_Tesi/HLS_COMMON/DDR/DDR_TO_AXIS_READER_AXILITE_SD/solution1/.autopilot/db/ddr_to_axis_reader_SD.rtl_wrap.cfg.tcl "
@I [HLS-100] Command 'ap_source' returned 0; elapsed 0.004Total elapsed time: 3.507 sec.
@I [HLS-100] Command "source F:/Progetti_Vivado_Tesi/Test_7_Tesi/HLS_COMMON/DDR/DDR_TO_AXIS_READER_AXILITE_SD/solution1/.autopilot/db/ddr_to_axis_reader_SD.rtl_wrap.cfg.tcl "
@I [HLS-100] Command 'ap_source' returned 0; elapsed 0.003Total elapsed time: 3.515 sec.
@I [HLS-100] Command "source F:/Progetti_Vivado_Tesi/Test_7_Tesi/HLS_COMMON/DDR/DDR_TO_AXIS_READER_AXILITE_SD/solution1/.autopilot/db/ddr_to_axis_reader_SD.rtl_wrap.cfg.tcl "
@I [HLS-100] Command 'ap_source' returned 0; elapsed 0.053Total elapsed time: 3.571 sec.
@I [HLS-100] Command "source F:/Progetti_Vivado_Tesi/Test_7_Tesi/HLS_COMMON/DDR/DDR_TO_AXIS_READER_AXILITE_SD/solution1/.autopilot/db/ddr_to_axis_reader_SD.tbgen.tcl "
@I [HLS-100] Command 'ap_source' returned 0; elapsed 0.006Total elapsed time: 3.580 sec.
@I [HLS-100] Command "source F:/Progetti_Vivado_Tesi/Test_7_Tesi/HLS_COMMON/DDR/DDR_TO_AXIS_READER_AXILITE_SD/solution1/.autopilot/db/ddr_to_axis_reader_SD.tbgen.tcl "
@I [HLS-100] Command 'ap_source' returned 0; elapsed 0.004Total elapsed time: 3.588 sec.
@I [HLS-100] Command "source F:/Progetti_Vivado_Tesi/Test_7_Tesi/HLS_COMMON/DDR/DDR_TO_AXIS_READER_AXILITE_SD/solution1/.autopilot/db/ddr_to_axis_reader_SD.tbgen.tcl "
@I [HLS-100] Command 'ap_source' returned 0; elapsed 0.001Total elapsed time: 3.847 sec.
@I [HLS-100] Command "source F:/Progetti_Vivado_Tesi/Test_7_Tesi/HLS_COMMON/DDR/DDR_TO_AXIS_READER_AXILITE_SD/solution1/.autopilot/db/global.setting.tcl "
@I [HLS-100] Command 'ap_source' returned 0; elapsed 0Total elapsed time: 3.862 sec.
@I [HLS-100] Command "source F:/Progetti_Vivado_Tesi/Test_7_Tesi/HLS_COMMON/DDR/DDR_TO_AXIS_READER_AXILITE_SD/solution1/.autopilot/db/global.setting.tcl "
@I [HLS-100] Command 'ap_source' returned 0; elapsed 0.001Total elapsed time: 3.958 sec.
@I [HLS-100] Command "source F:/Progetti_Vivado_Tesi/Test_7_Tesi/HLS_COMMON/DDR/DDR_TO_AXIS_READER_AXILITE_SD/solution1/.autopilot/db/global.setting.tcl "
@I [HLS-100] Command 'ap_source' returned 0; elapsed 0.002Total elapsed time: 3.998 sec.
@I [HLS-100] Command "source F:/Progetti_Vivado_Tesi/Test_7_Tesi/HLS_COMMON/DDR/DDR_TO_AXIS_READER_AXILITE_SD/solution1/.autopilot/db/ddr_to_axis_reader_SD.rtl_wrap.cfg.tcl "
@I [HLS-100] Command 'ap_source' returned 0; elapsed 0.002Total elapsed time: 4.7 sec.
@I [HLS-100] Command "source F:/Progetti_Vivado_Tesi/Test_7_Tesi/HLS_COMMON/DDR/DDR_TO_AXIS_READER_AXILITE_SD/solution1/.autopilot/db/ddr_to_axis_reader_SD.rtl_wrap.cfg.tcl "
@I [HLS-100] Command 'ap_source' returned 0; elapsed 0.002Total elapsed time: 4.10 sec.
@I [HLS-100] Command "source F:/Progetti_Vivado_Tesi/Test_7_Tesi/HLS_COMMON/DDR/DDR_TO_AXIS_READER_AXILITE_SD/solution1/.autopilot/db/ddr_to_axis_reader_SD.tbgen.tcl "
@I [HLS-100] Command 'ap_source' returned 0; elapsed 0.004Total elapsed time: 4.15 sec.
@I [HLS-100] Command "source F:/Progetti_Vivado_Tesi/Test_7_Tesi/HLS_COMMON/DDR/DDR_TO_AXIS_READER_AXILITE_SD/solution1/.autopilot/db/ddr_to_axis_reader_SD.tbgen.tcl "
@I [HLS-100] Command 'ap_source' returned 0; elapsed 0.002Total elapsed time: 4.18 sec.
@I [HLS-100] Command "source F:/Progetti_Vivado_Tesi/Test_7_Tesi/HLS_COMMON/DDR/DDR_TO_AXIS_READER_AXILITE_SD/solution1/.autopilot/db/ddr_to_axis_reader_SD.rtl_wrap.cfg.tcl "
@I [HLS-100] Command 'ap_source' returned 0; elapsed 0.001Total elapsed time: 4.260 sec.
@I [HLS-100] Command "source F:/Progetti_Vivado_Tesi/Test_7_Tesi/HLS_COMMON/DDR/DDR_TO_AXIS_READER_AXILITE_SD/solution1/.autopilot/db/ddr_to_axis_reader_SD.rtl_wrap.cfg.tcl "
@I [HLS-100] Command 'ap_source' returned 0; elapsed 0.001Total elapsed time: 4.262 sec.
@I [HLS-100] Command "source F:/Progetti_Vivado_Tesi/Test_7_Tesi/HLS_COMMON/DDR/DDR_TO_AXIS_READER_AXILITE_SD/solution1/.autopilot/db/ddr_to_axis_reader_SD.tbgen.tcl "
@I [HLS-100] Command 'ap_source' returned 0; elapsed 0.001Total elapsed time: 4.263 sec.
@I [HLS-100] Command "source F:/Progetti_Vivado_Tesi/Test_7_Tesi/HLS_COMMON/DDR/DDR_TO_AXIS_READER_AXILITE_SD/solution1/.autopilot/db/ddr_to_axis_reader_SD.tbgen.tcl "
@I [HLS-100] Command 'ap_source' returned 0; elapsed 0.001Total elapsed time: 4.265 sec.
@I [HLS-100] Command "source F:/Progetti_Vivado_Tesi/Test_7_Tesi/HLS_COMMON/DDR/DDR_TO_AXIS_READER_AXILITE_SD/solution1/.autopilot/db/global.setting.tcl "
@I [HLS-100] Command 'ap_source' returned 0; elapsed 0Total elapsed time: 4.488 sec.
@I [HLS-100] Command "source F:/Progetti_Vivado_Tesi/Test_7_Tesi/HLS_COMMON/DDR/DDR_TO_AXIS_READER_AXILITE_SD/solution1/.autopilot/db/ddr_to_axis_reader_SD.rtl_wrap.cfg.tcl "
@I [HLS-100] Command 'ap_source' returned 0; elapsed 0.081Total elapsed time: 4.577 sec.
@I [HLS-100] Command "source F:/Progetti_Vivado_Tesi/Test_7_Tesi/HLS_COMMON/DDR/DDR_TO_AXIS_READER_AXILITE_SD/solution1/.autopilot/db/ddr_to_axis_reader_SD.rtl_wrap.cfg.tcl "
@I [HLS-100] Command 'ap_source' returned 0; elapsed 0.002Total elapsed time: 4.583 sec.
@I [HLS-100] Command "source F:/Progetti_Vivado_Tesi/Test_7_Tesi/HLS_COMMON/DDR/DDR_TO_AXIS_READER_AXILITE_SD/solution1/.autopilot/db/ddr_to_axis_reader_SD.tbgen.tcl "
@I [HLS-100] Command 'ap_source' returned 0; elapsed 0.002Total elapsed time: 4.585 sec.
@I [HLS-100] Command "source F:/Progetti_Vivado_Tesi/Test_7_Tesi/HLS_COMMON/DDR/DDR_TO_AXIS_READER_AXILITE_SD/solution1/.autopilot/db/ddr_to_axis_reader_SD.tbgen.tcl "
@I [HLS-100] Command 'ap_source' returned 0; elapsed 0.004Total elapsed time: 4.591 sec.
@I [HLS-100] Command "source F:/Progetti_Vivado_Tesi/Test_7_Tesi/HLS_COMMON/DDR/DDR_TO_AXIS_READER_AXILITE_SD/solution1/.autopilot/db/global.setting.tcl "
@I [HLS-100] Command 'ap_source' returned 0; elapsed 0.003Total elapsed time: 4.848 sec.
@I [HLS-100] Command "source F:/Progetti_Vivado_Tesi/Test_7_Tesi/HLS_COMMON/DDR/DDR_TO_AXIS_READER_AXILITE_SD/solution1/.autopilot/db/global.setting.tcl "
@I [HLS-100] Command 'ap_source' returned 0; elapsed 0.003Total elapsed time: 4.855 sec.
@I [HLS-100] Command "source F:/Progetti_Vivado_Tesi/Test_7_Tesi/HLS_COMMON/DDR/DDR_TO_AXIS_READER_AXILITE_SD/solution1/.autopilot/db/ddr_to_axis_reader_SD.constraint.tcl "
@I [HLS-100] Command 'ap_source' returned 0; elapsed 0.001Total elapsed time: 4.916 sec.
@I [HLS-100] Command "source F:/Progetti_Vivado_Tesi/Test_7_Tesi/HLS_COMMON/DDR/DDR_TO_AXIS_READER_AXILITE_SD/solution1/.autopilot/db/global.setting.tcl "
@I [HLS-100] Command 'ap_source' returned 0; elapsed 0.001Total elapsed time: 4.975 sec.
@I [HLS-100] Command "source F:/Progetti_Vivado_Tesi/Test_7_Tesi/HLS_COMMON/DDR/DDR_TO_AXIS_READER_AXILITE_SD/solution1/.autopilot/db/global.setting.tcl "
@I [HLS-100] Command 'ap_source' returned 0; elapsed 0.001Total elapsed time: 5.75 sec.
@I [HLS-100] Command "source F:/Progetti_Vivado_Tesi/Test_7_Tesi/HLS_COMMON/DDR/DDR_TO_AXIS_READER_AXILITE_SD/solution1/.autopilot/db/ddr_to_axis_reader_SD.constraint.tcl "
@I [HLS-100] Command 'ap_source' returned 0; elapsed 0.001Total elapsed time: 5.88 sec.
@I [HLS-100] Command "source F:/Progetti_Vivado_Tesi/Test_7_Tesi/HLS_COMMON/DDR/DDR_TO_AXIS_READER_AXILITE_SD/solution1/.autopilot/db/ddr_to_axis_reader_SD.constraint.tcl "
@I [HLS-100] Command 'ap_source' returned 0; elapsed 0.001Total elapsed time: 5.91 sec.
@I [HLS-100] Command "source F:/Vivado_old/Vivado_HLS/2016.2/common/technology/generic/autopilot/common.gen "
@I [HLS-100] Command "source F:/Vivado_old/Vivado_HLS/2016.2/common/technology/generic/autopilot/APCoreGen.gen "
@I [HLS-100] Command 'ap_source' returned 0; elapsed 0.002Total elapsed time: 5.116 sec.
@I [HLS-100] Command 'ap_source' returned 0; elapsed 0.003Total elapsed time: 5.117 sec.
@I [HLS-100] Command "source F:/Vivado_old/Vivado_HLS/2016.2/common/technology/generic/autopilot/op.gen "
@I [HLS-100] Command 'ap_source' returned 0; elapsed 0.001Total elapsed time: 5.119 sec.
@I [HLS-100] Command "source F:/Vivado_old/Vivado_HLS/2016.2/common/technology/generic/autopilot/op_simcore.gen "
@I [HLS-100] Command 'ap_source' returned 0; elapsed 0.003Total elapsed time: 5.123 sec.
@I [HLS-100] Command "source F:/Vivado_old/Vivado_HLS/2016.2/common/technology/generic/autopilot/interface.gen "
@I [HLS-100] Command 'ap_source' returned 0; elapsed 0.001Total elapsed time: 5.125 sec.
@I [HLS-100] Command "source F:/Progetti_Vivado_Tesi/Test_7_Tesi/HLS_COMMON/DDR/DDR_TO_AXIS_READER_AXILITE_SD/solution1/.autopilot/db/global.setting.tcl "
@I [HLS-100] Command 'ap_source' returned 0; elapsed 0.002Total elapsed time: 5.128 sec.
@I [HLS-100] Command "source F:/Vivado_old/Vivado_HLS/2016.2/common/technology/xilinx/zynq/zynq.gen "
@I [HLS-100] Command "source F:/Vivado_old/Vivado_HLS/2016.2/common/technology/xilinx/common/virtex.gen "
@I [HLS-100] Command "source F:/Vivado_old/Vivado_HLS/2016.2/common/technology/xilinx/common/xilinx.gen "
@I [HLS-100] Command "source F:/Vivado_old/Vivado_HLS/2016.2/common/technology/xilinx/interface/plb46.gen "
@I [HLS-100] Command 'ap_source' returned 0; elapsed 0.011Total elapsed time: 5.153 sec.
@I [HLS-100] Command "source F:/Vivado_old/Vivado_HLS/2016.2/common/technology/xilinx/interface/fsl.gen "
@I [HLS-100] Command 'ap_source' returned 0; elapsed 0.002Total elapsed time: 5.157 sec.
@I [HLS-100] Command "source F:/Vivado_old/Vivado_HLS/2016.2/common/technology/xilinx/interface/axi4.gen "
@I [HLS-100] Command 'ap_source' returned 0; elapsed 0.009Total elapsed time: 5.168 sec.
@I [HLS-100] Command "source F:/Vivado_old/Vivado_HLS/2016.2/common/technology/xilinx/interface/nativeAXI4.gen "
@I [HLS-100] Command "source F:/Vivado_old/Vivado_HLS/2016.2/common/technology/xilinx/interface/saxilite.gen "
@I [HLS-100] Command 'ap_source' returned 0; elapsed 0.017Total elapsed time: 5.187 sec.
@I [HLS-100] Command "source F:/Vivado_old/Vivado_HLS/2016.2/common/technology/xilinx/interface/maxi.gen "
@I [HLS-100] Command 'ap_source' returned 0; elapsed 0.019Total elapsed time: 5.208 sec.
@I [HLS-100] Command 'ap_source' returned 0; elapsed 0.039Total elapsed time: 5.209 sec.
@I [HLS-100] Command "source F:/Vivado_old/Vivado_HLS/2016.2/common/technology/xilinx/scripts/xilinxcoregen.gen "
@I [HLS-100] Command 'ap_source' returned 0; elapsed 0.016Total elapsed time: 5.225 sec.
@I [HLS-100] Command "source F:/Vivado_old/Vivado_HLS/2016.2/common/technology/xilinx/interface/XilEDKCoreGen.gen "
@I [HLS-100] Command 'ap_source' returned 0; elapsed 0.053Total elapsed time: 5.279 sec.
@I [HLS-100] Command "source F:/Vivado_old/Vivado_HLS/2016.2/common/technology/xilinx/ip/dds_compiler.gen "
@I [HLS-100] Command 'ap_source' returned 0; elapsed 0.047Total elapsed time: 5.331 sec.
@I [HLS-100] Command "source F:/Vivado_old/Vivado_HLS/2016.2/common/technology/xilinx/ip/util.gen "
@I [HLS-100] Command 'ap_source' returned 0; elapsed 0.001Total elapsed time: 5.334 sec.
@I [HLS-100] Command "source F:/Vivado_old/Vivado_HLS/2016.2/common/technology/xilinx/ip/xfft.gen "
@I [HLS-100] Command 'ap_source' returned 0; elapsed 0.312Total elapsed time: 5.647 sec.
@I [HLS-100] Command "source F:/Vivado_old/Vivado_HLS/2016.2/common/technology/xilinx/ip/xfir.gen "
@I [HLS-100] Command 'ap_source' returned 0; elapsed 0.001Total elapsed time: 5.649 sec.
@I [HLS-100] Command 'ap_source' returned 0; elapsed 0.507Total elapsed time: 5.649 sec.
@I [HLS-100] Command "source F:/Vivado_old/Vivado_HLS/2016.2/common/technology/xilinx/common/dsp48.gen "
@I [HLS-100] Command 'ap_source' returned 0; elapsed 0Total elapsed time: 5.651 sec.
@I [HLS-100] Command 'ap_source' returned 0; elapsed 0.517Total elapsed time: 5.652 sec.
@I [HLS-100] Command 'ap_source' returned 0; elapsed 0.519Total elapsed time: 5.653 sec.
@I [HLS-100] Command "source F:/Vivado_old/Vivado_HLS/2016.2/common/technology/xilinx/zynq/zynq_fpv6.gen "
@I [HLS-100] Command "source F:/Vivado_old/Vivado_HLS/2016.2/common/technology/xilinx/common/xilinx_fpv6.gen "
@I [HLS-100] Command 'ap_source' returned 0; elapsed 0.003Total elapsed time: 5.656 sec.
@I [HLS-100] Command 'ap_source' returned 0; elapsed 0.004Total elapsed time: 5.657 sec.
@I [HLS-100] Command "source F:/Progetti_Vivado_Tesi/Test_7_Tesi/HLS_COMMON/DDR/DDR_TO_AXIS_READER_AXILITE_SD/solution1/.autopilot/db/global.setting.tcl "
@I [HLS-100] Command 'ap_source' returned 0; elapsed 0.001Total elapsed time: 35.201 sec.
@I [HLS-100] Command "source F:/Vivado_old/Vivado_HLS/2016.2/common/technology/generic/autopilot/common.gen "
@I [HLS-100] Command "source F:/Vivado_old/Vivado_HLS/2016.2/common/technology/generic/autopilot/APCoreGen.gen "
@I [HLS-100] Command 'ap_source' returned 0; elapsed 0.001Total elapsed time: 35.211 sec.
@I [HLS-100] Command 'ap_source' returned 0; elapsed 0.004Total elapsed time: 35.212 sec.
@I [HLS-100] Command "source F:/Vivado_old/Vivado_HLS/2016.2/common/technology/generic/autopilot/op.gen "
@I [HLS-100] Command 'ap_source' returned 0; elapsed 0.001Total elapsed time: 35.214 sec.
@I [HLS-100] Command "source F:/Vivado_old/Vivado_HLS/2016.2/common/technology/generic/autopilot/op_simcore.gen "
@I [HLS-100] Command 'ap_source' returned 0; elapsed 0.003Total elapsed time: 35.219 sec.
@I [HLS-100] Command "source F:/Vivado_old/Vivado_HLS/2016.2/common/technology/generic/autopilot/interface.gen "
@I [HLS-100] Command 'ap_source' returned 0; elapsed 0.001Total elapsed time: 35.222 sec.
@I [HLS-100] Command "source F:/Progetti_Vivado_Tesi/Test_7_Tesi/HLS_COMMON/DDR/DDR_TO_AXIS_READER_AXILITE_SD/solution1/.autopilot/db/global.setting.tcl "
@I [HLS-100] Command 'ap_source' returned 0; elapsed 0.024Total elapsed time: 35.247 sec.
@I [HLS-100] Command "source F:/Vivado_old/Vivado_HLS/2016.2/common/technology/xilinx/zynq/zynq.gen "
@I [HLS-100] Command "source F:/Vivado_old/Vivado_HLS/2016.2/common/technology/xilinx/common/virtex.gen "
@I [HLS-100] Command "source F:/Vivado_old/Vivado_HLS/2016.2/common/technology/xilinx/common/xilinx.gen "
@I [HLS-100] Command "source F:/Vivado_old/Vivado_HLS/2016.2/common/technology/xilinx/interface/plb46.gen "
@I [HLS-100] Command 'ap_source' returned 0; elapsed 0.003Total elapsed time: 35.253 sec.
@I [HLS-100] Command "source F:/Vivado_old/Vivado_HLS/2016.2/common/technology/xilinx/interface/fsl.gen "
@I [HLS-100] Command 'ap_source' returned 0; elapsed 0.001Total elapsed time: 35.255 sec.
@I [HLS-100] Command "source F:/Vivado_old/Vivado_HLS/2016.2/common/technology/xilinx/interface/axi4.gen "
@I [HLS-100] Command 'ap_source' returned 0; elapsed 0.003Total elapsed time: 35.258 sec.
@I [HLS-100] Command "source F:/Vivado_old/Vivado_HLS/2016.2/common/technology/xilinx/interface/nativeAXI4.gen "
@I [HLS-100] Command "source F:/Vivado_old/Vivado_HLS/2016.2/common/technology/xilinx/interface/saxilite.gen "
@I [HLS-100] Command 'ap_source' returned 0; elapsed 0.008Total elapsed time: 35.267 sec.
@I [HLS-100] Command "source F:/Vivado_old/Vivado_HLS/2016.2/common/technology/xilinx/interface/maxi.gen "
@I [HLS-100] Command 'ap_source' returned 0; elapsed 0.016Total elapsed time: 35.283 sec.
@I [HLS-100] Command 'ap_source' returned 0; elapsed 0.024Total elapsed time: 35.284 sec.
@I [HLS-100] Command "source F:/Vivado_old/Vivado_HLS/2016.2/common/technology/xilinx/scripts/xilinxcoregen.gen "
@I [HLS-100] Command 'ap_source' returned 0; elapsed 0.033Total elapsed time: 35.317 sec.
@I [HLS-100] Command "source F:/Vivado_old/Vivado_HLS/2016.2/common/technology/xilinx/interface/XilEDKCoreGen.gen "
@I [HLS-100] Command 'ap_source' returned 0; elapsed 0.05Total elapsed time: 35.369 sec.
@I [HLS-100] Command "source F:/Vivado_old/Vivado_HLS/2016.2/common/technology/xilinx/ip/dds_compiler.gen "
@I [HLS-100] Command 'ap_source' returned 0; elapsed 0.008Total elapsed time: 35.379 sec.
@I [HLS-100] Command "source F:/Vivado_old/Vivado_HLS/2016.2/common/technology/xilinx/ip/util.gen "
@I [HLS-100] Command 'ap_source' returned 0; elapsed 0Total elapsed time: 35.381 sec.
@I [HLS-100] Command "source F:/Vivado_old/Vivado_HLS/2016.2/common/technology/xilinx/ip/xfft.gen "
@I [HLS-100] Command 'ap_source' returned 0; elapsed 0.352Total elapsed time: 35.733 sec.
@I [HLS-100] Command "source F:/Vivado_old/Vivado_HLS/2016.2/common/technology/xilinx/ip/xfir.gen "
@I [HLS-100] Command 'ap_source' returned 0; elapsed 0.001Total elapsed time: 35.735 sec.
@I [HLS-100] Command 'ap_source' returned 0; elapsed 0.487Total elapsed time: 35.736 sec.
@I [HLS-100] Command "source F:/Vivado_old/Vivado_HLS/2016.2/common/technology/xilinx/common/dsp48.gen "
@I [HLS-100] Command 'ap_source' returned 0; elapsed 0.001Total elapsed time: 35.740 sec.
@I [HLS-100] Command 'ap_source' returned 0; elapsed 0.5Total elapsed time: 35.747 sec.
@I [HLS-100] Command 'ap_source' returned 0; elapsed 0.501Total elapsed time: 35.748 sec.
@I [HLS-100] Command "source F:/Vivado_old/Vivado_HLS/2016.2/common/technology/xilinx/zynq/zynq_fpv6.gen "
@I [HLS-100] Command "source F:/Vivado_old/Vivado_HLS/2016.2/common/technology/xilinx/common/xilinx_fpv6.gen "
@I [HLS-100] Command 'ap_source' returned 0; elapsed 0.013Total elapsed time: 35.766 sec.
@I [HLS-100] Command 'ap_source' returned 0; elapsed 0.018Total elapsed time: 35.771 sec.
@I [HLS-100] Command "source F:/Progetti_Vivado_Tesi/Test_7_Tesi/HLS_COMMON/DDR/DDR_TO_AXIS_READER_AXILITE_SD/solution1/.autopilot/db/global.setting.tcl "
@I [HLS-100] Command 'ap_source' returned 0; elapsed 0.002Total elapsed time: 35.788 sec.
@I [HLS-100] Command "source F:/Progetti_Vivado_Tesi/Test_7_Tesi/HLS_COMMON/DDR/DDR_TO_AXIS_READER_AXILITE_SD/solution1/.autopilot/db/global.setting.tcl "
@I [HLS-100] Command 'ap_source' returned 0; elapsed 0.001Total elapsed time: 35.791 sec.
@I [HLS-100] Command "source F:/Progetti_Vivado_Tesi/Test_7_Tesi/HLS_COMMON/DDR/DDR_TO_AXIS_READER_AXILITE_SD/solution1/.autopilot/db/global.setting.tcl "
@I [HLS-100] Command 'ap_source' returned 0; elapsed 0.001Total elapsed time: 35.800 sec.
@I [HLS-100] Command "source F:/Vivado_old/Vivado_HLS/2016.2/common/technology/generic/autopilot/common.gen "
@I [HLS-100] Command "source F:/Vivado_old/Vivado_HLS/2016.2/common/technology/generic/autopilot/APCoreGen.gen "
@I [HLS-100] Command 'ap_source' returned 0; elapsed 0.001Total elapsed time: 35.803 sec.
@I [HLS-100] Command 'ap_source' returned 0; elapsed 0.002Total elapsed time: 35.804 sec.
@I [HLS-100] Command "source F:/Vivado_old/Vivado_HLS/2016.2/common/technology/generic/autopilot/op.gen "
@I [HLS-100] Command 'ap_source' returned 0; elapsed 0.001Total elapsed time: 35.806 sec.
@I [HLS-100] Command "source F:/Vivado_old/Vivado_HLS/2016.2/common/technology/generic/autopilot/op_simcore.gen "
@I [HLS-100] Command 'ap_source' returned 0; elapsed 0.002Total elapsed time: 35.808 sec.
@I [HLS-100] Command "source F:/Vivado_old/Vivado_HLS/2016.2/common/technology/generic/autopilot/interface.gen "
@I [HLS-100] Command 'ap_source' returned 0; elapsed 0.001Total elapsed time: 35.809 sec.
@I [HLS-100] Command "source F:/Progetti_Vivado_Tesi/Test_7_Tesi/HLS_COMMON/DDR/DDR_TO_AXIS_READER_AXILITE_SD/solution1/.autopilot/db/global.setting.tcl "
@I [HLS-100] Command 'ap_source' returned 0; elapsed 0.001Total elapsed time: 35.810 sec.
@I [HLS-100] Command "source F:/Vivado_old/Vivado_HLS/2016.2/common/technology/xilinx/zynq/zynq.gen "
@I [HLS-100] Command "source F:/Vivado_old/Vivado_HLS/2016.2/common/technology/xilinx/common/virtex.gen "
@I [HLS-100] Command "source F:/Vivado_old/Vivado_HLS/2016.2/common/technology/xilinx/common/xilinx.gen "
@I [HLS-100] Command "source F:/Vivado_old/Vivado_HLS/2016.2/common/technology/xilinx/interface/plb46.gen "
@I [HLS-100] Command 'ap_source' returned 0; elapsed 0.001Total elapsed time: 35.813 sec.
@I [HLS-100] Command "source F:/Vivado_old/Vivado_HLS/2016.2/common/technology/xilinx/interface/fsl.gen "
@I [HLS-100] Command 'ap_source' returned 0; elapsed 0.001Total elapsed time: 35.815 sec.
@I [HLS-100] Command "source F:/Vivado_old/Vivado_HLS/2016.2/common/technology/xilinx/interface/axi4.gen "
@I [HLS-100] Command 'ap_source' returned 0; elapsed 0.004Total elapsed time: 35.819 sec.
@I [HLS-100] Command "source F:/Vivado_old/Vivado_HLS/2016.2/common/technology/xilinx/interface/nativeAXI4.gen "
@I [HLS-100] Command "source F:/Vivado_old/Vivado_HLS/2016.2/common/technology/xilinx/interface/saxilite.gen "
@I [HLS-100] Command 'ap_source' returned 0; elapsed 0.007Total elapsed time: 35.826 sec.
@I [HLS-100] Command "source F:/Vivado_old/Vivado_HLS/2016.2/common/technology/xilinx/interface/maxi.gen "
@I [HLS-100] Command 'ap_source' returned 0; elapsed 0.013Total elapsed time: 35.840 sec.
@I [HLS-100] Command 'ap_source' returned 0; elapsed 0.022Total elapsed time: 35.841 sec.
@I [HLS-100] Command "source F:/Vivado_old/Vivado_HLS/2016.2/common/technology/xilinx/scripts/xilinxcoregen.gen "
@I [HLS-100] Command 'ap_source' returned 0; elapsed 0.021Total elapsed time: 35.862 sec.
@I [HLS-100] Command "source F:/Vivado_old/Vivado_HLS/2016.2/common/technology/xilinx/interface/XilEDKCoreGen.gen "
@I [HLS-100] Command 'ap_source' returned 0; elapsed 0.03Total elapsed time: 35.893 sec.
@I [HLS-100] Command "source F:/Vivado_old/Vivado_HLS/2016.2/common/technology/xilinx/ip/dds_compiler.gen "
@I [HLS-100] Command 'ap_source' returned 0; elapsed 0.008Total elapsed time: 35.902 sec.
@I [HLS-100] Command "source F:/Vivado_old/Vivado_HLS/2016.2/common/technology/xilinx/ip/util.gen "
@I [HLS-100] Command 'ap_source' returned 0; elapsed 0Total elapsed time: 35.903 sec.
@I [HLS-100] Command "source F:/Vivado_old/Vivado_HLS/2016.2/common/technology/xilinx/ip/xfft.gen "
@I [HLS-100] Command 'ap_source' returned 0; elapsed 0.281Total elapsed time: 36.185 sec.
@I [HLS-100] Command "source F:/Vivado_old/Vivado_HLS/2016.2/common/technology/xilinx/ip/xfir.gen "
@I [HLS-100] Command 'ap_source' returned 0; elapsed 0.002Total elapsed time: 36.188 sec.
@I [HLS-100] Command 'ap_source' returned 0; elapsed 0.376Total elapsed time: 36.188 sec.
@I [HLS-100] Command "source F:/Vivado_old/Vivado_HLS/2016.2/common/technology/xilinx/common/dsp48.gen "
@I [HLS-100] Command 'ap_source' returned 0; elapsed 0.001Total elapsed time: 36.193 sec.
@I [HLS-100] Command 'ap_source' returned 0; elapsed 0.384Total elapsed time: 36.195 sec.
@I [HLS-100] Command 'ap_source' returned 0; elapsed 0.387Total elapsed time: 36.197 sec.
@I [HLS-100] Command "source F:/Vivado_old/Vivado_HLS/2016.2/common/technology/xilinx/zynq/zynq_fpv6.gen "
@I [HLS-100] Command "source F:/Vivado_old/Vivado_HLS/2016.2/common/technology/xilinx/common/xilinx_fpv6.gen "
@I [HLS-100] Command 'ap_source' returned 0; elapsed 0.02Total elapsed time: 36.219 sec.
@I [HLS-100] Command 'ap_source' returned 0; elapsed 0.023Total elapsed time: 36.222 sec.
@I [HLS-100] Command "source F:/Progetti_Vivado_Tesi/Test_7_Tesi/HLS_COMMON/DDR/DDR_TO_AXIS_READER_AXILITE_SD/solution1/.autopilot/db/global.setting.tcl "
@I [HLS-100] Command 'ap_source' returned 0; elapsed 0.003Total elapsed time: 36.247 sec.
@I [HLS-100] Command "source F:/Progetti_Vivado_Tesi/Test_7_Tesi/HLS_COMMON/DDR/DDR_TO_AXIS_READER_AXILITE_SD/solution1/.autopilot/db/global.setting.tcl "
@I [HLS-100] Command 'ap_source' returned 0; elapsed 0.004Total elapsed time: 36.258 sec.
@I [HLS-100] Command "source F:/Progetti_Vivado_Tesi/Test_7_Tesi/HLS_COMMON/DDR/DDR_TO_AXIS_READER_AXILITE_SD/solution1/.autopilot/db/ddr_to_axis_reader_SD.compgen.tcl "
@I [HLS-100] Command 'ap_source' returned 0; elapsed 0.002Total elapsed time: 36.270 sec.
@I [HLS-100] Command "source F:/Progetti_Vivado_Tesi/Test_7_Tesi/HLS_COMMON/DDR/DDR_TO_AXIS_READER_AXILITE_SD/solution1/.autopilot/db/global.setting.tcl "
@I [HLS-100] Command 'ap_source' returned 0; elapsed 0.001Total elapsed time: 36.387 sec.
@I [HLS-100] Command "source F:/Progetti_Vivado_Tesi/Test_7_Tesi/HLS_COMMON/DDR/DDR_TO_AXIS_READER_AXILITE_SD/solution1/.autopilot/db/ddr_to_axis_reader_SD.constraint.tcl "
@I [HLS-100] Command 'ap_source' returned 0; elapsed 0.001Total elapsed time: 36.395 sec.
@I [HLS-100] Command "source F:/Vivado_old/Vivado_HLS/2016.2/common/technology/generic/autopilot/common.gen "
@I [HLS-100] Command "source F:/Vivado_old/Vivado_HLS/2016.2/common/technology/generic/autopilot/APCoreGen.gen "
@I [HLS-100] Command 'ap_source' returned 0; elapsed 0.001Total elapsed time: 36.410 sec.
@I [HLS-100] Command 'ap_source' returned 0; elapsed 0.003Total elapsed time: 36.412 sec.
@I [HLS-100] Command "source F:/Vivado_old/Vivado_HLS/2016.2/common/technology/generic/autopilot/op.gen "
@I [HLS-100] Command 'ap_source' returned 0; elapsed 0.001Total elapsed time: 36.413 sec.
@I [HLS-100] Command "source F:/Vivado_old/Vivado_HLS/2016.2/common/technology/generic/autopilot/op_simcore.gen "
@I [HLS-100] Command 'ap_source' returned 0; elapsed 0.002Total elapsed time: 36.416 sec.
@I [HLS-100] Command "source F:/Vivado_old/Vivado_HLS/2016.2/common/technology/generic/autopilot/interface.gen "
@I [HLS-100] Command 'ap_source' returned 0; elapsed 0Total elapsed time: 36.417 sec.
@I [HLS-100] Command "source F:/Progetti_Vivado_Tesi/Test_7_Tesi/HLS_COMMON/DDR/DDR_TO_AXIS_READER_AXILITE_SD/solution1/.autopilot/db/global.setting.tcl "
@I [HLS-100] Command 'ap_source' returned 0; elapsed 0.066Total elapsed time: 36.484 sec.
@I [HLS-100] Command "source F:/Vivado_old/Vivado_HLS/2016.2/common/technology/xilinx/zynq/zynq.gen "
@I [HLS-100] Command "source F:/Vivado_old/Vivado_HLS/2016.2/common/technology/xilinx/common/virtex.gen "
@I [HLS-100] Command "source F:/Vivado_old/Vivado_HLS/2016.2/common/technology/xilinx/common/xilinx.gen "
@I [HLS-100] Command "source F:/Vivado_old/Vivado_HLS/2016.2/common/technology/xilinx/interface/plb46.gen "
@I [HLS-100] Command 'ap_source' returned 0; elapsed 0.003Total elapsed time: 36.510 sec.
@I [HLS-100] Command "source F:/Vivado_old/Vivado_HLS/2016.2/common/technology/xilinx/interface/fsl.gen "
@I [HLS-100] Command 'ap_source' returned 0; elapsed 0.003Total elapsed time: 36.516 sec.
@I [HLS-100] Command "source F:/Vivado_old/Vivado_HLS/2016.2/common/technology/xilinx/interface/axi4.gen "
@I [HLS-100] Command 'ap_source' returned 0; elapsed 0.008Total elapsed time: 36.525 sec.
@I [HLS-100] Command "source F:/Vivado_old/Vivado_HLS/2016.2/common/technology/xilinx/interface/nativeAXI4.gen "
@I [HLS-100] Command "source F:/Vivado_old/Vivado_HLS/2016.2/common/technology/xilinx/interface/saxilite.gen "
@I [HLS-100] Command 'ap_source' returned 0; elapsed 0.013Total elapsed time: 36.542 sec.
@I [HLS-100] Command "source F:/Vivado_old/Vivado_HLS/2016.2/common/technology/xilinx/interface/maxi.gen "
@I [HLS-100] Command 'ap_source' returned 0; elapsed 0.015Total elapsed time: 36.557 sec.
@I [HLS-100] Command 'ap_source' returned 0; elapsed 0.03Total elapsed time: 36.558 sec.
@I [HLS-100] Command "source F:/Vivado_old/Vivado_HLS/2016.2/common/technology/xilinx/scripts/xilinxcoregen.gen "
@I [HLS-100] Command 'ap_source' returned 0; elapsed 0.014Total elapsed time: 36.573 sec.
@I [HLS-100] Command "source F:/Vivado_old/Vivado_HLS/2016.2/common/technology/xilinx/interface/XilEDKCoreGen.gen "
@I [HLS-100] Command 'ap_source' returned 0; elapsed 0.013Total elapsed time: 36.587 sec.
@I [HLS-100] Command "source F:/Vivado_old/Vivado_HLS/2016.2/common/technology/xilinx/ip/dds_compiler.gen "
@I [HLS-100] Command 'ap_source' returned 0; elapsed 0.005Total elapsed time: 36.593 sec.
@I [HLS-100] Command "source F:/Vivado_old/Vivado_HLS/2016.2/common/technology/xilinx/ip/util.gen "
@I [HLS-100] Command 'ap_source' returned 0; elapsed 0.001Total elapsed time: 36.595 sec.
@I [HLS-100] Command "source F:/Vivado_old/Vivado_HLS/2016.2/common/technology/xilinx/ip/xfft.gen "
@I [HLS-100] Command 'ap_source' returned 0; elapsed 0.405Total elapsed time: 37.0 sec.
@I [HLS-100] Command "source F:/Vivado_old/Vivado_HLS/2016.2/common/technology/xilinx/ip/xfir.gen "
@I [HLS-100] Command 'ap_source' returned 0; elapsed 0.002Total elapsed time: 37.3 sec.
@I [HLS-100] Command 'ap_source' returned 0; elapsed 0.498Total elapsed time: 37.4 sec.
@I [HLS-100] Command "source F:/Vivado_old/Vivado_HLS/2016.2/common/technology/xilinx/common/dsp48.gen "
@I [HLS-100] Command 'ap_source' returned 0; elapsed 0.001Total elapsed time: 37.7 sec.
@I [HLS-100] Command 'ap_source' returned 0; elapsed 0.51Total elapsed time: 37.9 sec.
@I [HLS-100] Command 'ap_source' returned 0; elapsed 0.54Total elapsed time: 37.36 sec.
@I [HLS-100] Command "source F:/Vivado_old/Vivado_HLS/2016.2/common/technology/xilinx/zynq/zynq_fpv6.gen "
@I [HLS-100] Command "source F:/Vivado_old/Vivado_HLS/2016.2/common/technology/xilinx/common/xilinx_fpv6.gen "
@I [HLS-100] Command 'ap_source' returned 0; elapsed 0.057Total elapsed time: 37.104 sec.
@I [HLS-100] Command 'ap_source' returned 0; elapsed 0.059Total elapsed time: 37.105 sec.
@I [HLS-100] Command "source F:/Progetti_Vivado_Tesi/Test_7_Tesi/HLS_COMMON/DDR/DDR_TO_AXIS_READER_AXILITE_SD/solution1/.autopilot/db/global.setting.tcl "
@I [HLS-100] Command 'ap_source' returned 0; elapsed 0.001Total elapsed time: 37.138 sec.
@I [HLS-100] Command "source F:/Progetti_Vivado_Tesi/Test_7_Tesi/HLS_COMMON/DDR/DDR_TO_AXIS_READER_AXILITE_SD/solution1/.autopilot/db/global.setting.tcl "
@I [HLS-100] Command 'ap_source' returned 0; elapsed 0.001Total elapsed time: 54.120 sec.
@I [HLS-100] Command "source F:/Vivado_old/Vivado_HLS/2016.2/common/technology/generic/autopilot/common.gen "
@I [HLS-100] Command "source F:/Vivado_old/Vivado_HLS/2016.2/common/technology/generic/autopilot/APCoreGen.gen "
@I [HLS-100] Command 'ap_source' returned 0; elapsed 0.001Total elapsed time: 54.128 sec.
@I [HLS-100] Command 'ap_source' returned 0; elapsed 0.004Total elapsed time: 54.130 sec.
@I [HLS-100] Command "source F:/Vivado_old/Vivado_HLS/2016.2/common/technology/generic/autopilot/op.gen "
@I [HLS-100] Command 'ap_source' returned 0; elapsed 0.001Total elapsed time: 54.131 sec.
@I [HLS-100] Command "source F:/Vivado_old/Vivado_HLS/2016.2/common/technology/generic/autopilot/op_simcore.gen "
@I [HLS-100] Command 'ap_source' returned 0; elapsed 0.002Total elapsed time: 54.134 sec.
@I [HLS-100] Command "source F:/Vivado_old/Vivado_HLS/2016.2/common/technology/generic/autopilot/interface.gen "
@I [HLS-100] Command 'ap_source' returned 0; elapsed 0Total elapsed time: 54.134 sec.
@I [HLS-100] Command "source F:/Progetti_Vivado_Tesi/Test_7_Tesi/HLS_COMMON/DDR/DDR_TO_AXIS_READER_AXILITE_SD/solution1/.autopilot/db/global.setting.tcl "
@I [HLS-100] Command 'ap_source' returned 0; elapsed 0.001Total elapsed time: 54.136 sec.
@I [HLS-100] Command "source F:/Vivado_old/Vivado_HLS/2016.2/common/technology/xilinx/zynq/zynq.gen "
@I [HLS-100] Command "source F:/Vivado_old/Vivado_HLS/2016.2/common/technology/xilinx/common/virtex.gen "
@I [HLS-100] Command "source F:/Vivado_old/Vivado_HLS/2016.2/common/technology/xilinx/common/xilinx.gen "
@I [HLS-100] Command "source F:/Vivado_old/Vivado_HLS/2016.2/common/technology/xilinx/interface/plb46.gen "
@I [HLS-100] Command 'ap_source' returned 0; elapsed 0.002Total elapsed time: 54.140 sec.
@I [HLS-100] Command "source F:/Vivado_old/Vivado_HLS/2016.2/common/technology/xilinx/interface/fsl.gen "
@I [HLS-100] Command 'ap_source' returned 0; elapsed 0.001Total elapsed time: 54.141 sec.
@I [HLS-100] Command "source F:/Vivado_old/Vivado_HLS/2016.2/common/technology/xilinx/interface/axi4.gen "
@I [HLS-100] Command 'ap_source' returned 0; elapsed 0.003Total elapsed time: 54.145 sec.
@I [HLS-100] Command "source F:/Vivado_old/Vivado_HLS/2016.2/common/technology/xilinx/interface/nativeAXI4.gen "
@I [HLS-100] Command "source F:/Vivado_old/Vivado_HLS/2016.2/common/technology/xilinx/interface/saxilite.gen "
@I [HLS-100] Command 'ap_source' returned 0; elapsed 0.008Total elapsed time: 54.154 sec.
@I [HLS-100] Command "source F:/Vivado_old/Vivado_HLS/2016.2/common/technology/xilinx/interface/maxi.gen "
@I [HLS-100] Command 'ap_source' returned 0; elapsed 0.077Total elapsed time: 54.232 sec.
@I [HLS-100] Command 'ap_source' returned 0; elapsed 0.089Total elapsed time: 54.235 sec.
@I [HLS-100] Command "source F:/Vivado_old/Vivado_HLS/2016.2/common/technology/xilinx/scripts/xilinxcoregen.gen "
@I [HLS-100] Command 'ap_source' returned 0; elapsed 0.055Total elapsed time: 54.293 sec.
@I [HLS-100] Command "source F:/Vivado_old/Vivado_HLS/2016.2/common/technology/xilinx/interface/XilEDKCoreGen.gen "
@I [HLS-100] Command 'ap_source' returned 0; elapsed 0.03Total elapsed time: 54.324 sec.
@I [HLS-100] Command "source F:/Vivado_old/Vivado_HLS/2016.2/common/technology/xilinx/ip/dds_compiler.gen "
@I [HLS-100] Command 'ap_source' returned 0; elapsed 0.007Total elapsed time: 54.333 sec.
@I [HLS-100] Command "source F:/Vivado_old/Vivado_HLS/2016.2/common/technology/xilinx/ip/util.gen "
@I [HLS-100] Command 'ap_source' returned 0; elapsed 0.001Total elapsed time: 54.335 sec.
@I [HLS-100] Command "source F:/Vivado_old/Vivado_HLS/2016.2/common/technology/xilinx/ip/xfft.gen "
@I [HLS-100] Command 'ap_source' returned 0; elapsed 0.206Total elapsed time: 54.542 sec.
@I [HLS-100] Command "source F:/Vivado_old/Vivado_HLS/2016.2/common/technology/xilinx/ip/xfir.gen "
@I [HLS-100] Command 'ap_source' returned 0; elapsed 0.001Total elapsed time: 54.544 sec.
@I [HLS-100] Command 'ap_source' returned 0; elapsed 0.405Total elapsed time: 54.544 sec.
@I [HLS-100] Command "source F:/Vivado_old/Vivado_HLS/2016.2/common/technology/xilinx/common/dsp48.gen "
@I [HLS-100] Command 'ap_source' returned 0; elapsed 0.001Total elapsed time: 54.546 sec.
@I [HLS-100] Command 'ap_source' returned 0; elapsed 0.41Total elapsed time: 54.547 sec.
@I [HLS-100] Command 'ap_source' returned 0; elapsed 0.411Total elapsed time: 54.547 sec.
@I [HLS-100] Command "source F:/Vivado_old/Vivado_HLS/2016.2/common/technology/xilinx/zynq/zynq_fpv6.gen "
@I [HLS-100] Command "source F:/Vivado_old/Vivado_HLS/2016.2/common/technology/xilinx/common/xilinx_fpv6.gen "
@I [HLS-100] Command 'ap_source' returned 0; elapsed 0.002Total elapsed time: 54.550 sec.
@I [HLS-100] Command 'ap_source' returned 0; elapsed 0.003Total elapsed time: 54.550 sec.
@I [HLS-100] Command "source F:/Progetti_Vivado_Tesi/Test_7_Tesi/HLS_COMMON/DDR/DDR_TO_AXIS_READER_AXILITE_SD/solution1/.autopilot/db/global.setting.tcl "
@I [HLS-100] Command 'ap_source' returned 0; elapsed 0.002Total elapsed time: 54.672 sec.
@I [HLS-100] Command "source F:/Progetti_Vivado_Tesi/Test_7_Tesi/HLS_COMMON/DDR/DDR_TO_AXIS_READER_AXILITE_SD/solution1/.autopilot/db/global.setting.tcl "
@I [HLS-100] Command 'ap_source' returned 0; elapsed 0.001Total elapsed time: 54.678 sec.
@I [HLS-100] Command "source F:/Progetti_Vivado_Tesi/Test_7_Tesi/HLS_COMMON/DDR/DDR_TO_AXIS_READER_AXILITE_SD/solution1/.autopilot/db/global.setting.tcl "
@I [HLS-100] Command 'ap_source' returned 0; elapsed 0.002Total elapsed time: 54.690 sec.
@I [HLS-100] Command "source F:/Vivado_old/Vivado_HLS/2016.2/common/technology/generic/autopilot/common.gen "
@I [HLS-100] Command "source F:/Vivado_old/Vivado_HLS/2016.2/common/technology/generic/autopilot/APCoreGen.gen "
@I [HLS-100] Command 'ap_source' returned 0; elapsed 0.002Total elapsed time: 54.696 sec.
@I [HLS-100] Command 'ap_source' returned 0; elapsed 0.003Total elapsed time: 54.697 sec.
@I [HLS-100] Command "source F:/Vivado_old/Vivado_HLS/2016.2/common/technology/generic/autopilot/op.gen "
@I [HLS-100] Command 'ap_source' returned 0; elapsed 0.001Total elapsed time: 54.698 sec.
@I [HLS-100] Command "source F:/Vivado_old/Vivado_HLS/2016.2/common/technology/generic/autopilot/op_simcore.gen "
@I [HLS-100] Command 'ap_source' returned 0; elapsed 0.002Total elapsed time: 54.701 sec.
@I [HLS-100] Command "source F:/Vivado_old/Vivado_HLS/2016.2/common/technology/generic/autopilot/interface.gen "
@I [HLS-100] Command 'ap_source' returned 0; elapsed 0.001Total elapsed time: 54.702 sec.
@I [HLS-100] Command "source F:/Progetti_Vivado_Tesi/Test_7_Tesi/HLS_COMMON/DDR/DDR_TO_AXIS_READER_AXILITE_SD/solution1/.autopilot/db/global.setting.tcl "
@I [HLS-100] Command 'ap_source' returned 0; elapsed 0.001Total elapsed time: 54.704 sec.
@I [HLS-100] Command "source F:/Vivado_old/Vivado_HLS/2016.2/common/technology/xilinx/zynq/zynq.gen "
@I [HLS-100] Command "source F:/Vivado_old/Vivado_HLS/2016.2/common/technology/xilinx/common/virtex.gen "
@I [HLS-100] Command "source F:/Vivado_old/Vivado_HLS/2016.2/common/technology/xilinx/common/xilinx.gen "
@I [HLS-100] Command "source F:/Vivado_old/Vivado_HLS/2016.2/common/technology/xilinx/interface/plb46.gen "
@I [HLS-100] Command 'ap_source' returned 0; elapsed 0.002Total elapsed time: 54.708 sec.
@I [HLS-100] Command "source F:/Vivado_old/Vivado_HLS/2016.2/common/technology/xilinx/interface/fsl.gen "
@I [HLS-100] Command 'ap_source' returned 0; elapsed 0.001Total elapsed time: 54.710 sec.
@I [HLS-100] Command "source F:/Vivado_old/Vivado_HLS/2016.2/common/technology/xilinx/interface/axi4.gen "
@I [HLS-100] Command 'ap_source' returned 0; elapsed 0.004Total elapsed time: 54.715 sec.
@I [HLS-100] Command "source F:/Vivado_old/Vivado_HLS/2016.2/common/technology/xilinx/interface/nativeAXI4.gen "
@I [HLS-100] Command "source F:/Vivado_old/Vivado_HLS/2016.2/common/technology/xilinx/interface/saxilite.gen "
@I [HLS-100] Command 'ap_source' returned 0; elapsed 0.007Total elapsed time: 54.723 sec.
@I [HLS-100] Command "source F:/Vivado_old/Vivado_HLS/2016.2/common/technology/xilinx/interface/maxi.gen "
@I [HLS-100] Command 'ap_source' returned 0; elapsed 0.01Total elapsed time: 54.734 sec.
@I [HLS-100] Command 'ap_source' returned 0; elapsed 0.019Total elapsed time: 54.734 sec.
@I [HLS-100] Command "source F:/Vivado_old/Vivado_HLS/2016.2/common/technology/xilinx/scripts/xilinxcoregen.gen "
@I [HLS-100] Command 'ap_source' returned 0; elapsed 0.014Total elapsed time: 54.749 sec.
@I [HLS-100] Command "source F:/Vivado_old/Vivado_HLS/2016.2/common/technology/xilinx/interface/XilEDKCoreGen.gen "
@I [HLS-100] Command 'ap_source' returned 0; elapsed 0.012Total elapsed time: 54.762 sec.
@I [HLS-100] Command "source F:/Vivado_old/Vivado_HLS/2016.2/common/technology/xilinx/ip/dds_compiler.gen "
@I [HLS-100] Command 'ap_source' returned 0; elapsed 0.005Total elapsed time: 54.767 sec.
@I [HLS-100] Command "source F:/Vivado_old/Vivado_HLS/2016.2/common/technology/xilinx/ip/util.gen "
@I [HLS-100] Command 'ap_source' returned 0; elapsed 0Total elapsed time: 54.768 sec.
@I [HLS-100] Command "source F:/Vivado_old/Vivado_HLS/2016.2/common/technology/xilinx/ip/xfft.gen "
@I [HLS-100] Command 'ap_source' returned 0; elapsed 0.157Total elapsed time: 54.925 sec.
@I [HLS-100] Command "source F:/Vivado_old/Vivado_HLS/2016.2/common/technology/xilinx/ip/xfir.gen "
@I [HLS-100] Command 'ap_source' returned 0; elapsed 0.002Total elapsed time: 54.928 sec.
@I [HLS-100] Command 'ap_source' returned 0; elapsed 0.223Total elapsed time: 54.929 sec.
@I [HLS-100] Command "source F:/Vivado_old/Vivado_HLS/2016.2/common/technology/xilinx/common/dsp48.gen "
@I [HLS-100] Command 'ap_source' returned 0; elapsed 0.001Total elapsed time: 54.933 sec.
@I [HLS-100] Command 'ap_source' returned 0; elapsed 0.232Total elapsed time: 54.937 sec.
@I [HLS-100] Command 'ap_source' returned 0; elapsed 0.235Total elapsed time: 54.940 sec.
@I [HLS-100] Command "source F:/Vivado_old/Vivado_HLS/2016.2/common/technology/xilinx/zynq/zynq_fpv6.gen "
@I [HLS-100] Command "source F:/Vivado_old/Vivado_HLS/2016.2/common/technology/xilinx/common/xilinx_fpv6.gen "
@I [HLS-100] Command 'ap_source' returned 0; elapsed 0.005Total elapsed time: 54.950 sec.
@I [HLS-100] Command 'ap_source' returned 0; elapsed 0.007Total elapsed time: 54.951 sec.
@I [HLS-100] Command "source F:/Progetti_Vivado_Tesi/Test_7_Tesi/HLS_COMMON/DDR/DDR_TO_AXIS_READER_AXILITE_SD/solution1/.autopilot/db/global.setting.tcl "
@I [HLS-100] Command 'ap_source' returned 0; elapsed 0.005Total elapsed time: 54.981 sec.
@I [HLS-100] Command "source F:/Progetti_Vivado_Tesi/Test_7_Tesi/HLS_COMMON/DDR/DDR_TO_AXIS_READER_AXILITE_SD/solution1/.autopilot/db/global.setting.tcl "
@I [HLS-100] Command 'ap_source' returned 0; elapsed 0.004Total elapsed time: 54.991 sec.
@I [HLS-100] Command "source F:/Progetti_Vivado_Tesi/Test_7_Tesi/HLS_COMMON/DDR/DDR_TO_AXIS_READER_AXILITE_SD/solution1/.autopilot/db/ddr_to_axis_reader_SD.compgen.tcl "
@I [HLS-100] Command 'ap_source' returned 0; elapsed 0.001Total elapsed time: 54.999 sec.
@I [HLS-100] Command "source F:/Progetti_Vivado_Tesi/Test_7_Tesi/HLS_COMMON/DDR/DDR_TO_AXIS_READER_AXILITE_SD/solution1/.autopilot/db/global.setting.tcl "
@I [HLS-100] Command 'ap_source' returned 0; elapsed 0.004Total elapsed time: 55.93 sec.
@I [HLS-100] Command "source F:/Progetti_Vivado_Tesi/Test_7_Tesi/HLS_COMMON/DDR/DDR_TO_AXIS_READER_AXILITE_SD/solution1/.autopilot/db/ddr_to_axis_reader_SD.constraint.tcl "
@I [HLS-100] Command 'ap_source' returned 0; elapsed 0.004Total elapsed time: 55.114 sec.
@I [HLS-100] Command "source F:/Vivado_old/Vivado_HLS/2016.2/common/technology/generic/autopilot/common.gen "
@I [HLS-100] Command "source F:/Vivado_old/Vivado_HLS/2016.2/common/technology/generic/autopilot/APCoreGen.gen "
@I [HLS-100] Command 'ap_source' returned 0; elapsed 0.004Total elapsed time: 55.135 sec.
@I [HLS-100] Command 'ap_source' returned 0; elapsed 0.009Total elapsed time: 55.139 sec.
@I [HLS-100] Command "source F:/Vivado_old/Vivado_HLS/2016.2/common/technology/generic/autopilot/op.gen "
@I [HLS-100] Command 'ap_source' returned 0; elapsed 0.002Total elapsed time: 55.142 sec.
@I [HLS-100] Command "source F:/Vivado_old/Vivado_HLS/2016.2/common/technology/generic/autopilot/op_simcore.gen "
@I [HLS-100] Command 'ap_source' returned 0; elapsed 0.003Total elapsed time: 55.146 sec.
@I [HLS-100] Command "source F:/Vivado_old/Vivado_HLS/2016.2/common/technology/generic/autopilot/interface.gen "
@I [HLS-100] Command 'ap_source' returned 0; elapsed 0.001Total elapsed time: 55.148 sec.
@I [HLS-100] Command "source F:/Progetti_Vivado_Tesi/Test_7_Tesi/HLS_COMMON/DDR/DDR_TO_AXIS_READER_AXILITE_SD/solution1/.autopilot/db/global.setting.tcl "
@I [HLS-100] Command 'ap_source' returned 0; elapsed 0.044Total elapsed time: 55.192 sec.
@I [HLS-100] Command "source F:/Vivado_old/Vivado_HLS/2016.2/common/technology/xilinx/zynq/zynq.gen "
@I [HLS-100] Command "source F:/Vivado_old/Vivado_HLS/2016.2/common/technology/xilinx/common/virtex.gen "
@I [HLS-100] Command "source F:/Vivado_old/Vivado_HLS/2016.2/common/technology/xilinx/common/xilinx.gen "
@I [HLS-100] Command "source F:/Vivado_old/Vivado_HLS/2016.2/common/technology/xilinx/interface/plb46.gen "
@I [HLS-100] Command 'ap_source' returned 0; elapsed 0.002Total elapsed time: 55.198 sec.
@I [HLS-100] Command "source F:/Vivado_old/Vivado_HLS/2016.2/common/technology/xilinx/interface/fsl.gen "
@I [HLS-100] Command 'ap_source' returned 0; elapsed 0.001Total elapsed time: 55.200 sec.
@I [HLS-100] Command "source F:/Vivado_old/Vivado_HLS/2016.2/common/technology/xilinx/interface/axi4.gen "
@I [HLS-100] Command 'ap_source' returned 0; elapsed 0.004Total elapsed time: 55.204 sec.
@I [HLS-100] Command "source F:/Vivado_old/Vivado_HLS/2016.2/common/technology/xilinx/interface/nativeAXI4.gen "
@I [HLS-100] Command "source F:/Vivado_old/Vivado_HLS/2016.2/common/technology/xilinx/interface/saxilite.gen "
@I [HLS-100] Command 'ap_source' returned 0; elapsed 0.005Total elapsed time: 55.209 sec.
@I [HLS-100] Command "source F:/Vivado_old/Vivado_HLS/2016.2/common/technology/xilinx/interface/maxi.gen "
@I [HLS-100] Command 'ap_source' returned 0; elapsed 0.012Total elapsed time: 55.222 sec.
@I [HLS-100] Command 'ap_source' returned 0; elapsed 0.019Total elapsed time: 55.223 sec.
@I [HLS-100] Command "source F:/Vivado_old/Vivado_HLS/2016.2/common/technology/xilinx/scripts/xilinxcoregen.gen "
@I [HLS-100] Command 'ap_source' returned 0; elapsed 0.017Total elapsed time: 55.240 sec.
@I [HLS-100] Command "source F:/Vivado_old/Vivado_HLS/2016.2/common/technology/xilinx/interface/XilEDKCoreGen.gen "
@I [HLS-100] Command 'ap_source' returned 0; elapsed 0.016Total elapsed time: 55.257 sec.
@I [HLS-100] Command "source F:/Vivado_old/Vivado_HLS/2016.2/common/technology/xilinx/ip/dds_compiler.gen "
@I [HLS-100] Command 'ap_source' returned 0; elapsed 0.006Total elapsed time: 55.264 sec.
@I [HLS-100] Command "source F:/Vivado_old/Vivado_HLS/2016.2/common/technology/xilinx/ip/util.gen "
@I [HLS-100] Command 'ap_source' returned 0; elapsed 0.001Total elapsed time: 55.265 sec.
@I [HLS-100] Command "source F:/Vivado_old/Vivado_HLS/2016.2/common/technology/xilinx/ip/xfft.gen "
@I [HLS-100] Command 'ap_source' returned 0; elapsed 0.151Total elapsed time: 55.416 sec.
@I [HLS-100] Command "source F:/Vivado_old/Vivado_HLS/2016.2/common/technology/xilinx/ip/xfir.gen "
@I [HLS-100] Command 'ap_source' returned 0; elapsed 0.002Total elapsed time: 55.419 sec.
@I [HLS-100] Command 'ap_source' returned 0; elapsed 0.223Total elapsed time: 55.419 sec.
@I [HLS-100] Command "source F:/Vivado_old/Vivado_HLS/2016.2/common/technology/xilinx/common/dsp48.gen "
@I [HLS-100] Command 'ap_source' returned 0; elapsed 0Total elapsed time: 55.422 sec.
@I [HLS-100] Command 'ap_source' returned 0; elapsed 0.229Total elapsed time: 55.423 sec.
@I [HLS-100] Command 'ap_source' returned 0; elapsed 0.231Total elapsed time: 55.424 sec.
@I [HLS-100] Command "source F:/Vivado_old/Vivado_HLS/2016.2/common/technology/xilinx/zynq/zynq_fpv6.gen "
@I [HLS-100] Command "source F:/Vivado_old/Vivado_HLS/2016.2/common/technology/xilinx/common/xilinx_fpv6.gen "
@I [HLS-100] Command 'ap_source' returned 0; elapsed 0.004Total elapsed time: 55.429 sec.
@I [HLS-100] Command 'ap_source' returned 0; elapsed 0.005Total elapsed time: 55.430 sec.
@I [HLS-100] Command "source F:/Progetti_Vivado_Tesi/Test_7_Tesi/HLS_COMMON/DDR/DDR_TO_AXIS_READER_AXILITE_SD/solution1/.autopilot/db/global.setting.tcl "
@I [HLS-100] Command 'ap_source' returned 0; elapsed 0.001Total elapsed time: 55.493 sec.
@I [HLS-100] Command 'export_design' returned 0; elapsed 69.479Total elapsed time: 71.210 sec.
@I [HLS-100] Command 'ap_source' returned 0; elapsed 70.103Total elapsed time: 71.216 sec.
@I [HLS-100] Command "cleanup_all "
@I [HLS-100] Command 'cleanup_all' returned 0; elapsed 0.001Total elapsed time: 71.218 sec.
