Vivado Simulator 2015.4
Copyright 1986-1999, 2001-2015 Xilinx, Inc. All Rights Reserved.
Running: C:/Xilinx/Vivado/2015.4/bin/unwrapped/win64.o/xelab.exe xil_defaultlib.apatb_ddr_to_axis_reader_top -prj ddr_to_axis_reader.prj --lib ieee_proposed=./ieee_proposed -s ddr_to_axis_reader -debug wave 
Multi-threading is on. Using 2 slave threads.
INFO: [VRFC 10-2263] Analyzing Verilog file "C:/Users/Riccardo/Documents/Vision-pipeline-to-DDR/VIVADO_HLS/DDR_TO_AXIS_READER_VGA64/solution1/sim/verilog/AESL_axi_master_base_ddr_addr.v" into library xil_defaultlib
INFO: [VRFC 10-311] analyzing module AESL_axi_master_base_ddr_addr
INFO: [VRFC 10-2263] Analyzing Verilog file "C:/Users/Riccardo/Documents/Vision-pipeline-to-DDR/VIVADO_HLS/DDR_TO_AXIS_READER_VGA64/solution1/sim/verilog/AESL_axi_s_outStream_V.v" into library xil_defaultlib
INFO: [VRFC 10-311] analyzing module AESL_axi_s_outStream_V
INFO: [VRFC 10-2263] Analyzing Verilog file "C:/Users/Riccardo/Documents/Vision-pipeline-to-DDR/VIVADO_HLS/DDR_TO_AXIS_READER_VGA64/solution1/sim/verilog/AESL_fifo.v" into library xil_defaultlib
INFO: [VRFC 10-311] analyzing module fifo
INFO: [VRFC 10-2263] Analyzing Verilog file "C:/Users/Riccardo/Documents/Vision-pipeline-to-DDR/VIVADO_HLS/DDR_TO_AXIS_READER_VGA64/solution1/sim/verilog/ddr_to_axis_reader.autotb.v" into library xil_defaultlib
INFO: [VRFC 10-311] analyzing module apatb_ddr_to_axis_reader_top
INFO: [VRFC 10-2458] undeclared symbol ap_clk, assumed default net type wire [C:/Users/Riccardo/Documents/Vision-pipeline-to-DDR/VIVADO_HLS/DDR_TO_AXIS_READER_VGA64/solution1/sim/verilog/ddr_to_axis_reader.autotb.v:167]
INFO: [VRFC 10-2458] undeclared symbol ap_rst_n, assumed default net type wire [C:/Users/Riccardo/Documents/Vision-pipeline-to-DDR/VIVADO_HLS/DDR_TO_AXIS_READER_VGA64/solution1/sim/verilog/ddr_to_axis_reader.autotb.v:168]
INFO: [VRFC 10-2458] undeclared symbol ap_rst_n_n, assumed default net type wire [C:/Users/Riccardo/Documents/Vision-pipeline-to-DDR/VIVADO_HLS/DDR_TO_AXIS_READER_VGA64/solution1/sim/verilog/ddr_to_axis_reader.autotb.v:228]
INFO: [VRFC 10-2263] Analyzing Verilog file "C:/Users/Riccardo/Documents/Vision-pipeline-to-DDR/VIVADO_HLS/DDR_TO_AXIS_READER_VGA64/solution1/sim/verilog/ddr_to_axis_reader.v" into library xil_defaultlib
INFO: [VRFC 10-311] analyzing module ddr_to_axis_reader
INFO: [VRFC 10-2263] Analyzing Verilog file "C:/Users/Riccardo/Documents/Vision-pipeline-to-DDR/VIVADO_HLS/DDR_TO_AXIS_READER_VGA64/solution1/sim/verilog/ddr_to_axis_reader_base_ddr_addr_m_axi.v" into library xil_defaultlib
INFO: [VRFC 10-311] analyzing module ddr_to_axis_reader_base_ddr_addr_m_axi
INFO: [VRFC 10-311] analyzing module ddr_to_axis_reader_base_ddr_addr_m_axi_fifo
INFO: [VRFC 10-311] analyzing module ddr_to_axis_reader_base_ddr_addr_m_axi_decoder
INFO: [VRFC 10-311] analyzing module ddr_to_axis_reader_base_ddr_addr_m_axi_throttl
INFO: [VRFC 10-311] analyzing module ddr_to_axis_reader_base_ddr_addr_m_axi_read
INFO: [VRFC 10-311] analyzing module ddr_to_axis_reader_base_ddr_addr_m_axi_write
INFO: [VRFC 10-2458] undeclared symbol data_valid, assumed default net type wire [C:/Users/Riccardo/Documents/Vision-pipeline-to-DDR/VIVADO_HLS/DDR_TO_AXIS_READER_VGA64/solution1/sim/verilog/ddr_to_axis_reader_base_ddr_addr_m_axi.v:1725]
INFO: [VRFC 10-2263] Analyzing Verilog file "C:/Users/Riccardo/Documents/Vision-pipeline-to-DDR/VIVADO_HLS/DDR_TO_AXIS_READER_VGA64/solution1/sim/verilog/ddr_to_axis_reader_buffer.v" into library xil_defaultlib
INFO: [VRFC 10-311] analyzing module ddr_to_axis_reader_buffer_ram
INFO: [VRFC 10-311] analyzing module ddr_to_axis_reader_buffer
Starting static elaboration
Completed static elaboration
Starting simulation data flow analysis
Completed simulation data flow analysis
Time Resolution for simulation is 1ps
Compiling module xil_defaultlib.ddr_to_axis_reader_base_ddr_addr...
Compiling module xil_defaultlib.ddr_to_axis_reader_base_ddr_addr...
Compiling module xil_defaultlib.ddr_to_axis_reader_base_ddr_addr...
Compiling module xil_defaultlib.ddr_to_axis_reader_base_ddr_addr...
Compiling module xil_defaultlib.ddr_to_axis_reader_base_ddr_addr...
Compiling module xil_defaultlib.ddr_to_axis_reader_base_ddr_addr...
Compiling module xil_defaultlib.ddr_to_axis_reader_base_ddr_addr...
Compiling module xil_defaultlib.ddr_to_axis_reader_base_ddr_addr...
Compiling module xil_defaultlib.ddr_to_axis_reader_base_ddr_addr...
Compiling module xil_defaultlib.ddr_to_axis_reader_base_ddr_addr...
Compiling module xil_defaultlib.ddr_to_axis_reader_base_ddr_addr...
Compiling module xil_defaultlib.ddr_to_axis_reader_buffer_ram
Compiling module xil_defaultlib.ddr_to_axis_reader_buffer(DataWi...
Compiling module xil_defaultlib.ddr_to_axis_reader_default
Compiling module xil_defaultlib.fifo(DEPTH=128)
Compiling module xil_defaultlib.AESL_axi_s_outStream_V
Compiling module xil_defaultlib.AESL_axi_master_base_ddr_addr
Compiling module xil_defaultlib.apatb_ddr_to_axis_reader_top
Built simulation snapshot ddr_to_axis_reader
