#-----------------------------------------------------------
# Vivado v2015.4 (64-bit)
# SW Build 1412921 on Wed Nov 18 09:43:45 MST 2015
# IP Build 1412160 on Tue Nov 17 13:47:24 MST 2015
# Start of session at: Mon Feb 22 21:49:00 2016
# Process ID: 3252
# Current directory: C:/Users/Riccardo/Documents/Vision-pipeline-to-DDR/VIVADO_HLS/DDR_TO_AXIS_READER_VGA64/solution1/sim/verilog
# Command line: vivado.exe -source open_wave.tcl
# Log file: C:/Users/Riccardo/Documents/Vision-pipeline-to-DDR/VIVADO_HLS/DDR_TO_AXIS_READER_VGA64/solution1/sim/verilog/vivado.log
# Journal file: C:/Users/Riccardo/Documents/Vision-pipeline-to-DDR/VIVADO_HLS/DDR_TO_AXIS_READER_VGA64/solution1/sim/verilog\vivado.jou
#-----------------------------------------------------------
start_gui
source open_wave.tcl
# current_fileset
INFO: [IP_Flow 19-234] Refreshing IP repositories
INFO: [IP_Flow 19-1704] No user IP repositories specified
INFO: [IP_Flow 19-2313] Loaded Vivado IP repository 'C:/Xilinx/Vivado/2015.4/data/ip'.
# open_wave_database ddr_to_axis_reader.wdb
add_wave {{/apatb_ddr_to_axis_reader_top}} 
close_sim
INFO: [Simtcl 6-16] Simulation closed
exit
INFO: [Common 17-206] Exiting Vivado at Mon Feb 22 21:49:39 2016...
