#-----------------------------------------------------------
# xsim v2015.4 (64-bit)
# SW Build 1412921 on Wed Nov 18 09:43:45 MST 2015
# IP Build 1412160 on Tue Nov 17 13:47:24 MST 2015
# Start of session at: Mon Feb 22 21:48:51 2016
# Process ID: 3100
# Current directory: C:/Users/Riccardo/Documents/Vision-pipeline-to-DDR/VIVADO_HLS/DDR_TO_AXIS_READER_VGA64/solution1/sim/verilog
# Command line: xsim.exe -mode tcl -source {xsim.dir/ddr_to_axis_reader/xsim_script.tcl}
# Log file: C:/Users/Riccardo/Documents/Vision-pipeline-to-DDR/VIVADO_HLS/DDR_TO_AXIS_READER_VGA64/solution1/sim/verilog/xsim.log
# Journal file: C:/Users/Riccardo/Documents/Vision-pipeline-to-DDR/VIVADO_HLS/DDR_TO_AXIS_READER_VGA64/solution1/sim/verilog\xsim.jou
#-----------------------------------------------------------
source xsim.dir/ddr_to_axis_reader/xsim_script.tcl
# xsim {ddr_to_axis_reader} -maxdeltaid 10000 -autoloadwcfg -tclbatch {ddr_to_axis_reader.tcl}
Vivado Simulator 2015.4
Time resolution is 1 ps
source ddr_to_axis_reader.tcl
## log_wave -r /
WARNING: [Simtcl 6-142] log_wave skipped an HDL object or scope because of this problem: WARNING: Simulation object /apatb_ddr_to_axis_reader_top/next_trigger_ready_cnt was not traceable in the design for the following reason:
Vivado Simulator does not yet support tracing of Verilog named events.

Tracing of this type is not supported yet
Tracing of this type is not supported yet
WARNING: [Simtcl 6-142] log_wave skipped an HDL object or scope because of this problem: WARNING: Simulation object /apatb_ddr_to_axis_reader_top/AESL_AXI_S_outStream_V/fifo_outStream_V_TDATA/write_event was not traceable in the design for the following reason:
Vivado Simulator does not yet support tracing of Verilog named events.

WARNING: [Simtcl 6-142] log_wave skipped an HDL object or scope because of this problem: WARNING: Simulation object /apatb_ddr_to_axis_reader_top/AESL_AXI_S_outStream_V/fifo_outStream_V_TDATA/read_event was not traceable in the design for the following reason:
Vivado Simulator does not yet support tracing of Verilog named events.

## run all
$finish called at time : 7095 ns : File "C:/Users/Riccardo/Documents/Vision-pipeline-to-DDR/VIVADO_HLS/DDR_TO_AXIS_READER_VGA64/solution1/sim/verilog/ddr_to_axis_reader.autotb.v" Line 552
## quit
INFO: [Common 17-206] Exiting xsim at Mon Feb 22 21:48:55 2016...
