

================================================================
== Vivado HLS Report for 'ov7670_grayscale'
================================================================
* Date:           Sat Aug 19 13:15:49 2017

* Version:        2016.2 (Build 1577090 on Thu Jun 02 16:59:10 MDT 2016)
* Project:        OV7670_GRAYSCALE
* Solution:       solution1
* Product family: zynq
* Target device:  xc7z020clg484-1


================================================================
== Performance Estimates
================================================================
+ Timing (ns): 
    * Summary: 
    +--------+-------+----------+------------+
    |  Clock | Target| Estimated| Uncertainty|
    +--------+-------+----------+------------+
    |ap_clk  |  10.00|      1.37|        1.25|
    +--------+-------+----------+------------+

+ Latency (clock cycles): 
    * Summary: 
    +-----+-----+-----+-----+---------+
    |  Latency  |  Interval | Pipeline|
    | min | max | min | max |   Type  |
    +-----+-----+-----+-----+---------+
    |    0|    0|    1|    1|   none  |
    +-----+-----+-----+-----+---------+

    + Detail: 
        * Instance: 
        N/A

        * Loop: 
        N/A

============================================================
+ Verbose Summary: Synthesis Manager
============================================================
InlineROM: 1
ExposeGlobal: 0
============================================================
+ Verbose Summary: CDFG Model
============================================================
IsTopModel: 1
ResetActiveHigh: 1
IsCombinational: 0
IsDatapathOnly: 0
HasWiredReturn: 1
HasMFsm: 0
HasVarLatency: 0
IsPipeline: 0
IsRtlPipelined: 0
IsInstanceOverlapped: 0
IsDontTouch: 0
HasImplIP: 0
IsGatedGlobalClock: 0


============================================================
+ Verbose Summary: Schedule
============================================================
* Number of FSM states: 1
* Pipeline: 0
* Dataflow Pipeline: 0

* FSM state transitions: 
1 --> 
* FSM state operations: 

 <State 1>: 1.37ns
ST_1: stg_2 [1/1] 0.00ns
:0  call void (...)* @_ssdm_op_SpecBitsMap(i8* %inStream_V_V), !map !7

ST_1: stg_3 [1/1] 0.00ns
:1  call void (...)* @_ssdm_op_SpecBitsMap(i8* %outStream_V_V), !map !11

ST_1: stg_4 [1/1] 0.00ns
:2  call void (...)* @_ssdm_op_SpecTopModule([17 x i8]* @ov7670_grayscale_str) nounwind

ST_1: stg_5 [1/1] 0.00ns
:3  call void (...)* @_ssdm_op_SpecInterface(i8* %inStream_V_V, [5 x i8]* @p_str, i32 0, i32 0, i32 0, i32 0, [1 x i8]* @p_str1, [1 x i8]* @p_str1, [1 x i8]* @p_str1, i32 0, i32 0, i32 0, i32 0, [1 x i8]* @p_str1) nounwind

ST_1: stg_6 [1/1] 0.00ns
:4  call void (...)* @_ssdm_op_SpecInterface(i8* %outStream_V_V, [5 x i8]* @p_str, i32 0, i32 0, i32 0, i32 0, [1 x i8]* @p_str1, [1 x i8]* @p_str1, [1 x i8]* @p_str1, i32 0, i32 0, i32 0, i32 0, [1 x i8]* @p_str1) nounwind

ST_1: stg_7 [1/1] 0.00ns
:5  call void (...)* @_ssdm_op_SpecReset(i1* @grayscale_valid, i32 1, [1 x i8]* @p_str1) nounwind

ST_1: tmp_V [1/1] 0.00ns
:6  %tmp_V = call i8 @_ssdm_op_Read.axis.volatile.i8P(i8* %inStream_V_V)

ST_1: grayscale_valid_load [1/1] 0.00ns
:7  %grayscale_valid_load = load i1* @grayscale_valid, align 1

ST_1: stg_10 [1/1] 0.00ns
:8  br i1 %grayscale_valid_load, label %1, label %._crit_edge

ST_1: stg_11 [1/1] 0.00ns
:0  call void @_ssdm_op_Write.axis.volatile.i8P(i8* %outStream_V_V, i8 %tmp_V)

ST_1: stg_12 [1/1] 0.00ns
:1  br label %._crit_edge

ST_1: tmp_3 [1/1] 1.37ns
._crit_edge:0  %tmp_3 = xor i1 %grayscale_valid_load, true

ST_1: stg_14 [1/1] 0.00ns
._crit_edge:1  store i1 %tmp_3, i1* @grayscale_valid, align 1

ST_1: stg_15 [1/1] 0.00ns
._crit_edge:2  ret void



============================================================
+ Verbose Summary: Binding
============================================================
STG Binding: 
---------------- STG Properties BEGIN ----------------
- Is combinational: 0
- Is one-state seq: 1
- Is datapath-only: 0
- Is clock enabled: 0
- Is pipelined: 0
- Is top level: 1
Port [ Return ] is wired: 1; IO mode=ap_ctrl_hs:ce=0
Port [ inStream_V_V]:  wired=1; compound=1; hidden=0; nouse=0; global=0; static=0; extern=0; dir=0; type=0; pingpong=0; private_global=0; IO mode=axis:ce=0
Port [ outStream_V_V]:  wired=1; compound=1; hidden=0; nouse=0; global=0; static=0; extern=0; dir=1; type=0; pingpong=0; private_global=0; IO mode=axis:ce=0
Port [ grayscale_valid]:  wired=0; compound=0; hidden=1; nouse=0; global=1; static=1; extern=0; dir=2; type=0; pingpong=0; private_global=1; linkage=7; visibility=0; IO mode=ap_ovld:ce=0
---------------- STG Properties END ------------------

---------------- Datapath Model BEGIN ----------------

<LifeTime>
<method=bitvector/>
stg_2                (specbitsmap  ) [ 00]
stg_3                (specbitsmap  ) [ 00]
stg_4                (spectopmodule) [ 00]
stg_5                (specinterface) [ 00]
stg_6                (specinterface) [ 00]
stg_7                (specreset    ) [ 00]
tmp_V                (read         ) [ 00]
grayscale_valid_load (load         ) [ 01]
stg_10               (br           ) [ 00]
stg_11               (write        ) [ 00]
stg_12               (br           ) [ 00]
tmp_3                (xor          ) [ 00]
stg_14               (store        ) [ 00]
stg_15               (ret          ) [ 00]
</LifeTime>

<model>

<comp_list>
<comp id="0" class="1000" name="inStream_V_V">
<pin_list>
<pin id="1" dir="1" index="0" bw="1" slack="0"/>
</pin_list>
<bind>
<StgValue><ssdm name="inStream_V_V"/></StgValue>
</bind>
</comp>

<comp id="2" class="1000" name="outStream_V_V">
<pin_list>
<pin id="3" dir="1" index="0" bw="1" slack="0"/>
</pin_list>
<bind>
<StgValue><ssdm name="outStream_V_V"/></StgValue>
</bind>
</comp>

<comp id="4" class="1000" name="grayscale_valid">
<pin_list>
<pin id="5" dir="1" index="0" bw="1" slack="0"/>
</pin_list>
<bind>
<StgValue><ssdm name="grayscale_valid"/></StgValue>
</bind>
</comp>

<comp id="6" class="1001" name="const_6">
<pin_list>
<pin id="7" dir="1" index="0" bw="1" slack="2147483647"/>
</pin_list>
<bind>
<StgValue><ssdm name="_ssdm_op_SpecBitsMap"/></StgValue>
</bind>
</comp>

<comp id="8" class="1001" name="const_8">
<pin_list>
<pin id="9" dir="1" index="0" bw="1" slack="2147483647"/>
</pin_list>
<bind>
<StgValue><ssdm name="_ssdm_op_SpecTopModule"/></StgValue>
</bind>
</comp>

<comp id="10" class="1001" name="const_10">
<pin_list>
<pin id="11" dir="1" index="0" bw="1" slack="2147483647"/>
</pin_list>
<bind>
<StgValue><ssdm name="ov7670_grayscale_str"/></StgValue>
</bind>
</comp>

<comp id="12" class="1001" name="const_12">
<pin_list>
<pin id="13" dir="1" index="0" bw="1" slack="2147483647"/>
</pin_list>
<bind>
<StgValue><ssdm name="_ssdm_op_SpecInterface"/></StgValue>
</bind>
</comp>

<comp id="14" class="1001" name="const_14">
<pin_list>
<pin id="15" dir="1" index="0" bw="1" slack="2147483647"/>
</pin_list>
<bind>
<StgValue><ssdm name="p_str"/></StgValue>
</bind>
</comp>

<comp id="16" class="1001" name="const_16">
<pin_list>
<pin id="17" dir="1" index="0" bw="1" slack="2147483647"/>
</pin_list>
<bind>
<StgValue><ssdm name=""/></StgValue>
</bind>
</comp>

<comp id="18" class="1001" name="const_18">
<pin_list>
<pin id="19" dir="1" index="0" bw="1" slack="2147483647"/>
</pin_list>
<bind>
<StgValue><ssdm name="p_str1"/></StgValue>
</bind>
</comp>

<comp id="20" class="1001" name="const_20">
<pin_list>
<pin id="21" dir="1" index="0" bw="1" slack="2147483647"/>
</pin_list>
<bind>
<StgValue><ssdm name="_ssdm_op_SpecReset"/></StgValue>
</bind>
</comp>

<comp id="22" class="1001" name="const_22">
<pin_list>
<pin id="23" dir="1" index="0" bw="1" slack="2147483647"/>
</pin_list>
<bind>
<StgValue><ssdm name=""/></StgValue>
</bind>
</comp>

<comp id="24" class="1001" name="const_24">
<pin_list>
<pin id="25" dir="1" index="0" bw="1" slack="0"/>
</pin_list>
<bind>
<StgValue><ssdm name="_ssdm_op_Read.axis.volatile.i8P"/></StgValue>
</bind>
</comp>

<comp id="26" class="1001" name="const_26">
<pin_list>
<pin id="27" dir="1" index="0" bw="1" slack="0"/>
</pin_list>
<bind>
<StgValue><ssdm name="_ssdm_op_Write.axis.volatile.i8P"/></StgValue>
</bind>
</comp>

<comp id="28" class="1001" name="const_28">
<pin_list>
<pin id="29" dir="1" index="0" bw="1" slack="0"/>
</pin_list>
<bind>
<StgValue><ssdm name=""/></StgValue>
</bind>
</comp>

<comp id="30" class="1004" name="tmp_V_read_fu_30">
<pin_list>
<pin id="31" dir="0" index="0" bw="8" slack="0"/>
<pin id="32" dir="0" index="1" bw="8" slack="0"/>
<pin id="33" dir="1" index="2" bw="8" slack="0"/>
</pin_list>
<bind>
<opcode="read(1150) " fcode="read"/>
<opset="tmp_V/1 "/>
</bind>
</comp>

<comp id="36" class="1004" name="stg_11_write_fu_36">
<pin_list>
<pin id="37" dir="0" index="0" bw="0" slack="0"/>
<pin id="38" dir="0" index="1" bw="8" slack="0"/>
<pin id="39" dir="0" index="2" bw="8" slack="0"/>
<pin id="40" dir="1" index="3" bw="0" slack="2147483647"/>
</pin_list>
<bind>
<opcode="write(1151) " fcode="write"/>
<opset="stg_11/1 "/>
</bind>
</comp>

<comp id="44" class="1004" name="grayscale_valid_load_load_fu_44">
<pin_list>
<pin id="45" dir="0" index="0" bw="1" slack="0"/>
<pin id="46" dir="1" index="1" bw="1" slack="0"/>
</pin_list>
<bind>
<opcode="load(27) " fcode="load"/>
<opset="grayscale_valid_load/1 "/>
</bind>
</comp>

<comp id="48" class="1004" name="tmp_3_fu_48">
<pin_list>
<pin id="49" dir="0" index="0" bw="1" slack="0"/>
<pin id="50" dir="0" index="1" bw="1" slack="0"/>
<pin id="51" dir="1" index="2" bw="1" slack="0"/>
</pin_list>
<bind>
<opcode="xor(25) " fcode="xor"/>
<opset="tmp_3/1 "/>
</bind>
</comp>

<comp id="54" class="1004" name="stg_14_store_fu_54">
<pin_list>
<pin id="55" dir="0" index="0" bw="1" slack="0"/>
<pin id="56" dir="0" index="1" bw="1" slack="0"/>
<pin id="57" dir="1" index="2" bw="0" slack="2147483647"/>
</pin_list>
<bind>
<opcode="store(28) " fcode="store"/>
<opset="stg_14/1 "/>
</bind>
</comp>

</comp_list>

<net_list>
<net id="34"><net_src comp="24" pin="0"/><net_sink comp="30" pin=0"/></net>

<net id="35"><net_src comp="0" pin="0"/><net_sink comp="30" pin=1"/></net>

<net id="41"><net_src comp="26" pin="0"/><net_sink comp="36" pin=0"/></net>

<net id="42"><net_src comp="2" pin="0"/><net_sink comp="36" pin=1"/></net>

<net id="43"><net_src comp="30" pin="2"/><net_sink comp="36" pin=2"/></net>

<net id="47"><net_src comp="4" pin="0"/><net_sink comp="44" pin=0"/></net>

<net id="52"><net_src comp="44" pin="1"/><net_sink comp="48" pin=0"/></net>

<net id="53"><net_src comp="28" pin="0"/><net_sink comp="48" pin=1"/></net>

<net id="58"><net_src comp="48" pin="2"/><net_sink comp="54" pin=0"/></net>

<net id="59"><net_src comp="4" pin="0"/><net_sink comp="54" pin=1"/></net>

</net_list>

</model> 
---------------- Datapath Model END ------------------

* FSMD analyzer results:
  - Output states:
	Port: outStream_V_V | {1 }
	Port: grayscale_valid | {1 }
 - Input state : 
	Port: ov7670_grayscale : inStream_V_V | {1 }
	Port: ov7670_grayscale : grayscale_valid | {1 }
  - Chain level:
	State 1
		stg_10 : 1
		tmp_3 : 1
		stg_14 : 1


============================================================
+ Verbose Summary: Datapath Resource usage 
============================================================

* Functional unit list:
|----------|--------------------|---------|---------|
| Operation|   Functional Unit  |    FF   |   LUT   |
|----------|--------------------|---------|---------|
|    xor   |     tmp_3_fu_48    |    0    |    1    |
|----------|--------------------|---------|---------|
|   read   |  tmp_V_read_fu_30  |    0    |    0    |
|----------|--------------------|---------|---------|
|   write  | stg_11_write_fu_36 |    0    |    0    |
|----------|--------------------|---------|---------|
|   Total  |                    |    0    |    1    |
|----------|--------------------|---------|---------|

Memories:
N/A

* Register list:
N/A

* Multiplexer (MUX) list: 
|--------|------|------|------|--------|
|  Comp  |  Pin | Size |  BW  | S x BW |
|--------|------|------|------|--------|
|  Total |      |      |      |    0   |
|--------|------|------|------|--------|



* Summary:
+-----------+--------+--------+
|           |   FF   |   LUT  |
+-----------+--------+--------+
|  Function |    0   |    1   |
|   Memory  |    -   |    -   |
|Multiplexer|    -   |    -   |
|  Register |    -   |    -   |
+-----------+--------+--------+
|   Total   |    0   |    1   |
+-----------+--------+--------+
