

================================================================
== Vivado HLS Report for 'ov7670_grayscale'
================================================================
* Date:           Sat Aug 19 13:15:49 2017

* Version:        2016.2 (Build 1577090 on Thu Jun 02 16:59:10 MDT 2016)
* Project:        OV7670_GRAYSCALE
* Solution:       solution1
* Product family: zynq
* Target device:  xc7z020clg484-1


================================================================
== Performance Estimates
================================================================
+ Timing (ns): 
    * Summary: 
    +--------+-------+----------+------------+
    |  Clock | Target| Estimated| Uncertainty|
    +--------+-------+----------+------------+
    |ap_clk  |  10.00|      1.37|        1.25|
    +--------+-------+----------+------------+

+ Latency (clock cycles): 
    * Summary: 
    +-----+-----+-----+-----+---------+
    |  Latency  |  Interval | Pipeline|
    | min | max | min | max |   Type  |
    +-----+-----+-----+-----+---------+
    |    0|    0|    1|    1|   none  |
    +-----+-----+-----+-----+---------+

    + Detail: 
        * Instance: 
        N/A

        * Loop: 
        N/A

============================================================
+ Verbose Summary: Synthesis Manager
============================================================
InlineROM: 1
ExposeGlobal: 0
============================================================
+ Verbose Summary: CDFG Model
============================================================
IsTopModel: 1
ResetActiveHigh: 1
IsCombinational: 0
IsDatapathOnly: 0
HasWiredReturn: 1
HasMFsm: 0
HasVarLatency: 0
IsPipeline: 0
IsRtlPipelined: 0
IsInstanceOverlapped: 0
IsDontTouch: 0
HasImplIP: 0
IsGatedGlobalClock: 0


============================================================
+ Verbose Summary: Schedule
============================================================
* Number of FSM states: 1
* Pipeline: 0
* Dataflow Pipeline: 0

* FSM state transitions: 
1 --> 
* FSM state operations: 

 <State 1>: 1.37ns
ST_1: stg_2 [1/1] 0.00ns
:0  call void (...)* @_ssdm_op_SpecBitsMap(i8* %inStream_V_V), !map !7

ST_1: stg_3 [1/1] 0.00ns
:1  call void (...)* @_ssdm_op_SpecBitsMap(i8* %outStream_V_V), !map !11

ST_1: stg_4 [1/1] 0.00ns
:2  call void (...)* @_ssdm_op_SpecTopModule([17 x i8]* @ov7670_grayscale_str) nounwind

ST_1: stg_5 [1/1] 0.00ns
:3  call void (...)* @_ssdm_op_SpecInterface(i8* %inStream_V_V, [5 x i8]* @p_str, i32 0, i32 0, i32 0, i32 0, [1 x i8]* @p_str1, [1 x i8]* @p_str1, [1 x i8]* @p_str1, i32 0, i32 0, i32 0, i32 0, [1 x i8]* @p_str1) nounwind

ST_1: stg_6 [1/1] 0.00ns
:4  call void (...)* @_ssdm_op_SpecInterface(i8* %outStream_V_V, [5 x i8]* @p_str, i32 0, i32 0, i32 0, i32 0, [1 x i8]* @p_str1, [1 x i8]* @p_str1, [1 x i8]* @p_str1, i32 0, i32 0, i32 0, i32 0, [1 x i8]* @p_str1) nounwind

ST_1: stg_7 [1/1] 0.00ns
:5  call void (...)* @_ssdm_op_SpecReset(i1* @grayscale_valid, i32 1, [1 x i8]* @p_str1) nounwind

ST_1: tmp_V [1/1] 0.00ns
:6  %tmp_V = call i8 @_ssdm_op_Read.axis.volatile.i8P(i8* %inStream_V_V)

ST_1: grayscale_valid_load [1/1] 0.00ns
:7  %grayscale_valid_load = load i1* @grayscale_valid, align 1

ST_1: stg_10 [1/1] 0.00ns
:8  br i1 %grayscale_valid_load, label %1, label %._crit_edge

ST_1: stg_11 [1/1] 0.00ns
:0  call void @_ssdm_op_Write.axis.volatile.i8P(i8* %outStream_V_V, i8 %tmp_V)

ST_1: stg_12 [1/1] 0.00ns
:1  br label %._crit_edge

ST_1: tmp_3 [1/1] 1.37ns
._crit_edge:0  %tmp_3 = xor i1 %grayscale_valid_load, true

ST_1: stg_14 [1/1] 0.00ns
._crit_edge:1  store i1 %tmp_3, i1* @grayscale_valid, align 1

ST_1: stg_15 [1/1] 0.00ns
._crit_edge:2  ret void



============================================================
+ Verbose Summary: Timing violations
============================================================
Target clock period: 10ns, clock uncertainty: 1.25ns.

 No timing violations. 


============================================================
+ Verbose Summary: Binding
============================================================
N/A
* FSMD analyzer results:
  - Output states:
 - Input state : 
  - Chain level:
	State 1


============================================================
+ Verbose Summary: Datapath Resource usage 
============================================================
N/A
