#-----------------------------------------------------------
# Webtalk v2015.4 (64-bit)
# SW Build 1412921 on Wed Nov 18 09:43:45 MST 2015
# 
# Start of session at: Sun Apr 03 14:38:30 2016
# Process ID: 1448
# Current directory: C:/Users/Riccardo/Documents/Vision-pipeline-to-DDR/VIVADO/OV7670/sdk_workspace/webtalk
# Command line: wbtcv.exe -mode batch -source sdk_webtalk.tcl
# Log file: C:/Users/Riccardo/Documents/Vision-pipeline-to-DDR/VIVADO/OV7670/sdk_workspace/webtalk/webtalk.log
# Journal file: C:/Users/Riccardo/Documents/Vision-pipeline-to-DDR/VIVADO/OV7670/sdk_workspace/webtalk\webtalk.jou
#-----------------------------------------------------------
source sdk_webtalk.tcl
# webtalk_init -webtalk_dir C:\\Users\\Riccardo\\Documents\\Vision-pipeline-to-DDR\\VIVADO\\OV7670\\sdk_workspace\\webtalk
# webtalk_register_client -client project
# webtalk_add_data -client project -key date_generated -value "dom apr 3 14:38:29 2016" -context "software_version_and_target_device"
# webtalk_add_data -client project -key product_version -value "SDK v2015.4" -context "software_version_and_target_device"
# webtalk_add_data -client project -key build_version -value "2015.4" -context "software_version_and_target_device"
# webtalk_add_data -client project -key os_platform -value "amd64" -context "software_version_and_target_device"
# webtalk_add_data -client project -key registration_id -value "" -context "software_version_and_target_device"
# webtalk_add_data -client project -key tool_flow -value "SDK" -context "software_version_and_target_device"
# webtalk_add_data -client project -key beta -value "false" -context "software_version_and_target_device"
# webtalk_add_data -client project -key route_design -value "NA" -context "software_version_and_target_device"
# webtalk_add_data -client project -key target_family -value "NA" -context "software_version_and_target_device"
# webtalk_add_data -client project -key target_device -value "NA" -context "software_version_and_target_device"
# webtalk_add_data -client project -key target_package -value "NA" -context "software_version_and_target_device"
# webtalk_add_data -client project -key target_speed -value "NA" -context "software_version_and_target_device"
# webtalk_add_data -client project -key random_id -value "2rhfsf1pkilrqk7sg279qcpoj1" -context "software_version_and_target_device"
# webtalk_add_data -client project -key project_id -value "2015.4_83" -context "software_version_and_target_device"
# webtalk_add_data -client project -key project_iteration -value "83" -context "software_version_and_target_device"
# webtalk_add_data -client project -key os_name -value "" -context "user_environment"
# webtalk_add_data -client project -key os_release -value "" -context "user_environment"
# webtalk_add_data -client project -key cpu_name -value "" -context "user_environment"
# webtalk_add_data -client project -key cpu_speed -value "" -context "user_environment"
# webtalk_add_data -client project -key total_processors -value "" -context "user_environment"
# webtalk_add_data -client project -key system_ram -value "" -context "user_environment"
# webtalk_register_client -client sdk
# webtalk_add_data -client sdk -key uid -value "1459685626513" -context "sdk\\\\hardware/1459685626513"
# webtalk_add_data -client sdk -key isZynq -value "true" -context "sdk\\\\hardware/1459685626513"
# webtalk_add_data -client sdk -key Processors -value "2" -context "sdk\\\\hardware/1459685626513"
# webtalk_add_data -client sdk -key VivadoVersion -value "2015.4" -context "sdk\\\\hardware/1459685626513"
# webtalk_add_data -client sdk -key Arch -value "zynq" -context "sdk\\\\hardware/1459685626513"
# webtalk_add_data -client sdk -key Device -value "7z020" -context "sdk\\\\hardware/1459685626513"
# webtalk_add_data -client sdk -key IsHandoff -value "true" -context "sdk\\\\hardware/1459685626513"
# webtalk_add_data -client sdk -key uid -value "1459685649196" -context "sdk\\\\bsp/1459685649196"
# webtalk_add_data -client sdk -key hwid -value "1459685626513" -context "sdk\\\\bsp/1459685649196"
# webtalk_add_data -client sdk -key os -value "standalone" -context "sdk\\\\bsp/1459685649196"
# webtalk_add_data -client sdk -key apptemplate -value "lwip_echo_server" -context "sdk\\\\bsp/1459685649196"
# webtalk_add_data -client sdk -key uid -value "1459685651321" -context "sdk\\\\application/1459685651321"
# webtalk_add_data -client sdk -key hwid -value "1459685626513" -context "sdk\\\\application/1459685651321"
# webtalk_add_data -client sdk -key bspid -value "1459685649196" -context "sdk\\\\application/1459685651321"
# webtalk_add_data -client sdk -key newbsp -value "true" -context "sdk\\\\application/1459685651321"
# webtalk_add_data -client sdk -key os -value "standalone" -context "sdk\\\\application/1459685651321"
# webtalk_add_data -client sdk -key apptemplate -value "lwip_echo_server" -context "sdk\\\\application/1459685651321"
# webtalk_transmit -clientid 4014196083 -regid "" -xml C:\\Users\\Riccardo\\Documents\\Vision-pipeline-to-DDR\\VIVADO\\OV7670\\sdk_workspace\\webtalk\\usage_statistics_ext_sdk.xml -html C:\\Users\\Riccardo\\Documents\\Vision-pipeline-to-DDR\\VIVADO\\OV7670\\sdk_workspace\\webtalk\\usage_statistics_ext_sdk.html -wdm C:\\Users\\Riccardo\\Documents\\Vision-pipeline-to-DDR\\VIVADO\\OV7670\\sdk_workspace\\webtalk\\sdk_webtalk.wdm -intro "<H3>SDK Usage Report</H3><BR>"

    while executing
"webtalk_transmit -clientid 4014196083 -regid "" -xml C:\\Users\\Riccardo\\Documents\\Vision-pipeline-to-DDR\\VIVADO\\OV7670\\sdk_workspace\\webtalk\\u..."
    (file "sdk_webtalk.tcl" line 42)
INFO: [Common 17-206] Exiting Webtalk at Sun Apr 03 14:38:30 2016...
