#-----------------------------------------------------------
# Webtalk v2018.2 (64-bit)
# SW Build 2258646 on Thu Jun 14 20:02:38 MDT 2018
# 
# Start of session at: Wed May 22 18:13:34 2019
# Process ID: 20073
# Current directory: /home/gian/Documenti/HiPeRTLab/Projects/SmartCamera/OV7670_Color/VIVADO_PROJECT/OV7670/OV7670.sdk/webtalk
# Command line: wbtcv -mode batch -source sdk_webtalk.tcl
# Log file: /home/gian/Documenti/HiPeRTLab/Projects/SmartCamera/OV7670_Color/VIVADO_PROJECT/OV7670/OV7670.sdk/webtalk/webtalk.log
# Journal file: /home/gian/Documenti/HiPeRTLab/Projects/SmartCamera/OV7670_Color/VIVADO_PROJECT/OV7670/OV7670.sdk/webtalk/webtalk.jou
#-----------------------------------------------------------
source sdk_webtalk.tcl
# webtalk_init -webtalk_dir /home/gian/Documenti/HiPeRTLab/Projects/SmartCamera/OV7670_Color/VIVADO_PROJECT/OV7670/OV7670.sdk/webtalk
# webtalk_register_client -client project
# webtalk_add_data -client project -key date_generated -value "2019-05-22 18:13:31" -context "software_version_and_target_device"
# webtalk_add_data -client project -key product_version -value "SDK v2018.2" -context "software_version_and_target_device"
# webtalk_add_data -client project -key build_version -value "2018.2" -context "software_version_and_target_device"
# webtalk_add_data -client project -key os_platform -value "amd64" -context "software_version_and_target_device"
# webtalk_add_data -client project -key registration_id -value "211447596_1777545082_0_246" -context "software_version_and_target_device"
# webtalk_add_data -client project -key tool_flow -value "SDK" -context "software_version_and_target_device"
# webtalk_add_data -client project -key beta -value "false" -context "software_version_and_target_device"
# webtalk_add_data -client project -key route_design -value "NA" -context "software_version_and_target_device"
# webtalk_add_data -client project -key target_family -value "NA" -context "software_version_and_target_device"
# webtalk_add_data -client project -key target_device -value "NA" -context "software_version_and_target_device"
# webtalk_add_data -client project -key target_package -value "NA" -context "software_version_and_target_device"
# webtalk_add_data -client project -key target_speed -value "NA" -context "software_version_and_target_device"
# webtalk_add_data -client project -key random_id -value "8copbc5k0cl7q942jvb0qcfqme" -context "software_version_and_target_device"
# webtalk_add_data -client project -key project_id -value "2018.2_32" -context "software_version_and_target_device"
# webtalk_add_data -client project -key project_iteration -value "32" -context "software_version_and_target_device"
# webtalk_add_data -client project -key os_name -value "Ubuntu" -context "user_environment"
# webtalk_add_data -client project -key os_release -value "Ubuntu 18.04.2 LTS" -context "user_environment"
# webtalk_add_data -client project -key cpu_name -value "Intel(R) Core(TM) i5-8250U CPU @ 1.60GHz" -context "user_environment"
# webtalk_add_data -client project -key cpu_speed -value "992.811 MHz" -context "user_environment"
# webtalk_add_data -client project -key total_processors -value "1" -context "user_environment"
# webtalk_add_data -client project -key system_ram -value "8,223 GB" -context "user_environment"
# webtalk_register_client -client sdk
# webtalk_add_data -client sdk -key uid -value "1558520054000" -context "sdk\\\\hardware/1558520054000"
# webtalk_add_data -client sdk -key isZynq -value "true" -context "sdk\\\\hardware/1558520054000"
# webtalk_add_data -client sdk -key isZynqMP -value "false" -context "sdk\\\\hardware/1558520054000"
# webtalk_add_data -client sdk -key Processors -value "2" -context "sdk\\\\hardware/1558520054000"
# webtalk_add_data -client sdk -key VivadoVersion -value "2016.2" -context "sdk\\\\hardware/1558520054000"
# webtalk_add_data -client sdk -key Arch -value "zynq" -context "sdk\\\\hardware/1558520054000"
# webtalk_add_data -client sdk -key Device -value "7z020" -context "sdk\\\\hardware/1558520054000"
# webtalk_add_data -client sdk -key IsHandoff -value "true" -context "sdk\\\\hardware/1558520054000"
# webtalk_add_data -client sdk -key os -value "NA" -context "sdk\\\\hardware/1558520054000"
# webtalk_add_data -client sdk -key apptemplate -value "NA" -context "sdk\\\\hardware/1558520054000"
# webtalk_add_data -client sdk -key RecordType -value "HWCreation" -context "sdk\\\\hardware/1558520054000"
# webtalk_add_data -client sdk -key uid -value "NA" -context "sdk\\\\bsp/1558541611453"
# webtalk_add_data -client sdk -key RecordType -value "ToolUsage" -context "sdk\\\\bsp/1558541611453"
# webtalk_add_data -client sdk -key BootgenCount -value "0" -context "sdk\\\\bsp/1558541611453"
# webtalk_add_data -client sdk -key DebugCount -value "6" -context "sdk\\\\bsp/1558541611453"
# webtalk_add_data -client sdk -key PerfCount -value "0" -context "sdk\\\\bsp/1558541611453"
# webtalk_add_data -client sdk -key FlashCount -value "0" -context "sdk\\\\bsp/1558541611453"
# webtalk_add_data -client sdk -key CrossTriggCount -value "0" -context "sdk\\\\bsp/1558541611453"
# webtalk_add_data -client sdk -key QemuDebugCount -value "0" -context "sdk\\\\bsp/1558541611453"
# webtalk_transmit -clientid 4288486710 -regid "211447596_1777545082_0_246" -xml /home/gian/Documenti/HiPeRTLab/Projects/SmartCamera/OV7670_Color/VIVADO_PROJECT/OV7670/OV7670.sdk/webtalk/usage_statistics_ext_sdk.xml -html /home/gian/Documenti/HiPeRTLab/Projects/SmartCamera/OV7670_Color/VIVADO_PROJECT/OV7670/OV7670.sdk/webtalk/usage_statistics_ext_sdk.html -wdm /home/gian/Documenti/HiPeRTLab/Projects/SmartCamera/OV7670_Color/VIVADO_PROJECT/OV7670/OV7670.sdk/webtalk/sdk_webtalk.wdm -intro "<H3>SDK Usage Report</H3><BR>"
INFO: [Common 17-186] '/home/gian/Documenti/HiPeRTLab/Projects/SmartCamera/OV7670_Color/VIVADO_PROJECT/OV7670/OV7670.sdk/webtalk/usage_statistics_ext_sdk.xml' has been successfully sent to Xilinx on Wed May 22 18:13:41 2019. For additional details about this file, please refer to the WebTalk help file at /storage/Programmi/Xilinx/SDK/2018.2/doc/webtalk_introduction.html.
webtalk_transmit: Time (s): cpu = 00:00:00.86 ; elapsed = 00:00:07 . Memory (MB): peak = 302.855 ; gain = 0.000 ; free physical = 2592 ; free virtual = 8654
# webtalk_terminate
INFO: [Common 17-206] Exiting Webtalk at Wed May 22 18:13:41 2019...
