#-----------------------------------------------------------
# xsim v2015.4 (64-bit)
# SW Build 1412921 on Wed Nov 18 09:43:45 MST 2015
# IP Build 1412160 on Tue Nov 17 13:47:24 MST 2015
# Start of session at: Wed Dec 09 11:28:47 2015
# Process ID: 6116
# Current directory: C:/Users/Silvio/Documents/ProgettiLRM/VISION_PIPELINE_CAMERA/HLS/OV7670_INTERFACE/solution1/sim/verilog
# Command line: xsim.exe -mode tcl -source {xsim.dir/ov7670_interface/xsim_script.tcl}
# Log file: C:/Users/Silvio/Documents/ProgettiLRM/VISION_PIPELINE_CAMERA/HLS/OV7670_INTERFACE/solution1/sim/verilog/xsim.log
# Journal file: C:/Users/Silvio/Documents/ProgettiLRM/VISION_PIPELINE_CAMERA/HLS/OV7670_INTERFACE/solution1/sim/verilog\xsim.jou
#-----------------------------------------------------------
source xsim.dir/ov7670_interface/xsim_script.tcl
# xsim {ov7670_interface} -maxdeltaid 10000 -autoloadwcfg -tclbatch {ov7670_interface.tcl}
Vivado Simulator 2015.4
Time resolution is 1 ps
source ov7670_interface.tcl
## log_wave -r /
WARNING: [Simtcl 6-142] log_wave skipped an HDL object or scope because of this problem: WARNING: Simulation object /apatb_ov7670_interface_top/next_trigger_ready_cnt was not traceable in the design for the following reason:
Vivado Simulator does not yet support tracing of Verilog named events.

## run all
$finish called at time : 575 ns : File "C:/Users/Silvio/Documents/ProgettiLRM/VISION_PIPELINE_CAMERA/HLS/OV7670_INTERFACE/solution1/sim/verilog/ov7670_interface.autotb.v" Line 523
## quit
INFO: [Common 17-206] Exiting xsim at Wed Dec 09 11:28:53 2015...
