@I [HLS-0] Workspace F:/Progetti_Vivado_Tesi/Test_7_Tesi/HLS_COMMON/VIDEO_STREAM_MUX/solution1 opened at Fri Sep 22 10:04:23 +0200 2017
@I [HLS-100] Command "config_clock -quiet -name default -period 10 -default=false "
@I [SYN-201] Setting up clock 'default' with a period of 10ns.
@I [HLS-100] Command 'config_clock' returned 0; elapsed 0.001Total elapsed time: 0.680 sec.
@I [HLS-100] Command "open_platform DefaultPlatform "
@I [HLS-100] Command 'open_platform' returned 0; elapsed 0Total elapsed time: 0.685 sec.
@I [HLS-100] Command "import_lib F:/Vivado_old/Vivado_HLS/2016.2/common/technology/xilinx/zynq/zynq "
@I [HLS-100] Command "source F:/Vivado_old/Vivado_HLS/2016.2/common/technology/xilinx/common/xilinx.lib "
@I [HLS-100] Command "source F:/Vivado_old/Vivado_HLS/2016.2/common/technology/xilinx/interface/xilinx_interface.lib "
@I [HLS-100] Command "source F:/Vivado_old/Vivado_HLS/2016.2/common/technology/xilinx/interface/plb46.lib "
@I [HLS-100] Command 'ap_source' returned 0; elapsed 0.001Total elapsed time: 0.691 sec.
@I [HLS-100] Command "source F:/Vivado_old/Vivado_HLS/2016.2/common/technology/xilinx/interface/fsl.lib "
@I [HLS-100] Command 'ap_source' returned 0; elapsed 0.001Total elapsed time: 0.692 sec.
@I [HLS-100] Command "source F:/Vivado_old/Vivado_HLS/2016.2/common/technology/xilinx/interface/axi4.lib "
@I [HLS-100] Command 'ap_source' returned 0; elapsed 0.001Total elapsed time: 0.694 sec.
@I [HLS-100] Command "source F:/Vivado_old/Vivado_HLS/2016.2/common/technology/xilinx/interface/maxi.lib "
@I [HLS-100] Command 'ap_source' returned 0; elapsed 0.001Total elapsed time: 0.696 sec.
@I [HLS-100] Command "source F:/Vivado_old/Vivado_HLS/2016.2/common/technology/xilinx/interface/saxilite.lib "
@I [HLS-100] Command 'ap_source' returned 0; elapsed 0Total elapsed time: 0.698 sec.
@I [HLS-100] Command 'ap_source' returned 0; elapsed 0.01Total elapsed time: 0.699 sec.
@I [HLS-100] Command "source F:/Vivado_old/Vivado_HLS/2016.2/common/technology/xilinx/common/dsp48.lib "
@I [HLS-100] Command 'ap_source' returned 0; elapsed 0Total elapsed time: 0.701 sec.
@I [HLS-100] Command "source F:/Vivado_old/Vivado_HLS/2016.2/common/technology/xilinx/ip/dds_compiler.lib "
@I [HLS-100] Command 'ap_source' returned 0; elapsed 0.001Total elapsed time: 0.703 sec.
@I [HLS-100] Command "source F:/Vivado_old/Vivado_HLS/2016.2/common/technology/xilinx/ip/xfft.lib "
@I [HLS-100] Command 'ap_source' returned 0; elapsed 0Total elapsed time: 0.704 sec.
@I [HLS-100] Command "source F:/Vivado_old/Vivado_HLS/2016.2/common/technology/xilinx/ip/xfir.lib "
@I [HLS-100] Command 'ap_source' returned 0; elapsed 0.001Total elapsed time: 0.705 sec.
@I [HLS-100] Command 'ap_source' returned 0; elapsed 0.02Total elapsed time: 0.708 sec.
@I [HLS-100] Command "source F:/Vivado_old/Vivado_HLS/2016.2/common/technology/xilinx/common/xilinx_old.lib "
@I [HLS-100] Command 'ap_source' returned 0; elapsed 0.001Total elapsed time: 0.711 sec.
@I [HLS-100] Command "source F:/Vivado_old/Vivado_HLS/2016.2/common/technology/xilinx/common/xilinx_vivado.lib "
@I [HLS-100] Command 'ap_source' returned 0; elapsed 0.001Total elapsed time: 0.712 sec.
@I [HLS-100] Command "source F:/Vivado_old/Vivado_HLS/2016.2/common/technology/xilinx/common/xilinx.hlp "
@I [HLS-100] Command "source F:/Vivado_old/Vivado_HLS/2016.2/common/technology/xilinx/common/target_info.tcl "
@I [HLS-100] Command 'ap_source' returned 0; elapsed 0.001Total elapsed time: 0.719 sec.
@I [HLS-100] Command "source F:/Vivado_old/Vivado_HLS/2016.2/common/technology/xilinx/interface/xilinx_interface.hlp "
@I [HLS-100] Command "source F:/Vivado_old/Vivado_HLS/2016.2/common/technology/xilinx/interface/maxi.hlp "
@I [HLS-100] Command 'ap_source' returned 0; elapsed 0.001Total elapsed time: 0.720 sec.
@I [HLS-100] Command "source F:/Vivado_old/Vivado_HLS/2016.2/common/technology/xilinx/interface/saxilite.hlp "
@I [HLS-100] Command 'ap_source' returned 0; elapsed 0.001Total elapsed time: 0.721 sec.
@I [HLS-100] Command 'ap_source' returned 0; elapsed 0.002Total elapsed time: 0.721 sec.
@I [HLS-100] Command "source F:/Vivado_old/Vivado_HLS/2016.2/common/technology/xilinx/common/dsp48.hlp "
@I [HLS-100] Command 'ap_source' returned 0; elapsed 0.001Total elapsed time: 0.724 sec.
@I [HLS-100] Command 'ap_source' returned 0; elapsed 0.008Total elapsed time: 0.724 sec.
@I [HLS-100] Command "source F:/Vivado_old/Vivado_HLS/2016.2/common/technology/xilinx/zynq/dsp48e1.hlp "
@I [HLS-100] Command 'ap_source' returned 0; elapsed 0Total elapsed time: 0.725 sec.
@I [HLS-100] Command "get_default_platform "
@I [HLS-100] Command 'get_default_platform' returned 0; elapsed 0.001Total elapsed time: 0.726 sec.
@I [HLS-100] Command "config_chip_info -quiet -resource  {SLICE 13300}  {LUT 53200}     {FF 106400} {DSP48E 220}   {BRAM 280}  "
@I [HLS-100] Command 'config_chip_info' returned 0; elapsed 0Total elapsed time: 0.727 sec.
@I [HLS-100] Command "config_chip_info -quiet -speed medium "
@I [HLS-100] Command 'config_chip_info' returned 0; elapsed 0Total elapsed time: 0.728 sec.
@I [HLS-100] Command 'import_lib' returned 0; elapsed 0.043Total elapsed time: 0.730 sec.
@I [HLS-100] Command "source F:/Vivado_old/Vivado_HLS/2016.2/common/technology/xilinx/zynq/zynq.gen "
@I [HLS-100] Command "source F:/Vivado_old/Vivado_HLS/2016.2/common/technology/xilinx/common/virtex.gen "
@I [HLS-100] Command "source F:/Vivado_old/Vivado_HLS/2016.2/common/technology/xilinx/common/xilinx.gen "
@I [HLS-100] Command "source F:/Vivado_old/Vivado_HLS/2016.2/common/technology/xilinx/interface/plb46.gen "
@I [HLS-100] Command 'ap_source' returned 0; elapsed 0.001Total elapsed time: 0.735 sec.
@I [HLS-100] Command "source F:/Vivado_old/Vivado_HLS/2016.2/common/technology/xilinx/interface/fsl.gen "
@I [HLS-100] Command 'ap_source' returned 0; elapsed 0.001Total elapsed time: 0.736 sec.
@I [HLS-100] Command "source F:/Vivado_old/Vivado_HLS/2016.2/common/technology/xilinx/interface/axi4.gen "
@I [HLS-100] Command 'ap_source' returned 0; elapsed 0.003Total elapsed time: 0.740 sec.
@I [HLS-100] Command "source F:/Vivado_old/Vivado_HLS/2016.2/common/technology/xilinx/interface/nativeAXI4.gen "
@I [HLS-100] Command "source F:/Vivado_old/Vivado_HLS/2016.2/common/technology/xilinx/interface/saxilite.gen "
@I [HLS-100] Command 'ap_source' returned 0; elapsed 0.006Total elapsed time: 0.747 sec.
@I [HLS-100] Command "source F:/Vivado_old/Vivado_HLS/2016.2/common/technology/xilinx/interface/maxi.gen "
@I [HLS-100] Command 'ap_source' returned 0; elapsed 0.013Total elapsed time: 0.761 sec.
@I [HLS-100] Command 'ap_source' returned 0; elapsed 0.021Total elapsed time: 0.762 sec.
@I [HLS-100] Command "source F:/Vivado_old/Vivado_HLS/2016.2/common/technology/xilinx/scripts/xilinxcoregen.gen "
@I [HLS-100] Command 'ap_source' returned 0; elapsed 0.013Total elapsed time: 0.776 sec.
@I [HLS-100] Command "source F:/Vivado_old/Vivado_HLS/2016.2/common/technology/xilinx/interface/XilEDKCoreGen.gen "
@I [HLS-100] Command 'ap_source' returned 0; elapsed 0.01Total elapsed time: 0.787 sec.
@I [HLS-100] Command "source F:/Vivado_old/Vivado_HLS/2016.2/common/technology/xilinx/ip/dds_compiler.gen "
@I [HLS-100] Command 'ap_source' returned 0; elapsed 0.004Total elapsed time: 0.792 sec.
@I [HLS-100] Command "source F:/Vivado_old/Vivado_HLS/2016.2/common/technology/xilinx/ip/util.gen "
@I [HLS-100] Command 'ap_source' returned 0; elapsed 0Total elapsed time: 0.793 sec.
@I [HLS-100] Command "source F:/Vivado_old/Vivado_HLS/2016.2/common/technology/xilinx/ip/xfft.gen "
@I [HLS-100] Command 'ap_source' returned 0; elapsed 0.127Total elapsed time: 0.921 sec.
@I [HLS-100] Command "source F:/Vivado_old/Vivado_HLS/2016.2/common/technology/xilinx/ip/xfir.gen "
@I [HLS-100] Command 'ap_source' returned 0; elapsed 0.001Total elapsed time: 0.923 sec.
@I [HLS-100] Command 'ap_source' returned 0; elapsed 0.191Total elapsed time: 0.923 sec.
@I [HLS-100] Command "source F:/Vivado_old/Vivado_HLS/2016.2/common/technology/xilinx/common/dsp48.gen "
@I [HLS-100] Command 'ap_source' returned 0; elapsed 0Total elapsed time: 0.925 sec.
@I [HLS-100] Command 'ap_source' returned 0; elapsed 0.194Total elapsed time: 0.926 sec.
@I [HLS-100] Command 'ap_source' returned 0; elapsed 0.196Total elapsed time: 0.926 sec.
@I [HLS-100] Command "open_platform DefaultPlatform "
@I [HLS-100] Command 'open_platform' returned 0; elapsed 0Total elapsed time: 0.927 sec.
@I [HLS-100] Command "import_lib F:/Vivado_old/Vivado_HLS/2016.2/common/technology/xilinx/zynq/zynq_fpv6 "
@I [HLS-100] Command "source F:/Vivado_old/Vivado_HLS/2016.2/common/technology/xilinx/common/xilinx_fpv7.lib "
@I [HLS-100] Command "source F:/Vivado_old/Vivado_HLS/2016.2/common/technology/xilinx/common/xilinx_hp.lib "
@I [HLS-100] Command 'ap_source' returned 0; elapsed 0.001Total elapsed time: 0.930 sec.
@I [HLS-100] Command 'ap_source' returned 0; elapsed 0.004Total elapsed time: 0.932 sec.
@I [HLS-100] Command "source F:/Vivado_old/Vivado_HLS/2016.2/common/technology/xilinx/common/xilinx_fpv.hlp "
@I [HLS-100] Command "source F:/Vivado_old/Vivado_HLS/2016.2/common/technology/xilinx/common/xilinx.hlp "
@I [HLS-100] Command "source F:/Vivado_old/Vivado_HLS/2016.2/common/technology/xilinx/common/target_info.tcl "
@I [HLS-100] Command 'ap_source' returned 0; elapsed 0.043Total elapsed time: 0.985 sec.
@I [HLS-100] Command "source F:/Vivado_old/Vivado_HLS/2016.2/common/technology/xilinx/interface/xilinx_interface.hlp "
@I [HLS-100] Command "source F:/Vivado_old/Vivado_HLS/2016.2/common/technology/xilinx/interface/maxi.hlp "
@I [HLS-100] Command 'ap_source' returned 0; elapsed 0.001Total elapsed time: 0.987 sec.
@I [HLS-100] Command "source F:/Vivado_old/Vivado_HLS/2016.2/common/technology/xilinx/interface/saxilite.hlp "
@I [HLS-100] Command 'ap_source' returned 0; elapsed 0Total elapsed time: 0.988 sec.
@I [HLS-100] Command 'ap_source' returned 0; elapsed 0.003Total elapsed time: 0.989 sec.
@I [HLS-100] Command "source F:/Vivado_old/Vivado_HLS/2016.2/common/technology/xilinx/common/dsp48.hlp "
@I [HLS-100] Command 'ap_source' returned 0; elapsed 0.003Total elapsed time: 0.993 sec.
@I [HLS-100] Command 'ap_source' returned 0; elapsed 0.054Total elapsed time: 0.995 sec.
@I [HLS-100] Command 'ap_source' returned 0; elapsed 0.056Total elapsed time: 0.996 sec.
@I [HLS-100] Command "source F:/Vivado_old/Vivado_HLS/2016.2/common/technology/xilinx/zynq/zynq_hp.hlp "
@I [HLS-100] Command 'ap_source' returned 0; elapsed 0.003Total elapsed time: 1.1 sec.
@I [HLS-100] Command 'import_lib' returned 0; elapsed 0.085Total elapsed time: 1.13 sec.
@I [HLS-100] Command "source F:/Vivado_old/Vivado_HLS/2016.2/common/technology/xilinx/zynq/zynq_fpv6.gen "
@I [HLS-100] Command "source F:/Vivado_old/Vivado_HLS/2016.2/common/technology/xilinx/common/xilinx_fpv6.gen "
@I [HLS-100] Command 'ap_source' returned 0; elapsed 0.005Total elapsed time: 1.21 sec.
@I [HLS-100] Command 'ap_source' returned 0; elapsed 0.007Total elapsed time: 1.22 sec.
@I [HLS-100] Command "set_part xc7z020clg484-1 "
@I [HLS-100] Command "add_library xilinx/zynq/zynq:xc7z020:clg484:-1 "
@I [HLS-100] Command "get_default_platform "
@I [HLS-100] Command 'get_default_platform' returned 0; elapsed 0Total elapsed time: 1.33 sec.
@I [HLS-100] Command "license_isbetapart xc7z020 "
@I [HLS-100] Command 'license_isbetapart' returned 1; elapsed 0.015Total elapsed time: 1.49 sec.
@I [HLS-100] Command "get_default_platform "
@I [HLS-100] Command 'get_default_platform' returned 0; elapsed 0Total elapsed time: 1.55 sec.
@I [HLS-100] Command "config_chip_info -quiet -resource  {SLICE 13300}  {LUT 53200}     {FF 106400} {DSP48E 220}   {BRAM 280}  "
@I [HLS-100] Command 'config_chip_info' returned 0; elapsed 0Total elapsed time: 1.56 sec.
@I [HLS-100] Command "config_chip_info -quiet -speed slow "
@I [HLS-100] Command 'config_chip_info' returned 0; elapsed 0Total elapsed time: 1.56 sec.
@I [HLS-100] Command 'add_library' returned 0; elapsed 0.031Total elapsed time: 1.62 sec.
@I [HLS-100] Command "add_library xilinx/zynq/zynq_fpv6 "
@I [HLS-100] Command "get_default_platform "
@I [HLS-100] Command 'get_default_platform' returned 0; elapsed 0Total elapsed time: 1.63 sec.
@I [HLS-100] Command 'add_library' returned 0; elapsed 0.002Total elapsed time: 1.65 sec.
@I [HLS-10] Setting target device to 'xc7z020clg484-1'
@I [HLS-100] Command 'set_part' returned 0; elapsed 0.041Total elapsed time: 1.66 sec.
@I [HLS-100] Command "get_default_platform "
@I [HLS-100] Command 'get_default_platform' returned 0; elapsed 0Total elapsed time: 1.66 sec.
@I [HLS-100] Command "config_chip_info -quiet -resource  {SLICE 13300}  {LUT 53200}     {FF 106400} {DSP48E 220}   {BRAM 280}  "
@I [HLS-100] Command 'config_chip_info' returned 0; elapsed 0Total elapsed time: 1.67 sec.
@I [HLS-100] Command "config_chip_info -quiet -speed slow "
@I [HLS-100] Command 'config_chip_info' returned 0; elapsed 0Total elapsed time: 1.67 sec.
@I [HLS-100] Command 'open_solution' returned 0; elapsed 0.469Total elapsed time: 1.68 sec.
@I [HLS-100] Command "export_design -format ip_catalog "
@I [HLS-100] Command "source F:/Progetti_Vivado_Tesi/Test_7_Tesi/HLS_COMMON/VIDEO_STREAM_MUX/solution1/.autopilot/db/global.setting.tcl "
@I [HLS-100] Command 'ap_source' returned 0; elapsed 0.001Total elapsed time: 1.95 sec.
@I [HLS-100] Command "source F:/Vivado_old/Vivado_HLS/2016.2/common/technology/generic/autopilot/common.gen "
@I [HLS-100] Command "source F:/Vivado_old/Vivado_HLS/2016.2/common/technology/generic/autopilot/APCoreGen.gen "
@I [HLS-100] Command 'ap_source' returned 0; elapsed 0.002Total elapsed time: 1.111 sec.
@I [HLS-100] Command 'ap_source' returned 0; elapsed 0.006Total elapsed time: 1.113 sec.
@I [HLS-100] Command "source F:/Vivado_old/Vivado_HLS/2016.2/common/technology/generic/autopilot/op.gen "
@I [HLS-100] Command 'ap_source' returned 0; elapsed 0.002Total elapsed time: 1.116 sec.
@I [HLS-100] Command "source F:/Vivado_old/Vivado_HLS/2016.2/common/technology/generic/autopilot/op_simcore.gen "
@I [HLS-100] Command 'ap_source' returned 0; elapsed 0.004Total elapsed time: 1.121 sec.
@I [HLS-100] Command "source F:/Vivado_old/Vivado_HLS/2016.2/common/technology/generic/autopilot/interface.gen "
@I [HLS-100] Command 'ap_source' returned 0; elapsed 0.001Total elapsed time: 1.123 sec.
@I [HLS-100] Command "source F:/Progetti_Vivado_Tesi/Test_7_Tesi/HLS_COMMON/VIDEO_STREAM_MUX/solution1/.autopilot/db/global.setting.tcl "
@I [HLS-100] Command 'ap_source' returned 0; elapsed 0.002Total elapsed time: 1.126 sec.
@I [HLS-100] Command "source F:/Vivado_old/Vivado_HLS/2016.2/common/technology/xilinx/zynq/zynq.gen "
@I [HLS-100] Command "source F:/Vivado_old/Vivado_HLS/2016.2/common/technology/xilinx/common/virtex.gen "
@I [HLS-100] Command "source F:/Vivado_old/Vivado_HLS/2016.2/common/technology/xilinx/common/xilinx.gen "
@I [HLS-100] Command "source F:/Vivado_old/Vivado_HLS/2016.2/common/technology/xilinx/interface/plb46.gen "
@I [HLS-100] Command 'ap_source' returned 0; elapsed 0.004Total elapsed time: 1.134 sec.
@I [HLS-100] Command "source F:/Vivado_old/Vivado_HLS/2016.2/common/technology/xilinx/interface/fsl.gen "
@I [HLS-100] Command 'ap_source' returned 0; elapsed 0.001Total elapsed time: 1.136 sec.
@I [HLS-100] Command "source F:/Vivado_old/Vivado_HLS/2016.2/common/technology/xilinx/interface/axi4.gen "
@I [HLS-100] Command 'ap_source' returned 0; elapsed 0.007Total elapsed time: 1.144 sec.
@I [HLS-100] Command "source F:/Vivado_old/Vivado_HLS/2016.2/common/technology/xilinx/interface/nativeAXI4.gen "
@I [HLS-100] Command "source F:/Vivado_old/Vivado_HLS/2016.2/common/technology/xilinx/interface/saxilite.gen "
@I [HLS-100] Command 'ap_source' returned 0; elapsed 0.01Total elapsed time: 1.155 sec.
@I [HLS-100] Command "source F:/Vivado_old/Vivado_HLS/2016.2/common/technology/xilinx/interface/maxi.gen "
@I [HLS-100] Command 'ap_source' returned 0; elapsed 0.011Total elapsed time: 1.167 sec.
@I [HLS-100] Command 'ap_source' returned 0; elapsed 0.022Total elapsed time: 1.167 sec.
@I [HLS-100] Command "source F:/Vivado_old/Vivado_HLS/2016.2/common/technology/xilinx/scripts/xilinxcoregen.gen "
@I [HLS-100] Command 'ap_source' returned 0; elapsed 0.019Total elapsed time: 1.187 sec.
@I [HLS-100] Command "source F:/Vivado_old/Vivado_HLS/2016.2/common/technology/xilinx/interface/XilEDKCoreGen.gen "
@I [HLS-100] Command 'ap_source' returned 0; elapsed 0.011Total elapsed time: 1.231 sec.
@I [HLS-100] Command "source F:/Vivado_old/Vivado_HLS/2016.2/common/technology/xilinx/ip/dds_compiler.gen "
@I [HLS-100] Command 'ap_source' returned 0; elapsed 0.004Total elapsed time: 1.236 sec.
@I [HLS-100] Command "source F:/Vivado_old/Vivado_HLS/2016.2/common/technology/xilinx/ip/util.gen "
@I [HLS-100] Command 'ap_source' returned 0; elapsed 0Total elapsed time: 1.236 sec.
@I [HLS-100] Command "source F:/Vivado_old/Vivado_HLS/2016.2/common/technology/xilinx/ip/xfft.gen "
@I [HLS-100] Command 'ap_source' returned 0; elapsed 0.121Total elapsed time: 1.358 sec.
@I [HLS-100] Command "source F:/Vivado_old/Vivado_HLS/2016.2/common/technology/xilinx/ip/xfir.gen "
@I [HLS-100] Command 'ap_source' returned 0; elapsed 0.001Total elapsed time: 1.359 sec.
@I [HLS-100] Command 'ap_source' returned 0; elapsed 0.23Total elapsed time: 1.360 sec.
@I [HLS-100] Command "source F:/Vivado_old/Vivado_HLS/2016.2/common/technology/xilinx/common/dsp48.gen "
@I [HLS-100] Command 'ap_source' returned 0; elapsed 0.001Total elapsed time: 1.362 sec.
@I [HLS-100] Command 'ap_source' returned 0; elapsed 0.235Total elapsed time: 1.362 sec.
@I [HLS-100] Command 'ap_source' returned 0; elapsed 0.236Total elapsed time: 1.363 sec.
@I [HLS-100] Command "source F:/Vivado_old/Vivado_HLS/2016.2/common/technology/xilinx/zynq/zynq_fpv6.gen "
@I [HLS-100] Command "source F:/Vivado_old/Vivado_HLS/2016.2/common/technology/xilinx/common/xilinx_fpv6.gen "
@I [HLS-100] Command 'ap_source' returned 0; elapsed 0.002Total elapsed time: 1.365 sec.
@I [HLS-100] Command 'ap_source' returned 0; elapsed 0.003Total elapsed time: 1.366 sec.
@I [HLS-100] Command "source F:/Progetti_Vivado_Tesi/Test_7_Tesi/HLS_COMMON/VIDEO_STREAM_MUX/solution1/.autopilot/db/global.setting.tcl "
@I [HLS-100] Command 'ap_source' returned 0; elapsed 0.001Total elapsed time: 1.401 sec.
@I [IMPL-8] Exporting RTL as an IP in IP-XACT.
@I [HLS-100] Command "source F:/Progetti_Vivado_Tesi/Test_7_Tesi/HLS_COMMON/VIDEO_STREAM_MUX/solution1/.autopilot/db/global.setting.tcl "
@I [HLS-100] Command 'ap_source' returned 0; elapsed 0.001Total elapsed time: 1.407 sec.
@I [HLS-100] Command "source F:/Progetti_Vivado_Tesi/Test_7_Tesi/HLS_COMMON/VIDEO_STREAM_MUX/solution1/.autopilot/db/global.setting.tcl "
@I [HLS-100] Command 'ap_source' returned 0; elapsed 0.002Total elapsed time: 1.447 sec.
@I [HLS-100] Command "source F:/Vivado_old/Vivado_HLS/2016.2/common/technology/generic/autopilot/common.gen "
@I [HLS-100] Command "source F:/Vivado_old/Vivado_HLS/2016.2/common/technology/generic/autopilot/APCoreGen.gen "
@I [HLS-100] Command 'ap_source' returned 0; elapsed 0.003Total elapsed time: 1.452 sec.
@I [HLS-100] Command 'ap_source' returned 0; elapsed 0.005Total elapsed time: 1.453 sec.
@I [HLS-100] Command "source F:/Vivado_old/Vivado_HLS/2016.2/common/technology/generic/autopilot/op.gen "
@I [HLS-100] Command 'ap_source' returned 0; elapsed 0.001Total elapsed time: 1.455 sec.
@I [HLS-100] Command "source F:/Vivado_old/Vivado_HLS/2016.2/common/technology/generic/autopilot/op_simcore.gen "
@I [HLS-100] Command 'ap_source' returned 0; elapsed 0.002Total elapsed time: 1.458 sec.
@I [HLS-100] Command "source F:/Vivado_old/Vivado_HLS/2016.2/common/technology/generic/autopilot/interface.gen "
@I [HLS-100] Command 'ap_source' returned 0; elapsed 0Total elapsed time: 1.459 sec.
@I [HLS-100] Command "source F:/Progetti_Vivado_Tesi/Test_7_Tesi/HLS_COMMON/VIDEO_STREAM_MUX/solution1/.autopilot/db/global.setting.tcl "
@I [HLS-100] Command 'ap_source' returned 0; elapsed 0.001Total elapsed time: 1.461 sec.
@I [HLS-100] Command "source F:/Vivado_old/Vivado_HLS/2016.2/common/technology/xilinx/zynq/zynq.gen "
@I [HLS-100] Command "source F:/Vivado_old/Vivado_HLS/2016.2/common/technology/xilinx/common/virtex.gen "
@I [HLS-100] Command "source F:/Vivado_old/Vivado_HLS/2016.2/common/technology/xilinx/common/xilinx.gen "
@I [HLS-100] Command "source F:/Vivado_old/Vivado_HLS/2016.2/common/technology/xilinx/interface/plb46.gen "
@I [HLS-100] Command 'ap_source' returned 0; elapsed 0.002Total elapsed time: 1.466 sec.
@I [HLS-100] Command "source F:/Vivado_old/Vivado_HLS/2016.2/common/technology/xilinx/interface/fsl.gen "
@I [HLS-100] Command 'ap_source' returned 0; elapsed 0.001Total elapsed time: 1.467 sec.
@I [HLS-100] Command "source F:/Vivado_old/Vivado_HLS/2016.2/common/technology/xilinx/interface/axi4.gen "
@I [HLS-100] Command 'ap_source' returned 0; elapsed 0.004Total elapsed time: 1.472 sec.
@I [HLS-100] Command "source F:/Vivado_old/Vivado_HLS/2016.2/common/technology/xilinx/interface/nativeAXI4.gen "
@I [HLS-100] Command "source F:/Vivado_old/Vivado_HLS/2016.2/common/technology/xilinx/interface/saxilite.gen "
@I [HLS-100] Command 'ap_source' returned 0; elapsed 0.008Total elapsed time: 1.481 sec.
@I [HLS-100] Command "source F:/Vivado_old/Vivado_HLS/2016.2/common/technology/xilinx/interface/maxi.gen "
@I [HLS-100] Command 'ap_source' returned 0; elapsed 0.018Total elapsed time: 1.499 sec.
@I [HLS-100] Command 'ap_source' returned 0; elapsed 0.026Total elapsed time: 1.499 sec.
@I [HLS-100] Command "source F:/Vivado_old/Vivado_HLS/2016.2/common/technology/xilinx/scripts/xilinxcoregen.gen "
@I [HLS-100] Command 'ap_source' returned 0; elapsed 0.021Total elapsed time: 1.521 sec.
@I [HLS-100] Command "source F:/Vivado_old/Vivado_HLS/2016.2/common/technology/xilinx/interface/XilEDKCoreGen.gen "
@I [HLS-100] Command 'ap_source' returned 0; elapsed 0.018Total elapsed time: 1.540 sec.
@I [HLS-100] Command "source F:/Vivado_old/Vivado_HLS/2016.2/common/technology/xilinx/ip/dds_compiler.gen "
@I [HLS-100] Command 'ap_source' returned 0; elapsed 0.005Total elapsed time: 1.546 sec.
@I [HLS-100] Command "source F:/Vivado_old/Vivado_HLS/2016.2/common/technology/xilinx/ip/util.gen "
@I [HLS-100] Command 'ap_source' returned 0; elapsed 0.001Total elapsed time: 1.547 sec.
@I [HLS-100] Command "source F:/Vivado_old/Vivado_HLS/2016.2/common/technology/xilinx/ip/xfft.gen "
@I [HLS-100] Command 'ap_source' returned 0; elapsed 0.12Total elapsed time: 1.667 sec.
@I [HLS-100] Command "source F:/Vivado_old/Vivado_HLS/2016.2/common/technology/xilinx/ip/xfir.gen "
@I [HLS-100] Command 'ap_source' returned 0; elapsed 0.002Total elapsed time: 1.669 sec.
@I [HLS-100] Command 'ap_source' returned 0; elapsed 0.205Total elapsed time: 1.669 sec.
@I [HLS-100] Command "source F:/Vivado_old/Vivado_HLS/2016.2/common/technology/xilinx/common/dsp48.gen "
@I [HLS-100] Command 'ap_source' returned 0; elapsed 0Total elapsed time: 1.671 sec.
@I [HLS-100] Command 'ap_source' returned 0; elapsed 0.21Total elapsed time: 1.672 sec.
@I [HLS-100] Command 'ap_source' returned 0; elapsed 0.21Total elapsed time: 1.672 sec.
@I [HLS-100] Command "source F:/Vivado_old/Vivado_HLS/2016.2/common/technology/xilinx/zynq/zynq_fpv6.gen "
@I [HLS-100] Command "source F:/Vivado_old/Vivado_HLS/2016.2/common/technology/xilinx/common/xilinx_fpv6.gen "
@I [HLS-100] Command 'ap_source' returned 0; elapsed 0.002Total elapsed time: 1.674 sec.
@I [HLS-100] Command 'ap_source' returned 0; elapsed 0.003Total elapsed time: 1.675 sec.
@I [HLS-100] Command "source F:/Progetti_Vivado_Tesi/Test_7_Tesi/HLS_COMMON/VIDEO_STREAM_MUX/solution1/.autopilot/db/global.setting.tcl "
@I [HLS-100] Command 'ap_source' returned 0; elapsed 0.001Total elapsed time: 1.701 sec.
@I [HLS-100] Command "source F:/Progetti_Vivado_Tesi/Test_7_Tesi/HLS_COMMON/VIDEO_STREAM_MUX/solution1/.autopilot/db/global.setting.tcl "
@I [HLS-100] Command 'ap_source' returned 0; elapsed 0Total elapsed time: 1.702 sec.
@I [HLS-100] Command "source F:/Progetti_Vivado_Tesi/Test_7_Tesi/HLS_COMMON/VIDEO_STREAM_MUX/solution1/.autopilot/db/mux_sd_ov.compgen.tcl "
@I [HLS-100] Command 'ap_source' returned 0; elapsed 0.001Total elapsed time: 1.705 sec.
@I [HLS-100] Command "source F:/Progetti_Vivado_Tesi/Test_7_Tesi/HLS_COMMON/VIDEO_STREAM_MUX/solution1/.autopilot/db/global.setting.tcl "
@I [HLS-100] Command 'ap_source' returned 0; elapsed 0.001Total elapsed time: 1.730 sec.
@I [HLS-100] Command "source F:/Progetti_Vivado_Tesi/Test_7_Tesi/HLS_COMMON/VIDEO_STREAM_MUX/solution1/.autopilot/db/global.setting.tcl "
@I [HLS-100] Command 'ap_source' returned 0; elapsed 0.029Total elapsed time: 1.760 sec.
@I [HLS-100] Command "source F:/Progetti_Vivado_Tesi/Test_7_Tesi/HLS_COMMON/VIDEO_STREAM_MUX/solution1/.autopilot/db/mux_sd_ov.compgen.tcl "
@I [HLS-100] Command "source F:/Progetti_Vivado_Tesi/Test_7_Tesi/HLS_COMMON/VIDEO_STREAM_MUX/solution1/.autopilot/db/mux_sd_ov.rtl_wrap.cfg.tcl "
@I [HLS-100] Command 'ap_source' returned 0; elapsed 0.001Total elapsed time: 1.763 sec.
@I [HLS-100] Command "source F:/Progetti_Vivado_Tesi/Test_7_Tesi/HLS_COMMON/VIDEO_STREAM_MUX/solution1/.autopilot/db/mux_sd_ov.rtl_wrap.cfg.tcl "
@I [HLS-100] Command 'ap_source' returned 0; elapsed 0.001Total elapsed time: 1.765 sec.
@I [HLS-100] Command "source F:/Progetti_Vivado_Tesi/Test_7_Tesi/HLS_COMMON/VIDEO_STREAM_MUX/solution1/.autopilot/db/mux_sd_ov.rtl_wrap.cfg.tcl "
@I [HLS-100] Command 'ap_source' returned 0; elapsed 0Total elapsed time: 1.766 sec.
@I [HLS-100] Command "source F:/Progetti_Vivado_Tesi/Test_7_Tesi/HLS_COMMON/VIDEO_STREAM_MUX/solution1/.autopilot/db/mux_sd_ov.tbgen.tcl "
@I [HLS-100] Command 'ap_source' returned 0; elapsed 0Total elapsed time: 1.767 sec.
@I [HLS-100] Command "source F:/Progetti_Vivado_Tesi/Test_7_Tesi/HLS_COMMON/VIDEO_STREAM_MUX/solution1/.autopilot/db/mux_sd_ov.tbgen.tcl "
@I [HLS-100] Command 'ap_source' returned 0; elapsed 0.001Total elapsed time: 1.769 sec.
@I [HLS-100] Command 'ap_source' returned 0; elapsed 0.091Total elapsed time: 1.852 sec.
@I [HLS-100] Command "source F:/Progetti_Vivado_Tesi/Test_7_Tesi/HLS_COMMON/VIDEO_STREAM_MUX/solution1/.autopilot/db/global.setting.tcl "
@I [HLS-100] Command 'ap_source' returned 0; elapsed 0.001Total elapsed time: 1.895 sec.
@I [HLS-100] Command "source F:/Progetti_Vivado_Tesi/Test_7_Tesi/HLS_COMMON/VIDEO_STREAM_MUX/solution1/.autopilot/db/global.setting.tcl "
@I [HLS-100] Command 'ap_source' returned 0; elapsed 0.001Total elapsed time: 1.897 sec.
@I [HLS-100] Command "source F:/Progetti_Vivado_Tesi/Test_7_Tesi/HLS_COMMON/VIDEO_STREAM_MUX/solution1/.autopilot/db/mux_sd_ov.compgen.tcl "
@I [HLS-100] Command 'ap_source' returned 0; elapsed 0Total elapsed time: 1.898 sec.
@I [HLS-100] Command "source F:/Progetti_Vivado_Tesi/Test_7_Tesi/HLS_COMMON/VIDEO_STREAM_MUX/solution1/.autopilot/db/global.setting.tcl "
@I [HLS-100] Command 'ap_source' returned 0; elapsed 0Total elapsed time: 2.65 sec.
@I [HLS-100] Command "source F:/Progetti_Vivado_Tesi/Test_7_Tesi/HLS_COMMON/VIDEO_STREAM_MUX/solution1/.autopilot/db/mux_sd_ov.constraint.tcl "
@I [HLS-100] Command 'ap_source' returned 0; elapsed 0Total elapsed time: 2.69 sec.
@I [HLS-100] Command "source F:/Progetti_Vivado_Tesi/Test_7_Tesi/HLS_COMMON/VIDEO_STREAM_MUX/solution1/.autopilot/db/mux_sd_ov.rtl_wrap.cfg.tcl "
@I [HLS-100] Command 'ap_source' returned 0; elapsed 0.001Total elapsed time: 2.182 sec.
@I [HLS-100] Command "source F:/Progetti_Vivado_Tesi/Test_7_Tesi/HLS_COMMON/VIDEO_STREAM_MUX/solution1/.autopilot/db/mux_sd_ov.rtl_wrap.cfg.tcl "
@I [HLS-100] Command 'ap_source' returned 0; elapsed 0Total elapsed time: 2.183 sec.
@I [HLS-100] Command "source F:/Progetti_Vivado_Tesi/Test_7_Tesi/HLS_COMMON/VIDEO_STREAM_MUX/solution1/.autopilot/db/mux_sd_ov.rtl_wrap.cfg.tcl "
@I [HLS-100] Command 'ap_source' returned 0; elapsed 0.001Total elapsed time: 2.185 sec.
@I [HLS-100] Command "source F:/Progetti_Vivado_Tesi/Test_7_Tesi/HLS_COMMON/VIDEO_STREAM_MUX/solution1/.autopilot/db/mux_sd_ov.tbgen.tcl "
@I [HLS-100] Command 'ap_source' returned 0; elapsed 0.001Total elapsed time: 2.186 sec.
@I [HLS-100] Command "source F:/Progetti_Vivado_Tesi/Test_7_Tesi/HLS_COMMON/VIDEO_STREAM_MUX/solution1/.autopilot/db/mux_sd_ov.tbgen.tcl "
@I [HLS-100] Command 'ap_source' returned 0; elapsed 0.001Total elapsed time: 2.187 sec.
@I [HLS-100] Command "source F:/Progetti_Vivado_Tesi/Test_7_Tesi/HLS_COMMON/VIDEO_STREAM_MUX/solution1/.autopilot/db/global.setting.tcl "
@I [HLS-100] Command 'ap_source' returned 0; elapsed 0.001Total elapsed time: 2.241 sec.
@I [HLS-100] Command "source F:/Progetti_Vivado_Tesi/Test_7_Tesi/HLS_COMMON/VIDEO_STREAM_MUX/solution1/.autopilot/db/global.setting.tcl "
@I [HLS-100] Command 'ap_source' returned 0; elapsed 0.002Total elapsed time: 2.393 sec.
@I [HLS-100] Command "source F:/Progetti_Vivado_Tesi/Test_7_Tesi/HLS_COMMON/VIDEO_STREAM_MUX/solution1/.autopilot/db/global.setting.tcl "
@I [HLS-100] Command 'ap_source' returned 0; elapsed 0.002Total elapsed time: 2.424 sec.
@I [HLS-100] Command "source F:/Progetti_Vivado_Tesi/Test_7_Tesi/HLS_COMMON/VIDEO_STREAM_MUX/solution1/.autopilot/db/mux_sd_ov.rtl_wrap.cfg.tcl "
@I [HLS-100] Command 'ap_source' returned 0; elapsed 0.001Total elapsed time: 2.432 sec.
@I [HLS-100] Command "source F:/Progetti_Vivado_Tesi/Test_7_Tesi/HLS_COMMON/VIDEO_STREAM_MUX/solution1/.autopilot/db/mux_sd_ov.rtl_wrap.cfg.tcl "
@I [HLS-100] Command 'ap_source' returned 0; elapsed 0.001Total elapsed time: 2.435 sec.
@I [HLS-100] Command "source F:/Progetti_Vivado_Tesi/Test_7_Tesi/HLS_COMMON/VIDEO_STREAM_MUX/solution1/.autopilot/db/mux_sd_ov.tbgen.tcl "
@I [HLS-100] Command 'ap_source' returned 0; elapsed 0.002Total elapsed time: 2.438 sec.
@I [HLS-100] Command "source F:/Progetti_Vivado_Tesi/Test_7_Tesi/HLS_COMMON/VIDEO_STREAM_MUX/solution1/.autopilot/db/mux_sd_ov.tbgen.tcl "
@I [HLS-100] Command 'ap_source' returned 0; elapsed 0.001Total elapsed time: 2.440 sec.
@I [HLS-100] Command "source F:/Progetti_Vivado_Tesi/Test_7_Tesi/HLS_COMMON/VIDEO_STREAM_MUX/solution1/.autopilot/db/mux_sd_ov.rtl_wrap.cfg.tcl "
@I [HLS-100] Command 'ap_source' returned 0; elapsed 0.001Total elapsed time: 2.510 sec.
@I [HLS-100] Command "source F:/Progetti_Vivado_Tesi/Test_7_Tesi/HLS_COMMON/VIDEO_STREAM_MUX/solution1/.autopilot/db/mux_sd_ov.rtl_wrap.cfg.tcl "
@I [HLS-100] Command 'ap_source' returned 0; elapsed 0Total elapsed time: 2.511 sec.
@I [HLS-100] Command "source F:/Progetti_Vivado_Tesi/Test_7_Tesi/HLS_COMMON/VIDEO_STREAM_MUX/solution1/.autopilot/db/mux_sd_ov.tbgen.tcl "
@I [HLS-100] Command 'ap_source' returned 0; elapsed 0Total elapsed time: 2.512 sec.
@I [HLS-100] Command "source F:/Progetti_Vivado_Tesi/Test_7_Tesi/HLS_COMMON/VIDEO_STREAM_MUX/solution1/.autopilot/db/mux_sd_ov.tbgen.tcl "
@I [HLS-100] Command 'ap_source' returned 0; elapsed 0Total elapsed time: 2.513 sec.
@I [HLS-100] Command "source F:/Progetti_Vivado_Tesi/Test_7_Tesi/HLS_COMMON/VIDEO_STREAM_MUX/solution1/.autopilot/db/global.setting.tcl "
@I [HLS-100] Command 'ap_source' returned 0; elapsed 0Total elapsed time: 2.546 sec.
@I [HLS-100] Command "source F:/Progetti_Vivado_Tesi/Test_7_Tesi/HLS_COMMON/VIDEO_STREAM_MUX/solution1/.autopilot/db/mux_sd_ov.rtl_wrap.cfg.tcl "
@I [HLS-100] Command 'ap_source' returned 0; elapsed 0.001Total elapsed time: 2.550 sec.
@I [HLS-100] Command "source F:/Progetti_Vivado_Tesi/Test_7_Tesi/HLS_COMMON/VIDEO_STREAM_MUX/solution1/.autopilot/db/mux_sd_ov.rtl_wrap.cfg.tcl "
@I [HLS-100] Command 'ap_source' returned 0; elapsed 0.001Total elapsed time: 2.551 sec.
@I [HLS-100] Command "source F:/Progetti_Vivado_Tesi/Test_7_Tesi/HLS_COMMON/VIDEO_STREAM_MUX/solution1/.autopilot/db/mux_sd_ov.tbgen.tcl "
@I [HLS-100] Command 'ap_source' returned 0; elapsed 0.001Total elapsed time: 2.552 sec.
@I [HLS-100] Command "source F:/Progetti_Vivado_Tesi/Test_7_Tesi/HLS_COMMON/VIDEO_STREAM_MUX/solution1/.autopilot/db/mux_sd_ov.tbgen.tcl "
@I [HLS-100] Command 'ap_source' returned 0; elapsed 0.001Total elapsed time: 2.553 sec.
@I [HLS-100] Command "source F:/Progetti_Vivado_Tesi/Test_7_Tesi/HLS_COMMON/VIDEO_STREAM_MUX/solution1/.autopilot/db/global.setting.tcl "
@I [HLS-100] Command 'ap_source' returned 0; elapsed 0Total elapsed time: 2.592 sec.
@I [HLS-100] Command "source F:/Progetti_Vivado_Tesi/Test_7_Tesi/HLS_COMMON/VIDEO_STREAM_MUX/solution1/.autopilot/db/global.setting.tcl "
@I [HLS-100] Command 'ap_source' returned 0; elapsed 0.001Total elapsed time: 2.594 sec.
@I [HLS-100] Command "source F:/Progetti_Vivado_Tesi/Test_7_Tesi/HLS_COMMON/VIDEO_STREAM_MUX/solution1/.autopilot/db/mux_sd_ov.constraint.tcl "
@I [HLS-100] Command 'ap_source' returned 0; elapsed 0.052Total elapsed time: 2.668 sec.
@I [HLS-100] Command "source F:/Progetti_Vivado_Tesi/Test_7_Tesi/HLS_COMMON/VIDEO_STREAM_MUX/solution1/.autopilot/db/global.setting.tcl "
@I [HLS-100] Command 'ap_source' returned 0; elapsed 0.001Total elapsed time: 2.763 sec.
@I [HLS-100] Command "source F:/Progetti_Vivado_Tesi/Test_7_Tesi/HLS_COMMON/VIDEO_STREAM_MUX/solution1/.autopilot/db/global.setting.tcl "
@I [HLS-100] Command 'ap_source' returned 0; elapsed 0Total elapsed time: 2.797 sec.
@I [HLS-100] Command "source F:/Progetti_Vivado_Tesi/Test_7_Tesi/HLS_COMMON/VIDEO_STREAM_MUX/solution1/.autopilot/db/mux_sd_ov.constraint.tcl "
@I [HLS-100] Command 'ap_source' returned 0; elapsed 0.001Total elapsed time: 2.804 sec.
@I [HLS-100] Command "source F:/Progetti_Vivado_Tesi/Test_7_Tesi/HLS_COMMON/VIDEO_STREAM_MUX/solution1/.autopilot/db/mux_sd_ov.constraint.tcl "
@I [HLS-100] Command 'ap_source' returned 0; elapsed 0Total elapsed time: 2.806 sec.
@I [HLS-100] Command "source F:/Vivado_old/Vivado_HLS/2016.2/common/technology/generic/autopilot/common.gen "
@I [HLS-100] Command "source F:/Vivado_old/Vivado_HLS/2016.2/common/technology/generic/autopilot/APCoreGen.gen "
@I [HLS-100] Command 'ap_source' returned 0; elapsed 0.001Total elapsed time: 2.822 sec.
@I [HLS-100] Command 'ap_source' returned 0; elapsed 0.002Total elapsed time: 2.823 sec.
@I [HLS-100] Command "source F:/Vivado_old/Vivado_HLS/2016.2/common/technology/generic/autopilot/op.gen "
@I [HLS-100] Command 'ap_source' returned 0; elapsed 0Total elapsed time: 2.824 sec.
@I [HLS-100] Command "source F:/Vivado_old/Vivado_HLS/2016.2/common/technology/generic/autopilot/op_simcore.gen "
@I [HLS-100] Command 'ap_source' returned 0; elapsed 0.002Total elapsed time: 2.826 sec.
@I [HLS-100] Command "source F:/Vivado_old/Vivado_HLS/2016.2/common/technology/generic/autopilot/interface.gen "
@I [HLS-100] Command 'ap_source' returned 0; elapsed 0.001Total elapsed time: 2.827 sec.
@I [HLS-100] Command "source F:/Progetti_Vivado_Tesi/Test_7_Tesi/HLS_COMMON/VIDEO_STREAM_MUX/solution1/.autopilot/db/global.setting.tcl "
@I [HLS-100] Command 'ap_source' returned 0; elapsed 0.001Total elapsed time: 2.828 sec.
@I [HLS-100] Command "source F:/Vivado_old/Vivado_HLS/2016.2/common/technology/xilinx/zynq/zynq.gen "
@I [HLS-100] Command "source F:/Vivado_old/Vivado_HLS/2016.2/common/technology/xilinx/common/virtex.gen "
@I [HLS-100] Command "source F:/Vivado_old/Vivado_HLS/2016.2/common/technology/xilinx/common/xilinx.gen "
@I [HLS-100] Command "source F:/Vivado_old/Vivado_HLS/2016.2/common/technology/xilinx/interface/plb46.gen "
@I [HLS-100] Command 'ap_source' returned 0; elapsed 0.001Total elapsed time: 2.830 sec.
@I [HLS-100] Command "source F:/Vivado_old/Vivado_HLS/2016.2/common/technology/xilinx/interface/fsl.gen "
@I [HLS-100] Command 'ap_source' returned 0; elapsed 0Total elapsed time: 2.831 sec.
@I [HLS-100] Command "source F:/Vivado_old/Vivado_HLS/2016.2/common/technology/xilinx/interface/axi4.gen "
@I [HLS-100] Command 'ap_source' returned 0; elapsed 0.003Total elapsed time: 2.835 sec.
@I [HLS-100] Command "source F:/Vivado_old/Vivado_HLS/2016.2/common/technology/xilinx/interface/nativeAXI4.gen "
@I [HLS-100] Command "source F:/Vivado_old/Vivado_HLS/2016.2/common/technology/xilinx/interface/saxilite.gen "
@I [HLS-100] Command 'ap_source' returned 0; elapsed 0.005Total elapsed time: 2.840 sec.
@I [HLS-100] Command "source F:/Vivado_old/Vivado_HLS/2016.2/common/technology/xilinx/interface/maxi.gen "
@I [HLS-100] Command 'ap_source' returned 0; elapsed 0.011Total elapsed time: 2.851 sec.
@I [HLS-100] Command 'ap_source' returned 0; elapsed 0.016Total elapsed time: 2.851 sec.
@I [HLS-100] Command "source F:/Vivado_old/Vivado_HLS/2016.2/common/technology/xilinx/scripts/xilinxcoregen.gen "
@I [HLS-100] Command 'ap_source' returned 0; elapsed 0.013Total elapsed time: 2.864 sec.
@I [HLS-100] Command "source F:/Vivado_old/Vivado_HLS/2016.2/common/technology/xilinx/interface/XilEDKCoreGen.gen "
@I [HLS-100] Command 'ap_source' returned 0; elapsed 0.012Total elapsed time: 2.876 sec.
@I [HLS-100] Command "source F:/Vivado_old/Vivado_HLS/2016.2/common/technology/xilinx/ip/dds_compiler.gen "
@I [HLS-100] Command 'ap_source' returned 0; elapsed 0.004Total elapsed time: 2.881 sec.
@I [HLS-100] Command "source F:/Vivado_old/Vivado_HLS/2016.2/common/technology/xilinx/ip/util.gen "
@I [HLS-100] Command 'ap_source' returned 0; elapsed 0Total elapsed time: 2.882 sec.
@I [HLS-100] Command "source F:/Vivado_old/Vivado_HLS/2016.2/common/technology/xilinx/ip/xfft.gen "
@I [HLS-100] Command 'ap_source' returned 0; elapsed 0.124Total elapsed time: 3.6 sec.
@I [HLS-100] Command "source F:/Vivado_old/Vivado_HLS/2016.2/common/technology/xilinx/ip/xfir.gen "
@I [HLS-100] Command 'ap_source' returned 0; elapsed 0.002Total elapsed time: 3.8 sec.
@I [HLS-100] Command 'ap_source' returned 0; elapsed 0.179Total elapsed time: 3.8 sec.
@I [HLS-100] Command "source F:/Vivado_old/Vivado_HLS/2016.2/common/technology/xilinx/common/dsp48.gen "
@I [HLS-100] Command 'ap_source' returned 0; elapsed 0Total elapsed time: 3.10 sec.
@I [HLS-100] Command 'ap_source' returned 0; elapsed 0.182Total elapsed time: 3.10 sec.
@I [HLS-100] Command 'ap_source' returned 0; elapsed 0.183Total elapsed time: 3.11 sec.
@I [HLS-100] Command "source F:/Vivado_old/Vivado_HLS/2016.2/common/technology/xilinx/zynq/zynq_fpv6.gen "
@I [HLS-100] Command "source F:/Vivado_old/Vivado_HLS/2016.2/common/technology/xilinx/common/xilinx_fpv6.gen "
@I [HLS-100] Command 'ap_source' returned 0; elapsed 0.002Total elapsed time: 3.13 sec.
@I [HLS-100] Command 'ap_source' returned 0; elapsed 0.003Total elapsed time: 3.14 sec.
@I [HLS-100] Command "source F:/Progetti_Vivado_Tesi/Test_7_Tesi/HLS_COMMON/VIDEO_STREAM_MUX/solution1/.autopilot/db/global.setting.tcl "
@I [HLS-100] Command 'ap_source' returned 0; elapsed 0Total elapsed time: 45.310 sec.
@I [HLS-100] Command "source F:/Vivado_old/Vivado_HLS/2016.2/common/technology/generic/autopilot/common.gen "
@I [HLS-100] Command "source F:/Vivado_old/Vivado_HLS/2016.2/common/technology/generic/autopilot/APCoreGen.gen "
@I [HLS-100] Command 'ap_source' returned 0; elapsed 0.001Total elapsed time: 45.316 sec.
@I [HLS-100] Command 'ap_source' returned 0; elapsed 0.002Total elapsed time: 45.317 sec.
@I [HLS-100] Command "source F:/Vivado_old/Vivado_HLS/2016.2/common/technology/generic/autopilot/op.gen "
@I [HLS-100] Command 'ap_source' returned 0; elapsed 0.001Total elapsed time: 45.318 sec.
@I [HLS-100] Command "source F:/Vivado_old/Vivado_HLS/2016.2/common/technology/generic/autopilot/op_simcore.gen "
@I [HLS-100] Command 'ap_source' returned 0; elapsed 0.002Total elapsed time: 45.320 sec.
@I [HLS-100] Command "source F:/Vivado_old/Vivado_HLS/2016.2/common/technology/generic/autopilot/interface.gen "
@I [HLS-100] Command 'ap_source' returned 0; elapsed 0Total elapsed time: 45.320 sec.
@I [HLS-100] Command "source F:/Progetti_Vivado_Tesi/Test_7_Tesi/HLS_COMMON/VIDEO_STREAM_MUX/solution1/.autopilot/db/global.setting.tcl "
@I [HLS-100] Command 'ap_source' returned 0; elapsed 0Total elapsed time: 45.321 sec.
@I [HLS-100] Command "source F:/Vivado_old/Vivado_HLS/2016.2/common/technology/xilinx/zynq/zynq.gen "
@I [HLS-100] Command "source F:/Vivado_old/Vivado_HLS/2016.2/common/technology/xilinx/common/virtex.gen "
@I [HLS-100] Command "source F:/Vivado_old/Vivado_HLS/2016.2/common/technology/xilinx/common/xilinx.gen "
@I [HLS-100] Command "source F:/Vivado_old/Vivado_HLS/2016.2/common/technology/xilinx/interface/plb46.gen "
@I [HLS-100] Command 'ap_source' returned 0; elapsed 0.001Total elapsed time: 45.325 sec.
@I [HLS-100] Command "source F:/Vivado_old/Vivado_HLS/2016.2/common/technology/xilinx/interface/fsl.gen "
@I [HLS-100] Command 'ap_source' returned 0; elapsed 0.001Total elapsed time: 45.326 sec.
@I [HLS-100] Command "source F:/Vivado_old/Vivado_HLS/2016.2/common/technology/xilinx/interface/axi4.gen "
@I [HLS-100] Command 'ap_source' returned 0; elapsed 0.002Total elapsed time: 45.329 sec.
@I [HLS-100] Command "source F:/Vivado_old/Vivado_HLS/2016.2/common/technology/xilinx/interface/nativeAXI4.gen "
@I [HLS-100] Command "source F:/Vivado_old/Vivado_HLS/2016.2/common/technology/xilinx/interface/saxilite.gen "
@I [HLS-100] Command 'ap_source' returned 0; elapsed 0.005Total elapsed time: 45.334 sec.
@I [HLS-100] Command "source F:/Vivado_old/Vivado_HLS/2016.2/common/technology/xilinx/interface/maxi.gen "
@I [HLS-100] Command 'ap_source' returned 0; elapsed 0.01Total elapsed time: 45.344 sec.
@I [HLS-100] Command 'ap_source' returned 0; elapsed 0.016Total elapsed time: 45.345 sec.
@I [HLS-100] Command "source F:/Vivado_old/Vivado_HLS/2016.2/common/technology/xilinx/scripts/xilinxcoregen.gen "
@I [HLS-100] Command 'ap_source' returned 0; elapsed 0.012Total elapsed time: 45.357 sec.
@I [HLS-100] Command "source F:/Vivado_old/Vivado_HLS/2016.2/common/technology/xilinx/interface/XilEDKCoreGen.gen "
@I [HLS-100] Command 'ap_source' returned 0; elapsed 0.01Total elapsed time: 45.368 sec.
@I [HLS-100] Command "source F:/Vivado_old/Vivado_HLS/2016.2/common/technology/xilinx/ip/dds_compiler.gen "
@I [HLS-100] Command 'ap_source' returned 0; elapsed 0.004Total elapsed time: 45.373 sec.
@I [HLS-100] Command "source F:/Vivado_old/Vivado_HLS/2016.2/common/technology/xilinx/ip/util.gen "
@I [HLS-100] Command 'ap_source' returned 0; elapsed 0Total elapsed time: 45.373 sec.
@I [HLS-100] Command "source F:/Vivado_old/Vivado_HLS/2016.2/common/technology/xilinx/ip/xfft.gen "
@I [HLS-100] Command 'ap_source' returned 0; elapsed 0.118Total elapsed time: 45.492 sec.
@I [HLS-100] Command "source F:/Vivado_old/Vivado_HLS/2016.2/common/technology/xilinx/ip/xfir.gen "
@I [HLS-100] Command 'ap_source' returned 0; elapsed 0.001Total elapsed time: 45.493 sec.
@I [HLS-100] Command 'ap_source' returned 0; elapsed 0.17Total elapsed time: 45.494 sec.
@I [HLS-100] Command "source F:/Vivado_old/Vivado_HLS/2016.2/common/technology/xilinx/common/dsp48.gen "
@I [HLS-100] Command 'ap_source' returned 0; elapsed 0Total elapsed time: 45.496 sec.
@I [HLS-100] Command 'ap_source' returned 0; elapsed 0.175Total elapsed time: 45.496 sec.
@I [HLS-100] Command 'ap_source' returned 0; elapsed 0.175Total elapsed time: 45.497 sec.
@I [HLS-100] Command "source F:/Vivado_old/Vivado_HLS/2016.2/common/technology/xilinx/zynq/zynq_fpv6.gen "
@I [HLS-100] Command "source F:/Vivado_old/Vivado_HLS/2016.2/common/technology/xilinx/common/xilinx_fpv6.gen "
@I [HLS-100] Command 'ap_source' returned 0; elapsed 0.002Total elapsed time: 45.499 sec.
@I [HLS-100] Command 'ap_source' returned 0; elapsed 0.002Total elapsed time: 45.500 sec.
@I [HLS-100] Command "source F:/Progetti_Vivado_Tesi/Test_7_Tesi/HLS_COMMON/VIDEO_STREAM_MUX/solution1/.autopilot/db/global.setting.tcl "
@I [HLS-100] Command 'ap_source' returned 0; elapsed 0.002Total elapsed time: 45.557 sec.
@I [HLS-100] Command "source F:/Progetti_Vivado_Tesi/Test_7_Tesi/HLS_COMMON/VIDEO_STREAM_MUX/solution1/.autopilot/db/global.setting.tcl "
@I [HLS-100] Command 'ap_source' returned 0; elapsed 0.001Total elapsed time: 45.562 sec.
@I [HLS-100] Command "source F:/Progetti_Vivado_Tesi/Test_7_Tesi/HLS_COMMON/VIDEO_STREAM_MUX/solution1/.autopilot/db/global.setting.tcl "
@I [HLS-100] Command 'ap_source' returned 0; elapsed 0.002Total elapsed time: 45.583 sec.
@I [HLS-100] Command "source F:/Vivado_old/Vivado_HLS/2016.2/common/technology/generic/autopilot/common.gen "
@I [HLS-100] Command "source F:/Vivado_old/Vivado_HLS/2016.2/common/technology/generic/autopilot/APCoreGen.gen "
@I [HLS-100] Command 'ap_source' returned 0; elapsed 0.002Total elapsed time: 45.589 sec.
@I [HLS-100] Command 'ap_source' returned 0; elapsed 0.005Total elapsed time: 45.591 sec.
@I [HLS-100] Command "source F:/Vivado_old/Vivado_HLS/2016.2/common/technology/generic/autopilot/op.gen "
@I [HLS-100] Command 'ap_source' returned 0; elapsed 0.002Total elapsed time: 45.593 sec.
@I [HLS-100] Command "source F:/Vivado_old/Vivado_HLS/2016.2/common/technology/generic/autopilot/op_simcore.gen "
@I [HLS-100] Command 'ap_source' returned 0; elapsed 0.003Total elapsed time: 45.598 sec.
@I [HLS-100] Command "source F:/Vivado_old/Vivado_HLS/2016.2/common/technology/generic/autopilot/interface.gen "
@I [HLS-100] Command 'ap_source' returned 0; elapsed 0.001Total elapsed time: 45.599 sec.
@I [HLS-100] Command "source F:/Progetti_Vivado_Tesi/Test_7_Tesi/HLS_COMMON/VIDEO_STREAM_MUX/solution1/.autopilot/db/global.setting.tcl "
@I [HLS-100] Command 'ap_source' returned 0; elapsed 0.024Total elapsed time: 45.625 sec.
@I [HLS-100] Command "source F:/Vivado_old/Vivado_HLS/2016.2/common/technology/xilinx/zynq/zynq.gen "
@I [HLS-100] Command "source F:/Vivado_old/Vivado_HLS/2016.2/common/technology/xilinx/common/virtex.gen "
@I [HLS-100] Command "source F:/Vivado_old/Vivado_HLS/2016.2/common/technology/xilinx/common/xilinx.gen "
@I [HLS-100] Command "source F:/Vivado_old/Vivado_HLS/2016.2/common/technology/xilinx/interface/plb46.gen "
@I [HLS-100] Command 'ap_source' returned 0; elapsed 0.004Total elapsed time: 45.632 sec.
@I [HLS-100] Command "source F:/Vivado_old/Vivado_HLS/2016.2/common/technology/xilinx/interface/fsl.gen "
@I [HLS-100] Command 'ap_source' returned 0; elapsed 0.001Total elapsed time: 45.635 sec.
@I [HLS-100] Command "source F:/Vivado_old/Vivado_HLS/2016.2/common/technology/xilinx/interface/axi4.gen "
@I [HLS-100] Command 'ap_source' returned 0; elapsed 0.007Total elapsed time: 45.642 sec.
@I [HLS-100] Command "source F:/Vivado_old/Vivado_HLS/2016.2/common/technology/xilinx/interface/nativeAXI4.gen "
@I [HLS-100] Command "source F:/Vivado_old/Vivado_HLS/2016.2/common/technology/xilinx/interface/saxilite.gen "
@I [HLS-100] Command 'ap_source' returned 0; elapsed 0.012Total elapsed time: 45.656 sec.
@I [HLS-100] Command "source F:/Vivado_old/Vivado_HLS/2016.2/common/technology/xilinx/interface/maxi.gen "
@I [HLS-100] Command 'ap_source' returned 0; elapsed 0.021Total elapsed time: 45.677 sec.
@I [HLS-100] Command 'ap_source' returned 0; elapsed 0.034Total elapsed time: 45.678 sec.
@I [HLS-100] Command "source F:/Vivado_old/Vivado_HLS/2016.2/common/technology/xilinx/scripts/xilinxcoregen.gen "
@I [HLS-100] Command 'ap_source' returned 0; elapsed 0.012Total elapsed time: 45.690 sec.
@I [HLS-100] Command "source F:/Vivado_old/Vivado_HLS/2016.2/common/technology/xilinx/interface/XilEDKCoreGen.gen "
@I [HLS-100] Command 'ap_source' returned 0; elapsed 0.01Total elapsed time: 45.701 sec.
@I [HLS-100] Command "source F:/Vivado_old/Vivado_HLS/2016.2/common/technology/xilinx/ip/dds_compiler.gen "
@I [HLS-100] Command 'ap_source' returned 0; elapsed 0.004Total elapsed time: 45.706 sec.
@I [HLS-100] Command "source F:/Vivado_old/Vivado_HLS/2016.2/common/technology/xilinx/ip/util.gen "
@I [HLS-100] Command 'ap_source' returned 0; elapsed 0Total elapsed time: 45.706 sec.
@I [HLS-100] Command "source F:/Vivado_old/Vivado_HLS/2016.2/common/technology/xilinx/ip/xfft.gen "
@I [HLS-100] Command 'ap_source' returned 0; elapsed 0.117Total elapsed time: 45.824 sec.
@I [HLS-100] Command "source F:/Vivado_old/Vivado_HLS/2016.2/common/technology/xilinx/ip/xfir.gen "
@I [HLS-100] Command 'ap_source' returned 0; elapsed 0.001Total elapsed time: 45.826 sec.
@I [HLS-100] Command 'ap_source' returned 0; elapsed 0.198Total elapsed time: 45.826 sec.
@I [HLS-100] Command "source F:/Vivado_old/Vivado_HLS/2016.2/common/technology/xilinx/common/dsp48.gen "
@I [HLS-100] Command 'ap_source' returned 0; elapsed 0Total elapsed time: 45.828 sec.
@I [HLS-100] Command 'ap_source' returned 0; elapsed 0.202Total elapsed time: 45.829 sec.
@I [HLS-100] Command 'ap_source' returned 0; elapsed 0.203Total elapsed time: 45.829 sec.
@I [HLS-100] Command "source F:/Vivado_old/Vivado_HLS/2016.2/common/technology/xilinx/zynq/zynq_fpv6.gen "
@I [HLS-100] Command "source F:/Vivado_old/Vivado_HLS/2016.2/common/technology/xilinx/common/xilinx_fpv6.gen "
@I [HLS-100] Command 'ap_source' returned 0; elapsed 0.002Total elapsed time: 45.831 sec.
@I [HLS-100] Command 'ap_source' returned 0; elapsed 0.002Total elapsed time: 45.832 sec.
@I [HLS-100] Command "source F:/Progetti_Vivado_Tesi/Test_7_Tesi/HLS_COMMON/VIDEO_STREAM_MUX/solution1/.autopilot/db/global.setting.tcl "
@I [HLS-100] Command 'ap_source' returned 0; elapsed 0.035Total elapsed time: 45.868 sec.
@I [HLS-100] Command "source F:/Progetti_Vivado_Tesi/Test_7_Tesi/HLS_COMMON/VIDEO_STREAM_MUX/solution1/.autopilot/db/global.setting.tcl "
@I [HLS-100] Command 'ap_source' returned 0; elapsed 0Total elapsed time: 45.870 sec.
@I [HLS-100] Command "source F:/Progetti_Vivado_Tesi/Test_7_Tesi/HLS_COMMON/VIDEO_STREAM_MUX/solution1/.autopilot/db/mux_sd_ov.compgen.tcl "
@I [HLS-100] Command 'ap_source' returned 0; elapsed 0.001Total elapsed time: 45.871 sec.
@I [HLS-100] Command "source F:/Progetti_Vivado_Tesi/Test_7_Tesi/HLS_COMMON/VIDEO_STREAM_MUX/solution1/.autopilot/db/global.setting.tcl "
@I [HLS-100] Command 'ap_source' returned 0; elapsed 0Total elapsed time: 45.939 sec.
@I [HLS-100] Command "source F:/Progetti_Vivado_Tesi/Test_7_Tesi/HLS_COMMON/VIDEO_STREAM_MUX/solution1/.autopilot/db/mux_sd_ov.constraint.tcl "
@I [HLS-100] Command 'ap_source' returned 0; elapsed 0.001Total elapsed time: 45.945 sec.
@I [HLS-100] Command "source F:/Vivado_old/Vivado_HLS/2016.2/common/technology/generic/autopilot/common.gen "
@I [HLS-100] Command "source F:/Vivado_old/Vivado_HLS/2016.2/common/technology/generic/autopilot/APCoreGen.gen "
@I [HLS-100] Command 'ap_source' returned 0; elapsed 0.001Total elapsed time: 45.954 sec.
@I [HLS-100] Command 'ap_source' returned 0; elapsed 0.003Total elapsed time: 45.955 sec.
@I [HLS-100] Command "source F:/Vivado_old/Vivado_HLS/2016.2/common/technology/generic/autopilot/op.gen "
@I [HLS-100] Command 'ap_source' returned 0; elapsed 0.001Total elapsed time: 45.956 sec.
@I [HLS-100] Command "source F:/Vivado_old/Vivado_HLS/2016.2/common/technology/generic/autopilot/op_simcore.gen "
@I [HLS-100] Command 'ap_source' returned 0; elapsed 0.002Total elapsed time: 45.958 sec.
@I [HLS-100] Command "source F:/Vivado_old/Vivado_HLS/2016.2/common/technology/generic/autopilot/interface.gen "
@I [HLS-100] Command 'ap_source' returned 0; elapsed 0Total elapsed time: 45.959 sec.
@I [HLS-100] Command "source F:/Progetti_Vivado_Tesi/Test_7_Tesi/HLS_COMMON/VIDEO_STREAM_MUX/solution1/.autopilot/db/global.setting.tcl "
@I [HLS-100] Command 'ap_source' returned 0; elapsed 0Total elapsed time: 45.960 sec.
@I [HLS-100] Command "source F:/Vivado_old/Vivado_HLS/2016.2/common/technology/xilinx/zynq/zynq.gen "
@I [HLS-100] Command "source F:/Vivado_old/Vivado_HLS/2016.2/common/technology/xilinx/common/virtex.gen "
@I [HLS-100] Command "source F:/Vivado_old/Vivado_HLS/2016.2/common/technology/xilinx/common/xilinx.gen "
@I [HLS-100] Command "source F:/Vivado_old/Vivado_HLS/2016.2/common/technology/xilinx/interface/plb46.gen "
@I [HLS-100] Command 'ap_source' returned 0; elapsed 0.001Total elapsed time: 45.963 sec.
@I [HLS-100] Command "source F:/Vivado_old/Vivado_HLS/2016.2/common/technology/xilinx/interface/fsl.gen "
@I [HLS-100] Command 'ap_source' returned 0; elapsed 0Total elapsed time: 45.964 sec.
@I [HLS-100] Command "source F:/Vivado_old/Vivado_HLS/2016.2/common/technology/xilinx/interface/axi4.gen "
@I [HLS-100] Command 'ap_source' returned 0; elapsed 0.002Total elapsed time: 45.967 sec.
@I [HLS-100] Command "source F:/Vivado_old/Vivado_HLS/2016.2/common/technology/xilinx/interface/nativeAXI4.gen "
@I [HLS-100] Command "source F:/Vivado_old/Vivado_HLS/2016.2/common/technology/xilinx/interface/saxilite.gen "
@I [HLS-100] Command 'ap_source' returned 0; elapsed 0.004Total elapsed time: 45.972 sec.
@I [HLS-100] Command "source F:/Vivado_old/Vivado_HLS/2016.2/common/technology/xilinx/interface/maxi.gen "
@I [HLS-100] Command 'ap_source' returned 0; elapsed 0.01Total elapsed time: 45.982 sec.
@I [HLS-100] Command 'ap_source' returned 0; elapsed 0.015Total elapsed time: 45.983 sec.
@I [HLS-100] Command "source F:/Vivado_old/Vivado_HLS/2016.2/common/technology/xilinx/scripts/xilinxcoregen.gen "
@I [HLS-100] Command 'ap_source' returned 0; elapsed 0.012Total elapsed time: 45.996 sec.
@I [HLS-100] Command "source F:/Vivado_old/Vivado_HLS/2016.2/common/technology/xilinx/interface/XilEDKCoreGen.gen "
@I [HLS-100] Command 'ap_source' returned 0; elapsed 0.01Total elapsed time: 46.7 sec.
@I [HLS-100] Command "source F:/Vivado_old/Vivado_HLS/2016.2/common/technology/xilinx/ip/dds_compiler.gen "
@I [HLS-100] Command 'ap_source' returned 0; elapsed 0.004Total elapsed time: 46.12 sec.
@I [HLS-100] Command "source F:/Vivado_old/Vivado_HLS/2016.2/common/technology/xilinx/ip/util.gen "
@I [HLS-100] Command 'ap_source' returned 0; elapsed 0Total elapsed time: 46.12 sec.
@I [HLS-100] Command "source F:/Vivado_old/Vivado_HLS/2016.2/common/technology/xilinx/ip/xfft.gen "
@I [HLS-100] Command 'ap_source' returned 0; elapsed 0.117Total elapsed time: 46.130 sec.
@I [HLS-100] Command "source F:/Vivado_old/Vivado_HLS/2016.2/common/technology/xilinx/ip/xfir.gen "
@I [HLS-100] Command 'ap_source' returned 0; elapsed 0.001Total elapsed time: 46.132 sec.
@I [HLS-100] Command 'ap_source' returned 0; elapsed 0.17Total elapsed time: 46.132 sec.
@I [HLS-100] Command "source F:/Vivado_old/Vivado_HLS/2016.2/common/technology/xilinx/common/dsp48.gen "
@I [HLS-100] Command 'ap_source' returned 0; elapsed 0Total elapsed time: 46.134 sec.
@I [HLS-100] Command 'ap_source' returned 0; elapsed 0.174Total elapsed time: 46.134 sec.
@I [HLS-100] Command 'ap_source' returned 0; elapsed 0.174Total elapsed time: 46.135 sec.
@I [HLS-100] Command "source F:/Vivado_old/Vivado_HLS/2016.2/common/technology/xilinx/zynq/zynq_fpv6.gen "
@I [HLS-100] Command "source F:/Vivado_old/Vivado_HLS/2016.2/common/technology/xilinx/common/xilinx_fpv6.gen "
@I [HLS-100] Command 'ap_source' returned 0; elapsed 0.002Total elapsed time: 46.137 sec.
@I [HLS-100] Command 'ap_source' returned 0; elapsed 0.002Total elapsed time: 46.138 sec.
@I [HLS-100] Command "source F:/Progetti_Vivado_Tesi/Test_7_Tesi/HLS_COMMON/VIDEO_STREAM_MUX/solution1/.autopilot/db/global.setting.tcl "
@I [HLS-100] Command 'ap_source' returned 0; elapsed 0.001Total elapsed time: 46.215 sec.
@I [HLS-100] Command "source F:/Progetti_Vivado_Tesi/Test_7_Tesi/HLS_COMMON/VIDEO_STREAM_MUX/solution1/.autopilot/db/global.setting.tcl "
@I [HLS-100] Command 'ap_source' returned 0; elapsed 0.001Total elapsed time: 53.11 sec.
@I [HLS-100] Command "source F:/Vivado_old/Vivado_HLS/2016.2/common/technology/generic/autopilot/common.gen "
@I [HLS-100] Command "source F:/Vivado_old/Vivado_HLS/2016.2/common/technology/generic/autopilot/APCoreGen.gen "
@I [HLS-100] Command 'ap_source' returned 0; elapsed 0.001Total elapsed time: 53.17 sec.
@I [HLS-100] Command 'ap_source' returned 0; elapsed 0.002Total elapsed time: 53.17 sec.
@I [HLS-100] Command "source F:/Vivado_old/Vivado_HLS/2016.2/common/technology/generic/autopilot/op.gen "
@I [HLS-100] Command 'ap_source' returned 0; elapsed 0.001Total elapsed time: 53.18 sec.
@I [HLS-100] Command "source F:/Vivado_old/Vivado_HLS/2016.2/common/technology/generic/autopilot/op_simcore.gen "
@I [HLS-100] Command 'ap_source' returned 0; elapsed 0.002Total elapsed time: 53.20 sec.
@I [HLS-100] Command "source F:/Vivado_old/Vivado_HLS/2016.2/common/technology/generic/autopilot/interface.gen "
@I [HLS-100] Command 'ap_source' returned 0; elapsed 0Total elapsed time: 53.21 sec.
@I [HLS-100] Command "source F:/Progetti_Vivado_Tesi/Test_7_Tesi/HLS_COMMON/VIDEO_STREAM_MUX/solution1/.autopilot/db/global.setting.tcl "
@I [HLS-100] Command 'ap_source' returned 0; elapsed 0Total elapsed time: 53.22 sec.
@I [HLS-100] Command "source F:/Vivado_old/Vivado_HLS/2016.2/common/technology/xilinx/zynq/zynq.gen "
@I [HLS-100] Command "source F:/Vivado_old/Vivado_HLS/2016.2/common/technology/xilinx/common/virtex.gen "
@I [HLS-100] Command "source F:/Vivado_old/Vivado_HLS/2016.2/common/technology/xilinx/common/xilinx.gen "
@I [HLS-100] Command "source F:/Vivado_old/Vivado_HLS/2016.2/common/technology/xilinx/interface/plb46.gen "
@I [HLS-100] Command 'ap_source' returned 0; elapsed 0.001Total elapsed time: 53.25 sec.
@I [HLS-100] Command "source F:/Vivado_old/Vivado_HLS/2016.2/common/technology/xilinx/interface/fsl.gen "
@I [HLS-100] Command 'ap_source' returned 0; elapsed 0Total elapsed time: 53.26 sec.
@I [HLS-100] Command "source F:/Vivado_old/Vivado_HLS/2016.2/common/technology/xilinx/interface/axi4.gen "
@I [HLS-100] Command 'ap_source' returned 0; elapsed 0.002Total elapsed time: 53.29 sec.
@I [HLS-100] Command "source F:/Vivado_old/Vivado_HLS/2016.2/common/technology/xilinx/interface/nativeAXI4.gen "
@I [HLS-100] Command "source F:/Vivado_old/Vivado_HLS/2016.2/common/technology/xilinx/interface/saxilite.gen "
@I [HLS-100] Command 'ap_source' returned 0; elapsed 0.005Total elapsed time: 53.34 sec.
@I [HLS-100] Command "source F:/Vivado_old/Vivado_HLS/2016.2/common/technology/xilinx/interface/maxi.gen "
@I [HLS-100] Command 'ap_source' returned 0; elapsed 0.011Total elapsed time: 53.45 sec.
@I [HLS-100] Command 'ap_source' returned 0; elapsed 0.016Total elapsed time: 53.46 sec.
@I [HLS-100] Command "source F:/Vivado_old/Vivado_HLS/2016.2/common/technology/xilinx/scripts/xilinxcoregen.gen "
@I [HLS-100] Command 'ap_source' returned 0; elapsed 0.013Total elapsed time: 53.60 sec.
@I [HLS-100] Command "source F:/Vivado_old/Vivado_HLS/2016.2/common/technology/xilinx/interface/XilEDKCoreGen.gen "
@I [HLS-100] Command 'ap_source' returned 0; elapsed 0.01Total elapsed time: 53.71 sec.
@I [HLS-100] Command "source F:/Vivado_old/Vivado_HLS/2016.2/common/technology/xilinx/ip/dds_compiler.gen "
@I [HLS-100] Command 'ap_source' returned 0; elapsed 0.004Total elapsed time: 53.76 sec.
@I [HLS-100] Command "source F:/Vivado_old/Vivado_HLS/2016.2/common/technology/xilinx/ip/util.gen "
@I [HLS-100] Command 'ap_source' returned 0; elapsed 0Total elapsed time: 53.76 sec.
@I [HLS-100] Command "source F:/Vivado_old/Vivado_HLS/2016.2/common/technology/xilinx/ip/xfft.gen "
@I [HLS-100] Command 'ap_source' returned 0; elapsed 0.125Total elapsed time: 53.201 sec.
@I [HLS-100] Command "source F:/Vivado_old/Vivado_HLS/2016.2/common/technology/xilinx/ip/xfir.gen "
@I [HLS-100] Command 'ap_source' returned 0; elapsed 0.001Total elapsed time: 53.203 sec.
@I [HLS-100] Command 'ap_source' returned 0; elapsed 0.18Total elapsed time: 53.203 sec.
@I [HLS-100] Command "source F:/Vivado_old/Vivado_HLS/2016.2/common/technology/xilinx/common/dsp48.gen "
@I [HLS-100] Command 'ap_source' returned 0; elapsed 0.001Total elapsed time: 53.205 sec.
@I [HLS-100] Command 'ap_source' returned 0; elapsed 0.183Total elapsed time: 53.206 sec.
@I [HLS-100] Command 'ap_source' returned 0; elapsed 0.184Total elapsed time: 53.206 sec.
@I [HLS-100] Command "source F:/Vivado_old/Vivado_HLS/2016.2/common/technology/xilinx/zynq/zynq_fpv6.gen "
@I [HLS-100] Command "source F:/Vivado_old/Vivado_HLS/2016.2/common/technology/xilinx/common/xilinx_fpv6.gen "
@I [HLS-100] Command 'ap_source' returned 0; elapsed 0.002Total elapsed time: 53.209 sec.
@I [HLS-100] Command 'ap_source' returned 0; elapsed 0.002Total elapsed time: 53.209 sec.
@I [HLS-100] Command "source F:/Progetti_Vivado_Tesi/Test_7_Tesi/HLS_COMMON/VIDEO_STREAM_MUX/solution1/.autopilot/db/global.setting.tcl "
@I [HLS-100] Command 'ap_source' returned 0; elapsed 0.002Total elapsed time: 53.273 sec.
@I [HLS-100] Command "source F:/Progetti_Vivado_Tesi/Test_7_Tesi/HLS_COMMON/VIDEO_STREAM_MUX/solution1/.autopilot/db/global.setting.tcl "
@I [HLS-100] Command 'ap_source' returned 0; elapsed 0.001Total elapsed time: 53.278 sec.
@I [HLS-100] Command "source F:/Progetti_Vivado_Tesi/Test_7_Tesi/HLS_COMMON/VIDEO_STREAM_MUX/solution1/.autopilot/db/global.setting.tcl "
@I [HLS-100] Command 'ap_source' returned 0; elapsed 0.002Total elapsed time: 53.290 sec.
@I [HLS-100] Command "source F:/Vivado_old/Vivado_HLS/2016.2/common/technology/generic/autopilot/common.gen "
@I [HLS-100] Command "source F:/Vivado_old/Vivado_HLS/2016.2/common/technology/generic/autopilot/APCoreGen.gen "
@I [HLS-100] Command 'ap_source' returned 0; elapsed 0.001Total elapsed time: 53.295 sec.
@I [HLS-100] Command 'ap_source' returned 0; elapsed 0.004Total elapsed time: 53.296 sec.
@I [HLS-100] Command "source F:/Vivado_old/Vivado_HLS/2016.2/common/technology/generic/autopilot/op.gen "
@I [HLS-100] Command 'ap_source' returned 0; elapsed 0.001Total elapsed time: 53.298 sec.
@I [HLS-100] Command "source F:/Vivado_old/Vivado_HLS/2016.2/common/technology/generic/autopilot/op_simcore.gen "
@I [HLS-100] Command 'ap_source' returned 0; elapsed 0.002Total elapsed time: 53.301 sec.
@I [HLS-100] Command "source F:/Vivado_old/Vivado_HLS/2016.2/common/technology/generic/autopilot/interface.gen "
@I [HLS-100] Command 'ap_source' returned 0; elapsed 0Total elapsed time: 53.302 sec.
@I [HLS-100] Command "source F:/Progetti_Vivado_Tesi/Test_7_Tesi/HLS_COMMON/VIDEO_STREAM_MUX/solution1/.autopilot/db/global.setting.tcl "
@I [HLS-100] Command 'ap_source' returned 0; elapsed 0.026Total elapsed time: 53.329 sec.
@I [HLS-100] Command "source F:/Vivado_old/Vivado_HLS/2016.2/common/technology/xilinx/zynq/zynq.gen "
@I [HLS-100] Command "source F:/Vivado_old/Vivado_HLS/2016.2/common/technology/xilinx/common/virtex.gen "
@I [HLS-100] Command "source F:/Vivado_old/Vivado_HLS/2016.2/common/technology/xilinx/common/xilinx.gen "
@I [HLS-100] Command "source F:/Vivado_old/Vivado_HLS/2016.2/common/technology/xilinx/interface/plb46.gen "
@I [HLS-100] Command 'ap_source' returned 0; elapsed 0.003Total elapsed time: 53.337 sec.
@I [HLS-100] Command "source F:/Vivado_old/Vivado_HLS/2016.2/common/technology/xilinx/interface/fsl.gen "
@I [HLS-100] Command 'ap_source' returned 0; elapsed 0.002Total elapsed time: 53.339 sec.
@I [HLS-100] Command "source F:/Vivado_old/Vivado_HLS/2016.2/common/technology/xilinx/interface/axi4.gen "
@I [HLS-100] Command 'ap_source' returned 0; elapsed 0.007Total elapsed time: 53.347 sec.
@I [HLS-100] Command "source F:/Vivado_old/Vivado_HLS/2016.2/common/technology/xilinx/interface/nativeAXI4.gen "
@I [HLS-100] Command "source F:/Vivado_old/Vivado_HLS/2016.2/common/technology/xilinx/interface/saxilite.gen "
@I [HLS-100] Command 'ap_source' returned 0; elapsed 0.009Total elapsed time: 53.357 sec.
@I [HLS-100] Command "source F:/Vivado_old/Vivado_HLS/2016.2/common/technology/xilinx/interface/maxi.gen "
@I [HLS-100] Command 'ap_source' returned 0; elapsed 0.013Total elapsed time: 53.371 sec.
@I [HLS-100] Command 'ap_source' returned 0; elapsed 0.023Total elapsed time: 53.371 sec.
@I [HLS-100] Command "source F:/Vivado_old/Vivado_HLS/2016.2/common/technology/xilinx/scripts/xilinxcoregen.gen "
@I [HLS-100] Command 'ap_source' returned 0; elapsed 0.015Total elapsed time: 53.387 sec.
@I [HLS-100] Command "source F:/Vivado_old/Vivado_HLS/2016.2/common/technology/xilinx/interface/XilEDKCoreGen.gen "
@I [HLS-100] Command 'ap_source' returned 0; elapsed 0.011Total elapsed time: 53.398 sec.
@I [HLS-100] Command "source F:/Vivado_old/Vivado_HLS/2016.2/common/technology/xilinx/ip/dds_compiler.gen "
@I [HLS-100] Command 'ap_source' returned 0; elapsed 0.005Total elapsed time: 53.403 sec.
@I [HLS-100] Command "source F:/Vivado_old/Vivado_HLS/2016.2/common/technology/xilinx/ip/util.gen "
@I [HLS-100] Command 'ap_source' returned 0; elapsed 0Total elapsed time: 53.404 sec.
@I [HLS-100] Command "source F:/Vivado_old/Vivado_HLS/2016.2/common/technology/xilinx/ip/xfft.gen "
@I [HLS-100] Command 'ap_source' returned 0; elapsed 0.119Total elapsed time: 53.523 sec.
@I [HLS-100] Command "source F:/Vivado_old/Vivado_HLS/2016.2/common/technology/xilinx/ip/xfir.gen "
@I [HLS-100] Command 'ap_source' returned 0; elapsed 0.001Total elapsed time: 53.525 sec.
@I [HLS-100] Command 'ap_source' returned 0; elapsed 0.192Total elapsed time: 53.525 sec.
@I [HLS-100] Command "source F:/Vivado_old/Vivado_HLS/2016.2/common/technology/xilinx/common/dsp48.gen "
@I [HLS-100] Command 'ap_source' returned 0; elapsed 0.001Total elapsed time: 53.527 sec.
@I [HLS-100] Command 'ap_source' returned 0; elapsed 0.197Total elapsed time: 53.528 sec.
@I [HLS-100] Command 'ap_source' returned 0; elapsed 0.198Total elapsed time: 53.528 sec.
@I [HLS-100] Command "source F:/Vivado_old/Vivado_HLS/2016.2/common/technology/xilinx/zynq/zynq_fpv6.gen "
@I [HLS-100] Command "source F:/Vivado_old/Vivado_HLS/2016.2/common/technology/xilinx/common/xilinx_fpv6.gen "
@I [HLS-100] Command 'ap_source' returned 0; elapsed 0.002Total elapsed time: 53.531 sec.
@I [HLS-100] Command 'ap_source' returned 0; elapsed 0.003Total elapsed time: 53.531 sec.
@I [HLS-100] Command "source F:/Progetti_Vivado_Tesi/Test_7_Tesi/HLS_COMMON/VIDEO_STREAM_MUX/solution1/.autopilot/db/global.setting.tcl "
@I [HLS-100] Command 'ap_source' returned 0; elapsed 0.001Total elapsed time: 53.586 sec.
@I [HLS-100] Command "source F:/Progetti_Vivado_Tesi/Test_7_Tesi/HLS_COMMON/VIDEO_STREAM_MUX/solution1/.autopilot/db/global.setting.tcl "
@I [HLS-100] Command 'ap_source' returned 0; elapsed 0.001Total elapsed time: 53.590 sec.
@I [HLS-100] Command "source F:/Progetti_Vivado_Tesi/Test_7_Tesi/HLS_COMMON/VIDEO_STREAM_MUX/solution1/.autopilot/db/mux_sd_ov.compgen.tcl "
@I [HLS-100] Command 'ap_source' returned 0; elapsed 0.002Total elapsed time: 53.594 sec.
@I [HLS-100] Command "source F:/Progetti_Vivado_Tesi/Test_7_Tesi/HLS_COMMON/VIDEO_STREAM_MUX/solution1/.autopilot/db/global.setting.tcl "
@I [HLS-100] Command 'ap_source' returned 0; elapsed 0.001Total elapsed time: 53.711 sec.
@I [HLS-100] Command "source F:/Progetti_Vivado_Tesi/Test_7_Tesi/HLS_COMMON/VIDEO_STREAM_MUX/solution1/.autopilot/db/mux_sd_ov.constraint.tcl "
@I [HLS-100] Command 'ap_source' returned 0; elapsed 0Total elapsed time: 53.716 sec.
@I [HLS-100] Command "source F:/Vivado_old/Vivado_HLS/2016.2/common/technology/generic/autopilot/common.gen "
@I [HLS-100] Command "source F:/Vivado_old/Vivado_HLS/2016.2/common/technology/generic/autopilot/APCoreGen.gen "
@I [HLS-100] Command 'ap_source' returned 0; elapsed 0.001Total elapsed time: 53.728 sec.
@I [HLS-100] Command 'ap_source' returned 0; elapsed 0.003Total elapsed time: 53.729 sec.
@I [HLS-100] Command "source F:/Vivado_old/Vivado_HLS/2016.2/common/technology/generic/autopilot/op.gen "
@I [HLS-100] Command 'ap_source' returned 0; elapsed 0.001Total elapsed time: 53.731 sec.
@I [HLS-100] Command "source F:/Vivado_old/Vivado_HLS/2016.2/common/technology/generic/autopilot/op_simcore.gen "
@I [HLS-100] Command 'ap_source' returned 0; elapsed 0.002Total elapsed time: 53.733 sec.
@I [HLS-100] Command "source F:/Vivado_old/Vivado_HLS/2016.2/common/technology/generic/autopilot/interface.gen "
@I [HLS-100] Command 'ap_source' returned 0; elapsed 0Total elapsed time: 53.734 sec.
@I [HLS-100] Command "source F:/Progetti_Vivado_Tesi/Test_7_Tesi/HLS_COMMON/VIDEO_STREAM_MUX/solution1/.autopilot/db/global.setting.tcl "
@I [HLS-100] Command 'ap_source' returned 0; elapsed 0.001Total elapsed time: 53.735 sec.
@I [HLS-100] Command "source F:/Vivado_old/Vivado_HLS/2016.2/common/technology/xilinx/zynq/zynq.gen "
@I [HLS-100] Command "source F:/Vivado_old/Vivado_HLS/2016.2/common/technology/xilinx/common/virtex.gen "
@I [HLS-100] Command "source F:/Vivado_old/Vivado_HLS/2016.2/common/technology/xilinx/common/xilinx.gen "
@I [HLS-100] Command "source F:/Vivado_old/Vivado_HLS/2016.2/common/technology/xilinx/interface/plb46.gen "
@I [HLS-100] Command 'ap_source' returned 0; elapsed 0.001Total elapsed time: 53.739 sec.
@I [HLS-100] Command "source F:/Vivado_old/Vivado_HLS/2016.2/common/technology/xilinx/interface/fsl.gen "
@I [HLS-100] Command 'ap_source' returned 0; elapsed 0Total elapsed time: 53.740 sec.
@I [HLS-100] Command "source F:/Vivado_old/Vivado_HLS/2016.2/common/technology/xilinx/interface/axi4.gen "
@I [HLS-100] Command 'ap_source' returned 0; elapsed 0.003Total elapsed time: 53.744 sec.
@I [HLS-100] Command "source F:/Vivado_old/Vivado_HLS/2016.2/common/technology/xilinx/interface/nativeAXI4.gen "
@I [HLS-100] Command "source F:/Vivado_old/Vivado_HLS/2016.2/common/technology/xilinx/interface/saxilite.gen "
@I [HLS-100] Command 'ap_source' returned 0; elapsed 0.006Total elapsed time: 53.751 sec.
@I [HLS-100] Command "source F:/Vivado_old/Vivado_HLS/2016.2/common/technology/xilinx/interface/maxi.gen "
@I [HLS-100] Command 'ap_source' returned 0; elapsed 0.013Total elapsed time: 53.765 sec.
@I [HLS-100] Command 'ap_source' returned 0; elapsed 0.021Total elapsed time: 53.766 sec.
@I [HLS-100] Command "source F:/Vivado_old/Vivado_HLS/2016.2/common/technology/xilinx/scripts/xilinxcoregen.gen "
@I [HLS-100] Command 'ap_source' returned 0; elapsed 0.014Total elapsed time: 53.780 sec.
@I [HLS-100] Command "source F:/Vivado_old/Vivado_HLS/2016.2/common/technology/xilinx/interface/XilEDKCoreGen.gen "
@I [HLS-100] Command 'ap_source' returned 0; elapsed 0.01Total elapsed time: 53.791 sec.
@I [HLS-100] Command "source F:/Vivado_old/Vivado_HLS/2016.2/common/technology/xilinx/ip/dds_compiler.gen "
@I [HLS-100] Command 'ap_source' returned 0; elapsed 0.004Total elapsed time: 53.796 sec.
@I [HLS-100] Command "source F:/Vivado_old/Vivado_HLS/2016.2/common/technology/xilinx/ip/util.gen "
@I [HLS-100] Command 'ap_source' returned 0; elapsed 0Total elapsed time: 53.797 sec.
@I [HLS-100] Command "source F:/Vivado_old/Vivado_HLS/2016.2/common/technology/xilinx/ip/xfft.gen "
@I [HLS-100] Command 'ap_source' returned 0; elapsed 0.118Total elapsed time: 53.915 sec.
@I [HLS-100] Command "source F:/Vivado_old/Vivado_HLS/2016.2/common/technology/xilinx/ip/xfir.gen "
@I [HLS-100] Command 'ap_source' returned 0; elapsed 0.001Total elapsed time: 53.917 sec.
@I [HLS-100] Command 'ap_source' returned 0; elapsed 0.18Total elapsed time: 53.917 sec.
@I [HLS-100] Command "source F:/Vivado_old/Vivado_HLS/2016.2/common/technology/xilinx/common/dsp48.gen "
@I [HLS-100] Command 'ap_source' returned 0; elapsed 0Total elapsed time: 53.919 sec.
@I [HLS-100] Command 'ap_source' returned 0; elapsed 0.184Total elapsed time: 53.920 sec.
@I [HLS-100] Command 'ap_source' returned 0; elapsed 0.184Total elapsed time: 53.920 sec.
@I [HLS-100] Command "source F:/Vivado_old/Vivado_HLS/2016.2/common/technology/xilinx/zynq/zynq_fpv6.gen "
@I [HLS-100] Command "source F:/Vivado_old/Vivado_HLS/2016.2/common/technology/xilinx/common/xilinx_fpv6.gen "
@I [HLS-100] Command 'ap_source' returned 0; elapsed 0.002Total elapsed time: 53.922 sec.
@I [HLS-100] Command 'ap_source' returned 0; elapsed 0.003Total elapsed time: 53.923 sec.
@I [HLS-100] Command "source F:/Progetti_Vivado_Tesi/Test_7_Tesi/HLS_COMMON/VIDEO_STREAM_MUX/solution1/.autopilot/db/global.setting.tcl "
@I [HLS-100] Command 'ap_source' returned 0; elapsed 0.001Total elapsed time: 53.995 sec.
@I [HLS-100] Command 'export_design' returned 0; elapsed 59.857Total elapsed time: 60.925 sec.
@I [HLS-100] Command 'ap_source' returned 0; elapsed 60.332Total elapsed time: 60.926 sec.
@I [HLS-100] Command "cleanup_all "
@I [HLS-100] Command 'cleanup_all' returned 0; elapsed 0.001Total elapsed time: 60.928 sec.
