@I [HLS-0] Workspace D:/000_OFFICIAL_OV_VISION_PIPELINE_COLOR_2017/OV_7670/OV7670_Color/VIVADO_HLS/OV7670_LUMA_CHROMA/solution1 opened at Sat Aug 19 13:09:45 +0200 2017
@I [HLS-100] Command "config_clock -quiet -name default -period 10 -default=false "
@I [SYN-201] Setting up clock 'default' with a period of 10ns.
@I [HLS-100] Command 'config_clock' returned 0; elapsed 0Total elapsed time: 0.359 sec.
@I [HLS-100] Command "open_platform DefaultPlatform "
@I [HLS-100] Command 'open_platform' returned 0; elapsed 0Total elapsed time: 0.359 sec.
@I [HLS-100] Command "import_lib D:/Xilinx/Vivado_HLS/2016.2/common/technology/xilinx/zynq/zynq "
@I [HLS-100] Command "source D:/Xilinx/Vivado_HLS/2016.2/common/technology/xilinx/common/xilinx.lib "
@I [HLS-100] Command "source D:/Xilinx/Vivado_HLS/2016.2/common/technology/xilinx/interface/xilinx_interface.lib "
@I [HLS-100] Command "source D:/Xilinx/Vivado_HLS/2016.2/common/technology/xilinx/interface/plb46.lib "
@I [HLS-100] Command 'ap_source' returned 0; elapsed 0Total elapsed time: 0.359 sec.
@I [HLS-100] Command "source D:/Xilinx/Vivado_HLS/2016.2/common/technology/xilinx/interface/fsl.lib "
@I [HLS-100] Command 'ap_source' returned 0; elapsed 0Total elapsed time: 0.359 sec.
@I [HLS-100] Command "source D:/Xilinx/Vivado_HLS/2016.2/common/technology/xilinx/interface/axi4.lib "
@I [HLS-100] Command 'ap_source' returned 0; elapsed 0Total elapsed time: 0.359 sec.
@I [HLS-100] Command "source D:/Xilinx/Vivado_HLS/2016.2/common/technology/xilinx/interface/maxi.lib "
@I [HLS-100] Command 'ap_source' returned 0; elapsed 0Total elapsed time: 0.359 sec.
@I [HLS-100] Command "source D:/Xilinx/Vivado_HLS/2016.2/common/technology/xilinx/interface/saxilite.lib "
@I [HLS-100] Command 'ap_source' returned 0; elapsed 0Total elapsed time: 0.359 sec.
@I [HLS-100] Command 'ap_source' returned 0; elapsed 0Total elapsed time: 0.359 sec.
@I [HLS-100] Command "source D:/Xilinx/Vivado_HLS/2016.2/common/technology/xilinx/common/dsp48.lib "
@I [HLS-100] Command 'ap_source' returned 0; elapsed 0Total elapsed time: 0.359 sec.
@I [HLS-100] Command "source D:/Xilinx/Vivado_HLS/2016.2/common/technology/xilinx/ip/dds_compiler.lib "
@I [HLS-100] Command 'ap_source' returned 0; elapsed 0Total elapsed time: 0.359 sec.
@I [HLS-100] Command "source D:/Xilinx/Vivado_HLS/2016.2/common/technology/xilinx/ip/xfft.lib "
@I [HLS-100] Command 'ap_source' returned 0; elapsed 0Total elapsed time: 0.359 sec.
@I [HLS-100] Command "source D:/Xilinx/Vivado_HLS/2016.2/common/technology/xilinx/ip/xfir.lib "
@I [HLS-100] Command 'ap_source' returned 0; elapsed 0Total elapsed time: 0.359 sec.
@I [HLS-100] Command 'ap_source' returned 0; elapsed 0Total elapsed time: 0.359 sec.
@I [HLS-100] Command "source D:/Xilinx/Vivado_HLS/2016.2/common/technology/xilinx/common/xilinx_old.lib "
@I [HLS-100] Command 'ap_source' returned 0; elapsed 0Total elapsed time: 0.359 sec.
@I [HLS-100] Command "source D:/Xilinx/Vivado_HLS/2016.2/common/technology/xilinx/common/xilinx_vivado.lib "
@I [HLS-100] Command 'ap_source' returned 0; elapsed 0Total elapsed time: 0.375 sec.
@I [HLS-100] Command "source D:/Xilinx/Vivado_HLS/2016.2/common/technology/xilinx/common/xilinx.hlp "
@I [HLS-100] Command "source D:/Xilinx/Vivado_HLS/2016.2/common/technology/xilinx/common/target_info.tcl "
@I [HLS-100] Command 'ap_source' returned 0; elapsed 0Total elapsed time: 0.375 sec.
@I [HLS-100] Command "source D:/Xilinx/Vivado_HLS/2016.2/common/technology/xilinx/interface/xilinx_interface.hlp "
@I [HLS-100] Command "source D:/Xilinx/Vivado_HLS/2016.2/common/technology/xilinx/interface/maxi.hlp "
@I [HLS-100] Command 'ap_source' returned 0; elapsed 0Total elapsed time: 0.375 sec.
@I [HLS-100] Command "source D:/Xilinx/Vivado_HLS/2016.2/common/technology/xilinx/interface/saxilite.hlp "
@I [HLS-100] Command 'ap_source' returned 0; elapsed 0Total elapsed time: 0.375 sec.
@I [HLS-100] Command 'ap_source' returned 0; elapsed 0Total elapsed time: 0.375 sec.
@I [HLS-100] Command "source D:/Xilinx/Vivado_HLS/2016.2/common/technology/xilinx/common/dsp48.hlp "
@I [HLS-100] Command 'ap_source' returned 0; elapsed 0Total elapsed time: 0.375 sec.
@I [HLS-100] Command 'ap_source' returned 0; elapsed 0Total elapsed time: 0.375 sec.
@I [HLS-100] Command "source D:/Xilinx/Vivado_HLS/2016.2/common/technology/xilinx/zynq/dsp48e1.hlp "
@I [HLS-100] Command 'ap_source' returned 0; elapsed 0Total elapsed time: 0.375 sec.
@I [HLS-100] Command "get_default_platform "
@I [HLS-100] Command 'get_default_platform' returned 0; elapsed 0Total elapsed time: 0.375 sec.
@I [HLS-100] Command "config_chip_info -quiet -resource  {SLICE 13300}  {LUT 53200}     {FF 106400} {DSP48E 220}   {BRAM 280}  "
@I [HLS-100] Command 'config_chip_info' returned 0; elapsed 0Total elapsed time: 0.375 sec.
@I [HLS-100] Command "config_chip_info -quiet -speed medium "
@I [HLS-100] Command 'config_chip_info' returned 0; elapsed 0Total elapsed time: 0.375 sec.
@I [HLS-100] Command 'import_lib' returned 0; elapsed 0.015Total elapsed time: 0.375 sec.
@I [HLS-100] Command "source D:/Xilinx/Vivado_HLS/2016.2/common/technology/xilinx/zynq/zynq.gen "
@I [HLS-100] Command "source D:/Xilinx/Vivado_HLS/2016.2/common/technology/xilinx/common/virtex.gen "
@I [HLS-100] Command "source D:/Xilinx/Vivado_HLS/2016.2/common/technology/xilinx/common/xilinx.gen "
@I [HLS-100] Command "source D:/Xilinx/Vivado_HLS/2016.2/common/technology/xilinx/interface/plb46.gen "
@I [HLS-100] Command 'ap_source' returned 0; elapsed 0Total elapsed time: 0.375 sec.
@I [HLS-100] Command "source D:/Xilinx/Vivado_HLS/2016.2/common/technology/xilinx/interface/fsl.gen "
@I [HLS-100] Command 'ap_source' returned 0; elapsed 0Total elapsed time: 0.375 sec.
@I [HLS-100] Command "source D:/Xilinx/Vivado_HLS/2016.2/common/technology/xilinx/interface/axi4.gen "
@I [HLS-100] Command 'ap_source' returned 0; elapsed 0Total elapsed time: 0.375 sec.
@I [HLS-100] Command "source D:/Xilinx/Vivado_HLS/2016.2/common/technology/xilinx/interface/nativeAXI4.gen "
@I [HLS-100] Command "source D:/Xilinx/Vivado_HLS/2016.2/common/technology/xilinx/interface/saxilite.gen "
@I [HLS-100] Command 'ap_source' returned 0; elapsed 0Total elapsed time: 0.375 sec.
@I [HLS-100] Command "source D:/Xilinx/Vivado_HLS/2016.2/common/technology/xilinx/interface/maxi.gen "
@I [HLS-100] Command 'ap_source' returned 0; elapsed 0.032Total elapsed time: 0.406 sec.
@I [HLS-100] Command 'ap_source' returned 0; elapsed 0.032Total elapsed time: 0.406 sec.
@I [HLS-100] Command "source D:/Xilinx/Vivado_HLS/2016.2/common/technology/xilinx/scripts/xilinxcoregen.gen "
@I [HLS-100] Command 'ap_source' returned 0; elapsed 0.015Total elapsed time: 0.421 sec.
@I [HLS-100] Command "source D:/Xilinx/Vivado_HLS/2016.2/common/technology/xilinx/interface/XilEDKCoreGen.gen "
@I [HLS-100] Command 'ap_source' returned 0; elapsed 0Total elapsed time: 0.421 sec.
@I [HLS-100] Command "source D:/Xilinx/Vivado_HLS/2016.2/common/technology/xilinx/ip/dds_compiler.gen "
@I [HLS-100] Command 'ap_source' returned 0; elapsed 0Total elapsed time: 0.421 sec.
@I [HLS-100] Command "source D:/Xilinx/Vivado_HLS/2016.2/common/technology/xilinx/ip/util.gen "
@I [HLS-100] Command 'ap_source' returned 0; elapsed 0Total elapsed time: 0.421 sec.
@I [HLS-100] Command "source D:/Xilinx/Vivado_HLS/2016.2/common/technology/xilinx/ip/xfft.gen "
@I [HLS-100] Command 'ap_source' returned 0; elapsed 0.094Total elapsed time: 0.515 sec.
@I [HLS-100] Command "source D:/Xilinx/Vivado_HLS/2016.2/common/technology/xilinx/ip/xfir.gen "
@I [HLS-100] Command 'ap_source' returned 0; elapsed 0Total elapsed time: 0.515 sec.
@I [HLS-100] Command 'ap_source' returned 0; elapsed 0.141Total elapsed time: 0.515 sec.
@I [HLS-100] Command "source D:/Xilinx/Vivado_HLS/2016.2/common/technology/xilinx/common/dsp48.gen "
@I [HLS-100] Command 'ap_source' returned 0; elapsed 0Total elapsed time: 0.515 sec.
@I [HLS-100] Command 'ap_source' returned 0; elapsed 0.141Total elapsed time: 0.515 sec.
@I [HLS-100] Command 'ap_source' returned 0; elapsed 0.141Total elapsed time: 0.515 sec.
@I [HLS-100] Command "open_platform DefaultPlatform "
@I [HLS-100] Command 'open_platform' returned 0; elapsed 0Total elapsed time: 0.515 sec.
@I [HLS-100] Command "import_lib D:/Xilinx/Vivado_HLS/2016.2/common/technology/xilinx/zynq/zynq_fpv6 "
@I [HLS-100] Command "source D:/Xilinx/Vivado_HLS/2016.2/common/technology/xilinx/common/xilinx_fpv7.lib "
@I [HLS-100] Command "source D:/Xilinx/Vivado_HLS/2016.2/common/technology/xilinx/common/xilinx_hp.lib "
@I [HLS-100] Command 'ap_source' returned 0; elapsed 0Total elapsed time: 0.515 sec.
@I [HLS-100] Command 'ap_source' returned 0; elapsed 0Total elapsed time: 0.515 sec.
@I [HLS-100] Command "source D:/Xilinx/Vivado_HLS/2016.2/common/technology/xilinx/common/xilinx_fpv.hlp "
@I [HLS-100] Command "source D:/Xilinx/Vivado_HLS/2016.2/common/technology/xilinx/common/xilinx.hlp "
@I [HLS-100] Command "source D:/Xilinx/Vivado_HLS/2016.2/common/technology/xilinx/common/target_info.tcl "
@I [HLS-100] Command 'ap_source' returned 0; elapsed 0.047Total elapsed time: 0.562 sec.
@I [HLS-100] Command "source D:/Xilinx/Vivado_HLS/2016.2/common/technology/xilinx/interface/xilinx_interface.hlp "
@I [HLS-100] Command "source D:/Xilinx/Vivado_HLS/2016.2/common/technology/xilinx/interface/maxi.hlp "
@I [HLS-100] Command 'ap_source' returned 0; elapsed 0Total elapsed time: 0.562 sec.
@I [HLS-100] Command "source D:/Xilinx/Vivado_HLS/2016.2/common/technology/xilinx/interface/saxilite.hlp "
@I [HLS-100] Command 'ap_source' returned 0; elapsed 0Total elapsed time: 0.562 sec.
@I [HLS-100] Command 'ap_source' returned 0; elapsed 0Total elapsed time: 0.562 sec.
@I [HLS-100] Command "source D:/Xilinx/Vivado_HLS/2016.2/common/technology/xilinx/common/dsp48.hlp "
@I [HLS-100] Command 'ap_source' returned 0; elapsed 0Total elapsed time: 0.562 sec.
@I [HLS-100] Command 'ap_source' returned 0; elapsed 0.047Total elapsed time: 0.562 sec.
@I [HLS-100] Command 'ap_source' returned 0; elapsed 0.062Total elapsed time: 0.578 sec.
@I [HLS-100] Command "source D:/Xilinx/Vivado_HLS/2016.2/common/technology/xilinx/zynq/zynq_hp.hlp "
@I [HLS-100] Command 'ap_source' returned 0; elapsed 0Total elapsed time: 0.578 sec.
@I [HLS-100] Command 'import_lib' returned 0; elapsed 0.078Total elapsed time: 0.593 sec.
@I [HLS-100] Command "source D:/Xilinx/Vivado_HLS/2016.2/common/technology/xilinx/zynq/zynq_fpv6.gen "
@I [HLS-100] Command "source D:/Xilinx/Vivado_HLS/2016.2/common/technology/xilinx/common/xilinx_fpv6.gen "
@I [HLS-100] Command 'ap_source' returned 0; elapsed 0Total elapsed time: 0.593 sec.
@I [HLS-100] Command 'ap_source' returned 0; elapsed 0Total elapsed time: 0.593 sec.
@I [HLS-100] Command "set_part xc7z020clg484-1 "
@I [HLS-100] Command "add_library xilinx/zynq/zynq:xc7z020:clg484:-1 "
@I [HLS-100] Command "get_default_platform "
@I [HLS-100] Command 'get_default_platform' returned 0; elapsed 0Total elapsed time: 0.593 sec.
@I [HLS-100] Command "license_isbetapart xc7z020 "
@I [HLS-100] Command 'license_isbetapart' returned 1; elapsed 0.016Total elapsed time: 0.609 sec.
@I [HLS-100] Command "get_default_platform "
@I [HLS-100] Command 'get_default_platform' returned 0; elapsed 0Total elapsed time: 0.625 sec.
@I [HLS-100] Command "config_chip_info -quiet -resource  {SLICE 13300}  {LUT 53200}     {FF 106400} {DSP48E 220}   {BRAM 280}  "
@I [HLS-100] Command 'config_chip_info' returned 0; elapsed 0Total elapsed time: 0.625 sec.
@I [HLS-100] Command "config_chip_info -quiet -speed slow "
@I [HLS-100] Command 'config_chip_info' returned 0; elapsed 0Total elapsed time: 0.625 sec.
@I [HLS-100] Command 'add_library' returned 0; elapsed 0.031Total elapsed time: 0.625 sec.
@I [HLS-100] Command "add_library xilinx/zynq/zynq_fpv6 "
@I [HLS-100] Command "get_default_platform "
@I [HLS-100] Command 'get_default_platform' returned 0; elapsed 0Total elapsed time: 0.625 sec.
@I [HLS-100] Command 'add_library' returned 0; elapsed 0Total elapsed time: 0.625 sec.
@I [HLS-10] Setting target device to 'xc7z020clg484-1'
@I [HLS-100] Command 'set_part' returned 0; elapsed 0.031Total elapsed time: 0.625 sec.
@I [HLS-100] Command "get_default_platform "
@I [HLS-100] Command 'get_default_platform' returned 0; elapsed 0Total elapsed time: 0.625 sec.
@I [HLS-100] Command "config_chip_info -quiet -resource  {SLICE 13300}  {LUT 53200}     {FF 106400} {DSP48E 220}   {BRAM 280}  "
@I [HLS-100] Command 'config_chip_info' returned 0; elapsed 0Total elapsed time: 0.625 sec.
@I [HLS-100] Command "config_chip_info -quiet -speed slow "
@I [HLS-100] Command 'config_chip_info' returned 0; elapsed 0Total elapsed time: 0.625 sec.
@I [HLS-100] Command 'open_solution' returned 0; elapsed 0.297Total elapsed time: 0.625 sec.
@I [HLS-100] Command "export_design -format ip_catalog "
@I [HLS-100] Command "source D:/000_OFFICIAL_OV_VISION_PIPELINE_COLOR_2017/OV_7670/OV7670_Color/VIVADO_HLS/OV7670_LUMA_CHROMA/solution1/.autopilot/db/global.setting.tcl "
@I [HLS-100] Command 'ap_source' returned 0; elapsed 0Total elapsed time: 0.671 sec.
@I [HLS-100] Command "source D:/Xilinx/Vivado_HLS/2016.2/common/technology/generic/autopilot/common.gen "
@I [HLS-100] Command "source D:/Xilinx/Vivado_HLS/2016.2/common/technology/generic/autopilot/APCoreGen.gen "
@I [HLS-100] Command 'ap_source' returned 0; elapsed 0Total elapsed time: 0.671 sec.
@I [HLS-100] Command 'ap_source' returned 0; elapsed 0Total elapsed time: 0.671 sec.
@I [HLS-100] Command "source D:/Xilinx/Vivado_HLS/2016.2/common/technology/generic/autopilot/op.gen "
@I [HLS-100] Command 'ap_source' returned 0; elapsed 0Total elapsed time: 0.671 sec.
@I [HLS-100] Command "source D:/Xilinx/Vivado_HLS/2016.2/common/technology/generic/autopilot/op_simcore.gen "
@I [HLS-100] Command 'ap_source' returned 0; elapsed 0Total elapsed time: 0.671 sec.
@I [HLS-100] Command "source D:/Xilinx/Vivado_HLS/2016.2/common/technology/generic/autopilot/interface.gen "
@I [HLS-100] Command 'ap_source' returned 0; elapsed 0Total elapsed time: 0.671 sec.
@I [HLS-100] Command "source D:/000_OFFICIAL_OV_VISION_PIPELINE_COLOR_2017/OV_7670/OV7670_Color/VIVADO_HLS/OV7670_LUMA_CHROMA/solution1/.autopilot/db/global.setting.tcl "
@I [HLS-100] Command 'ap_source' returned 0; elapsed 0Total elapsed time: 0.671 sec.
@I [HLS-100] Command "source D:/Xilinx/Vivado_HLS/2016.2/common/technology/xilinx/zynq/zynq.gen "
@I [HLS-100] Command "source D:/Xilinx/Vivado_HLS/2016.2/common/technology/xilinx/common/virtex.gen "
@I [HLS-100] Command "source D:/Xilinx/Vivado_HLS/2016.2/common/technology/xilinx/common/xilinx.gen "
@I [HLS-100] Command "source D:/Xilinx/Vivado_HLS/2016.2/common/technology/xilinx/interface/plb46.gen "
@I [HLS-100] Command 'ap_source' returned 0; elapsed 0Total elapsed time: 0.671 sec.
@I [HLS-100] Command "source D:/Xilinx/Vivado_HLS/2016.2/common/technology/xilinx/interface/fsl.gen "
@I [HLS-100] Command 'ap_source' returned 0; elapsed 0Total elapsed time: 0.671 sec.
@I [HLS-100] Command "source D:/Xilinx/Vivado_HLS/2016.2/common/technology/xilinx/interface/axi4.gen "
@I [HLS-100] Command 'ap_source' returned 0; elapsed 0Total elapsed time: 0.671 sec.
@I [HLS-100] Command "source D:/Xilinx/Vivado_HLS/2016.2/common/technology/xilinx/interface/nativeAXI4.gen "
@I [HLS-100] Command "source D:/Xilinx/Vivado_HLS/2016.2/common/technology/xilinx/interface/saxilite.gen "
@I [HLS-100] Command 'ap_source' returned 0; elapsed 0Total elapsed time: 0.671 sec.
@I [HLS-100] Command "source D:/Xilinx/Vivado_HLS/2016.2/common/technology/xilinx/interface/maxi.gen "
@I [HLS-100] Command 'ap_source' returned 0; elapsed 0.031Total elapsed time: 0.703 sec.
@I [HLS-100] Command 'ap_source' returned 0; elapsed 0.031Total elapsed time: 0.703 sec.
@I [HLS-100] Command "source D:/Xilinx/Vivado_HLS/2016.2/common/technology/xilinx/scripts/xilinxcoregen.gen "
@I [HLS-100] Command 'ap_source' returned 0; elapsed 0.016Total elapsed time: 0.718 sec.
@I [HLS-100] Command "source D:/Xilinx/Vivado_HLS/2016.2/common/technology/xilinx/interface/XilEDKCoreGen.gen "
@I [HLS-100] Command 'ap_source' returned 0; elapsed 0.016Total elapsed time: 0.734 sec.
@I [HLS-100] Command "source D:/Xilinx/Vivado_HLS/2016.2/common/technology/xilinx/ip/dds_compiler.gen "
@I [HLS-100] Command 'ap_source' returned 0; elapsed 0.015Total elapsed time: 0.750 sec.
@I [HLS-100] Command "source D:/Xilinx/Vivado_HLS/2016.2/common/technology/xilinx/ip/util.gen "
@I [HLS-100] Command 'ap_source' returned 0; elapsed 0Total elapsed time: 0.750 sec.
@I [HLS-100] Command "source D:/Xilinx/Vivado_HLS/2016.2/common/technology/xilinx/ip/xfft.gen "
@I [HLS-100] Command 'ap_source' returned 0; elapsed 0.063Total elapsed time: 0.812 sec.
@I [HLS-100] Command "source D:/Xilinx/Vivado_HLS/2016.2/common/technology/xilinx/ip/xfir.gen "
@I [HLS-100] Command 'ap_source' returned 0; elapsed 0Total elapsed time: 0.812 sec.
@I [HLS-100] Command 'ap_source' returned 0; elapsed 0.141Total elapsed time: 0.812 sec.
@I [HLS-100] Command "source D:/Xilinx/Vivado_HLS/2016.2/common/technology/xilinx/common/dsp48.gen "
@I [HLS-100] Command 'ap_source' returned 0; elapsed 0Total elapsed time: 0.812 sec.
@I [HLS-100] Command 'ap_source' returned 0; elapsed 0.156Total elapsed time: 0.828 sec.
@I [HLS-100] Command 'ap_source' returned 0; elapsed 0.156Total elapsed time: 0.828 sec.
@I [HLS-100] Command "source D:/Xilinx/Vivado_HLS/2016.2/common/technology/xilinx/zynq/zynq_fpv6.gen "
@I [HLS-100] Command "source D:/Xilinx/Vivado_HLS/2016.2/common/technology/xilinx/common/xilinx_fpv6.gen "
@I [HLS-100] Command 'ap_source' returned 0; elapsed 0Total elapsed time: 0.828 sec.
@I [HLS-100] Command 'ap_source' returned 0; elapsed 0Total elapsed time: 0.828 sec.
@I [HLS-100] Command "source D:/000_OFFICIAL_OV_VISION_PIPELINE_COLOR_2017/OV_7670/OV7670_Color/VIVADO_HLS/OV7670_LUMA_CHROMA/solution1/.autopilot/db/global.setting.tcl "
@I [HLS-100] Command 'ap_source' returned 0; elapsed 0Total elapsed time: 0.859 sec.
@I [IMPL-8] Exporting RTL as an IP in IP-XACT.
@I [HLS-100] Command "source D:/000_OFFICIAL_OV_VISION_PIPELINE_COLOR_2017/OV_7670/OV7670_Color/VIVADO_HLS/OV7670_LUMA_CHROMA/solution1/.autopilot/db/global.setting.tcl "
@I [HLS-100] Command 'ap_source' returned 0; elapsed 0Total elapsed time: 0.859 sec.
@I [HLS-100] Command "source D:/000_OFFICIAL_OV_VISION_PIPELINE_COLOR_2017/OV_7670/OV7670_Color/VIVADO_HLS/OV7670_LUMA_CHROMA/solution1/.autopilot/db/global.setting.tcl "
@I [HLS-100] Command 'ap_source' returned 0; elapsed 0Total elapsed time: 0.875 sec.
@I [HLS-100] Command "source D:/Xilinx/Vivado_HLS/2016.2/common/technology/generic/autopilot/common.gen "
@I [HLS-100] Command "source D:/Xilinx/Vivado_HLS/2016.2/common/technology/generic/autopilot/APCoreGen.gen "
@I [HLS-100] Command 'ap_source' returned 0; elapsed 0Total elapsed time: 0.890 sec.
@I [HLS-100] Command 'ap_source' returned 0; elapsed 0Total elapsed time: 0.890 sec.
@I [HLS-100] Command "source D:/Xilinx/Vivado_HLS/2016.2/common/technology/generic/autopilot/op.gen "
@I [HLS-100] Command 'ap_source' returned 0; elapsed 0Total elapsed time: 0.890 sec.
@I [HLS-100] Command "source D:/Xilinx/Vivado_HLS/2016.2/common/technology/generic/autopilot/op_simcore.gen "
@I [HLS-100] Command 'ap_source' returned 0; elapsed 0Total elapsed time: 0.890 sec.
@I [HLS-100] Command "source D:/Xilinx/Vivado_HLS/2016.2/common/technology/generic/autopilot/interface.gen "
@I [HLS-100] Command 'ap_source' returned 0; elapsed 0Total elapsed time: 0.890 sec.
@I [HLS-100] Command "source D:/000_OFFICIAL_OV_VISION_PIPELINE_COLOR_2017/OV_7670/OV7670_Color/VIVADO_HLS/OV7670_LUMA_CHROMA/solution1/.autopilot/db/global.setting.tcl "
@I [HLS-100] Command 'ap_source' returned 0; elapsed 0Total elapsed time: 0.890 sec.
@I [HLS-100] Command "source D:/Xilinx/Vivado_HLS/2016.2/common/technology/xilinx/zynq/zynq.gen "
@I [HLS-100] Command "source D:/Xilinx/Vivado_HLS/2016.2/common/technology/xilinx/common/virtex.gen "
@I [HLS-100] Command "source D:/Xilinx/Vivado_HLS/2016.2/common/technology/xilinx/common/xilinx.gen "
@I [HLS-100] Command "source D:/Xilinx/Vivado_HLS/2016.2/common/technology/xilinx/interface/plb46.gen "
@I [HLS-100] Command 'ap_source' returned 0; elapsed 0.016Total elapsed time: 0.906 sec.
@I [HLS-100] Command "source D:/Xilinx/Vivado_HLS/2016.2/common/technology/xilinx/interface/fsl.gen "
@I [HLS-100] Command 'ap_source' returned 0; elapsed 0Total elapsed time: 0.906 sec.
@I [HLS-100] Command "source D:/Xilinx/Vivado_HLS/2016.2/common/technology/xilinx/interface/axi4.gen "
@I [HLS-100] Command 'ap_source' returned 0; elapsed 0Total elapsed time: 0.906 sec.
@I [HLS-100] Command "source D:/Xilinx/Vivado_HLS/2016.2/common/technology/xilinx/interface/nativeAXI4.gen "
@I [HLS-100] Command "source D:/Xilinx/Vivado_HLS/2016.2/common/technology/xilinx/interface/saxilite.gen "
@I [HLS-100] Command 'ap_source' returned 0; elapsed 0Total elapsed time: 0.906 sec.
@I [HLS-100] Command "source D:/Xilinx/Vivado_HLS/2016.2/common/technology/xilinx/interface/maxi.gen "
@I [HLS-100] Command 'ap_source' returned 0; elapsed 0.015Total elapsed time: 0.921 sec.
@I [HLS-100] Command 'ap_source' returned 0; elapsed 0.015Total elapsed time: 0.921 sec.
@I [HLS-100] Command "source D:/Xilinx/Vivado_HLS/2016.2/common/technology/xilinx/scripts/xilinxcoregen.gen "
@I [HLS-100] Command 'ap_source' returned 0; elapsed 0Total elapsed time: 0.921 sec.
@I [HLS-100] Command "source D:/Xilinx/Vivado_HLS/2016.2/common/technology/xilinx/interface/XilEDKCoreGen.gen "
@I [HLS-100] Command 'ap_source' returned 0; elapsed 0.016Total elapsed time: 0.937 sec.
@I [HLS-100] Command "source D:/Xilinx/Vivado_HLS/2016.2/common/technology/xilinx/ip/dds_compiler.gen "
@I [HLS-100] Command 'ap_source' returned 0; elapsed 0Total elapsed time: 0.937 sec.
@I [HLS-100] Command "source D:/Xilinx/Vivado_HLS/2016.2/common/technology/xilinx/ip/util.gen "
@I [HLS-100] Command 'ap_source' returned 0; elapsed 0Total elapsed time: 0.937 sec.
@I [HLS-100] Command "source D:/Xilinx/Vivado_HLS/2016.2/common/technology/xilinx/ip/xfft.gen "
@I [HLS-100] Command 'ap_source' returned 0; elapsed 0.078Total elapsed time: 1.15 sec.
@I [HLS-100] Command "source D:/Xilinx/Vivado_HLS/2016.2/common/technology/xilinx/ip/xfir.gen "
@I [HLS-100] Command 'ap_source' returned 0; elapsed 0Total elapsed time: 1.15 sec.
@I [HLS-100] Command 'ap_source' returned 0; elapsed 0.125Total elapsed time: 1.15 sec.
@I [HLS-100] Command "source D:/Xilinx/Vivado_HLS/2016.2/common/technology/xilinx/common/dsp48.gen "
@I [HLS-100] Command 'ap_source' returned 0; elapsed 0Total elapsed time: 1.15 sec.
@I [HLS-100] Command 'ap_source' returned 0; elapsed 0.125Total elapsed time: 1.15 sec.
@I [HLS-100] Command 'ap_source' returned 0; elapsed 0.125Total elapsed time: 1.15 sec.
@I [HLS-100] Command "source D:/Xilinx/Vivado_HLS/2016.2/common/technology/xilinx/zynq/zynq_fpv6.gen "
@I [HLS-100] Command "source D:/Xilinx/Vivado_HLS/2016.2/common/technology/xilinx/common/xilinx_fpv6.gen "
@I [HLS-100] Command 'ap_source' returned 0; elapsed 0Total elapsed time: 1.15 sec.
@I [HLS-100] Command 'ap_source' returned 0; elapsed 0Total elapsed time: 1.15 sec.
@I [HLS-100] Command "source D:/000_OFFICIAL_OV_VISION_PIPELINE_COLOR_2017/OV_7670/OV7670_Color/VIVADO_HLS/OV7670_LUMA_CHROMA/solution1/.autopilot/db/global.setting.tcl "
@I [HLS-100] Command 'ap_source' returned 0; elapsed 0Total elapsed time: 1.46 sec.
@I [HLS-100] Command "source D:/000_OFFICIAL_OV_VISION_PIPELINE_COLOR_2017/OV_7670/OV7670_Color/VIVADO_HLS/OV7670_LUMA_CHROMA/solution1/.autopilot/db/global.setting.tcl "
@I [HLS-100] Command 'ap_source' returned 0; elapsed 0Total elapsed time: 1.46 sec.
@I [HLS-100] Command "source D:/000_OFFICIAL_OV_VISION_PIPELINE_COLOR_2017/OV_7670/OV7670_Color/VIVADO_HLS/OV7670_LUMA_CHROMA/solution1/.autopilot/db/ov7670_LUMA_CHROMA.compgen.tcl "
@I [HLS-100] Command 'ap_source' returned 0; elapsed 0Total elapsed time: 1.46 sec.
@I [HLS-100] Command "source D:/000_OFFICIAL_OV_VISION_PIPELINE_COLOR_2017/OV_7670/OV7670_Color/VIVADO_HLS/OV7670_LUMA_CHROMA/solution1/.autopilot/db/global.setting.tcl "
@I [HLS-100] Command 'ap_source' returned 0; elapsed 0Total elapsed time: 1.62 sec.
@I [HLS-100] Command "source D:/000_OFFICIAL_OV_VISION_PIPELINE_COLOR_2017/OV_7670/OV7670_Color/VIVADO_HLS/OV7670_LUMA_CHROMA/solution1/.autopilot/db/global.setting.tcl "
@I [HLS-100] Command 'ap_source' returned 0; elapsed 0Total elapsed time: 1.62 sec.
@I [HLS-100] Command "source D:/000_OFFICIAL_OV_VISION_PIPELINE_COLOR_2017/OV_7670/OV7670_Color/VIVADO_HLS/OV7670_LUMA_CHROMA/solution1/.autopilot/db/ov7670_LUMA_CHROMA.compgen.tcl "
@I [HLS-100] Command "source D:/000_OFFICIAL_OV_VISION_PIPELINE_COLOR_2017/OV_7670/OV7670_Color/VIVADO_HLS/OV7670_LUMA_CHROMA/solution1/.autopilot/db/ov7670_LUMA_CHROMA.rtl_wrap.cfg.tcl "
@I [HLS-100] Command 'ap_source' returned 0; elapsed 0Total elapsed time: 1.93 sec.
@I [HLS-100] Command "source D:/000_OFFICIAL_OV_VISION_PIPELINE_COLOR_2017/OV_7670/OV7670_Color/VIVADO_HLS/OV7670_LUMA_CHROMA/solution1/.autopilot/db/ov7670_LUMA_CHROMA.rtl_wrap.cfg.tcl "
@I [HLS-100] Command 'ap_source' returned 0; elapsed 0Total elapsed time: 1.93 sec.
@I [HLS-100] Command "source D:/000_OFFICIAL_OV_VISION_PIPELINE_COLOR_2017/OV_7670/OV7670_Color/VIVADO_HLS/OV7670_LUMA_CHROMA/solution1/.autopilot/db/ov7670_LUMA_CHROMA.rtl_wrap.cfg.tcl "
@I [HLS-100] Command 'ap_source' returned 0; elapsed 0Total elapsed time: 1.93 sec.
@I [HLS-100] Command "source D:/000_OFFICIAL_OV_VISION_PIPELINE_COLOR_2017/OV_7670/OV7670_Color/VIVADO_HLS/OV7670_LUMA_CHROMA/solution1/.autopilot/db/ov7670_LUMA_CHROMA.tbgen.tcl "
@I [HLS-100] Command 'ap_source' returned 0; elapsed 0Total elapsed time: 1.93 sec.
@I [HLS-100] Command "source D:/000_OFFICIAL_OV_VISION_PIPELINE_COLOR_2017/OV_7670/OV7670_Color/VIVADO_HLS/OV7670_LUMA_CHROMA/solution1/.autopilot/db/ov7670_LUMA_CHROMA.tbgen.tcl "
@I [HLS-100] Command 'ap_source' returned 0; elapsed 0Total elapsed time: 1.93 sec.
@I [HLS-100] Command 'ap_source' returned 0; elapsed 0.125Total elapsed time: 1.187 sec.
@I [HLS-100] Command "source D:/000_OFFICIAL_OV_VISION_PIPELINE_COLOR_2017/OV_7670/OV7670_Color/VIVADO_HLS/OV7670_LUMA_CHROMA/solution1/.autopilot/db/global.setting.tcl "
@I [HLS-100] Command 'ap_source' returned 0; elapsed 0Total elapsed time: 1.218 sec.
@I [HLS-100] Command "source D:/000_OFFICIAL_OV_VISION_PIPELINE_COLOR_2017/OV_7670/OV7670_Color/VIVADO_HLS/OV7670_LUMA_CHROMA/solution1/.autopilot/db/global.setting.tcl "
@I [HLS-100] Command 'ap_source' returned 0; elapsed 0Total elapsed time: 1.218 sec.
@I [HLS-100] Command "source D:/000_OFFICIAL_OV_VISION_PIPELINE_COLOR_2017/OV_7670/OV7670_Color/VIVADO_HLS/OV7670_LUMA_CHROMA/solution1/.autopilot/db/ov7670_LUMA_CHROMA.compgen.tcl "
@I [HLS-100] Command 'ap_source' returned 0; elapsed 0Total elapsed time: 1.218 sec.
@I [HLS-100] Command "source D:/000_OFFICIAL_OV_VISION_PIPELINE_COLOR_2017/OV_7670/OV7670_Color/VIVADO_HLS/OV7670_LUMA_CHROMA/solution1/.autopilot/db/global.setting.tcl "
@I [HLS-100] Command 'ap_source' returned 0; elapsed 0Total elapsed time: 1.343 sec.
@I [HLS-100] Command "source D:/000_OFFICIAL_OV_VISION_PIPELINE_COLOR_2017/OV_7670/OV7670_Color/VIVADO_HLS/OV7670_LUMA_CHROMA/solution1/.autopilot/db/ov7670_LUMA_CHROMA.constraint.tcl "
@I [HLS-100] Command 'ap_source' returned 0; elapsed 0Total elapsed time: 1.359 sec.
@I [HLS-100] Command "source D:/000_OFFICIAL_OV_VISION_PIPELINE_COLOR_2017/OV_7670/OV7670_Color/VIVADO_HLS/OV7670_LUMA_CHROMA/solution1/.autopilot/db/ov7670_LUMA_CHROMA.rtl_wrap.cfg.tcl "
@I [HLS-100] Command 'ap_source' returned 0; elapsed 0Total elapsed time: 1.453 sec.
@I [HLS-100] Command "source D:/000_OFFICIAL_OV_VISION_PIPELINE_COLOR_2017/OV_7670/OV7670_Color/VIVADO_HLS/OV7670_LUMA_CHROMA/solution1/.autopilot/db/ov7670_LUMA_CHROMA.rtl_wrap.cfg.tcl "
@I [HLS-100] Command 'ap_source' returned 0; elapsed 0Total elapsed time: 1.453 sec.
@I [HLS-100] Command "source D:/000_OFFICIAL_OV_VISION_PIPELINE_COLOR_2017/OV_7670/OV7670_Color/VIVADO_HLS/OV7670_LUMA_CHROMA/solution1/.autopilot/db/ov7670_LUMA_CHROMA.rtl_wrap.cfg.tcl "
@I [HLS-100] Command 'ap_source' returned 0; elapsed 0Total elapsed time: 1.453 sec.
@I [HLS-100] Command "source D:/000_OFFICIAL_OV_VISION_PIPELINE_COLOR_2017/OV_7670/OV7670_Color/VIVADO_HLS/OV7670_LUMA_CHROMA/solution1/.autopilot/db/ov7670_LUMA_CHROMA.tbgen.tcl "
@I [HLS-100] Command 'ap_source' returned 0; elapsed 0Total elapsed time: 1.453 sec.
@I [HLS-100] Command "source D:/000_OFFICIAL_OV_VISION_PIPELINE_COLOR_2017/OV_7670/OV7670_Color/VIVADO_HLS/OV7670_LUMA_CHROMA/solution1/.autopilot/db/ov7670_LUMA_CHROMA.tbgen.tcl "
@I [HLS-100] Command 'ap_source' returned 0; elapsed 0.11Total elapsed time: 1.562 sec.
@I [HLS-100] Command "source D:/000_OFFICIAL_OV_VISION_PIPELINE_COLOR_2017/OV_7670/OV7670_Color/VIVADO_HLS/OV7670_LUMA_CHROMA/solution1/.autopilot/db/global.setting.tcl "
@I [HLS-100] Command 'ap_source' returned 0; elapsed 0Total elapsed time: 1.609 sec.
@I [HLS-100] Command "source D:/000_OFFICIAL_OV_VISION_PIPELINE_COLOR_2017/OV_7670/OV7670_Color/VIVADO_HLS/OV7670_LUMA_CHROMA/solution1/.autopilot/db/global.setting.tcl "
@I [HLS-100] Command 'ap_source' returned 0; elapsed 0.016Total elapsed time: 1.718 sec.
@I [HLS-100] Command "source D:/000_OFFICIAL_OV_VISION_PIPELINE_COLOR_2017/OV_7670/OV7670_Color/VIVADO_HLS/OV7670_LUMA_CHROMA/solution1/.autopilot/db/global.setting.tcl "
@I [HLS-100] Command 'ap_source' returned 0; elapsed 0Total elapsed time: 1.750 sec.
@I [HLS-100] Command "source D:/000_OFFICIAL_OV_VISION_PIPELINE_COLOR_2017/OV_7670/OV7670_Color/VIVADO_HLS/OV7670_LUMA_CHROMA/solution1/.autopilot/db/ov7670_LUMA_CHROMA.rtl_wrap.cfg.tcl "
@I [HLS-100] Command 'ap_source' returned 0; elapsed 0.016Total elapsed time: 1.765 sec.
@I [HLS-100] Command "source D:/000_OFFICIAL_OV_VISION_PIPELINE_COLOR_2017/OV_7670/OV7670_Color/VIVADO_HLS/OV7670_LUMA_CHROMA/solution1/.autopilot/db/ov7670_LUMA_CHROMA.rtl_wrap.cfg.tcl "
@I [HLS-100] Command 'ap_source' returned 0; elapsed 0Total elapsed time: 1.765 sec.
@I [HLS-100] Command "source D:/000_OFFICIAL_OV_VISION_PIPELINE_COLOR_2017/OV_7670/OV7670_Color/VIVADO_HLS/OV7670_LUMA_CHROMA/solution1/.autopilot/db/ov7670_LUMA_CHROMA.tbgen.tcl "
@I [HLS-100] Command 'ap_source' returned 0; elapsed 0Total elapsed time: 1.765 sec.
@I [HLS-100] Command "source D:/000_OFFICIAL_OV_VISION_PIPELINE_COLOR_2017/OV_7670/OV7670_Color/VIVADO_HLS/OV7670_LUMA_CHROMA/solution1/.autopilot/db/ov7670_LUMA_CHROMA.tbgen.tcl "
@I [HLS-100] Command 'ap_source' returned 0; elapsed 0Total elapsed time: 1.765 sec.
@I [HLS-100] Command "source D:/000_OFFICIAL_OV_VISION_PIPELINE_COLOR_2017/OV_7670/OV7670_Color/VIVADO_HLS/OV7670_LUMA_CHROMA/solution1/.autopilot/db/ov7670_LUMA_CHROMA.rtl_wrap.cfg.tcl "
@I [HLS-100] Command 'ap_source' returned 0; elapsed 0Total elapsed time: 1.796 sec.
@I [HLS-100] Command "source D:/000_OFFICIAL_OV_VISION_PIPELINE_COLOR_2017/OV_7670/OV7670_Color/VIVADO_HLS/OV7670_LUMA_CHROMA/solution1/.autopilot/db/ov7670_LUMA_CHROMA.rtl_wrap.cfg.tcl "
@I [HLS-100] Command 'ap_source' returned 0; elapsed 0Total elapsed time: 1.796 sec.
@I [HLS-100] Command "source D:/000_OFFICIAL_OV_VISION_PIPELINE_COLOR_2017/OV_7670/OV7670_Color/VIVADO_HLS/OV7670_LUMA_CHROMA/solution1/.autopilot/db/ov7670_LUMA_CHROMA.tbgen.tcl "
@I [HLS-100] Command 'ap_source' returned 0; elapsed 0Total elapsed time: 1.796 sec.
@I [HLS-100] Command "source D:/000_OFFICIAL_OV_VISION_PIPELINE_COLOR_2017/OV_7670/OV7670_Color/VIVADO_HLS/OV7670_LUMA_CHROMA/solution1/.autopilot/db/ov7670_LUMA_CHROMA.tbgen.tcl "
@I [HLS-100] Command 'ap_source' returned 0; elapsed 0Total elapsed time: 1.796 sec.
@I [HLS-100] Command "source D:/000_OFFICIAL_OV_VISION_PIPELINE_COLOR_2017/OV_7670/OV7670_Color/VIVADO_HLS/OV7670_LUMA_CHROMA/solution1/.autopilot/db/ov7670_LUMA_CHROMA.rtl_wrap.cfg.tcl "
@I [HLS-100] Command 'ap_source' returned 0; elapsed 0Total elapsed time: 1.812 sec.
@I [HLS-100] Command "source D:/000_OFFICIAL_OV_VISION_PIPELINE_COLOR_2017/OV_7670/OV7670_Color/VIVADO_HLS/OV7670_LUMA_CHROMA/solution1/.autopilot/db/ov7670_LUMA_CHROMA.rtl_wrap.cfg.tcl "
@I [HLS-100] Command 'ap_source' returned 0; elapsed 0Total elapsed time: 1.812 sec.
@I [HLS-100] Command "source D:/000_OFFICIAL_OV_VISION_PIPELINE_COLOR_2017/OV_7670/OV7670_Color/VIVADO_HLS/OV7670_LUMA_CHROMA/solution1/.autopilot/db/ov7670_LUMA_CHROMA.tbgen.tcl "
@I [HLS-100] Command 'ap_source' returned 0; elapsed 0Total elapsed time: 1.812 sec.
@I [HLS-100] Command "source D:/000_OFFICIAL_OV_VISION_PIPELINE_COLOR_2017/OV_7670/OV7670_Color/VIVADO_HLS/OV7670_LUMA_CHROMA/solution1/.autopilot/db/ov7670_LUMA_CHROMA.tbgen.tcl "
@I [HLS-100] Command 'ap_source' returned 0; elapsed 0.047Total elapsed time: 1.859 sec.
@I [HLS-100] Command "source D:/000_OFFICIAL_OV_VISION_PIPELINE_COLOR_2017/OV_7670/OV7670_Color/VIVADO_HLS/OV7670_LUMA_CHROMA/solution1/.autopilot/db/ov7670_LUMA_CHROMA.constraint.tcl "
@I [HLS-100] Command 'ap_source' returned 0; elapsed 0Total elapsed time: 1.921 sec.
@I [HLS-100] Command "source D:/000_OFFICIAL_OV_VISION_PIPELINE_COLOR_2017/OV_7670/OV7670_Color/VIVADO_HLS/OV7670_LUMA_CHROMA/solution1/.autopilot/db/global.setting.tcl "
@I [HLS-100] Command 'ap_source' returned 0; elapsed 0Total elapsed time: 1.968 sec.
@I [HLS-100] Command "source D:/000_OFFICIAL_OV_VISION_PIPELINE_COLOR_2017/OV_7670/OV7670_Color/VIVADO_HLS/OV7670_LUMA_CHROMA/solution1/.autopilot/db/global.setting.tcl "
@I [HLS-100] Command 'ap_source' returned 0; elapsed 0Total elapsed time: 2.31 sec.
@I [HLS-100] Command "source D:/000_OFFICIAL_OV_VISION_PIPELINE_COLOR_2017/OV_7670/OV7670_Color/VIVADO_HLS/OV7670_LUMA_CHROMA/solution1/.autopilot/db/ov7670_LUMA_CHROMA.constraint.tcl "
@I [HLS-100] Command 'ap_source' returned 0; elapsed 0Total elapsed time: 2.31 sec.
@I [HLS-100] Command "source D:/000_OFFICIAL_OV_VISION_PIPELINE_COLOR_2017/OV_7670/OV7670_Color/VIVADO_HLS/OV7670_LUMA_CHROMA/solution1/.autopilot/db/ov7670_LUMA_CHROMA.constraint.tcl "
@I [HLS-100] Command 'ap_source' returned 0; elapsed 0Total elapsed time: 2.31 sec.
@I [HLS-100] Command "source D:/Xilinx/Vivado_HLS/2016.2/common/technology/generic/autopilot/common.gen "
@I [HLS-100] Command "source D:/Xilinx/Vivado_HLS/2016.2/common/technology/generic/autopilot/APCoreGen.gen "
@I [HLS-100] Command 'ap_source' returned 0; elapsed 0Total elapsed time: 2.46 sec.
@I [HLS-100] Command 'ap_source' returned 0; elapsed 0Total elapsed time: 2.46 sec.
@I [HLS-100] Command "source D:/Xilinx/Vivado_HLS/2016.2/common/technology/generic/autopilot/op.gen "
@I [HLS-100] Command 'ap_source' returned 0; elapsed 0Total elapsed time: 2.46 sec.
@I [HLS-100] Command "source D:/Xilinx/Vivado_HLS/2016.2/common/technology/generic/autopilot/op_simcore.gen "
@I [HLS-100] Command 'ap_source' returned 0; elapsed 0Total elapsed time: 2.46 sec.
@I [HLS-100] Command "source D:/Xilinx/Vivado_HLS/2016.2/common/technology/generic/autopilot/interface.gen "
@I [HLS-100] Command 'ap_source' returned 0; elapsed 0Total elapsed time: 2.46 sec.
@I [HLS-100] Command "source D:/000_OFFICIAL_OV_VISION_PIPELINE_COLOR_2017/OV_7670/OV7670_Color/VIVADO_HLS/OV7670_LUMA_CHROMA/solution1/.autopilot/db/global.setting.tcl "
@I [HLS-100] Command 'ap_source' returned 0; elapsed 0Total elapsed time: 2.46 sec.
@I [HLS-100] Command "source D:/Xilinx/Vivado_HLS/2016.2/common/technology/xilinx/zynq/zynq.gen "
@I [HLS-100] Command "source D:/Xilinx/Vivado_HLS/2016.2/common/technology/xilinx/common/virtex.gen "
@I [HLS-100] Command "source D:/Xilinx/Vivado_HLS/2016.2/common/technology/xilinx/common/xilinx.gen "
@I [HLS-100] Command "source D:/Xilinx/Vivado_HLS/2016.2/common/technology/xilinx/interface/plb46.gen "
@I [HLS-100] Command 'ap_source' returned 0; elapsed 0Total elapsed time: 2.46 sec.
@I [HLS-100] Command "source D:/Xilinx/Vivado_HLS/2016.2/common/technology/xilinx/interface/fsl.gen "
@I [HLS-100] Command 'ap_source' returned 0; elapsed 0Total elapsed time: 2.46 sec.
@I [HLS-100] Command "source D:/Xilinx/Vivado_HLS/2016.2/common/technology/xilinx/interface/axi4.gen "
@I [HLS-100] Command 'ap_source' returned 0; elapsed 0Total elapsed time: 2.46 sec.
@I [HLS-100] Command "source D:/Xilinx/Vivado_HLS/2016.2/common/technology/xilinx/interface/nativeAXI4.gen "
@I [HLS-100] Command "source D:/Xilinx/Vivado_HLS/2016.2/common/technology/xilinx/interface/saxilite.gen "
@I [HLS-100] Command 'ap_source' returned 0; elapsed 0.016Total elapsed time: 2.62 sec.
@I [HLS-100] Command "source D:/Xilinx/Vivado_HLS/2016.2/common/technology/xilinx/interface/maxi.gen "
@I [HLS-100] Command 'ap_source' returned 0; elapsed 0.015Total elapsed time: 2.78 sec.
@I [HLS-100] Command 'ap_source' returned 0; elapsed 0.047Total elapsed time: 2.93 sec.
@I [HLS-100] Command "source D:/Xilinx/Vivado_HLS/2016.2/common/technology/xilinx/scripts/xilinxcoregen.gen "
@I [HLS-100] Command 'ap_source' returned 0; elapsed 0Total elapsed time: 2.93 sec.
@I [HLS-100] Command "source D:/Xilinx/Vivado_HLS/2016.2/common/technology/xilinx/interface/XilEDKCoreGen.gen "
@I [HLS-100] Command 'ap_source' returned 0; elapsed 0.016Total elapsed time: 2.109 sec.
@I [HLS-100] Command "source D:/Xilinx/Vivado_HLS/2016.2/common/technology/xilinx/ip/dds_compiler.gen "
@I [HLS-100] Command 'ap_source' returned 0; elapsed 0Total elapsed time: 2.109 sec.
@I [HLS-100] Command "source D:/Xilinx/Vivado_HLS/2016.2/common/technology/xilinx/ip/util.gen "
@I [HLS-100] Command 'ap_source' returned 0; elapsed 0Total elapsed time: 2.109 sec.
@I [HLS-100] Command "source D:/Xilinx/Vivado_HLS/2016.2/common/technology/xilinx/ip/xfft.gen "
@I [HLS-100] Command 'ap_source' returned 0; elapsed 0.078Total elapsed time: 2.187 sec.
@I [HLS-100] Command "source D:/Xilinx/Vivado_HLS/2016.2/common/technology/xilinx/ip/xfir.gen "
@I [HLS-100] Command 'ap_source' returned 0; elapsed 0Total elapsed time: 2.187 sec.
@I [HLS-100] Command 'ap_source' returned 0; elapsed 0.141Total elapsed time: 2.187 sec.
@I [HLS-100] Command "source D:/Xilinx/Vivado_HLS/2016.2/common/technology/xilinx/common/dsp48.gen "
@I [HLS-100] Command 'ap_source' returned 0; elapsed 0Total elapsed time: 2.187 sec.
@I [HLS-100] Command 'ap_source' returned 0; elapsed 0.141Total elapsed time: 2.187 sec.
@I [HLS-100] Command 'ap_source' returned 0; elapsed 0.141Total elapsed time: 2.187 sec.
@I [HLS-100] Command "source D:/Xilinx/Vivado_HLS/2016.2/common/technology/xilinx/zynq/zynq_fpv6.gen "
@I [HLS-100] Command "source D:/Xilinx/Vivado_HLS/2016.2/common/technology/xilinx/common/xilinx_fpv6.gen "
@I [HLS-100] Command 'ap_source' returned 0; elapsed 0Total elapsed time: 2.187 sec.
@I [HLS-100] Command 'ap_source' returned 0; elapsed 0Total elapsed time: 2.187 sec.
@I [HLS-100] Command "source D:/000_OFFICIAL_OV_VISION_PIPELINE_COLOR_2017/OV_7670/OV7670_Color/VIVADO_HLS/OV7670_LUMA_CHROMA/solution1/.autopilot/db/global.setting.tcl "
@I [HLS-100] Command 'ap_source' returned 0; elapsed 0Total elapsed time: 7.343 sec.
@I [HLS-100] Command "source D:/Xilinx/Vivado_HLS/2016.2/common/technology/generic/autopilot/common.gen "
@I [HLS-100] Command "source D:/Xilinx/Vivado_HLS/2016.2/common/technology/generic/autopilot/APCoreGen.gen "
@I [HLS-100] Command 'ap_source' returned 0; elapsed 0Total elapsed time: 7.343 sec.
@I [HLS-100] Command 'ap_source' returned 0; elapsed 0Total elapsed time: 7.343 sec.
@I [HLS-100] Command "source D:/Xilinx/Vivado_HLS/2016.2/common/technology/generic/autopilot/op.gen "
@I [HLS-100] Command 'ap_source' returned 0; elapsed 0Total elapsed time: 7.343 sec.
@I [HLS-100] Command "source D:/Xilinx/Vivado_HLS/2016.2/common/technology/generic/autopilot/op_simcore.gen "
@I [HLS-100] Command 'ap_source' returned 0; elapsed 0Total elapsed time: 7.343 sec.
@I [HLS-100] Command "source D:/Xilinx/Vivado_HLS/2016.2/common/technology/generic/autopilot/interface.gen "
@I [HLS-100] Command 'ap_source' returned 0; elapsed 0Total elapsed time: 7.343 sec.
@I [HLS-100] Command "source D:/000_OFFICIAL_OV_VISION_PIPELINE_COLOR_2017/OV_7670/OV7670_Color/VIVADO_HLS/OV7670_LUMA_CHROMA/solution1/.autopilot/db/global.setting.tcl "
@I [HLS-100] Command 'ap_source' returned 0; elapsed 0Total elapsed time: 7.343 sec.
@I [HLS-100] Command "source D:/Xilinx/Vivado_HLS/2016.2/common/technology/xilinx/zynq/zynq.gen "
@I [HLS-100] Command "source D:/Xilinx/Vivado_HLS/2016.2/common/technology/xilinx/common/virtex.gen "
@I [HLS-100] Command "source D:/Xilinx/Vivado_HLS/2016.2/common/technology/xilinx/common/xilinx.gen "
@I [HLS-100] Command "source D:/Xilinx/Vivado_HLS/2016.2/common/technology/xilinx/interface/plb46.gen "
@I [HLS-100] Command 'ap_source' returned 0; elapsed 0Total elapsed time: 7.343 sec.
@I [HLS-100] Command "source D:/Xilinx/Vivado_HLS/2016.2/common/technology/xilinx/interface/fsl.gen "
@I [HLS-100] Command 'ap_source' returned 0; elapsed 0Total elapsed time: 7.343 sec.
@I [HLS-100] Command "source D:/Xilinx/Vivado_HLS/2016.2/common/technology/xilinx/interface/axi4.gen "
@I [HLS-100] Command 'ap_source' returned 0; elapsed 0Total elapsed time: 7.343 sec.
@I [HLS-100] Command "source D:/Xilinx/Vivado_HLS/2016.2/common/technology/xilinx/interface/nativeAXI4.gen "
@I [HLS-100] Command "source D:/Xilinx/Vivado_HLS/2016.2/common/technology/xilinx/interface/saxilite.gen "
@I [HLS-100] Command 'ap_source' returned 0; elapsed 0Total elapsed time: 7.343 sec.
@I [HLS-100] Command "source D:/Xilinx/Vivado_HLS/2016.2/common/technology/xilinx/interface/maxi.gen "
@I [HLS-100] Command 'ap_source' returned 0; elapsed 0.016Total elapsed time: 7.359 sec.
@I [HLS-100] Command 'ap_source' returned 0; elapsed 0.016Total elapsed time: 7.359 sec.
@I [HLS-100] Command "source D:/Xilinx/Vivado_HLS/2016.2/common/technology/xilinx/scripts/xilinxcoregen.gen "
@I [HLS-100] Command 'ap_source' returned 0; elapsed 0Total elapsed time: 7.359 sec.
@I [HLS-100] Command "source D:/Xilinx/Vivado_HLS/2016.2/common/technology/xilinx/interface/XilEDKCoreGen.gen "
@I [HLS-100] Command 'ap_source' returned 0; elapsed 0.015Total elapsed time: 7.375 sec.
@I [HLS-100] Command "source D:/Xilinx/Vivado_HLS/2016.2/common/technology/xilinx/ip/dds_compiler.gen "
@I [HLS-100] Command 'ap_source' returned 0; elapsed 0Total elapsed time: 7.375 sec.
@I [HLS-100] Command "source D:/Xilinx/Vivado_HLS/2016.2/common/technology/xilinx/ip/util.gen "
@I [HLS-100] Command 'ap_source' returned 0; elapsed 0Total elapsed time: 7.375 sec.
@I [HLS-100] Command "source D:/Xilinx/Vivado_HLS/2016.2/common/technology/xilinx/ip/xfft.gen "
@I [HLS-100] Command 'ap_source' returned 0; elapsed 0.078Total elapsed time: 7.453 sec.
@I [HLS-100] Command "source D:/Xilinx/Vivado_HLS/2016.2/common/technology/xilinx/ip/xfir.gen "
@I [HLS-100] Command 'ap_source' returned 0; elapsed 0Total elapsed time: 7.453 sec.
@I [HLS-100] Command 'ap_source' returned 0; elapsed 0.109Total elapsed time: 7.453 sec.
@I [HLS-100] Command "source D:/Xilinx/Vivado_HLS/2016.2/common/technology/xilinx/common/dsp48.gen "
@I [HLS-100] Command 'ap_source' returned 0; elapsed 0Total elapsed time: 7.453 sec.
@I [HLS-100] Command 'ap_source' returned 0; elapsed 0.109Total elapsed time: 7.453 sec.
@I [HLS-100] Command 'ap_source' returned 0; elapsed 0.109Total elapsed time: 7.453 sec.
@I [HLS-100] Command "source D:/Xilinx/Vivado_HLS/2016.2/common/technology/xilinx/zynq/zynq_fpv6.gen "
@I [HLS-100] Command "source D:/Xilinx/Vivado_HLS/2016.2/common/technology/xilinx/common/xilinx_fpv6.gen "
@I [HLS-100] Command 'ap_source' returned 0; elapsed 0Total elapsed time: 7.453 sec.
@I [HLS-100] Command 'ap_source' returned 0; elapsed 0Total elapsed time: 7.453 sec.
@I [HLS-100] Command "source D:/000_OFFICIAL_OV_VISION_PIPELINE_COLOR_2017/OV_7670/OV7670_Color/VIVADO_HLS/OV7670_LUMA_CHROMA/solution1/.autopilot/db/global.setting.tcl "
@I [HLS-100] Command 'ap_source' returned 0; elapsed 0Total elapsed time: 7.500 sec.
@I [HLS-100] Command "source D:/000_OFFICIAL_OV_VISION_PIPELINE_COLOR_2017/OV_7670/OV7670_Color/VIVADO_HLS/OV7670_LUMA_CHROMA/solution1/.autopilot/db/global.setting.tcl "
@I [HLS-100] Command 'ap_source' returned 0; elapsed 0Total elapsed time: 7.515 sec.
@I [HLS-100] Command "source D:/000_OFFICIAL_OV_VISION_PIPELINE_COLOR_2017/OV_7670/OV7670_Color/VIVADO_HLS/OV7670_LUMA_CHROMA/solution1/.autopilot/db/global.setting.tcl "
@I [HLS-100] Command 'ap_source' returned 0; elapsed 0Total elapsed time: 7.531 sec.
@I [HLS-100] Command "source D:/Xilinx/Vivado_HLS/2016.2/common/technology/generic/autopilot/common.gen "
@I [HLS-100] Command "source D:/Xilinx/Vivado_HLS/2016.2/common/technology/generic/autopilot/APCoreGen.gen "
@I [HLS-100] Command 'ap_source' returned 0; elapsed 0Total elapsed time: 7.531 sec.
@I [HLS-100] Command 'ap_source' returned 0; elapsed 0Total elapsed time: 7.531 sec.
@I [HLS-100] Command "source D:/Xilinx/Vivado_HLS/2016.2/common/technology/generic/autopilot/op.gen "
@I [HLS-100] Command 'ap_source' returned 0; elapsed 0Total elapsed time: 7.531 sec.
@I [HLS-100] Command "source D:/Xilinx/Vivado_HLS/2016.2/common/technology/generic/autopilot/op_simcore.gen "
@I [HLS-100] Command 'ap_source' returned 0; elapsed 0.015Total elapsed time: 7.547 sec.
@I [HLS-100] Command "source D:/Xilinx/Vivado_HLS/2016.2/common/technology/generic/autopilot/interface.gen "
@I [HLS-100] Command 'ap_source' returned 0; elapsed 0Total elapsed time: 7.547 sec.
@I [HLS-100] Command "source D:/000_OFFICIAL_OV_VISION_PIPELINE_COLOR_2017/OV_7670/OV7670_Color/VIVADO_HLS/OV7670_LUMA_CHROMA/solution1/.autopilot/db/global.setting.tcl "
@I [HLS-100] Command 'ap_source' returned 0; elapsed 0.047Total elapsed time: 7.593 sec.
@I [HLS-100] Command "source D:/Xilinx/Vivado_HLS/2016.2/common/technology/xilinx/zynq/zynq.gen "
@I [HLS-100] Command "source D:/Xilinx/Vivado_HLS/2016.2/common/technology/xilinx/common/virtex.gen "
@I [HLS-100] Command "source D:/Xilinx/Vivado_HLS/2016.2/common/technology/xilinx/common/xilinx.gen "
@I [HLS-100] Command "source D:/Xilinx/Vivado_HLS/2016.2/common/technology/xilinx/interface/plb46.gen "
@I [HLS-100] Command 'ap_source' returned 0; elapsed 0Total elapsed time: 7.593 sec.
@I [HLS-100] Command "source D:/Xilinx/Vivado_HLS/2016.2/common/technology/xilinx/interface/fsl.gen "
@I [HLS-100] Command 'ap_source' returned 0; elapsed 0Total elapsed time: 7.593 sec.
@I [HLS-100] Command "source D:/Xilinx/Vivado_HLS/2016.2/common/technology/xilinx/interface/axi4.gen "
@I [HLS-100] Command 'ap_source' returned 0; elapsed 0.016Total elapsed time: 7.609 sec.
@I [HLS-100] Command "source D:/Xilinx/Vivado_HLS/2016.2/common/technology/xilinx/interface/nativeAXI4.gen "
@I [HLS-100] Command "source D:/Xilinx/Vivado_HLS/2016.2/common/technology/xilinx/interface/saxilite.gen "
@I [HLS-100] Command 'ap_source' returned 0; elapsed 0.015Total elapsed time: 7.625 sec.
@I [HLS-100] Command "source D:/Xilinx/Vivado_HLS/2016.2/common/technology/xilinx/interface/maxi.gen "
@I [HLS-100] Command 'ap_source' returned 0; elapsed 0Total elapsed time: 7.625 sec.
@I [HLS-100] Command 'ap_source' returned 0; elapsed 0.015Total elapsed time: 7.625 sec.
@I [HLS-100] Command "source D:/Xilinx/Vivado_HLS/2016.2/common/technology/xilinx/scripts/xilinxcoregen.gen "
@I [HLS-100] Command 'ap_source' returned 0; elapsed 0.016Total elapsed time: 7.640 sec.
@I [HLS-100] Command "source D:/Xilinx/Vivado_HLS/2016.2/common/technology/xilinx/interface/XilEDKCoreGen.gen "
@I [HLS-100] Command 'ap_source' returned 0; elapsed 0.016Total elapsed time: 7.656 sec.
@I [HLS-100] Command "source D:/Xilinx/Vivado_HLS/2016.2/common/technology/xilinx/ip/dds_compiler.gen "
@I [HLS-100] Command 'ap_source' returned 0; elapsed 0Total elapsed time: 7.656 sec.
@I [HLS-100] Command "source D:/Xilinx/Vivado_HLS/2016.2/common/technology/xilinx/ip/util.gen "
@I [HLS-100] Command 'ap_source' returned 0; elapsed 0Total elapsed time: 7.656 sec.
@I [HLS-100] Command "source D:/Xilinx/Vivado_HLS/2016.2/common/technology/xilinx/ip/xfft.gen "
@I [HLS-100] Command 'ap_source' returned 0; elapsed 0.078Total elapsed time: 7.734 sec.
@I [HLS-100] Command "source D:/Xilinx/Vivado_HLS/2016.2/common/technology/xilinx/ip/xfir.gen "
@I [HLS-100] Command 'ap_source' returned 0; elapsed 0Total elapsed time: 7.734 sec.
@I [HLS-100] Command 'ap_source' returned 0; elapsed 0.141Total elapsed time: 7.734 sec.
@I [HLS-100] Command "source D:/Xilinx/Vivado_HLS/2016.2/common/technology/xilinx/common/dsp48.gen "
@I [HLS-100] Command 'ap_source' returned 0; elapsed 0Total elapsed time: 7.734 sec.
@I [HLS-100] Command 'ap_source' returned 0; elapsed 0.141Total elapsed time: 7.734 sec.
@I [HLS-100] Command 'ap_source' returned 0; elapsed 0.141Total elapsed time: 7.734 sec.
@I [HLS-100] Command "source D:/Xilinx/Vivado_HLS/2016.2/common/technology/xilinx/zynq/zynq_fpv6.gen "
@I [HLS-100] Command "source D:/Xilinx/Vivado_HLS/2016.2/common/technology/xilinx/common/xilinx_fpv6.gen "
@I [HLS-100] Command 'ap_source' returned 0; elapsed 0Total elapsed time: 7.734 sec.
@I [HLS-100] Command 'ap_source' returned 0; elapsed 0Total elapsed time: 7.734 sec.
@I [HLS-100] Command "source D:/000_OFFICIAL_OV_VISION_PIPELINE_COLOR_2017/OV_7670/OV7670_Color/VIVADO_HLS/OV7670_LUMA_CHROMA/solution1/.autopilot/db/global.setting.tcl "
@I [HLS-100] Command 'ap_source' returned 0; elapsed 0Total elapsed time: 7.765 sec.
@I [HLS-100] Command "source D:/000_OFFICIAL_OV_VISION_PIPELINE_COLOR_2017/OV_7670/OV7670_Color/VIVADO_HLS/OV7670_LUMA_CHROMA/solution1/.autopilot/db/global.setting.tcl "
@I [HLS-100] Command 'ap_source' returned 0; elapsed 0Total elapsed time: 7.765 sec.
@I [HLS-100] Command "source D:/000_OFFICIAL_OV_VISION_PIPELINE_COLOR_2017/OV_7670/OV7670_Color/VIVADO_HLS/OV7670_LUMA_CHROMA/solution1/.autopilot/db/ov7670_LUMA_CHROMA.compgen.tcl "
@I [HLS-100] Command 'ap_source' returned 0; elapsed 0Total elapsed time: 7.765 sec.
@I [HLS-100] Command "source D:/000_OFFICIAL_OV_VISION_PIPELINE_COLOR_2017/OV_7670/OV7670_Color/VIVADO_HLS/OV7670_LUMA_CHROMA/solution1/.autopilot/db/global.setting.tcl "
@I [HLS-100] Command 'ap_source' returned 0; elapsed 0Total elapsed time: 7.797 sec.
@I [HLS-100] Command "source D:/000_OFFICIAL_OV_VISION_PIPELINE_COLOR_2017/OV_7670/OV7670_Color/VIVADO_HLS/OV7670_LUMA_CHROMA/solution1/.autopilot/db/ov7670_LUMA_CHROMA.constraint.tcl "
@I [HLS-100] Command 'ap_source' returned 0; elapsed 0Total elapsed time: 7.797 sec.
@I [HLS-100] Command "source D:/Xilinx/Vivado_HLS/2016.2/common/technology/generic/autopilot/common.gen "
@I [HLS-100] Command "source D:/Xilinx/Vivado_HLS/2016.2/common/technology/generic/autopilot/APCoreGen.gen "
@I [HLS-100] Command 'ap_source' returned 0; elapsed 0.016Total elapsed time: 7.812 sec.
@I [HLS-100] Command 'ap_source' returned 0; elapsed 0.016Total elapsed time: 7.812 sec.
@I [HLS-100] Command "source D:/Xilinx/Vivado_HLS/2016.2/common/technology/generic/autopilot/op.gen "
@I [HLS-100] Command 'ap_source' returned 0; elapsed 0Total elapsed time: 7.812 sec.
@I [HLS-100] Command "source D:/Xilinx/Vivado_HLS/2016.2/common/technology/generic/autopilot/op_simcore.gen "
@I [HLS-100] Command 'ap_source' returned 0; elapsed 0Total elapsed time: 7.812 sec.
@I [HLS-100] Command "source D:/Xilinx/Vivado_HLS/2016.2/common/technology/generic/autopilot/interface.gen "
@I [HLS-100] Command 'ap_source' returned 0; elapsed 0Total elapsed time: 7.812 sec.
@I [HLS-100] Command "source D:/000_OFFICIAL_OV_VISION_PIPELINE_COLOR_2017/OV_7670/OV7670_Color/VIVADO_HLS/OV7670_LUMA_CHROMA/solution1/.autopilot/db/global.setting.tcl "
@I [HLS-100] Command 'ap_source' returned 0; elapsed 0Total elapsed time: 7.812 sec.
@I [HLS-100] Command "source D:/Xilinx/Vivado_HLS/2016.2/common/technology/xilinx/zynq/zynq.gen "
@I [HLS-100] Command "source D:/Xilinx/Vivado_HLS/2016.2/common/technology/xilinx/common/virtex.gen "
@I [HLS-100] Command "source D:/Xilinx/Vivado_HLS/2016.2/common/technology/xilinx/common/xilinx.gen "
@I [HLS-100] Command "source D:/Xilinx/Vivado_HLS/2016.2/common/technology/xilinx/interface/plb46.gen "
@I [HLS-100] Command 'ap_source' returned 0; elapsed 0Total elapsed time: 7.812 sec.
@I [HLS-100] Command "source D:/Xilinx/Vivado_HLS/2016.2/common/technology/xilinx/interface/fsl.gen "
@I [HLS-100] Command 'ap_source' returned 0; elapsed 0Total elapsed time: 7.812 sec.
@I [HLS-100] Command "source D:/Xilinx/Vivado_HLS/2016.2/common/technology/xilinx/interface/axi4.gen "
@I [HLS-100] Command 'ap_source' returned 0; elapsed 0Total elapsed time: 7.812 sec.
@I [HLS-100] Command "source D:/Xilinx/Vivado_HLS/2016.2/common/technology/xilinx/interface/nativeAXI4.gen "
@I [HLS-100] Command "source D:/Xilinx/Vivado_HLS/2016.2/common/technology/xilinx/interface/saxilite.gen "
@I [HLS-100] Command 'ap_source' returned 0; elapsed 0Total elapsed time: 7.812 sec.
@I [HLS-100] Command "source D:/Xilinx/Vivado_HLS/2016.2/common/technology/xilinx/interface/maxi.gen "
@I [HLS-100] Command 'ap_source' returned 0; elapsed 0Total elapsed time: 7.812 sec.
@I [HLS-100] Command 'ap_source' returned 0; elapsed 0Total elapsed time: 7.812 sec.
@I [HLS-100] Command "source D:/Xilinx/Vivado_HLS/2016.2/common/technology/xilinx/scripts/xilinxcoregen.gen "
@I [HLS-100] Command 'ap_source' returned 0; elapsed 0.015Total elapsed time: 7.828 sec.
@I [HLS-100] Command "source D:/Xilinx/Vivado_HLS/2016.2/common/technology/xilinx/interface/XilEDKCoreGen.gen "
@I [HLS-100] Command 'ap_source' returned 0; elapsed 0Total elapsed time: 7.828 sec.
@I [HLS-100] Command "source D:/Xilinx/Vivado_HLS/2016.2/common/technology/xilinx/ip/dds_compiler.gen "
@I [HLS-100] Command 'ap_source' returned 0; elapsed 0.016Total elapsed time: 7.843 sec.
@I [HLS-100] Command "source D:/Xilinx/Vivado_HLS/2016.2/common/technology/xilinx/ip/util.gen "
@I [HLS-100] Command 'ap_source' returned 0; elapsed 0Total elapsed time: 7.843 sec.
@I [HLS-100] Command "source D:/Xilinx/Vivado_HLS/2016.2/common/technology/xilinx/ip/xfft.gen "
@I [HLS-100] Command 'ap_source' returned 0; elapsed 0.063Total elapsed time: 7.906 sec.
@I [HLS-100] Command "source D:/Xilinx/Vivado_HLS/2016.2/common/technology/xilinx/ip/xfir.gen "
@I [HLS-100] Command 'ap_source' returned 0; elapsed 0Total elapsed time: 7.906 sec.
@I [HLS-100] Command 'ap_source' returned 0; elapsed 0.094Total elapsed time: 7.906 sec.
@I [HLS-100] Command "source D:/Xilinx/Vivado_HLS/2016.2/common/technology/xilinx/common/dsp48.gen "
@I [HLS-100] Command 'ap_source' returned 0; elapsed 0Total elapsed time: 7.906 sec.
@I [HLS-100] Command 'ap_source' returned 0; elapsed 0.094Total elapsed time: 7.906 sec.
@I [HLS-100] Command 'ap_source' returned 0; elapsed 0.094Total elapsed time: 7.906 sec.
@I [HLS-100] Command "source D:/Xilinx/Vivado_HLS/2016.2/common/technology/xilinx/zynq/zynq_fpv6.gen "
@I [HLS-100] Command "source D:/Xilinx/Vivado_HLS/2016.2/common/technology/xilinx/common/xilinx_fpv6.gen "
@I [HLS-100] Command 'ap_source' returned 0; elapsed 0.015Total elapsed time: 7.922 sec.
@I [HLS-100] Command 'ap_source' returned 0; elapsed 0.015Total elapsed time: 7.922 sec.
@I [HLS-100] Command "source D:/000_OFFICIAL_OV_VISION_PIPELINE_COLOR_2017/OV_7670/OV7670_Color/VIVADO_HLS/OV7670_LUMA_CHROMA/solution1/.autopilot/db/global.setting.tcl "
@I [HLS-100] Command 'ap_source' returned 0; elapsed 0.015Total elapsed time: 8.0 sec.
@I [HLS-100] Command "source D:/000_OFFICIAL_OV_VISION_PIPELINE_COLOR_2017/OV_7670/OV7670_Color/VIVADO_HLS/OV7670_LUMA_CHROMA/solution1/.autopilot/db/global.setting.tcl "
@I [HLS-100] Command 'ap_source' returned 0; elapsed 0Total elapsed time: 12.234 sec.
@I [HLS-100] Command "source D:/Xilinx/Vivado_HLS/2016.2/common/technology/generic/autopilot/common.gen "
@I [HLS-100] Command "source D:/Xilinx/Vivado_HLS/2016.2/common/technology/generic/autopilot/APCoreGen.gen "
@I [HLS-100] Command 'ap_source' returned 0; elapsed 0Total elapsed time: 12.234 sec.
@I [HLS-100] Command 'ap_source' returned 0; elapsed 0Total elapsed time: 12.234 sec.
@I [HLS-100] Command "source D:/Xilinx/Vivado_HLS/2016.2/common/technology/generic/autopilot/op.gen "
@I [HLS-100] Command 'ap_source' returned 0; elapsed 0Total elapsed time: 12.234 sec.
@I [HLS-100] Command "source D:/Xilinx/Vivado_HLS/2016.2/common/technology/generic/autopilot/op_simcore.gen "
@I [HLS-100] Command 'ap_source' returned 0; elapsed 0Total elapsed time: 12.234 sec.
@I [HLS-100] Command "source D:/Xilinx/Vivado_HLS/2016.2/common/technology/generic/autopilot/interface.gen "
@I [HLS-100] Command 'ap_source' returned 0; elapsed 0Total elapsed time: 12.234 sec.
@I [HLS-100] Command "source D:/000_OFFICIAL_OV_VISION_PIPELINE_COLOR_2017/OV_7670/OV7670_Color/VIVADO_HLS/OV7670_LUMA_CHROMA/solution1/.autopilot/db/global.setting.tcl "
@I [HLS-100] Command 'ap_source' returned 0; elapsed 0Total elapsed time: 12.234 sec.
@I [HLS-100] Command "source D:/Xilinx/Vivado_HLS/2016.2/common/technology/xilinx/zynq/zynq.gen "
@I [HLS-100] Command "source D:/Xilinx/Vivado_HLS/2016.2/common/technology/xilinx/common/virtex.gen "
@I [HLS-100] Command "source D:/Xilinx/Vivado_HLS/2016.2/common/technology/xilinx/common/xilinx.gen "
@I [HLS-100] Command "source D:/Xilinx/Vivado_HLS/2016.2/common/technology/xilinx/interface/plb46.gen "
@I [HLS-100] Command 'ap_source' returned 0; elapsed 0Total elapsed time: 12.234 sec.
@I [HLS-100] Command "source D:/Xilinx/Vivado_HLS/2016.2/common/technology/xilinx/interface/fsl.gen "
@I [HLS-100] Command 'ap_source' returned 0; elapsed 0Total elapsed time: 12.234 sec.
@I [HLS-100] Command "source D:/Xilinx/Vivado_HLS/2016.2/common/technology/xilinx/interface/axi4.gen "
@I [HLS-100] Command 'ap_source' returned 0; elapsed 0Total elapsed time: 12.234 sec.
@I [HLS-100] Command "source D:/Xilinx/Vivado_HLS/2016.2/common/technology/xilinx/interface/nativeAXI4.gen "
@I [HLS-100] Command "source D:/Xilinx/Vivado_HLS/2016.2/common/technology/xilinx/interface/saxilite.gen "
@I [HLS-100] Command 'ap_source' returned 0; elapsed 0.015Total elapsed time: 12.250 sec.
@I [HLS-100] Command "source D:/Xilinx/Vivado_HLS/2016.2/common/technology/xilinx/interface/maxi.gen "
@I [HLS-100] Command 'ap_source' returned 0; elapsed 0Total elapsed time: 12.250 sec.
@I [HLS-100] Command 'ap_source' returned 0; elapsed 0.015Total elapsed time: 12.250 sec.
@I [HLS-100] Command "source D:/Xilinx/Vivado_HLS/2016.2/common/technology/xilinx/scripts/xilinxcoregen.gen "
@I [HLS-100] Command 'ap_source' returned 0; elapsed 0.016Total elapsed time: 12.265 sec.
@I [HLS-100] Command "source D:/Xilinx/Vivado_HLS/2016.2/common/technology/xilinx/interface/XilEDKCoreGen.gen "
@I [HLS-100] Command 'ap_source' returned 0; elapsed 0Total elapsed time: 12.265 sec.
@I [HLS-100] Command "source D:/Xilinx/Vivado_HLS/2016.2/common/technology/xilinx/ip/dds_compiler.gen "
@I [HLS-100] Command 'ap_source' returned 0; elapsed 0Total elapsed time: 12.265 sec.
@I [HLS-100] Command "source D:/Xilinx/Vivado_HLS/2016.2/common/technology/xilinx/ip/util.gen "
@I [HLS-100] Command 'ap_source' returned 0; elapsed 0Total elapsed time: 12.265 sec.
@I [HLS-100] Command "source D:/Xilinx/Vivado_HLS/2016.2/common/technology/xilinx/ip/xfft.gen "
@I [HLS-100] Command 'ap_source' returned 0; elapsed 0.094Total elapsed time: 12.359 sec.
@I [HLS-100] Command "source D:/Xilinx/Vivado_HLS/2016.2/common/technology/xilinx/ip/xfir.gen "
@I [HLS-100] Command 'ap_source' returned 0; elapsed 0Total elapsed time: 12.359 sec.
@I [HLS-100] Command 'ap_source' returned 0; elapsed 0.125Total elapsed time: 12.359 sec.
@I [HLS-100] Command "source D:/Xilinx/Vivado_HLS/2016.2/common/technology/xilinx/common/dsp48.gen "
@I [HLS-100] Command 'ap_source' returned 0; elapsed 0Total elapsed time: 12.359 sec.
@I [HLS-100] Command 'ap_source' returned 0; elapsed 0.125Total elapsed time: 12.359 sec.
@I [HLS-100] Command 'ap_source' returned 0; elapsed 0.125Total elapsed time: 12.359 sec.
@I [HLS-100] Command "source D:/Xilinx/Vivado_HLS/2016.2/common/technology/xilinx/zynq/zynq_fpv6.gen "
@I [HLS-100] Command "source D:/Xilinx/Vivado_HLS/2016.2/common/technology/xilinx/common/xilinx_fpv6.gen "
@I [HLS-100] Command 'ap_source' returned 0; elapsed 0.015Total elapsed time: 12.375 sec.
@I [HLS-100] Command 'ap_source' returned 0; elapsed 0.015Total elapsed time: 12.375 sec.
@I [HLS-100] Command "source D:/000_OFFICIAL_OV_VISION_PIPELINE_COLOR_2017/OV_7670/OV7670_Color/VIVADO_HLS/OV7670_LUMA_CHROMA/solution1/.autopilot/db/global.setting.tcl "
@I [HLS-100] Command 'ap_source' returned 0; elapsed 0Total elapsed time: 12.453 sec.
@I [HLS-100] Command "source D:/000_OFFICIAL_OV_VISION_PIPELINE_COLOR_2017/OV_7670/OV7670_Color/VIVADO_HLS/OV7670_LUMA_CHROMA/solution1/.autopilot/db/global.setting.tcl "
@I [HLS-100] Command 'ap_source' returned 0; elapsed 0Total elapsed time: 12.453 sec.
@I [HLS-100] Command "source D:/000_OFFICIAL_OV_VISION_PIPELINE_COLOR_2017/OV_7670/OV7670_Color/VIVADO_HLS/OV7670_LUMA_CHROMA/solution1/.autopilot/db/global.setting.tcl "
@I [HLS-100] Command 'ap_source' returned 0; elapsed 0Total elapsed time: 12.469 sec.
@I [HLS-100] Command "source D:/Xilinx/Vivado_HLS/2016.2/common/technology/generic/autopilot/common.gen "
@I [HLS-100] Command "source D:/Xilinx/Vivado_HLS/2016.2/common/technology/generic/autopilot/APCoreGen.gen "
@I [HLS-100] Command 'ap_source' returned 0; elapsed 0.016Total elapsed time: 12.484 sec.
@I [HLS-100] Command 'ap_source' returned 0; elapsed 0.016Total elapsed time: 12.484 sec.
@I [HLS-100] Command "source D:/Xilinx/Vivado_HLS/2016.2/common/technology/generic/autopilot/op.gen "
@I [HLS-100] Command 'ap_source' returned 0; elapsed 0Total elapsed time: 12.484 sec.
@I [HLS-100] Command "source D:/Xilinx/Vivado_HLS/2016.2/common/technology/generic/autopilot/op_simcore.gen "
@I [HLS-100] Command 'ap_source' returned 0; elapsed 0Total elapsed time: 12.484 sec.
@I [HLS-100] Command "source D:/Xilinx/Vivado_HLS/2016.2/common/technology/generic/autopilot/interface.gen "
@I [HLS-100] Command 'ap_source' returned 0; elapsed 0Total elapsed time: 12.484 sec.
@I [HLS-100] Command "source D:/000_OFFICIAL_OV_VISION_PIPELINE_COLOR_2017/OV_7670/OV7670_Color/VIVADO_HLS/OV7670_LUMA_CHROMA/solution1/.autopilot/db/global.setting.tcl "
@I [HLS-100] Command 'ap_source' returned 0; elapsed 0.031Total elapsed time: 12.515 sec.
@I [HLS-100] Command "source D:/Xilinx/Vivado_HLS/2016.2/common/technology/xilinx/zynq/zynq.gen "
@I [HLS-100] Command "source D:/Xilinx/Vivado_HLS/2016.2/common/technology/xilinx/common/virtex.gen "
@I [HLS-100] Command "source D:/Xilinx/Vivado_HLS/2016.2/common/technology/xilinx/common/xilinx.gen "
@I [HLS-100] Command "source D:/Xilinx/Vivado_HLS/2016.2/common/technology/xilinx/interface/plb46.gen "
@I [HLS-100] Command 'ap_source' returned 0; elapsed 0.016Total elapsed time: 12.531 sec.
@I [HLS-100] Command "source D:/Xilinx/Vivado_HLS/2016.2/common/technology/xilinx/interface/fsl.gen "
@I [HLS-100] Command 'ap_source' returned 0; elapsed 0Total elapsed time: 12.531 sec.
@I [HLS-100] Command "source D:/Xilinx/Vivado_HLS/2016.2/common/technology/xilinx/interface/axi4.gen "
@I [HLS-100] Command 'ap_source' returned 0; elapsed 0Total elapsed time: 12.531 sec.
@I [HLS-100] Command "source D:/Xilinx/Vivado_HLS/2016.2/common/technology/xilinx/interface/nativeAXI4.gen "
@I [HLS-100] Command "source D:/Xilinx/Vivado_HLS/2016.2/common/technology/xilinx/interface/saxilite.gen "
@I [HLS-100] Command 'ap_source' returned 0; elapsed 0Total elapsed time: 12.531 sec.
@I [HLS-100] Command "source D:/Xilinx/Vivado_HLS/2016.2/common/technology/xilinx/interface/maxi.gen "
@I [HLS-100] Command 'ap_source' returned 0; elapsed 0.015Total elapsed time: 12.547 sec.
@I [HLS-100] Command 'ap_source' returned 0; elapsed 0.015Total elapsed time: 12.547 sec.
@I [HLS-100] Command "source D:/Xilinx/Vivado_HLS/2016.2/common/technology/xilinx/scripts/xilinxcoregen.gen "
@I [HLS-100] Command 'ap_source' returned 0; elapsed 0.016Total elapsed time: 12.562 sec.
@I [HLS-100] Command "source D:/Xilinx/Vivado_HLS/2016.2/common/technology/xilinx/interface/XilEDKCoreGen.gen "
@I [HLS-100] Command 'ap_source' returned 0; elapsed 0Total elapsed time: 12.562 sec.
@I [HLS-100] Command "source D:/Xilinx/Vivado_HLS/2016.2/common/technology/xilinx/ip/dds_compiler.gen "
@I [HLS-100] Command 'ap_source' returned 0; elapsed 0Total elapsed time: 12.562 sec.
@I [HLS-100] Command "source D:/Xilinx/Vivado_HLS/2016.2/common/technology/xilinx/ip/util.gen "
@I [HLS-100] Command 'ap_source' returned 0; elapsed 0.016Total elapsed time: 12.578 sec.
@I [HLS-100] Command "source D:/Xilinx/Vivado_HLS/2016.2/common/technology/xilinx/ip/xfft.gen "
@I [HLS-100] Command 'ap_source' returned 0; elapsed 0.062Total elapsed time: 12.640 sec.
@I [HLS-100] Command "source D:/Xilinx/Vivado_HLS/2016.2/common/technology/xilinx/ip/xfir.gen "
@I [HLS-100] Command 'ap_source' returned 0; elapsed 0Total elapsed time: 12.640 sec.
@I [HLS-100] Command 'ap_source' returned 0; elapsed 0.125Total elapsed time: 12.640 sec.
@I [HLS-100] Command "source D:/Xilinx/Vivado_HLS/2016.2/common/technology/xilinx/common/dsp48.gen "
@I [HLS-100] Command 'ap_source' returned 0; elapsed 0Total elapsed time: 12.640 sec.
@I [HLS-100] Command 'ap_source' returned 0; elapsed 0.125Total elapsed time: 12.640 sec.
@I [HLS-100] Command 'ap_source' returned 0; elapsed 0.125Total elapsed time: 12.640 sec.
@I [HLS-100] Command "source D:/Xilinx/Vivado_HLS/2016.2/common/technology/xilinx/zynq/zynq_fpv6.gen "
@I [HLS-100] Command "source D:/Xilinx/Vivado_HLS/2016.2/common/technology/xilinx/common/xilinx_fpv6.gen "
@I [HLS-100] Command 'ap_source' returned 0; elapsed 0.016Total elapsed time: 12.656 sec.
@I [HLS-100] Command 'ap_source' returned 0; elapsed 0.016Total elapsed time: 12.656 sec.
@I [HLS-100] Command "source D:/000_OFFICIAL_OV_VISION_PIPELINE_COLOR_2017/OV_7670/OV7670_Color/VIVADO_HLS/OV7670_LUMA_CHROMA/solution1/.autopilot/db/global.setting.tcl "
@I [HLS-100] Command 'ap_source' returned 0; elapsed 0Total elapsed time: 12.687 sec.
@I [HLS-100] Command "source D:/000_OFFICIAL_OV_VISION_PIPELINE_COLOR_2017/OV_7670/OV7670_Color/VIVADO_HLS/OV7670_LUMA_CHROMA/solution1/.autopilot/db/global.setting.tcl "
@I [HLS-100] Command 'ap_source' returned 0; elapsed 0Total elapsed time: 12.687 sec.
@I [HLS-100] Command "source D:/000_OFFICIAL_OV_VISION_PIPELINE_COLOR_2017/OV_7670/OV7670_Color/VIVADO_HLS/OV7670_LUMA_CHROMA/solution1/.autopilot/db/ov7670_LUMA_CHROMA.compgen.tcl "
@I [HLS-100] Command 'ap_source' returned 0; elapsed 0Total elapsed time: 12.687 sec.
@I [HLS-100] Command "source D:/000_OFFICIAL_OV_VISION_PIPELINE_COLOR_2017/OV_7670/OV7670_Color/VIVADO_HLS/OV7670_LUMA_CHROMA/solution1/.autopilot/db/global.setting.tcl "
@I [HLS-100] Command 'ap_source' returned 0; elapsed 0Total elapsed time: 12.797 sec.
@I [HLS-100] Command "source D:/000_OFFICIAL_OV_VISION_PIPELINE_COLOR_2017/OV_7670/OV7670_Color/VIVADO_HLS/OV7670_LUMA_CHROMA/solution1/.autopilot/db/ov7670_LUMA_CHROMA.constraint.tcl "
@I [HLS-100] Command 'ap_source' returned 0; elapsed 0Total elapsed time: 12.797 sec.
@I [HLS-100] Command "source D:/Xilinx/Vivado_HLS/2016.2/common/technology/generic/autopilot/common.gen "
@I [HLS-100] Command "source D:/Xilinx/Vivado_HLS/2016.2/common/technology/generic/autopilot/APCoreGen.gen "
@I [HLS-100] Command 'ap_source' returned 0; elapsed 0Total elapsed time: 12.828 sec.
@I [HLS-100] Command 'ap_source' returned 0; elapsed 0Total elapsed time: 12.828 sec.
@I [HLS-100] Command "source D:/Xilinx/Vivado_HLS/2016.2/common/technology/generic/autopilot/op.gen "
@I [HLS-100] Command 'ap_source' returned 0; elapsed 0Total elapsed time: 12.828 sec.
@I [HLS-100] Command "source D:/Xilinx/Vivado_HLS/2016.2/common/technology/generic/autopilot/op_simcore.gen "
@I [HLS-100] Command 'ap_source' returned 0; elapsed 0Total elapsed time: 12.828 sec.
@I [HLS-100] Command "source D:/Xilinx/Vivado_HLS/2016.2/common/technology/generic/autopilot/interface.gen "
@I [HLS-100] Command 'ap_source' returned 0; elapsed 0Total elapsed time: 12.828 sec.
@I [HLS-100] Command "source D:/000_OFFICIAL_OV_VISION_PIPELINE_COLOR_2017/OV_7670/OV7670_Color/VIVADO_HLS/OV7670_LUMA_CHROMA/solution1/.autopilot/db/global.setting.tcl "
@I [HLS-100] Command 'ap_source' returned 0; elapsed 0Total elapsed time: 12.828 sec.
@I [HLS-100] Command "source D:/Xilinx/Vivado_HLS/2016.2/common/technology/xilinx/zynq/zynq.gen "
@I [HLS-100] Command "source D:/Xilinx/Vivado_HLS/2016.2/common/technology/xilinx/common/virtex.gen "
@I [HLS-100] Command "source D:/Xilinx/Vivado_HLS/2016.2/common/technology/xilinx/common/xilinx.gen "
@I [HLS-100] Command "source D:/Xilinx/Vivado_HLS/2016.2/common/technology/xilinx/interface/plb46.gen "
@I [HLS-100] Command 'ap_source' returned 0; elapsed 0.015Total elapsed time: 12.843 sec.
@I [HLS-100] Command "source D:/Xilinx/Vivado_HLS/2016.2/common/technology/xilinx/interface/fsl.gen "
@I [HLS-100] Command 'ap_source' returned 0; elapsed 0Total elapsed time: 12.843 sec.
@I [HLS-100] Command "source D:/Xilinx/Vivado_HLS/2016.2/common/technology/xilinx/interface/axi4.gen "
@I [HLS-100] Command 'ap_source' returned 0; elapsed 0Total elapsed time: 12.843 sec.
@I [HLS-100] Command "source D:/Xilinx/Vivado_HLS/2016.2/common/technology/xilinx/interface/nativeAXI4.gen "
@I [HLS-100] Command "source D:/Xilinx/Vivado_HLS/2016.2/common/technology/xilinx/interface/saxilite.gen "
@I [HLS-100] Command 'ap_source' returned 0; elapsed 0Total elapsed time: 12.843 sec.
@I [HLS-100] Command "source D:/Xilinx/Vivado_HLS/2016.2/common/technology/xilinx/interface/maxi.gen "
@I [HLS-100] Command 'ap_source' returned 0; elapsed 0.016Total elapsed time: 12.859 sec.
@I [HLS-100] Command 'ap_source' returned 0; elapsed 0.016Total elapsed time: 12.859 sec.
@I [HLS-100] Command "source D:/Xilinx/Vivado_HLS/2016.2/common/technology/xilinx/scripts/xilinxcoregen.gen "
@I [HLS-100] Command 'ap_source' returned 0; elapsed 0.015Total elapsed time: 12.875 sec.
@I [HLS-100] Command "source D:/Xilinx/Vivado_HLS/2016.2/common/technology/xilinx/interface/XilEDKCoreGen.gen "
@I [HLS-100] Command 'ap_source' returned 0; elapsed 0Total elapsed time: 12.875 sec.
@I [HLS-100] Command "source D:/Xilinx/Vivado_HLS/2016.2/common/technology/xilinx/ip/dds_compiler.gen "
@I [HLS-100] Command 'ap_source' returned 0; elapsed 0Total elapsed time: 12.875 sec.
@I [HLS-100] Command "source D:/Xilinx/Vivado_HLS/2016.2/common/technology/xilinx/ip/util.gen "
@I [HLS-100] Command 'ap_source' returned 0; elapsed 0Total elapsed time: 12.875 sec.
@I [HLS-100] Command "source D:/Xilinx/Vivado_HLS/2016.2/common/technology/xilinx/ip/xfft.gen "
@I [HLS-100] Command 'ap_source' returned 0; elapsed 0.079Total elapsed time: 12.953 sec.
@I [HLS-100] Command "source D:/Xilinx/Vivado_HLS/2016.2/common/technology/xilinx/ip/xfir.gen "
@I [HLS-100] Command 'ap_source' returned 0; elapsed 0Total elapsed time: 12.953 sec.
@I [HLS-100] Command 'ap_source' returned 0; elapsed 0.125Total elapsed time: 12.953 sec.
@I [HLS-100] Command "source D:/Xilinx/Vivado_HLS/2016.2/common/technology/xilinx/common/dsp48.gen "
@I [HLS-100] Command 'ap_source' returned 0; elapsed 0Total elapsed time: 12.953 sec.
@I [HLS-100] Command 'ap_source' returned 0; elapsed 0.125Total elapsed time: 12.953 sec.
@I [HLS-100] Command 'ap_source' returned 0; elapsed 0.125Total elapsed time: 12.953 sec.
@I [HLS-100] Command "source D:/Xilinx/Vivado_HLS/2016.2/common/technology/xilinx/zynq/zynq_fpv6.gen "
@I [HLS-100] Command "source D:/Xilinx/Vivado_HLS/2016.2/common/technology/xilinx/common/xilinx_fpv6.gen "
@I [HLS-100] Command 'ap_source' returned 0; elapsed 0Total elapsed time: 12.953 sec.
@I [HLS-100] Command 'ap_source' returned 0; elapsed 0Total elapsed time: 12.953 sec.
@I [HLS-100] Command "source D:/000_OFFICIAL_OV_VISION_PIPELINE_COLOR_2017/OV_7670/OV7670_Color/VIVADO_HLS/OV7670_LUMA_CHROMA/solution1/.autopilot/db/global.setting.tcl "
@I [HLS-100] Command 'ap_source' returned 0; elapsed 0Total elapsed time: 13.0 sec.
@I [HLS-100] Command 'export_design' returned 0; elapsed 16.36Total elapsed time: 16.984 sec.
@I [HLS-100] Command 'ap_source' returned 0; elapsed 16.657Total elapsed time: 16.984 sec.
@I [HLS-100] Command "cleanup_all "
@I [HLS-100] Command 'cleanup_all' returned 0; elapsed 0Total elapsed time: 16.984 sec.
