

================================================================
== Vivado HLS Report for 'ov7670_LUMA_CHROMA'
================================================================
* Date:           Sat Aug 19 13:09:34 2017

* Version:        2016.2 (Build 1577090 on Thu Jun 02 16:59:10 MDT 2016)
* Project:        OV7670_LUMA_CHROMA
* Solution:       solution1
* Product family: zynq
* Target device:  xc7z020clg484-1


================================================================
== Performance Estimates
================================================================
+ Timing (ns): 
    * Summary: 
    +--------+-------+----------+------------+
    |  Clock | Target| Estimated| Uncertainty|
    +--------+-------+----------+------------+
    |ap_clk  |  10.00|      1.37|        1.25|
    +--------+-------+----------+------------+

+ Latency (clock cycles): 
    * Summary: 
    +-----+-----+-----+-----+---------+
    |  Latency  |  Interval | Pipeline|
    | min | max | min | max |   Type  |
    +-----+-----+-----+-----+---------+
    |    0|    0|    1|    1|   none  |
    +-----+-----+-----+-----+---------+

    + Detail: 
        * Instance: 
        N/A

        * Loop: 
        N/A

============================================================
+ Verbose Summary: Synthesis Manager
============================================================
InlineROM: 1
ExposeGlobal: 0
============================================================
+ Verbose Summary: CDFG Model
============================================================
IsTopModel: 1
ResetActiveHigh: 1
IsCombinational: 0
IsDatapathOnly: 0
HasWiredReturn: 1
HasMFsm: 0
HasVarLatency: 0
IsPipeline: 0
IsRtlPipelined: 0
IsInstanceOverlapped: 0
IsDontTouch: 0
HasImplIP: 0
IsGatedGlobalClock: 0


============================================================
+ Verbose Summary: Schedule
============================================================
* Number of FSM states: 1
* Pipeline: 0
* Dataflow Pipeline: 0

* FSM state transitions: 
1 --> 
* FSM state operations: 

 <State 1>: 1.37ns
ST_1: stg_2 [1/1] 0.00ns
:0  call void (...)* @_ssdm_op_SpecBitsMap(i8* %inStream_V_V), !map !7

ST_1: stg_3 [1/1] 0.00ns
:1  call void (...)* @_ssdm_op_SpecBitsMap(i8* %outStream_grayscale_V_V), !map !11

ST_1: stg_4 [1/1] 0.00ns
:2  call void (...)* @_ssdm_op_SpecBitsMap(i1 %enable_raw_stream), !map !15

ST_1: stg_5 [1/1] 0.00ns
:3  call void (...)* @_ssdm_op_SpecBitsMap(i8* %outStream_LUMA_V_V), !map !21

ST_1: stg_6 [1/1] 0.00ns
:4  call void (...)* @_ssdm_op_SpecBitsMap(i8* %outStream_CHROMA_V_V), !map !25

ST_1: stg_7 [1/1] 0.00ns
:5  call void (...)* @_ssdm_op_SpecTopModule([19 x i8]* @ov7670_LUMA_CHROMA_str) nounwind

ST_1: enable_raw_stream_read [1/1] 0.00ns
:6  %enable_raw_stream_read = call i1 @_ssdm_op_Read.ap_none.i1(i1 %enable_raw_stream)

ST_1: stg_9 [1/1] 0.00ns
:7  call void (...)* @_ssdm_op_SpecInterface(i1 %enable_raw_stream, [8 x i8]* @p_str, i32 0, i32 0, i32 0, i32 0, [1 x i8]* @p_str1, [1 x i8]* @p_str1, [1 x i8]* @p_str1, i32 0, i32 0, i32 0, i32 0, [1 x i8]* @p_str1) nounwind

ST_1: stg_10 [1/1] 0.00ns
:8  call void (...)* @_ssdm_op_SpecInterface(i8* %inStream_V_V, [5 x i8]* @p_str2, i32 0, i32 0, i32 0, i32 0, [1 x i8]* @p_str1, [1 x i8]* @p_str1, [1 x i8]* @p_str1, i32 0, i32 0, i32 0, i32 0, [1 x i8]* @p_str1) nounwind

ST_1: stg_11 [1/1] 0.00ns
:9  call void (...)* @_ssdm_op_SpecInterface(i8* %outStream_grayscale_V_V, [5 x i8]* @p_str2, i32 0, i32 0, i32 0, i32 0, [1 x i8]* @p_str1, [1 x i8]* @p_str1, [1 x i8]* @p_str1, i32 0, i32 0, i32 0, i32 0, [1 x i8]* @p_str1) nounwind

ST_1: stg_12 [1/1] 0.00ns
:10  call void (...)* @_ssdm_op_SpecInterface(i8* %outStream_LUMA_V_V, [5 x i8]* @p_str2, i32 0, i32 0, i32 0, i32 0, [1 x i8]* @p_str1, [1 x i8]* @p_str1, [1 x i8]* @p_str1, i32 0, i32 0, i32 0, i32 0, [1 x i8]* @p_str1) nounwind

ST_1: stg_13 [1/1] 0.00ns
:11  call void (...)* @_ssdm_op_SpecInterface(i8* %outStream_CHROMA_V_V, [5 x i8]* @p_str2, i32 0, i32 0, i32 0, i32 0, [1 x i8]* @p_str1, [1 x i8]* @p_str1, [1 x i8]* @p_str1, i32 0, i32 0, i32 0, i32 0, [1 x i8]* @p_str1) nounwind

ST_1: stg_14 [1/1] 0.00ns
:12  call void (...)* @_ssdm_op_SpecReset(i1* @grayscale_valid, i32 1, [1 x i8]* @p_str1) nounwind

ST_1: tmp_V [1/1] 0.00ns
:13  %tmp_V = call i8 @_ssdm_op_Read.axis.volatile.i8P(i8* %inStream_V_V)

ST_1: grayscale_valid_load [1/1] 0.00ns
:14  %grayscale_valid_load = load i1* @grayscale_valid, align 1

ST_1: stg_17 [1/1] 0.00ns
:15  br i1 %grayscale_valid_load, label %1, label %3

ST_1: stg_18 [1/1] 0.00ns
:0  br i1 %enable_raw_stream_read, label %4, label %._crit_edge5

ST_1: stg_19 [1/1] 0.00ns
:0  call void @_ssdm_op_Write.axis.volatile.i8P(i8* %outStream_CHROMA_V_V, i8 %tmp_V)

ST_1: stg_20 [1/1] 0.00ns
:1  br label %._crit_edge5

ST_1: stg_21 [1/1] 0.00ns
._crit_edge5:0  br label %5

ST_1: stg_22 [1/1] 0.00ns
:0  call void @_ssdm_op_Write.axis.volatile.i8P(i8* %outStream_grayscale_V_V, i8 %tmp_V)

ST_1: stg_23 [1/1] 0.00ns
:1  br i1 %enable_raw_stream_read, label %2, label %._crit_edge

ST_1: stg_24 [1/1] 0.00ns
:0  call void @_ssdm_op_Write.axis.volatile.i8P(i8* %outStream_LUMA_V_V, i8 %tmp_V)

ST_1: stg_25 [1/1] 0.00ns
:1  br label %._crit_edge

ST_1: stg_26 [1/1] 0.00ns
._crit_edge:0  br label %5

ST_1: tmp_6 [1/1] 1.37ns
:0  %tmp_6 = xor i1 %grayscale_valid_load, true

ST_1: stg_28 [1/1] 0.00ns
:1  store i1 %tmp_6, i1* @grayscale_valid, align 1

ST_1: stg_29 [1/1] 0.00ns
:2  ret void



============================================================
+ Verbose Summary: Timing violations
============================================================
Target clock period: 10ns, clock uncertainty: 1.25ns.

 No timing violations. 


============================================================
+ Verbose Summary: Binding
============================================================
N/A
* FSMD analyzer results:
  - Output states:
 - Input state : 
  - Chain level:
	State 1


============================================================
+ Verbose Summary: Datapath Resource usage 
============================================================
N/A
