

================================================================
== Vivado HLS Report for 'ov7670_LUMA_CHROMA'
================================================================
* Date:           Mon Jun  3 10:23:27 2019

* Version:        2018.1 (Build 2188600 on Wed Apr 04 19:04:02 MDT 2018)
* Project:        OV7670_LUMA_CHROMA_prj
* Solution:       solution1
* Product family: zynquplus
* Target device:  xczu9eg-ffvb1156-2-i


================================================================
== Performance Estimates
================================================================
+ Timing (ns): 
    * Summary: 
    +--------+-------+----------+------------+
    |  Clock | Target| Estimated| Uncertainty|
    +--------+-------+----------+------------+
    |ap_clk  |  10.00|      0.29|        1.25|
    +--------+-------+----------+------------+

+ Latency (clock cycles): 
    * Summary: 
    +-----+-----+-----+-----+---------+
    |  Latency  |  Interval | Pipeline|
    | min | max | min | max |   Type  |
    +-----+-----+-----+-----+---------+
    |    3|    3|    3|    3|   none  |
    +-----+-----+-----+-----+---------+

    + Detail: 
        * Instance: 
        N/A

        * Loop: 
        N/A

============================================================
+ Verbose Summary: Synthesis Manager
============================================================
InlineROM: 1
ExposeGlobal: 0
============================================================
+ Verbose Summary: CDFG Model
============================================================
IsTopModel: 1
ResetActiveHigh: 1
IsCombinational: 0
IsDatapathOnly: 0
HasWiredReturn: 1
HasMFsm: 0
HasVarLatency: 1
IsPipeline: 0
IsRtlPipelined: 0
IsInstanceOverlapped: 0
IsDontTouch: 0
HasImplIP: 0
IsGatedGlobalClock: 0


============================================================
+ Verbose Summary: Schedule
============================================================
* Number of FSM states : 5
* Pipeline : 0
* Dataflow Pipeline: 0

* FSM state transitions: 
1 --> 
	2  / true
2 --> 
	4  / (grayscale_valid_load)
	3  / (!grayscale_valid_load)
3 --> 
	5  / true
4 --> 
	5  / true
5 --> 

* FSM state operations: 

 <State 1> : 0.00ns
ST_1 : Operation 6 [2/2] (0.00ns)   --->   "%tmp_V = call i8 @_ssdm_op_Read.axis.volatile.i8P(i8* %inStream_V_V)" [ov7670_LUMA_CHROMA.cpp:15]   --->   Core 5 'AXI4Stream' <Latency = 0> <II = 1> <Delay = 1.00> <Adapter> <Opcode : >

 <State 2> : 0.00ns
ST_2 : Operation 7 [1/1] (0.00ns)   --->   "call void (...)* @_ssdm_op_SpecBitsMap(i8* %inStream_V_V), !map !26"
ST_2 : Operation 8 [1/1] (0.00ns)   --->   "call void (...)* @_ssdm_op_SpecBitsMap(i8* %outStream_grayscale_V_V), !map !30"
ST_2 : Operation 9 [1/1] (0.00ns)   --->   "call void (...)* @_ssdm_op_SpecBitsMap(i1 %enable_raw_stream), !map !34"
ST_2 : Operation 10 [1/1] (0.00ns)   --->   "call void (...)* @_ssdm_op_SpecBitsMap(i8* %outStream_LUMA_V_V), !map !40"
ST_2 : Operation 11 [1/1] (0.00ns)   --->   "call void (...)* @_ssdm_op_SpecBitsMap(i8* %outStream_CHROMA_V_V), !map !44"
ST_2 : Operation 12 [1/1] (0.00ns)   --->   "call void (...)* @_ssdm_op_SpecTopModule([19 x i8]* @ov7670_LUMA_CHROMA_s) nounwind"
ST_2 : Operation 13 [1/1] (0.00ns)   --->   "%enable_raw_stream_re = call i1 @_ssdm_op_Read.ap_none.i1(i1 %enable_raw_stream)"
ST_2 : Operation 14 [1/1] (0.00ns)   --->   "call void (...)* @_ssdm_op_SpecInterface(i1 %enable_raw_stream, [8 x i8]* @p_str, i32 0, i32 0, [1 x i8]* @p_str1, i32 0, i32 0, [1 x i8]* @p_str1, [1 x i8]* @p_str1, [1 x i8]* @p_str1, i32 0, i32 0, i32 0, i32 0, [1 x i8]* @p_str1, [1 x i8]* @p_str1) nounwind" [ov7670_LUMA_CHROMA.cpp:5]
ST_2 : Operation 15 [1/1] (0.00ns)   --->   "call void (...)* @_ssdm_op_SpecInterface(i8* %inStream_V_V, [5 x i8]* @p_str2, i32 1, i32 1, [5 x i8]* @p_str3, i32 0, i32 0, [1 x i8]* @p_str1, [1 x i8]* @p_str1, [1 x i8]* @p_str1, i32 0, i32 0, i32 0, i32 0, [1 x i8]* @p_str1, [1 x i8]* @p_str1) nounwind" [ov7670_LUMA_CHROMA.cpp:6]
ST_2 : Operation 16 [1/1] (0.00ns)   --->   "call void (...)* @_ssdm_op_SpecInterface(i8* %outStream_grayscale_V_V, [5 x i8]* @p_str2, i32 1, i32 1, [5 x i8]* @p_str3, i32 0, i32 0, [1 x i8]* @p_str1, [1 x i8]* @p_str1, [1 x i8]* @p_str1, i32 0, i32 0, i32 0, i32 0, [1 x i8]* @p_str1, [1 x i8]* @p_str1) nounwind" [ov7670_LUMA_CHROMA.cpp:7]
ST_2 : Operation 17 [1/1] (0.00ns)   --->   "call void (...)* @_ssdm_op_SpecInterface(i8* %outStream_LUMA_V_V, [5 x i8]* @p_str2, i32 1, i32 1, [5 x i8]* @p_str3, i32 0, i32 0, [1 x i8]* @p_str1, [1 x i8]* @p_str1, [1 x i8]* @p_str1, i32 0, i32 0, i32 0, i32 0, [1 x i8]* @p_str1, [1 x i8]* @p_str1) nounwind" [ov7670_LUMA_CHROMA.cpp:8]
ST_2 : Operation 18 [1/1] (0.00ns)   --->   "call void (...)* @_ssdm_op_SpecInterface(i8* %outStream_CHROMA_V_V, [5 x i8]* @p_str2, i32 1, i32 1, [5 x i8]* @p_str3, i32 0, i32 0, [1 x i8]* @p_str1, [1 x i8]* @p_str1, [1 x i8]* @p_str1, i32 0, i32 0, i32 0, i32 0, [1 x i8]* @p_str1, [1 x i8]* @p_str1) nounwind" [ov7670_LUMA_CHROMA.cpp:9]
ST_2 : Operation 19 [1/1] (0.00ns)   --->   "call void (...)* @_ssdm_op_SpecReset(i1* @grayscale_valid, i32 1, [1 x i8]* @p_str1) nounwind" [ov7670_LUMA_CHROMA.cpp:12]
ST_2 : Operation 20 [1/2] (0.00ns)   --->   "%tmp_V = call i8 @_ssdm_op_Read.axis.volatile.i8P(i8* %inStream_V_V)" [ov7670_LUMA_CHROMA.cpp:15]   --->   Core 5 'AXI4Stream' <Latency = 0> <II = 1> <Delay = 1.00> <Adapter> <Opcode : >
ST_2 : Operation 21 [1/1] (0.00ns)   --->   "%grayscale_valid_load = load i1* @grayscale_valid, align 1" [ov7670_LUMA_CHROMA.cpp:16]
ST_2 : Operation 22 [1/1] (0.00ns)   --->   "br i1 %grayscale_valid_load, label %1, label %3" [ov7670_LUMA_CHROMA.cpp:16]
ST_2 : Operation 23 [1/1] (0.00ns)   --->   "br i1 %enable_raw_stream_re, label %4, label %._crit_edge5" [ov7670_LUMA_CHROMA.cpp:26]
ST_2 : Operation 24 [2/2] (0.00ns)   --->   "call void @_ssdm_op_Write.axis.volatile.i8P(i8* %outStream_CHROMA_V_V, i8 %tmp_V)" [ov7670_LUMA_CHROMA.cpp:27]   --->   Core 5 'AXI4Stream' <Latency = 0> <II = 1> <Delay = 1.00> <Adapter> <Opcode : >
ST_2 : Operation 25 [2/2] (0.00ns)   --->   "call void @_ssdm_op_Write.axis.volatile.i8P(i8* %outStream_grayscale_V_V, i8 %tmp_V)" [ov7670_LUMA_CHROMA.cpp:18]   --->   Core 5 'AXI4Stream' <Latency = 0> <II = 1> <Delay = 1.00> <Adapter> <Opcode : >

 <State 3> : 0.00ns
ST_3 : Operation 26 [1/2] (0.00ns)   --->   "call void @_ssdm_op_Write.axis.volatile.i8P(i8* %outStream_CHROMA_V_V, i8 %tmp_V)" [ov7670_LUMA_CHROMA.cpp:27]   --->   Core 5 'AXI4Stream' <Latency = 0> <II = 1> <Delay = 1.00> <Adapter> <Opcode : >
ST_3 : Operation 27 [1/1] (0.00ns)   --->   "br label %._crit_edge5" [ov7670_LUMA_CHROMA.cpp:27]
ST_3 : Operation 28 [1/1] (0.00ns)   --->   "br label %5"

 <State 4> : 0.00ns
ST_4 : Operation 29 [1/2] (0.00ns)   --->   "call void @_ssdm_op_Write.axis.volatile.i8P(i8* %outStream_grayscale_V_V, i8 %tmp_V)" [ov7670_LUMA_CHROMA.cpp:18]   --->   Core 5 'AXI4Stream' <Latency = 0> <II = 1> <Delay = 1.00> <Adapter> <Opcode : >
ST_4 : Operation 30 [1/1] (0.00ns)   --->   "br i1 %enable_raw_stream_re, label %2, label %._crit_edge" [ov7670_LUMA_CHROMA.cpp:20]
ST_4 : Operation 31 [2/2] (0.00ns)   --->   "call void @_ssdm_op_Write.axis.volatile.i8P(i8* %outStream_LUMA_V_V, i8 %tmp_V)" [ov7670_LUMA_CHROMA.cpp:21]   --->   Core 5 'AXI4Stream' <Latency = 0> <II = 1> <Delay = 1.00> <Adapter> <Opcode : >

 <State 5> : 0.29ns
ST_5 : Operation 32 [1/2] (0.00ns)   --->   "call void @_ssdm_op_Write.axis.volatile.i8P(i8* %outStream_LUMA_V_V, i8 %tmp_V)" [ov7670_LUMA_CHROMA.cpp:21]   --->   Core 5 'AXI4Stream' <Latency = 0> <II = 1> <Delay = 1.00> <Adapter> <Opcode : >
ST_5 : Operation 33 [1/1] (0.00ns)   --->   "br label %._crit_edge" [ov7670_LUMA_CHROMA.cpp:21]
ST_5 : Operation 34 [1/1] (0.00ns)   --->   "br label %5" [ov7670_LUMA_CHROMA.cpp:23]
ST_5 : Operation 35 [1/1] (0.28ns)   --->   "%tmp_6 = xor i1 %grayscale_valid_load, true" [ov7670_LUMA_CHROMA.cpp:30]   --->   Core 27 'LogicGate' <Latency = 0> <II = 1> <Delay = 0.28> <FuncUnit> <Opcode : 'and' 'or' 'xor'> <InPorts = 2> <OutPorts = 1>
ST_5 : Operation 36 [1/1] (0.00ns)   --->   "store i1 %tmp_6, i1* @grayscale_valid, align 1" [ov7670_LUMA_CHROMA.cpp:30]
ST_5 : Operation 37 [1/1] (0.00ns)   --->   "ret void" [ov7670_LUMA_CHROMA.cpp:32]


============================================================
+ Verbose Summary: Timing violations
============================================================
Target clock period: 10ns, clock uncertainty: 1.25ns.

 <State 1>: 0ns
The critical path consists of the following:

 <State 2>: 0ns
The critical path consists of the following:

 <State 3>: 0ns
The critical path consists of the following:

 <State 4>: 0ns
The critical path consists of the following:

 <State 5>: 0.287ns
The critical path consists of the following:
	'xor' operation ('tmp_6', ov7670_LUMA_CHROMA.cpp:30) [39]  (0.287 ns)


============================================================
+ Verbose Summary: Binding
============================================================
N/A
* FSMD analyzer results:
  - Output states:
 - Input state : 
  - Chain level:
	State 1
	State 2
	State 3
	State 4
	State 5


============================================================
+ Verbose Summary: Datapath Resource usage 
============================================================
N/A
