

================================================================
== Vivado HLS Report for 'ov7670_interface'
================================================================
* Date:           Sat Aug 19 13:12:37 2017

* Version:        2016.2 (Build 1577090 on Thu Jun 02 16:59:10 MDT 2016)
* Project:        OV7670_INTERFACE
* Solution:       solution1
* Product family: zynq
* Target device:  xc7z020clg484-1


================================================================
== Performance Estimates
================================================================
+ Timing (ns): 
    * Summary: 
    +--------+-------+----------+------------+
    |  Clock | Target| Estimated| Uncertainty|
    +--------+-------+----------+------------+
    |ap_clk  |  10.00|      4.01|        1.25|
    +--------+-------+----------+------------+

+ Latency (clock cycles): 
    * Summary: 
    +-----+-----+-----+-----+---------+
    |  Latency  |  Interval | Pipeline|
    | min | max | min | max |   Type  |
    +-----+-----+-----+-----+---------+
    |    0|    0|    1|    1|   none  |
    +-----+-----+-----+-----+---------+

    + Detail: 
        * Instance: 
        N/A

        * Loop: 
        N/A



================================================================
== Utilization Estimates
================================================================
* Summary: 
+-----------------+---------+-------+--------+-------+
|       Name      | BRAM_18K| DSP48E|   FF   |  LUT  |
+-----------------+---------+-------+--------+-------+
|DSP              |        -|      -|       -|      -|
|Expression       |        -|      -|       0|    111|
|FIFO             |        -|      -|       -|      -|
|Instance         |        -|      -|       -|      -|
|Memory           |        -|      -|       -|      -|
|Multiplexer      |        -|      -|       -|     74|
|Register         |        -|      -|      66|      -|
+-----------------+---------+-------+--------+-------+
|Total            |        0|      0|      66|    185|
+-----------------+---------+-------+--------+-------+
|Available        |      280|    220|  106400|  53200|
+-----------------+---------+-------+--------+-------+
|Utilization (%)  |        0|      0|   ~0   |   ~0  |
+-----------------+---------+-------+--------+-------+

+ Detail: 
    * Instance: 
    N/A

    * DSP48: 
    N/A

    * Memory: 
    N/A

    * FIFO: 
    N/A

    * Expression: 
    +--------------------+----------+-------+---+----+------------+------------+
    |    Variable Name   | Operation| DSP48E| FF| LUT| Bitwidth P0| Bitwidth P1|
    +--------------------+----------+-------+---+----+------------+------------+
    |tmp_3_fu_189_p2     |     +    |      0|  0|  32|          32|           1|
    |tmp_5_fu_177_p2     |     +    |      0|  0|  32|          32|           1|
    |ap_sig_125          |    and   |      0|  0|   1|           1|           1|
    |ap_sig_128          |    and   |      0|  0|   1|           1|           1|
    |ap_sig_131          |    and   |      0|  0|   1|           1|           1|
    |ap_sig_35           |    and   |      0|  0|   1|           1|           1|
    |ap_sig_60           |    and   |      0|  0|   1|           1|           1|
    |ap_sig_65           |    and   |      0|  0|   1|           1|           1|
    |ap_sig_75           |    and   |      0|  0|   1|           1|           1|
    |or_cond1_fu_149_p2  |    and   |      0|  0|   1|           1|           1|
    |or_cond_fu_137_p2   |    and   |      0|  0|   1|           1|           1|
    |tmp_1_fu_131_p2     |   icmp   |      0|  0|  11|          32|           9|
    |tmp_2_fu_143_p2     |   icmp   |      0|  0|  11|          32|           9|
    |tmp_4_fu_165_p2     |   icmp   |      0|  0|  11|          32|          11|
    |brmerge_fu_113_p2   |    or    |      0|  0|   1|           1|           1|
    |p_not1_fu_107_p2    |    xor   |      0|  0|   2|           1|           2|
    |p_not_fu_125_p2     |    xor   |      0|  0|   2|           1|           2|
    +--------------------+----------+-------+---+----+------------+------------+
    |Total               |          |      0|  0| 111|         172|          45|
    +--------------------+----------+-------+---+----+------------+------------+

    * Multiplexer: 
    +----------------+----+-----------+-----+-----------+
    |      Name      | LUT| Input Size| Bits| Total Bits|
    +----------------+----+-----------+-----+-----------+
    |count_lines     |  32|          2|   32|         64|
    |count_readings  |  32|          2|   32|         64|
    |data_out_V      |   8|          3|    8|         24|
    |frame_valid_V   |   1|          3|    1|          3|
    |line_valid_V    |   1|          3|    1|          3|
    +----------------+----+-----------+-----+-----------+
    |Total           |  74|         13|   74|        158|
    +----------------+----+-----------+-----+-----------+

    * Register: 
    +----------------+----+----+-----+-----------+
    |      Name      | FF | LUT| Bits| Const Bits|
    +----------------+----+----+-----+-----------+
    |ap_CS_fsm       |   1|   0|    1|          0|
    |count_lines     |  32|   0|   32|          0|
    |count_readings  |  32|   0|   32|          0|
    |first           |   1|   0|    1|          0|
    +----------------+----+----+-----+-----------+
    |Total           |  66|   0|   66|          0|
    +----------------+----+----+-----+-----------+



================================================================
== Interface
================================================================
* Summary: 
+---------------+-----+-----+------------+------------------+--------------+
|   RTL Ports   | Dir | Bits|  Protocol  |   Source Object  |    C Type    |
+---------------+-----+-----+------------+------------------+--------------+
|ap_clk         |  in |    1| ap_ctrl_hs | ov7670_interface | return value |
|ap_rst         |  in |    1| ap_ctrl_hs | ov7670_interface | return value |
|ap_start       |  in |    1| ap_ctrl_hs | ov7670_interface | return value |
|ap_done        | out |    1| ap_ctrl_hs | ov7670_interface | return value |
|ap_idle        | out |    1| ap_ctrl_hs | ov7670_interface | return value |
|ap_ready       | out |    1| ap_ctrl_hs | ov7670_interface | return value |
|data_in_V      |  in |    8|   ap_none  |     data_in_V    |    scalar    |
|href_V         |  in |    1|   ap_none  |      href_V      |    scalar    |
|vsync_V        |  in |    1|   ap_none  |      vsync_V     |    scalar    |
|data_out_V     | out |    8|   ap_none  |    data_out_V    |    pointer   |
|line_valid_V   | out |    1|   ap_none  |   line_valid_V   |    pointer   |
|frame_valid_V  | out |    1|   ap_none  |   frame_valid_V  |    pointer   |
+---------------+-----+-----+------------+------------------+--------------+

