

================================================================
== Vivado HLS Report for 'axi_stream_to_vga_red_255'
================================================================
* Date:           Mon Jun  3 10:34:58 2019

* Version:        2018.1 (Build 2188600 on Wed Apr 04 19:04:02 MDT 2018)
* Project:        AXI_STREAM_TO_VGA_RED_255_prj
* Solution:       solution1
* Product family: zynquplus
* Target device:  xczu9eg-ffvb1156-2-i


================================================================
== Performance Estimates
================================================================
+ Timing (ns): 
    * Summary: 
    +--------+-------+----------+------------+
    |  Clock | Target| Estimated| Uncertainty|
    +--------+-------+----------+------------+
    |ap_clk  |  10.00|      2.82|        1.25|
    +--------+-------+----------+------------+

+ Latency (clock cycles): 
    * Summary: 
    +--------+--------+--------+--------+---------+
    |     Latency     |     Interval    | Pipeline|
    |   min  |   max  |   min  |   max  |   Type  |
    +--------+--------+--------+--------+---------+
    |  420002|  420002|  420002|  420002|   none  |
    +--------+--------+--------+--------+---------+

    + Detail: 
        * Instance: 
        N/A

        * Loop: 
        +----------+--------+--------+----------+-----------+-----------+--------+----------+
        |          |     Latency     | Iteration|  Initiation Interval  |  Trip  |          |
        | Loop Name|   min  |   max  |  Latency |  achieved |   target  |  Count | Pipelined|
        +----------+--------+--------+----------+-----------+-----------+--------+----------+
        |- Loop 1  |  420000|  420000|         2|          1|          1|  420000|    yes   |
        +----------+--------+--------+----------+-----------+-----------+--------+----------+

============================================================
+ Verbose Summary: Synthesis Manager
============================================================
InlineROM: 1
ExposeGlobal: 0
============================================================
+ Verbose Summary: CDFG Model
============================================================
IsTopModel: 1
ResetActiveHigh: 1
IsCombinational: 0
IsDatapathOnly: 0
HasWiredReturn: 1
HasMFsm: 0
HasVarLatency: 1
IsPipeline: 0
IsRtlPipelined: 0
IsInstanceOverlapped: 0
IsDontTouch: 0
HasImplIP: 0
IsGatedGlobalClock: 0

+ Individual pipeline summary: 
  * Pipeline-0: initiation interval (II) = 1, depth = 2


============================================================
+ Verbose Summary: Schedule
============================================================
* Number of FSM states : 4
* Pipeline : 1
  Pipeline-0 : II = 1, D = 2, States = { 2 3 }
* Dataflow Pipeline: 0

* FSM state transitions: 
1 --> 
	2  / true
2 --> 
	4  / (exitcond_flatten)
	3  / (!exitcond_flatten)
3 --> 
	2  / true
4 --> 

* FSM state operations: 

 <State 1> : 0.80ns
ST_1 : Operation 5 [1/1] (0.00ns)   --->   "%R_temp_V_read_assign = alloca i4"
ST_1 : Operation 6 [1/1] (0.00ns)   --->   "%G_temp_V_read_assign = alloca i4"
ST_1 : Operation 7 [1/1] (0.00ns)   --->   "%B_temp_V_read_assign = alloca i4"
ST_1 : Operation 8 [1/1] (0.00ns)   --->   "call void (...)* @_ssdm_op_SpecBitsMap(i1 %selftest), !map !71"
ST_1 : Operation 9 [1/1] (0.00ns)   --->   "call void (...)* @_ssdm_op_SpecBitsMap(i8* %inStream_V_V), !map !77"
ST_1 : Operation 10 [1/1] (0.00ns)   --->   "call void (...)* @_ssdm_op_SpecBitsMap(i4* %R_V), !map !81"
ST_1 : Operation 11 [1/1] (0.00ns)   --->   "call void (...)* @_ssdm_op_SpecBitsMap(i4* %G_V), !map !85"
ST_1 : Operation 12 [1/1] (0.00ns)   --->   "call void (...)* @_ssdm_op_SpecBitsMap(i4* %B_V), !map !89"
ST_1 : Operation 13 [1/1] (0.00ns)   --->   "call void (...)* @_ssdm_op_SpecBitsMap(i1* %V_SYNC_V), !map !93"
ST_1 : Operation 14 [1/1] (0.00ns)   --->   "call void (...)* @_ssdm_op_SpecBitsMap(i1* %H_SYNC_V), !map !97"
ST_1 : Operation 15 [1/1] (0.00ns)   --->   "call void (...)* @_ssdm_op_SpecTopModule([26 x i8]* @axi_stream_to_vga_re) nounwind"
ST_1 : Operation 16 [1/1] (0.00ns)   --->   "%selftest_read = call i1 @_ssdm_op_Read.ap_none.i1(i1 %selftest)"
ST_1 : Operation 17 [1/1] (0.00ns)   --->   "call void (...)* @_ssdm_op_SpecInterface(i8* %inStream_V_V, [5 x i8]* @p_str, i32 1, i32 1, [5 x i8]* @p_str1, i32 0, i32 0, [1 x i8]* @p_str2, [1 x i8]* @p_str2, [1 x i8]* @p_str2, i32 0, i32 0, i32 0, i32 0, [1 x i8]* @p_str2, [1 x i8]* @p_str2) nounwind" [vga.cpp:53]
ST_1 : Operation 18 [1/1] (0.00ns)   --->   "call void (...)* @_ssdm_op_SpecInterface(i1 %selftest, [8 x i8]* @p_str3, i32 0, i32 0, [1 x i8]* @p_str2, i32 0, i32 0, [1 x i8]* @p_str2, [1 x i8]* @p_str2, [1 x i8]* @p_str2, i32 0, i32 0, i32 0, i32 0, [1 x i8]* @p_str2, [1 x i8]* @p_str2) nounwind" [vga.cpp:54]
ST_1 : Operation 19 [1/1] (0.00ns)   --->   "call void (...)* @_ssdm_op_SpecInterface(i4* %R_V, [8 x i8]* @p_str3, i32 0, i32 0, [1 x i8]* @p_str2, i32 0, i32 0, [1 x i8]* @p_str2, [1 x i8]* @p_str2, [1 x i8]* @p_str2, i32 0, i32 0, i32 0, i32 0, [1 x i8]* @p_str2, [1 x i8]* @p_str2) nounwind" [vga.cpp:55]
ST_1 : Operation 20 [1/1] (0.00ns)   --->   "call void (...)* @_ssdm_op_SpecInterface(i4* %G_V, [8 x i8]* @p_str3, i32 0, i32 0, [1 x i8]* @p_str2, i32 0, i32 0, [1 x i8]* @p_str2, [1 x i8]* @p_str2, [1 x i8]* @p_str2, i32 0, i32 0, i32 0, i32 0, [1 x i8]* @p_str2, [1 x i8]* @p_str2) nounwind" [vga.cpp:56]
ST_1 : Operation 21 [1/1] (0.00ns)   --->   "call void (...)* @_ssdm_op_SpecInterface(i4* %B_V, [8 x i8]* @p_str3, i32 0, i32 0, [1 x i8]* @p_str2, i32 0, i32 0, [1 x i8]* @p_str2, [1 x i8]* @p_str2, [1 x i8]* @p_str2, i32 0, i32 0, i32 0, i32 0, [1 x i8]* @p_str2, [1 x i8]* @p_str2) nounwind" [vga.cpp:57]
ST_1 : Operation 22 [1/1] (0.00ns)   --->   "call void (...)* @_ssdm_op_SpecInterface(i1* %H_SYNC_V, [8 x i8]* @p_str3, i32 0, i32 0, [1 x i8]* @p_str2, i32 0, i32 0, [1 x i8]* @p_str2, [1 x i8]* @p_str2, [1 x i8]* @p_str2, i32 0, i32 0, i32 0, i32 0, [1 x i8]* @p_str2, [1 x i8]* @p_str2) nounwind" [vga.cpp:58]
ST_1 : Operation 23 [1/1] (0.00ns)   --->   "call void (...)* @_ssdm_op_SpecInterface(i1* %V_SYNC_V, [8 x i8]* @p_str3, i32 0, i32 0, [1 x i8]* @p_str2, i32 0, i32 0, [1 x i8]* @p_str2, [1 x i8]* @p_str2, [1 x i8]* @p_str2, i32 0, i32 0, i32 0, i32 0, [1 x i8]* @p_str2, [1 x i8]* @p_str2) nounwind" [vga.cpp:59]
ST_1 : Operation 24 [1/1] (0.00ns)   --->   "call void (...)* @_ssdm_op_SpecReset(i4* @color_blinking_V, i32 1, [1 x i8]* @p_str2) nounwind" [vga.cpp:73]
ST_1 : Operation 25 [1/1] (0.00ns)   --->   "%color_blinking_V_loa = load i4* @color_blinking_V, align 1" [vga.cpp:76]
ST_1 : Operation 26 [1/1] (0.79ns)   --->   "%op2_V_read_assign = add i4 %color_blinking_V_loa, 1" [vga.cpp:76]   --->   Core 14 'AddSub' <Latency = 0> <II = 1> <Delay = 0.79> <FuncUnit> <Opcode : 'add' 'sub'> <InPorts = 2> <OutPorts = 1>
ST_1 : Operation 27 [1/1] (0.00ns)   --->   "store i4 %op2_V_read_assign, i4* @color_blinking_V, align 1" [vga.cpp:76]
ST_1 : Operation 28 [1/1] (0.00ns)   --->   "%tmp = call i1 @_ssdm_op_NbReadReq.axis.i8P(i8* %inStream_V_V, i32 1)" [vga.cpp:85]   --->   Core 5 'AXI4Stream' <Latency = 0> <II = 1> <Delay = 1.00> <Adapter> <Opcode : >
ST_1 : Operation 29 [1/1] (0.79ns)   --->   "%tmp_6_i = sub i4 -2, %color_blinking_V_loa" [vga.cpp:17->vga.cpp:141]   --->   Core 14 'AddSub' <Latency = 0> <II = 1> <Delay = 0.79> <FuncUnit> <Opcode : 'add' 'sub'> <InPorts = 2> <OutPorts = 1>
ST_1 : Operation 30 [1/1] (0.65ns)   --->   "br label %.preheader" [vga.cpp:87]

 <State 2> : 2.82ns
ST_2 : Operation 31 [1/1] (0.00ns)   --->   "%indvar_flatten = phi i19 [ 0, %codeRepl ], [ %indvar_flatten_next, %10 ]"
ST_2 : Operation 32 [1/1] (0.00ns)   --->   "%y = phi i10 [ 0, %codeRepl ], [ %y_mid2, %10 ]" [vga.cpp:88]
ST_2 : Operation 33 [1/1] (0.00ns)   --->   "%x = phi i10 [ 0, %codeRepl ], [ %x_1, %10 ]"
ST_2 : Operation 34 [1/1] (0.00ns)   --->   "%tmp_4 = call i9 @_ssdm_op_PartSelect.i9.i10.i32.i32(i10 %y, i32 1, i32 9)" [vga.cpp:95]
ST_2 : Operation 35 [1/1] (0.88ns)   --->   "%icmp = icmp ne i9 %tmp_4, 0" [vga.cpp:95]   --->   Core 25 'Cmp' <Latency = 0> <II = 1> <Delay = 0.84> <FuncUnit> <Opcode : 'icmp'> <InPorts = 2> <OutPorts = 1>
ST_2 : Operation 36 [1/1] (0.91ns)   --->   "%tmp_2 = icmp ugt i10 %y, 34" [vga.cpp:101]   --->   Core 25 'Cmp' <Latency = 0> <II = 1> <Delay = 0.84> <FuncUnit> <Opcode : 'icmp'> <InPorts = 2> <OutPorts = 1>
ST_2 : Operation 37 [1/1] (0.91ns)   --->   "%tmp_3 = icmp ult i10 %y, -509" [vga.cpp:101]   --->   Core 25 'Cmp' <Latency = 0> <II = 1> <Delay = 0.84> <FuncUnit> <Opcode : 'icmp'> <InPorts = 2> <OutPorts = 1>
ST_2 : Operation 38 [1/1] (0.28ns)   --->   "%tmp2 = and i1 %tmp_2, %tmp_3" [vga.cpp:101]   --->   Core 27 'LogicGate' <Latency = 0> <II = 1> <Delay = 0.28> <FuncUnit> <Opcode : 'and' 'or' 'xor'> <InPorts = 2> <OutPorts = 1>
ST_2 : Operation 39 [1/1] (1.08ns)   --->   "%exitcond_flatten = icmp eq i19 %indvar_flatten, -104288"   --->   Core 25 'Cmp' <Latency = 0> <II = 1> <Delay = 0.84> <FuncUnit> <Opcode : 'icmp'> <InPorts = 2> <OutPorts = 1>
ST_2 : Operation 40 [1/1] (0.88ns)   --->   "%indvar_flatten_next = add i19 %indvar_flatten, 1"   --->   Core 14 'AddSub' <Latency = 0> <II = 1> <Delay = 0.79> <FuncUnit> <Opcode : 'add' 'sub'> <InPorts = 2> <OutPorts = 1>
ST_2 : Operation 41 [1/1] (0.00ns)   --->   "br i1 %exitcond_flatten, label %11, label %.preheader.preheader"
ST_2 : Operation 42 [1/1] (0.91ns)   --->   "%tmp_s = icmp eq i10 %x, -224" [vga.cpp:88]   --->   Core 25 'Cmp' <Latency = 0> <II = 1> <Delay = 0.84> <FuncUnit> <Opcode : 'icmp'> <InPorts = 2> <OutPorts = 1>
ST_2 : Operation 43 [1/1] (0.40ns)   --->   "%x_mid2 = select i1 %tmp_s, i10 0, i10 %x" [vga.cpp:88]   --->   Core 26 'Sel' <Latency = 0> <II = 1> <Delay = 0.40> <FuncUnit> <Opcode : 'select'> <InPorts = 3> <OutPorts = 1>
ST_2 : Operation 44 [1/1] (0.00ns) (grouped into LUT with out node y_coordinate_V_mid2)   --->   "%y_coordinate_V_mid2_s = select i1 %tmp_s, i10 -34, i10 -35" [vga.cpp:93]   --->   Core 26 'Sel' <Latency = 0> <II = 1> <Delay = 0.40> <FuncUnit> <Opcode : 'select'> <InPorts = 3> <OutPorts = 1>
ST_2 : Operation 45 [1/1] (0.78ns) (out node of the LUT)   --->   "%y_coordinate_V_mid2 = add i10 %y, %y_coordinate_V_mid2_s" [vga.cpp:93]   --->   Core 14 'AddSub' <Latency = 0> <II = 1> <Delay = 0.79> <FuncUnit> <Opcode : 'add' 'sub'> <InPorts = 2> <OutPorts = 1>
ST_2 : Operation 46 [1/1] (0.78ns)   --->   "%y_s = add i10 %y, 1" [vga.cpp:87]   --->   Core 14 'AddSub' <Latency = 0> <II = 1> <Delay = 0.79> <FuncUnit> <Opcode : 'add' 'sub'> <InPorts = 2> <OutPorts = 1>
ST_2 : Operation 47 [1/1] (0.00ns)   --->   "%tmp_5 = call i9 @_ssdm_op_PartSelect.i9.i10.i32.i32(i10 %y_s, i32 1, i32 9)" [vga.cpp:95]
ST_2 : Operation 48 [1/1] (0.88ns)   --->   "%icmp1 = icmp ne i9 %tmp_5, 0" [vga.cpp:95]   --->   Core 25 'Cmp' <Latency = 0> <II = 1> <Delay = 0.84> <FuncUnit> <Opcode : 'icmp'> <InPorts = 2> <OutPorts = 1>
ST_2 : Operation 49 [1/1] (0.17ns)   --->   "%not_mid2 = select i1 %tmp_s, i1 %icmp1, i1 %icmp" [vga.cpp:95]   --->   Core 26 'Sel' <Latency = 0> <II = 1> <Delay = 0.40> <FuncUnit> <Opcode : 'select'> <InPorts = 3> <OutPorts = 1>
ST_2 : Operation 50 [1/1] (0.91ns)   --->   "%tmp_2_mid1 = icmp ugt i10 %y_s, 34" [vga.cpp:101]   --->   Core 25 'Cmp' <Latency = 0> <II = 1> <Delay = 0.84> <FuncUnit> <Opcode : 'icmp'> <InPorts = 2> <OutPorts = 1>
ST_2 : Operation 51 [1/1] (0.91ns)   --->   "%tmp_3_mid1 = icmp ult i10 %y_s, -509" [vga.cpp:101]   --->   Core 25 'Cmp' <Latency = 0> <II = 1> <Delay = 0.84> <FuncUnit> <Opcode : 'icmp'> <InPorts = 2> <OutPorts = 1>
ST_2 : Operation 52 [1/1] (0.00ns) (grouped into LUT with out node or_cond2)   --->   "%tmp2_mid1 = and i1 %tmp_2_mid1, %tmp_3_mid1" [vga.cpp:101]   --->   Core 27 'LogicGate' <Latency = 0> <II = 1> <Delay = 0.28> <FuncUnit> <Opcode : 'and' 'or' 'xor'> <InPorts = 2> <OutPorts = 1>
ST_2 : Operation 53 [1/1] (0.00ns) (grouped into LUT with out node or_cond2)   --->   "%tmp2_mid2 = select i1 %tmp_s, i1 %tmp2_mid1, i1 %tmp2" [vga.cpp:101]   --->   Core 26 'Sel' <Latency = 0> <II = 1> <Delay = 0.40> <FuncUnit> <Opcode : 'select'> <InPorts = 3> <OutPorts = 1>
ST_2 : Operation 54 [1/1] (0.40ns)   --->   "%y_mid2 = select i1 %tmp_s, i10 %y_s, i10 %y" [vga.cpp:88]   --->   Core 26 'Sel' <Latency = 0> <II = 1> <Delay = 0.40> <FuncUnit> <Opcode : 'select'> <InPorts = 3> <OutPorts = 1>
ST_2 : Operation 55 [1/1] (0.00ns)   --->   "%tmp_5_cast = zext i10 %x_mid2 to i11" [vga.cpp:92]
ST_2 : Operation 56 [1/1] (0.78ns)   --->   "%p_Val2_s = add i11 %tmp_5_cast, -144" [vga.cpp:92]   --->   Core 14 'AddSub' <Latency = 0> <II = 1> <Delay = 0.79> <FuncUnit> <Opcode : 'add' 'sub'> <InPorts = 2> <OutPorts = 1>
ST_2 : Operation 57 [1/1] (0.91ns)   --->   "%not_1 = icmp ugt i10 %x_mid2, 95" [vga.cpp:98]   --->   Core 25 'Cmp' <Latency = 0> <II = 1> <Delay = 0.84> <FuncUnit> <Opcode : 'icmp'> <InPorts = 2> <OutPorts = 1>
ST_2 : Operation 58 [1/1] (0.91ns)   --->   "%tmp_6 = icmp ugt i10 %x_mid2, 143" [vga.cpp:101]   --->   Core 25 'Cmp' <Latency = 0> <II = 1> <Delay = 0.84> <FuncUnit> <Opcode : 'icmp'> <InPorts = 2> <OutPorts = 1>
ST_2 : Operation 59 [1/1] (0.91ns)   --->   "%tmp_7 = icmp ult i10 %x_mid2, -240" [vga.cpp:101]   --->   Core 25 'Cmp' <Latency = 0> <II = 1> <Delay = 0.84> <FuncUnit> <Opcode : 'icmp'> <InPorts = 2> <OutPorts = 1>
ST_2 : Operation 60 [1/1] (0.00ns) (grouped into LUT with out node or_cond2)   --->   "%tmp1 = and i1 %tmp_6, %tmp_7" [vga.cpp:101]   --->   Core 27 'LogicGate' <Latency = 0> <II = 1> <Delay = 0.28> <FuncUnit> <Opcode : 'and' 'or' 'xor'> <InPorts = 2> <OutPorts = 1>
ST_2 : Operation 61 [1/1] (0.28ns) (out node of the LUT)   --->   "%or_cond2 = and i1 %tmp2_mid2, %tmp1" [vga.cpp:101]   --->   Core 27 'LogicGate' <Latency = 0> <II = 1> <Delay = 0.28> <FuncUnit> <Opcode : 'and' 'or' 'xor'> <InPorts = 2> <OutPorts = 1>
ST_2 : Operation 62 [1/1] (0.00ns)   --->   "br i1 %or_cond2, label %0, label %9" [vga.cpp:101]
ST_2 : Operation 63 [1/1] (0.00ns)   --->   "br i1 %selftest_read, label %4, label %1" [vga.cpp:110]
ST_2 : Operation 64 [1/1] (0.00ns)   --->   "br i1 %tmp, label %2, label %.get_checkerboard_color.exit_crit_edge15" [vga.cpp:112]
ST_2 : Operation 65 [1/1] (0.67ns)   --->   "store i4 0, i4* %B_temp_V_read_assign"
ST_2 : Operation 66 [1/1] (0.65ns)   --->   "store i4 0, i4* %G_temp_V_read_assign"
ST_2 : Operation 67 [1/1] (0.69ns)   --->   "store i4 -1, i4* %R_temp_V_read_assign"
ST_2 : Operation 68 [1/1] (0.00ns)   --->   "br label %get_checkerboard_color.exit" [vga.cpp:112]
ST_2 : Operation 69 [1/1] (0.00ns)   --->   "%tmp_V = call i8 @_ssdm_op_Read.axis.volatile.i8P(i8* %inStream_V_V)" [vga.cpp:115]   --->   Core 5 'AXI4Stream' <Latency = 0> <II = 1> <Delay = 1.00> <Adapter> <Opcode : >
ST_2 : Operation 70 [1/1] (0.84ns)   --->   "%tmp_9 = icmp eq i8 %tmp_V, -1" [vga.cpp:116]   --->   Core 25 'Cmp' <Latency = 0> <II = 1> <Delay = 0.84> <FuncUnit> <Opcode : 'icmp'> <InPorts = 2> <OutPorts = 1>
ST_2 : Operation 71 [1/1] (0.00ns)   --->   "br i1 %tmp_9, label %.get_checkerboard_color.exit_crit_edge, label %3" [vga.cpp:116]
ST_2 : Operation 72 [1/1] (0.00ns)   --->   "%R_temp_V = call i4 @_ssdm_op_PartSelect.i4.i8.i32.i32(i8 %tmp_V, i32 4, i32 7)" [vga.cpp:124]
ST_2 : Operation 73 [1/1] (0.67ns)   --->   "store i4 %R_temp_V, i4* %B_temp_V_read_assign" [vga.cpp:125]
ST_2 : Operation 74 [1/1] (0.65ns)   --->   "store i4 %R_temp_V, i4* %G_temp_V_read_assign" [vga.cpp:125]
ST_2 : Operation 75 [1/1] (0.69ns)   --->   "store i4 %R_temp_V, i4* %R_temp_V_read_assign" [vga.cpp:125]
ST_2 : Operation 76 [1/1] (0.00ns)   --->   "br label %get_checkerboard_color.exit"
ST_2 : Operation 77 [1/1] (0.67ns)   --->   "store i4 0, i4* %B_temp_V_read_assign"
ST_2 : Operation 78 [1/1] (0.65ns)   --->   "store i4 0, i4* %G_temp_V_read_assign"
ST_2 : Operation 79 [1/1] (0.69ns)   --->   "store i4 -1, i4* %R_temp_V_read_assign"
ST_2 : Operation 80 [1/1] (0.00ns)   --->   "br label %get_checkerboard_color.exit" [vga.cpp:116]
ST_2 : Operation 81 [1/1] (0.00ns)   --->   "%tmp_8 = call i1 @_ssdm_op_BitSelect.i1.i10.i32(i10 %y_coordinate_V_mid2, i32 5)" [vga.cpp:6->vga.cpp:141]
ST_2 : Operation 82 [1/1] (0.00ns)   --->   "%tmp_10 = call i1 @_ssdm_op_BitSelect.i1.i11.i32(i11 %p_Val2_s, i32 5)" [vga.cpp:92]
ST_2 : Operation 83 [1/1] (0.00ns)   --->   "%tmp_1_i = zext i1 %tmp_10 to i19" [vga.cpp:92]
ST_2 : Operation 84 [1/1] (0.00ns)   --->   "%tmp_2_i = call i21 @_ssdm_op_BitConcatenate.i21.i1.i19.i1(i1 false, i19 %tmp_1_i, i1 %tmp_8)" [vga.cpp:92]
ST_2 : Operation 85 [1/1] (0.72ns)   --->   "switch i21 %tmp_2_i, label %get_checkerboard_color.exit [
    i21 0, label %5
    i21 1, label %6
    i21 2, label %7
    i21 3, label %8
  ]" [vga.cpp:6->vga.cpp:141]
ST_2 : Operation 86 [1/1] (0.67ns)   --->   "store i4 0, i4* %B_temp_V_read_assign"
ST_2 : Operation 87 [1/1] (0.65ns)   --->   "store i4 0, i4* %G_temp_V_read_assign"
ST_2 : Operation 88 [1/1] (0.69ns)   --->   "store i4 %op2_V_read_assign, i4* %R_temp_V_read_assign" [vga.cpp:27->vga.cpp:141]
ST_2 : Operation 89 [1/1] (0.00ns)   --->   "br label %get_checkerboard_color.exit" [vga.cpp:30->vga.cpp:141]
ST_2 : Operation 90 [1/1] (0.67ns)   --->   "store i4 %tmp_6_i, i4* %B_temp_V_read_assign" [vga.cpp:17->vga.cpp:141]
ST_2 : Operation 91 [1/1] (0.65ns)   --->   "store i4 0, i4* %G_temp_V_read_assign"
ST_2 : Operation 92 [1/1] (0.69ns)   --->   "store i4 0, i4* %R_temp_V_read_assign"
ST_2 : Operation 93 [1/1] (0.00ns)   --->   "br label %get_checkerboard_color.exit" [vga.cpp:24->vga.cpp:141]
ST_2 : Operation 94 [1/1] (0.67ns)   --->   "store i4 %tmp_6_i, i4* %B_temp_V_read_assign" [vga.cpp:17->vga.cpp:141]
ST_2 : Operation 95 [1/1] (0.65ns)   --->   "store i4 0, i4* %G_temp_V_read_assign"
ST_2 : Operation 96 [1/1] (0.69ns)   --->   "store i4 0, i4* %R_temp_V_read_assign"
ST_2 : Operation 97 [1/1] (0.00ns)   --->   "br label %get_checkerboard_color.exit" [vga.cpp:18->vga.cpp:141]
ST_2 : Operation 98 [1/1] (0.67ns)   --->   "store i4 0, i4* %B_temp_V_read_assign"
ST_2 : Operation 99 [1/1] (0.65ns)   --->   "store i4 0, i4* %G_temp_V_read_assign"
ST_2 : Operation 100 [1/1] (0.69ns)   --->   "store i4 %op2_V_read_assign, i4* %R_temp_V_read_assign" [vga.cpp:9->vga.cpp:141]
ST_2 : Operation 101 [1/1] (0.00ns)   --->   "br label %get_checkerboard_color.exit" [vga.cpp:12->vga.cpp:141]
ST_2 : Operation 102 [1/1] (0.78ns)   --->   "%x_1 = add i10 %x_mid2, 1" [vga.cpp:88]   --->   Core 14 'AddSub' <Latency = 0> <II = 1> <Delay = 0.79> <FuncUnit> <Opcode : 'add' 'sub'> <InPorts = 2> <OutPorts = 1>

 <State 3> : 0.00ns
ST_3 : Operation 103 [1/1] (0.00ns)   --->   "%tmp_1 = call i32 (...)* @_ssdm_op_SpecRegionBegin([12 x i8]* @p_str4)" [vga.cpp:89]
ST_3 : Operation 104 [1/1] (0.00ns)   --->   "call void (...)* @_ssdm_op_SpecPipeline(i32 1, i32 1, i32 1, i32 0, [1 x i8]* @p_str2) nounwind" [vga.cpp:90]
ST_3 : Operation 105 [1/1] (0.00ns)   --->   "call void @_ssdm_op_Write.ap_none.volatile.i4P(i4* %R_V, i4 0)" [vga.cpp:154]
ST_3 : Operation 106 [1/1] (0.00ns)   --->   "call void @_ssdm_op_Write.ap_none.volatile.i4P(i4* %G_V, i4 0)" [vga.cpp:155]
ST_3 : Operation 107 [1/1] (0.00ns)   --->   "call void @_ssdm_op_Write.ap_none.volatile.i4P(i4* %B_V, i4 0)" [vga.cpp:156]
ST_3 : Operation 108 [1/1] (0.00ns)   --->   "call void @_ssdm_op_Write.ap_none.volatile.i1P(i1* %V_SYNC_V, i1 %not_mid2)" [vga.cpp:157]
ST_3 : Operation 109 [1/1] (0.00ns)   --->   "call void @_ssdm_op_Write.ap_none.volatile.i1P(i1* %H_SYNC_V, i1 %not_1)" [vga.cpp:158]
ST_3 : Operation 110 [1/1] (0.00ns)   --->   "br label %10"
ST_3 : Operation 111 [1/1] (0.00ns)   --->   "%R_temp_V_read_assign_1 = load i4* %R_temp_V_read_assign" [vga.cpp:146]
ST_3 : Operation 112 [1/1] (0.00ns)   --->   "%G_temp_V_read_assign_1 = load i4* %G_temp_V_read_assign" [vga.cpp:147]
ST_3 : Operation 113 [1/1] (0.00ns)   --->   "%B_temp_V_read_assign_1 = load i4* %B_temp_V_read_assign" [vga.cpp:148]
ST_3 : Operation 114 [1/1] (0.00ns)   --->   "call void @_ssdm_op_Write.ap_none.volatile.i4P(i4* %R_V, i4 %R_temp_V_read_assign_1)" [vga.cpp:146]
ST_3 : Operation 115 [1/1] (0.00ns)   --->   "call void @_ssdm_op_Write.ap_none.volatile.i4P(i4* %G_V, i4 %G_temp_V_read_assign_1)" [vga.cpp:147]
ST_3 : Operation 116 [1/1] (0.00ns)   --->   "call void @_ssdm_op_Write.ap_none.volatile.i4P(i4* %B_V, i4 %B_temp_V_read_assign_1)" [vga.cpp:148]
ST_3 : Operation 117 [1/1] (0.00ns)   --->   "call void @_ssdm_op_Write.ap_none.volatile.i1P(i1* %V_SYNC_V, i1 %not_mid2)" [vga.cpp:149]
ST_3 : Operation 118 [1/1] (0.00ns)   --->   "call void @_ssdm_op_Write.ap_none.volatile.i1P(i1* %H_SYNC_V, i1 %not_1)" [vga.cpp:150]
ST_3 : Operation 119 [1/1] (0.00ns)   --->   "br label %10" [vga.cpp:151]
ST_3 : Operation 120 [1/1] (0.00ns)   --->   "%empty = call i32 (...)* @_ssdm_op_SpecRegionEnd([12 x i8]* @p_str4, i32 %tmp_1)" [vga.cpp:161]
ST_3 : Operation 121 [1/1] (0.00ns)   --->   "br label %.preheader" [vga.cpp:88]

 <State 4> : 0.00ns
ST_4 : Operation 122 [1/1] (0.00ns)   --->   "ret void" [vga.cpp:163]


============================================================
+ Verbose Summary: Timing violations
============================================================
Target clock period: 10ns, clock uncertainty: 1.25ns.

 <State 1>: 0.797ns
The critical path consists of the following:
	'load' operation ('color_blinking_V_loa', vga.cpp:76) on static variable 'color_blinking_V' [29]  (0 ns)
	'add' operation ('op2.V', vga.cpp:76) [30]  (0.797 ns)

 <State 2>: 2.82ns
The critical path consists of the following:
	'phi' operation ('x') with incoming values : ('x', vga.cpp:88) [38]  (0 ns)
	'icmp' operation ('tmp_s', vga.cpp:88) [48]  (0.912 ns)
	'select' operation ('x_mid2', vga.cpp:88) [49]  (0.403 ns)
	'add' operation ('x_coordinate.V', vga.cpp:92) [64]  (0.787 ns)

 <State 3>: 0ns
The critical path consists of the following:

 <State 4>: 0ns
The critical path consists of the following:


============================================================
+ Verbose Summary: Binding
============================================================
N/A
* FSMD analyzer results:
  - Output states:
 - Input state : 
  - Chain level:
	State 1
	State 2
	State 3
	State 4


============================================================
+ Verbose Summary: Datapath Resource usage 
============================================================
N/A
