   Compiling ../../../test.cpp in debug mode
   Compiling ../../../pattern_generator.cpp in debug mode
   Generating csim.exe
193 193 193 193 193 193 193 193 
193  62  62  62  62  62  62  62 
193  62  62  62  62  62  62  62 
193  62  62  62  62  62  62  62 
193  62  62  62  62  62  62  62 


 62 193  62  62  62  62  62  62 
193 193 193 193 193 193 193 193 
 62 193  62  62  62  62  62  62 
 62 193  62  62  62  62  62  62 
 62 193  62  62  62  62  62  62 


 62  62 193  62  62  62  62  62 
 62  62 193  62  62  62  62  62 
193 193 193 193 193 193 193 193 
 62  62 193  62  62  62  62  62 
 62  62 193  62  62  62  62  62 


 62  62  62 193  62  62  62  62 
 62  62  62 193  62  62  62  62 
 62  62  62 193  62  62  62  62 
193 193 193 193 193 193 193 193 
 62  62  62 193  62  62  62  62 


 62  62  62  62 193  62  62  62 
 62  62  62  62 193  62  62  62 
 62  62  62  62 193  62  62  62 
 62  62  62  62 193  62  62  62 
193 193 193 193 193 193 193 193 


 62  62  62  62  62 193  62  62 
 62  62  62  62  62 193  62  62 
 62  62  62  62  62 193  62  62 
193 193 193 193 193 193 193 193 
 62  62  62  62  62 193  62  62 


 62  62  62  62  62  62 193  62 
 62  62  62  62  62  62 193  62 
193 193 193 193 193 193 193 193 
 62  62  62  62  62  62 193  62 
 62  62  62  62  62  62 193  62 


 62  62  62  62  62  62  62 193 
193 193 193 193 193 193 193 193 
 62  62  62  62  62  62  62 193 
 62  62  62  62  62  62  62 193 
 62  62  62  62  62  62  62 193 


193 193 193 193 193 193 193 193 
 62  62  62  62  62  62 193  62 
 62  62  62  62  62  62 193  62 
 62  62  62  62  62  62 193  62 
 62  62  62  62  62  62 193  62 


 62  62  62  62  62 193  62  62 
193 193 193 193 193 193 193 193 
 62  62  62  62  62 193  62  62 
 62  62  62  62  62 193  62  62 
 62  62  62  62  62 193  62  62 


 62  62  62  62 193  62  62  62 
 62  62  62  62 193  62  62  62 
193 193 193 193 193 193 193 193 
 62  62  62  62 193  62  62  62 
 62  62  62  62 193  62  62  62 


 62  62  62 193  62  62  62  62 
 62  62  62 193  62  62  62  62 
 62  62  62 193  62  62  62  62 
193 193 193 193 193 193 193 193 
 62  62  62 193  62  62  62  62 


 62  62 193  62  62  62  62  62 
 62  62 193  62  62  62  62  62 
 62  62 193  62  62  62  62  62 
 62  62 193  62  62  62  62  62 
193 193 193 193 193 193 193 193 


 62 193  62  62  62  62  62  62 
 62 193  62  62  62  62  62  62 
 62 193  62  62  62  62  62  62 
193 193 193 193 193 193 193 193 
 62 193  62  62  62  62  62  62 


193  62  62  62  62  62  62  62 
193  62  62  62  62  62  62  62 
193 193 193 193 193 193 193 193 
193  62  62  62  62  62  62  62 
193  62  62  62  62  62  62  62 


 62 193  62  62  62  62  62  62 
193 193 193 193 193 193 193 193 
 62 193  62  62  62  62  62  62 
 62 193  62  62  62  62  62  62 
 62 193  62  62  62  62  62  62 


193 193 193 193 193 193 193 193 
 62  62 193  62  62  62  62  62 
 62  62 193  62  62  62  62  62 
 62  62 193  62  62  62  62  62 
 62  62 193  62  62  62  62  62 


 62  62  62 193  62  62  62  62 
193 193 193 193 193 193 193 193 
 62  62  62 193  62  62  62  62 
 62  62  62 193  62  62  62  62 
 62  62  62 193  62  62  62  62 


 62  62  62  62 193  62  62  62 
 62  62  62  62 193  62  62  62 
193 193 193 193 193 193 193 193 
 62  62  62  62 193  62  62  62 
 62  62  62  62 193  62  62  62 


 62  62  62  62  62 193  62  62 
 62  62  62  62  62 193  62  62 
 62  62  62  62  62 193  62  62 
193 193 193 193 193 193 193 193 
 62  62  62  62  62 193  62  62 


@I [SIM-1] CSim done with 0 errors.
