#-----------------------------------------------------------
# Vivado v2015.4.1 (64-bit)
# SW Build 1431336 on Fri Dec 11 14:52:45 MST 2015
# IP Build 1427053 on Mon Dec  7 12:56:29 MST 2015
# Start of session at: Wed Jan 27 19:12:46 2016
# Process ID: 5984
# Current directory: C:/Users/Riccardo/Documents/Vivado_HLS/MY_PATTERN_GENERATOR/solution1/sim/verilog
# Command line: vivado.exe -source open_wave.tcl
# Log file: C:/Users/Riccardo/Documents/Vivado_HLS/MY_PATTERN_GENERATOR/solution1/sim/verilog/vivado.log
# Journal file: C:/Users/Riccardo/Documents/Vivado_HLS/MY_PATTERN_GENERATOR/solution1/sim/verilog\vivado.jou
#-----------------------------------------------------------
start_gui
source open_wave.tcl
# current_fileset
INFO: [IP_Flow 19-234] Refreshing IP repositories
INFO: [IP_Flow 19-1704] No user IP repositories specified
INFO: [IP_Flow 19-2313] Loaded Vivado IP repository 'C:/Xilinx/Vivado/2015.4/data/ip'.
# open_wave_database pattern_generator.wdb
add_wave {{/apatb_pattern_generator_top}} 
close_sim
INFO: [Simtcl 6-16] Simulation closed
exit
INFO: [Common 17-206] Exiting Vivado at Wed Jan 27 19:18:07 2016...
