Vivado Simulator 2015.4
Copyright 1986-1999, 2001-2015 Xilinx, Inc. All Rights Reserved.
Running: C:/Xilinx/Vivado/2015.4/bin/unwrapped/win64.o/xelab.exe xil_defaultlib.apatb_pattern_generator_top -prj pattern_generator.prj --lib ieee_proposed=./ieee_proposed -s pattern_generator -debug wave 
Multi-threading is on. Using 2 slave threads.
INFO: [VRFC 10-2263] Analyzing Verilog file "C:/Users/Riccardo/Documents/Vivado_HLS/MY_PATTERN_GENERATOR/solution1/sim/verilog/AESL_axi_s_outputStream_V.v" into library xil_defaultlib
INFO: [VRFC 10-311] analyzing module AESL_axi_s_outputStream_V
INFO: [VRFC 10-2263] Analyzing Verilog file "C:/Users/Riccardo/Documents/Vivado_HLS/MY_PATTERN_GENERATOR/solution1/sim/verilog/AESL_fifo.v" into library xil_defaultlib
INFO: [VRFC 10-311] analyzing module fifo
INFO: [VRFC 10-2263] Analyzing Verilog file "C:/Users/Riccardo/Documents/Vivado_HLS/MY_PATTERN_GENERATOR/solution1/sim/verilog/pattern_generator.autotb.v" into library xil_defaultlib
INFO: [VRFC 10-311] analyzing module apatb_pattern_generator_top
INFO: [VRFC 10-2458] undeclared symbol ap_clk, assumed default net type wire [C:/Users/Riccardo/Documents/Vivado_HLS/MY_PATTERN_GENERATOR/solution1/sim/verilog/pattern_generator.autotb.v:103]
INFO: [VRFC 10-2458] undeclared symbol ap_rst_n, assumed default net type wire [C:/Users/Riccardo/Documents/Vivado_HLS/MY_PATTERN_GENERATOR/solution1/sim/verilog/pattern_generator.autotb.v:104]
INFO: [VRFC 10-2458] undeclared symbol ap_rst_n_n, assumed default net type wire [C:/Users/Riccardo/Documents/Vivado_HLS/MY_PATTERN_GENERATOR/solution1/sim/verilog/pattern_generator.autotb.v:116]
INFO: [VRFC 10-2263] Analyzing Verilog file "C:/Users/Riccardo/Documents/Vivado_HLS/MY_PATTERN_GENERATOR/solution1/sim/verilog/pattern_generator.v" into library xil_defaultlib
INFO: [VRFC 10-311] analyzing module pattern_generator
Starting static elaboration
Completed static elaboration
Starting simulation data flow analysis
Completed simulation data flow analysis
Time Resolution for simulation is 1ps
Compiling module xil_defaultlib.pattern_generator
Compiling module xil_defaultlib.fifo(DEPTH=48)
Compiling module xil_defaultlib.AESL_axi_s_outputStream_V
Compiling module xil_defaultlib.apatb_pattern_generator_top
Built simulation snapshot pattern_generator
