

================================================================
== Vivado HLS Report for 'mux_sd_ov'
================================================================
* Date:           Fri Sep 22 10:01:13 2017

* Version:        2016.2 (Build 1577090 on Thu Jun 02 16:59:10 MDT 2016)
* Project:        VIDEO_STREAM_MUX
* Solution:       solution1
* Product family: zynq
* Target device:  xc7z020clg484-1


================================================================
== Performance Estimates
================================================================
+ Timing (ns): 
    * Summary: 
    +--------+-------+----------+------------+
    |  Clock | Target| Estimated| Uncertainty|
    +--------+-------+----------+------------+
    |ap_clk  |  10.00|      1.00|        1.25|
    +--------+-------+----------+------------+

+ Latency (clock cycles): 
    * Summary: 
    +-----+-----+-----+-----+---------+
    |  Latency  |  Interval | Pipeline|
    | min | max | min | max |   Type  |
    +-----+-----+-----+-----+---------+
    |    0|    0|    1|    1|   none  |
    +-----+-----+-----+-----+---------+

    + Detail: 
        * Instance: 
        N/A

        * Loop: 
        N/A



================================================================
== Utilization Estimates
================================================================
* Summary: 
+-----------------+---------+-------+--------+-------+
|       Name      | BRAM_18K| DSP48E|   FF   |  LUT  |
+-----------------+---------+-------+--------+-------+
|DSP              |        -|      -|       -|      -|
|Expression       |        -|      -|       0|      2|
|FIFO             |        -|      -|       -|      -|
|Instance         |        0|      -|      37|     42|
|Memory           |        -|      -|       -|      -|
|Multiplexer      |        -|      -|       -|     12|
|Register         |        -|      -|       2|      -|
+-----------------+---------+-------+--------+-------+
|Total            |        0|      0|      39|     56|
+-----------------+---------+-------+--------+-------+
|Available        |      280|    220|  106400|  53200|
+-----------------+---------+-------+--------+-------+
|Utilization (%)  |        0|      0|   ~0   |   ~0  |
+-----------------+---------+-------+--------+-------+

+ Detail: 
    * Instance: 
    +----------------------------+--------------------------+---------+-------+----+----+
    |          Instance          |          Module          | BRAM_18K| DSP48E| FF | LUT|
    +----------------------------+--------------------------+---------+-------+----+----+
    |mux_sd_ov_AXILiteS_s_axi_U  |mux_sd_ov_AXILiteS_s_axi  |        0|      0|  37|  42|
    +----------------------------+--------------------------+---------+-------+----+----+
    |Total                       |                          |        0|      0|  37|  42|
    +----------------------------+--------------------------+---------+-------+----+----+

    * DSP48: 
    N/A

    * Memory: 
    N/A

    * FIFO: 
    N/A

    * Expression: 
    +--------------+----------+-------+---+----+------------+------------+
    | Variable Name| Operation| DSP48E| FF| LUT| Bitwidth P0| Bitwidth P1|
    +--------------+----------+-------+---+----+------------+------------+
    |ap_sig_100    |    and   |      0|  0|   1|           1|           1|
    |ap_sig_87     |    or    |      0|  0|   1|           1|           1|
    +--------------+----------+-------+---+----+------------+------------+
    |Total         |          |      0|  0|   2|           2|           2|
    +--------------+----------+-------+---+----+------------+------------+

    * Multiplexer: 
    +----------------------------------------+----+-----------+-----+-----------+
    |                  Name                  | LUT| Input Size| Bits| Total Bits|
    +----------------------------------------+----+-----------+-----+-----------+
    |ap_sig_ioackin_outputStream_V_V_TREADY  |   1|          2|    1|          2|
    |data_in_ov7670_V_V_TDATA_blk_n          |   1|          2|    1|          2|
    |data_in_sd_V_V_TDATA_blk_n              |   1|          2|    1|          2|
    |outputStream_V_V_TDATA                  |   8|          3|    8|         24|
    |outputStream_V_V_TDATA_blk_n            |   1|          2|    1|          2|
    +----------------------------------------+----+-----------+-----+-----------+
    |Total                                   |  12|         11|   12|         32|
    +----------------------------------------+----+-----------+-----+-----------+

    * Register: 
    +----------------------------------------+---+----+-----+-----------+
    |                  Name                  | FF| LUT| Bits| Const Bits|
    +----------------------------------------+---+----+-----+-----------+
    |ap_CS_fsm                               |  1|   0|    1|          0|
    |ap_reg_ioackin_outputStream_V_V_TREADY  |  1|   0|    1|          0|
    +----------------------------------------+---+----+-----+-----------+
    |Total                                   |  2|   0|    2|          0|
    +----------------------------------------+---+----+-----+-----------+



================================================================
== Interface
================================================================
* Summary: 
+---------------------------+-----+-----+------------+--------------------+--------------+
|         RTL Ports         | Dir | Bits|  Protocol  |    Source Object   |    C Type    |
+---------------------------+-----+-----+------------+--------------------+--------------+
|s_axi_AXILiteS_AWVALID     |  in |    1|    s_axi   |      AXILiteS      |    scalar    |
|s_axi_AXILiteS_AWREADY     | out |    1|    s_axi   |      AXILiteS      |    scalar    |
|s_axi_AXILiteS_AWADDR      |  in |    5|    s_axi   |      AXILiteS      |    scalar    |
|s_axi_AXILiteS_WVALID      |  in |    1|    s_axi   |      AXILiteS      |    scalar    |
|s_axi_AXILiteS_WREADY      | out |    1|    s_axi   |      AXILiteS      |    scalar    |
|s_axi_AXILiteS_WDATA       |  in |   32|    s_axi   |      AXILiteS      |    scalar    |
|s_axi_AXILiteS_WSTRB       |  in |    4|    s_axi   |      AXILiteS      |    scalar    |
|s_axi_AXILiteS_ARVALID     |  in |    1|    s_axi   |      AXILiteS      |    scalar    |
|s_axi_AXILiteS_ARREADY     | out |    1|    s_axi   |      AXILiteS      |    scalar    |
|s_axi_AXILiteS_ARADDR      |  in |    5|    s_axi   |      AXILiteS      |    scalar    |
|s_axi_AXILiteS_RVALID      | out |    1|    s_axi   |      AXILiteS      |    scalar    |
|s_axi_AXILiteS_RREADY      |  in |    1|    s_axi   |      AXILiteS      |    scalar    |
|s_axi_AXILiteS_RDATA       | out |   32|    s_axi   |      AXILiteS      |    scalar    |
|s_axi_AXILiteS_RRESP       | out |    2|    s_axi   |      AXILiteS      |    scalar    |
|s_axi_AXILiteS_BVALID      | out |    1|    s_axi   |      AXILiteS      |    scalar    |
|s_axi_AXILiteS_BREADY      |  in |    1|    s_axi   |      AXILiteS      |    scalar    |
|s_axi_AXILiteS_BRESP       | out |    2|    s_axi   |      AXILiteS      |    scalar    |
|ap_clk                     |  in |    1| ap_ctrl_hs |      mux_sd_ov     | return value |
|ap_rst_n                   |  in |    1| ap_ctrl_hs |      mux_sd_ov     | return value |
|ap_start                   |  in |    1| ap_ctrl_hs |      mux_sd_ov     | return value |
|ap_done                    | out |    1| ap_ctrl_hs |      mux_sd_ov     | return value |
|ap_idle                    | out |    1| ap_ctrl_hs |      mux_sd_ov     | return value |
|ap_ready                   | out |    1| ap_ctrl_hs |      mux_sd_ov     | return value |
|data_in_sd_V_V_TDATA       |  in |    8|    axis    |   data_in_sd_V_V   |    pointer   |
|data_in_sd_V_V_TVALID      |  in |    1|    axis    |   data_in_sd_V_V   |    pointer   |
|data_in_sd_V_V_TREADY      | out |    1|    axis    |   data_in_sd_V_V   |    pointer   |
|data_in_ov7670_V_V_TDATA   |  in |    8|    axis    | data_in_ov7670_V_V |    pointer   |
|data_in_ov7670_V_V_TVALID  |  in |    1|    axis    | data_in_ov7670_V_V |    pointer   |
|data_in_ov7670_V_V_TREADY  | out |    1|    axis    | data_in_ov7670_V_V |    pointer   |
|outputStream_V_V_TDATA     | out |    8|    axis    |  outputStream_V_V  |    pointer   |
|outputStream_V_V_TVALID    | out |    1|    axis    |  outputStream_V_V  |    pointer   |
|outputStream_V_V_TREADY    |  in |    1|    axis    |  outputStream_V_V  |    pointer   |
+---------------------------+-----+-----+------------+--------------------+--------------+

============================================================
+ Verbose Summary: Synthesis Manager
============================================================
InlineROM: 1
ExposeGlobal: 0
============================================================
+ Verbose Summary: CDFG Model
============================================================
IsTopModel: 1
ResetActiveHigh: 1
IsCombinational: 2
IsDatapathOnly: 2
HasWiredReturn: 1
HasMFsm: 0
HasVarLatency: 0
IsPipeline: 0
IsRtlPipelined: 0
IsInstanceOverlapped: 0
IsDontTouch: 0
HasImplIP: 0
IsGatedGlobalClock: 0


============================================================
+ Verbose Summary: Schedule
============================================================
* Number of FSM states: 1
* Pipeline: 0
* Dataflow Pipeline: 0

* FSM state transitions: 
1 --> 
* FSM state operations: 

 <State 1>: 1.00ns
ST_1: stg_2 [1/1] 0.00ns
:0  call void (...)* @_ssdm_op_SpecBitsMap(i1 %switch_stream), !map !7

ST_1: stg_3 [1/1] 0.00ns
:1  call void (...)* @_ssdm_op_SpecBitsMap(i8* %data_in_sd_V_V), !map !13

ST_1: stg_4 [1/1] 0.00ns
:2  call void (...)* @_ssdm_op_SpecBitsMap(i8* %data_in_ov7670_V_V), !map !17

ST_1: stg_5 [1/1] 0.00ns
:3  call void (...)* @_ssdm_op_SpecBitsMap(i8* %outputStream_V_V), !map !21

ST_1: stg_6 [1/1] 0.00ns
:4  call void (...)* @_ssdm_op_SpecTopModule([10 x i8]* @mux_sd_ov_str) nounwind

ST_1: switch_stream_read [1/1] 1.00ns
:5  %switch_stream_read = call i1 @_ssdm_op_Read.s_axilite.i1(i1 %switch_stream)

ST_1: stg_8 [1/1] 0.00ns
:6  call void (...)* @_ssdm_op_SpecInterface(i1 %switch_stream, [10 x i8]* @p_str, i32 0, i32 0, i32 0, i32 0, [1 x i8]* @p_str1, [1 x i8]* @p_str1, [1 x i8]* @p_str1, i32 0, i32 0, i32 0, i32 0, [1 x i8]* @p_str1) nounwind

ST_1: stg_9 [1/1] 0.00ns
:7  call void (...)* @_ssdm_op_SpecInterface(i8* %outputStream_V_V, [5 x i8]* @p_str2, i32 0, i32 0, i32 0, i32 0, [1 x i8]* @p_str1, [1 x i8]* @p_str1, [1 x i8]* @p_str1, i32 0, i32 0, i32 0, i32 0, [1 x i8]* @p_str1) nounwind

ST_1: stg_10 [1/1] 0.00ns
:8  call void (...)* @_ssdm_op_SpecInterface(i8* %data_in_sd_V_V, [5 x i8]* @p_str2, i32 0, i32 0, i32 0, i32 0, [1 x i8]* @p_str1, [1 x i8]* @p_str1, [1 x i8]* @p_str1, i32 0, i32 0, i32 0, i32 0, [1 x i8]* @p_str1) nounwind

ST_1: stg_11 [1/1] 0.00ns
:9  call void (...)* @_ssdm_op_SpecInterface(i8* %data_in_ov7670_V_V, [5 x i8]* @p_str2, i32 0, i32 0, i32 0, i32 0, [1 x i8]* @p_str1, [1 x i8]* @p_str1, [1 x i8]* @p_str1, i32 0, i32 0, i32 0, i32 0, [1 x i8]* @p_str1) nounwind

ST_1: stg_12 [1/1] 0.00ns
:10  br i1 %switch_stream_read, label %2, label %1

ST_1: tmp_V_1 [1/1] 0.00ns
:0  %tmp_V_1 = call i8 @_ssdm_op_Read.axis.volatile.i8P(i8* %data_in_ov7670_V_V)

ST_1: stg_14 [1/1] 0.00ns
:1  call void @_ssdm_op_Write.axis.volatile.i8P(i8* %outputStream_V_V, i8 %tmp_V_1)

ST_1: stg_15 [1/1] 0.00ns
:2  br label %3

ST_1: tmp_V [1/1] 0.00ns
:0  %tmp_V = call i8 @_ssdm_op_Read.axis.volatile.i8P(i8* %data_in_sd_V_V)

ST_1: stg_17 [1/1] 0.00ns
:1  call void @_ssdm_op_Write.axis.volatile.i8P(i8* %outputStream_V_V, i8 %tmp_V)

ST_1: stg_18 [1/1] 0.00ns
:2  br label %3

ST_1: stg_19 [1/1] 0.00ns
:0  ret void



============================================================
+ Verbose Summary: Binding
============================================================
STG Binding: 
---------------- STG Properties BEGIN ----------------
- Is combinational: 0
- Is one-state seq: 1
- Is datapath-only: 0
- Is clock enabled: 0
- Is pipelined: 0
- Is top level: 1
Port [ Return ] is wired: 1; IO mode=ap_ctrl_hs:ce=0
Port [ switch_stream]:  wired=1; compound=0; hidden=0; nouse=0; global=0; static=0; extern=0; dir=0; type=0; pingpong=0; private_global=0; IO mode=ap_none:ce=0
Port [ data_in_sd_V_V]:  wired=1; compound=1; hidden=0; nouse=0; global=0; static=0; extern=0; dir=0; type=0; pingpong=0; private_global=0; IO mode=axis:ce=0
Port [ data_in_ov7670_V_V]:  wired=1; compound=1; hidden=0; nouse=0; global=0; static=0; extern=0; dir=0; type=0; pingpong=0; private_global=0; IO mode=axis:ce=0
Port [ outputStream_V_V]:  wired=1; compound=1; hidden=0; nouse=0; global=0; static=0; extern=0; dir=1; type=0; pingpong=0; private_global=0; IO mode=axis:ce=0
---------------- STG Properties END ------------------

---------------- Datapath Model BEGIN ----------------

<LifeTime>
<method=bitvector/>
stg_2              (specbitsmap  ) [ 00]
stg_3              (specbitsmap  ) [ 00]
stg_4              (specbitsmap  ) [ 00]
stg_5              (specbitsmap  ) [ 00]
stg_6              (spectopmodule) [ 00]
switch_stream_read (read         ) [ 01]
stg_8              (specinterface) [ 00]
stg_9              (specinterface) [ 00]
stg_10             (specinterface) [ 00]
stg_11             (specinterface) [ 00]
stg_12             (br           ) [ 00]
tmp_V_1            (read         ) [ 00]
stg_14             (write        ) [ 00]
stg_15             (br           ) [ 00]
tmp_V              (read         ) [ 00]
stg_17             (write        ) [ 00]
stg_18             (br           ) [ 00]
stg_19             (ret          ) [ 00]
</LifeTime>

<model>

<comp_list>
<comp id="0" class="1000" name="switch_stream">
<pin_list>
<pin id="1" dir="1" index="0" bw="1" slack="0"/>
</pin_list>
<bind>
<StgValue><ssdm name="switch_stream"/></StgValue>
</bind>
</comp>

<comp id="2" class="1000" name="data_in_sd_V_V">
<pin_list>
<pin id="3" dir="1" index="0" bw="1" slack="0"/>
</pin_list>
<bind>
<StgValue><ssdm name="data_in_sd_V_V"/></StgValue>
</bind>
</comp>

<comp id="4" class="1000" name="data_in_ov7670_V_V">
<pin_list>
<pin id="5" dir="1" index="0" bw="1" slack="0"/>
</pin_list>
<bind>
<StgValue><ssdm name="data_in_ov7670_V_V"/></StgValue>
</bind>
</comp>

<comp id="6" class="1000" name="outputStream_V_V">
<pin_list>
<pin id="7" dir="1" index="0" bw="1" slack="0"/>
</pin_list>
<bind>
<StgValue><ssdm name="outputStream_V_V"/></StgValue>
</bind>
</comp>

<comp id="8" class="1001" name="const_8">
<pin_list>
<pin id="9" dir="1" index="0" bw="1" slack="2147483647"/>
</pin_list>
<bind>
<StgValue><ssdm name="_ssdm_op_SpecBitsMap"/></StgValue>
</bind>
</comp>

<comp id="10" class="1001" name="const_10">
<pin_list>
<pin id="11" dir="1" index="0" bw="1" slack="2147483647"/>
</pin_list>
<bind>
<StgValue><ssdm name="_ssdm_op_SpecTopModule"/></StgValue>
</bind>
</comp>

<comp id="12" class="1001" name="const_12">
<pin_list>
<pin id="13" dir="1" index="0" bw="1" slack="2147483647"/>
</pin_list>
<bind>
<StgValue><ssdm name="mux_sd_ov_str"/></StgValue>
</bind>
</comp>

<comp id="14" class="1001" name="const_14">
<pin_list>
<pin id="15" dir="1" index="0" bw="1" slack="0"/>
</pin_list>
<bind>
<StgValue><ssdm name="_ssdm_op_Read.s_axilite.i1"/></StgValue>
</bind>
</comp>

<comp id="16" class="1001" name="const_16">
<pin_list>
<pin id="17" dir="1" index="0" bw="1" slack="2147483647"/>
</pin_list>
<bind>
<StgValue><ssdm name="_ssdm_op_SpecInterface"/></StgValue>
</bind>
</comp>

<comp id="18" class="1001" name="const_18">
<pin_list>
<pin id="19" dir="1" index="0" bw="1" slack="2147483647"/>
</pin_list>
<bind>
<StgValue><ssdm name="p_str"/></StgValue>
</bind>
</comp>

<comp id="20" class="1001" name="const_20">
<pin_list>
<pin id="21" dir="1" index="0" bw="1" slack="2147483647"/>
</pin_list>
<bind>
<StgValue><ssdm name=""/></StgValue>
</bind>
</comp>

<comp id="22" class="1001" name="const_22">
<pin_list>
<pin id="23" dir="1" index="0" bw="1" slack="2147483647"/>
</pin_list>
<bind>
<StgValue><ssdm name="p_str1"/></StgValue>
</bind>
</comp>

<comp id="24" class="1001" name="const_24">
<pin_list>
<pin id="25" dir="1" index="0" bw="1" slack="2147483647"/>
</pin_list>
<bind>
<StgValue><ssdm name="p_str2"/></StgValue>
</bind>
</comp>

<comp id="26" class="1001" name="const_26">
<pin_list>
<pin id="27" dir="1" index="0" bw="1" slack="0"/>
</pin_list>
<bind>
<StgValue><ssdm name="_ssdm_op_Read.axis.volatile.i8P"/></StgValue>
</bind>
</comp>

<comp id="28" class="1001" name="const_28">
<pin_list>
<pin id="29" dir="1" index="0" bw="1" slack="0"/>
</pin_list>
<bind>
<StgValue><ssdm name="_ssdm_op_Write.axis.volatile.i8P"/></StgValue>
</bind>
</comp>

<comp id="30" class="1004" name="switch_stream_read_read_fu_30">
<pin_list>
<pin id="31" dir="0" index="0" bw="1" slack="0"/>
<pin id="32" dir="0" index="1" bw="1" slack="0"/>
<pin id="33" dir="1" index="2" bw="1" slack="2147483647"/>
</pin_list>
<bind>
<opcode="read(1150) " fcode="read"/>
<opset="switch_stream_read/1 "/>
</bind>
</comp>

<comp id="36" class="1004" name="tmp_V_1_read_fu_36">
<pin_list>
<pin id="37" dir="0" index="0" bw="8" slack="0"/>
<pin id="38" dir="0" index="1" bw="8" slack="0"/>
<pin id="39" dir="1" index="2" bw="8" slack="0"/>
</pin_list>
<bind>
<opcode="read(1150) " fcode="read"/>
<opset="tmp_V_1/1 "/>
</bind>
</comp>

<comp id="42" class="1004" name="grp_write_fu_42">
<pin_list>
<pin id="43" dir="0" index="0" bw="0" slack="0"/>
<pin id="44" dir="0" index="1" bw="8" slack="0"/>
<pin id="45" dir="0" index="2" bw="8" slack="0"/>
<pin id="46" dir="1" index="3" bw="0" slack="2147483647"/>
</pin_list>
<bind>
<opcode="write(1151) " fcode="write"/>
<opset="stg_14/1 stg_17/1 "/>
</bind>
</comp>

<comp id="50" class="1004" name="tmp_V_read_fu_50">
<pin_list>
<pin id="51" dir="0" index="0" bw="8" slack="0"/>
<pin id="52" dir="0" index="1" bw="8" slack="0"/>
<pin id="53" dir="1" index="2" bw="8" slack="0"/>
</pin_list>
<bind>
<opcode="read(1150) " fcode="read"/>
<opset="tmp_V/1 "/>
</bind>
</comp>

</comp_list>

<net_list>
<net id="34"><net_src comp="14" pin="0"/><net_sink comp="30" pin=0"/></net>

<net id="35"><net_src comp="0" pin="0"/><net_sink comp="30" pin=1"/></net>

<net id="40"><net_src comp="26" pin="0"/><net_sink comp="36" pin=0"/></net>

<net id="41"><net_src comp="4" pin="0"/><net_sink comp="36" pin=1"/></net>

<net id="47"><net_src comp="28" pin="0"/><net_sink comp="42" pin=0"/></net>

<net id="48"><net_src comp="6" pin="0"/><net_sink comp="42" pin=1"/></net>

<net id="49"><net_src comp="36" pin="2"/><net_sink comp="42" pin=2"/></net>

<net id="54"><net_src comp="26" pin="0"/><net_sink comp="50" pin=0"/></net>

<net id="55"><net_src comp="2" pin="0"/><net_sink comp="50" pin=1"/></net>

<net id="56"><net_src comp="50" pin="2"/><net_sink comp="42" pin=2"/></net>

</net_list>

</model> 
---------------- Datapath Model END ------------------

* FSMD analyzer results:
  - Output states:
	Port: outputStream_V_V | {1 }
 - Input state : 
	Port: mux_sd_ov : switch_stream | {1 }
	Port: mux_sd_ov : data_in_sd_V_V | {1 }
	Port: mux_sd_ov : data_in_ov7670_V_V | {1 }
  - Chain level:
	State 1


============================================================
+ Verbose Summary: Datapath Resource usage 
============================================================

* Functional unit list:
|----------|-------------------------------|
| Operation|        Functional Unit        |
|----------|-------------------------------|
|          | switch_stream_read_read_fu_30 |
|   read   |       tmp_V_1_read_fu_36      |
|          |        tmp_V_read_fu_50       |
|----------|-------------------------------|
|   write  |        grp_write_fu_42        |
|----------|-------------------------------|
|   Total  |                               |
|----------|-------------------------------|

Memories:
N/A

* Register list:
N/A

* Multiplexer (MUX) list: 
|-----------------|------|------|------|--------||---------||---------|
|       Comp      |  Pin | Size |  BW  | S x BW ||  Delay  ||   LUT   |
|-----------------|------|------|------|--------||---------||---------|
| grp_write_fu_42 |  p2  |   2  |   8  |   16   ||    8    |
|-----------------|------|------|------|--------||---------||---------|
|      Total      |      |      |      |   16   ||  1.571  ||    8    |
|-----------------|------|------|------|--------||---------||---------|



* Summary:
+-----------+--------+--------+
|           |  Delay |   LUT  |
+-----------+--------+--------+
|  Function |    -   |    -   |
|   Memory  |    -   |    -   |
|Multiplexer|    1   |    8   |
|  Register |    -   |    -   |
+-----------+--------+--------+
|   Total   |    1   |    8   |
+-----------+--------+--------+
