@I [HLS-0] Workspace C:/Users/Riccardo/Documents/HLS_COMMON/PATTERN_GENERATORS/PATTERN_GENERATOR_CROSS/Zynq opened at Sat Apr 30 19:08:19 +0200 2016
@I [HLS-100] Command "config_clock -quiet -name default -period 10 -default=false "
@I [SYN-201] Setting up clock 'default' with a period of 10ns.
@I [HLS-100] Command 'config_clock' returned 0; elapsed 0Total elapsed time: 0.536 sec.
@I [HLS-100] Command "open_platform DefaultPlatform "
@I [HLS-100] Command 'open_platform' returned 0; elapsed 0Total elapsed time: 0.537 sec.
@I [HLS-100] Command "import_lib C:/Xilinx/Vivado_HLS/2015.4/common/technology/xilinx/zynq/zynq "
@I [HLS-100] Command "source C:/Xilinx/Vivado_HLS/2015.4/common/technology/xilinx/common/xilinx.lib "
@I [HLS-100] Command "source C:/Xilinx/Vivado_HLS/2015.4/common/technology/xilinx/interface/xilinx_interface.lib "
@I [HLS-100] Command "source C:/Xilinx/Vivado_HLS/2015.4/common/technology/xilinx/interface/plb46.lib "
@I [HLS-100] Command 'ap_source' returned 0; elapsed 0.001Total elapsed time: 0.538 sec.
@I [HLS-100] Command "source C:/Xilinx/Vivado_HLS/2015.4/common/technology/xilinx/interface/fsl.lib "
@I [HLS-100] Command 'ap_source' returned 0; elapsed 0Total elapsed time: 0.538 sec.
@I [HLS-100] Command "source C:/Xilinx/Vivado_HLS/2015.4/common/technology/xilinx/interface/axi4.lib "
@I [HLS-100] Command 'ap_source' returned 0; elapsed 0Total elapsed time: 0.538 sec.
@I [HLS-100] Command "source C:/Xilinx/Vivado_HLS/2015.4/common/technology/xilinx/interface/maxi.lib "
@I [HLS-100] Command 'ap_source' returned 0; elapsed 0Total elapsed time: 0.538 sec.
@I [HLS-100] Command "source C:/Xilinx/Vivado_HLS/2015.4/common/technology/xilinx/interface/saxilite.lib "
@I [HLS-100] Command 'ap_source' returned 0; elapsed 0.001Total elapsed time: 0.539 sec.
@I [HLS-100] Command 'ap_source' returned 0; elapsed 0.002Total elapsed time: 0.539 sec.
@I [HLS-100] Command "source C:/Xilinx/Vivado_HLS/2015.4/common/technology/xilinx/common/dsp48.lib "
@I [HLS-100] Command 'ap_source' returned 0; elapsed 0Total elapsed time: 0.539 sec.
@I [HLS-100] Command "source C:/Xilinx/Vivado_HLS/2015.4/common/technology/xilinx/ip/dds_compiler.lib "
@I [HLS-100] Command 'ap_source' returned 0; elapsed 0Total elapsed time: 0.539 sec.
@I [HLS-100] Command "source C:/Xilinx/Vivado_HLS/2015.4/common/technology/xilinx/ip/xfft.lib "
@I [HLS-100] Command 'ap_source' returned 0; elapsed 0Total elapsed time: 0.539 sec.
@I [HLS-100] Command "source C:/Xilinx/Vivado_HLS/2015.4/common/technology/xilinx/ip/xfir.lib "
@I [HLS-100] Command 'ap_source' returned 0; elapsed 0Total elapsed time: 0.540 sec.
@I [HLS-100] Command 'ap_source' returned 0; elapsed 0.004Total elapsed time: 0.541 sec.
@I [HLS-100] Command "source C:/Xilinx/Vivado_HLS/2015.4/common/technology/xilinx/common/xilinx_old.lib "
@I [HLS-100] Command 'ap_source' returned 0; elapsed 0.001Total elapsed time: 0.543 sec.
@I [HLS-100] Command "source C:/Xilinx/Vivado_HLS/2015.4/common/technology/xilinx/common/xilinx_vivado.lib "
@I [HLS-100] Command 'ap_source' returned 0; elapsed 0Total elapsed time: 0.543 sec.
@I [HLS-100] Command "source C:/Xilinx/Vivado_HLS/2015.4/common/technology/xilinx/common/xilinx.hlp "
@I [HLS-100] Command "source C:/Xilinx/Vivado_HLS/2015.4/common/technology/xilinx/common/target_info.tcl "
@I [HLS-100] Command 'ap_source' returned 0; elapsed 0Total elapsed time: 0.546 sec.
@I [HLS-100] Command "source C:/Xilinx/Vivado_HLS/2015.4/common/technology/xilinx/interface/xilinx_interface.hlp "
@I [HLS-100] Command "source C:/Xilinx/Vivado_HLS/2015.4/common/technology/xilinx/interface/maxi.hlp "
@I [HLS-100] Command 'ap_source' returned 0; elapsed 0Total elapsed time: 0.547 sec.
@I [HLS-100] Command "source C:/Xilinx/Vivado_HLS/2015.4/common/technology/xilinx/interface/saxilite.hlp "
@I [HLS-100] Command 'ap_source' returned 0; elapsed 0Total elapsed time: 0.547 sec.
@I [HLS-100] Command 'ap_source' returned 0; elapsed 0Total elapsed time: 0.547 sec.
@I [HLS-100] Command "source C:/Xilinx/Vivado_HLS/2015.4/common/technology/xilinx/common/dsp48.hlp "
@I [HLS-100] Command 'ap_source' returned 0; elapsed 0.001Total elapsed time: 0.548 sec.
@I [HLS-100] Command 'ap_source' returned 0; elapsed 0.004Total elapsed time: 0.549 sec.
@I [HLS-100] Command "source C:/Xilinx/Vivado_HLS/2015.4/common/technology/xilinx/zynq/dsp48e1.hlp "
@I [HLS-100] Command 'ap_source' returned 0; elapsed 0Total elapsed time: 0.549 sec.
@I [HLS-100] Command "get_default_platform "
@I [HLS-100] Command 'get_default_platform' returned 0; elapsed 0Total elapsed time: 0.549 sec.
@I [HLS-100] Command "config_chip_info -quiet -resource  {SLICE 13300}  {LUT 53200}     {FF 106400} {DSP48E 220}   {BRAM 280}  "
@I [HLS-100] Command 'config_chip_info' returned 0; elapsed 0Total elapsed time: 0.549 sec.
@I [HLS-100] Command "config_chip_info -quiet -speed medium "
@I [HLS-100] Command 'config_chip_info' returned 0; elapsed 0Total elapsed time: 0.549 sec.
@I [HLS-100] Command 'import_lib' returned 0; elapsed 0.013Total elapsed time: 0.550 sec.
@I [HLS-100] Command "source C:/Xilinx/Vivado_HLS/2015.4/common/technology/xilinx/zynq/zynq.gen "
@I [HLS-100] Command "source C:/Xilinx/Vivado_HLS/2015.4/common/technology/xilinx/common/virtex.gen "
@I [HLS-100] Command "source C:/Xilinx/Vivado_HLS/2015.4/common/technology/xilinx/common/xilinx.gen "
@I [HLS-100] Command "source C:/Xilinx/Vivado_HLS/2015.4/common/technology/xilinx/interface/plb46.gen "
@I [HLS-100] Command 'ap_source' returned 0; elapsed 0.001Total elapsed time: 0.553 sec.
@I [HLS-100] Command "source C:/Xilinx/Vivado_HLS/2015.4/common/technology/xilinx/interface/fsl.gen "
@I [HLS-100] Command 'ap_source' returned 0; elapsed 0Total elapsed time: 0.553 sec.
@I [HLS-100] Command "source C:/Xilinx/Vivado_HLS/2015.4/common/technology/xilinx/interface/axi4.gen "
@I [HLS-100] Command 'ap_source' returned 0; elapsed 0.003Total elapsed time: 0.556 sec.
@I [HLS-100] Command "source C:/Xilinx/Vivado_HLS/2015.4/common/technology/xilinx/interface/nativeAXI4.gen "
@I [HLS-100] Command "source C:/Xilinx/Vivado_HLS/2015.4/common/technology/xilinx/interface/saxilite.gen "
@I [HLS-100] Command 'ap_source' returned 0; elapsed 0.004Total elapsed time: 0.560 sec.
@I [HLS-100] Command "source C:/Xilinx/Vivado_HLS/2015.4/common/technology/xilinx/interface/maxi.gen "
@I [HLS-100] Command 'ap_source' returned 0; elapsed 0.008Total elapsed time: 0.568 sec.
@I [HLS-100] Command 'ap_source' returned 0; elapsed 0.013Total elapsed time: 0.569 sec.
@I [HLS-100] Command "source C:/Xilinx/Vivado_HLS/2015.4/common/technology/xilinx/scripts/xilinxcoregen.gen "
@I [HLS-100] Command 'ap_source' returned 0; elapsed 0.009Total elapsed time: 0.578 sec.
@I [HLS-100] Command "source C:/Xilinx/Vivado_HLS/2015.4/common/technology/xilinx/interface/XilEDKCoreGen.gen "
@I [HLS-100] Command 'ap_source' returned 0; elapsed 0.01Total elapsed time: 0.588 sec.
@I [HLS-100] Command "source C:/Xilinx/Vivado_HLS/2015.4/common/technology/xilinx/ip/dds_compiler.gen "
@I [HLS-100] Command 'ap_source' returned 0; elapsed 0.004Total elapsed time: 0.592 sec.
@I [HLS-100] Command "source C:/Xilinx/Vivado_HLS/2015.4/common/technology/xilinx/ip/util.gen "
@I [HLS-100] Command 'ap_source' returned 0; elapsed 0Total elapsed time: 0.592 sec.
@I [HLS-100] Command "source C:/Xilinx/Vivado_HLS/2015.4/common/technology/xilinx/ip/xfft.gen "
@I [HLS-100] Command 'ap_source' returned 0; elapsed 0.11Total elapsed time: 0.703 sec.
@I [HLS-100] Command "source C:/Xilinx/Vivado_HLS/2015.4/common/technology/xilinx/ip/xfir.gen "
@I [HLS-100] Command "source C:/Xilinx/Vivado_HLS/2015.4/tps/tcl/tcllib1.11.1/struct/list.tcl "
@I [HLS-100] Command "source C:/Xilinx/Vivado_HLS/2015.4/tps/tcl/tcllib1.11.1/cmdline/cmdline.tcl "
@I [HLS-100] Command 'ap_source' returned 0; elapsed 0.001Total elapsed time: 0.722 sec.
@I [HLS-100] Command 'ap_source' returned 0; elapsed 0.004Total elapsed time: 0.723 sec.
@I [HLS-100] Command "source C:/Xilinx/Vivado_HLS/2015.4/tps/tcl/tcllib1.11.1/math/bignum.tcl "
@I [HLS-100] Command 'ap_source' returned 0; elapsed 0.001Total elapsed time: 0.732 sec.
@I [HLS-100] Command 'ap_source' returned 0; elapsed 0.035Total elapsed time: 0.738 sec.
@I [HLS-100] Command 'ap_source' returned 0; elapsed 0.186Total elapsed time: 0.738 sec.
@I [HLS-100] Command "source C:/Xilinx/Vivado_HLS/2015.4/common/technology/xilinx/common/dsp48.gen "
@I [HLS-100] Command 'ap_source' returned 0; elapsed 0Total elapsed time: 0.739 sec.
@I [HLS-100] Command 'ap_source' returned 0; elapsed 0.187Total elapsed time: 0.739 sec.
@I [HLS-100] Command 'ap_source' returned 0; elapsed 0.188Total elapsed time: 0.740 sec.
@I [HLS-100] Command "open_platform DefaultPlatform "
@I [HLS-100] Command 'open_platform' returned 0; elapsed 0Total elapsed time: 0.740 sec.
@I [HLS-100] Command "import_lib C:/Xilinx/Vivado_HLS/2015.4/common/technology/xilinx/zynq/zynq_fpv6 "
@I [HLS-100] Command "source C:/Xilinx/Vivado_HLS/2015.4/common/technology/xilinx/common/xilinx_fpv7.lib "
@I [HLS-100] Command "source C:/Xilinx/Vivado_HLS/2015.4/common/technology/xilinx/common/xilinx_hp.lib "
@I [HLS-100] Command 'ap_source' returned 0; elapsed 0.001Total elapsed time: 0.741 sec.
@I [HLS-100] Command 'ap_source' returned 0; elapsed 0.003Total elapsed time: 0.743 sec.
@I [HLS-100] Command "source C:/Xilinx/Vivado_HLS/2015.4/common/technology/xilinx/common/xilinx_fpv.hlp "
@I [HLS-100] Command "source C:/Xilinx/Vivado_HLS/2015.4/common/technology/xilinx/common/xilinx.hlp "
@I [HLS-100] Command "source C:/Xilinx/Vivado_HLS/2015.4/common/technology/xilinx/common/target_info.tcl "
@I [HLS-100] Command 'ap_source' returned 0; elapsed 0.002Total elapsed time: 0.752 sec.
@I [HLS-100] Command "source C:/Xilinx/Vivado_HLS/2015.4/common/technology/xilinx/interface/xilinx_interface.hlp "
@I [HLS-100] Command "source C:/Xilinx/Vivado_HLS/2015.4/common/technology/xilinx/interface/maxi.hlp "
@I [HLS-100] Command 'ap_source' returned 0; elapsed 0Total elapsed time: 0.752 sec.
@I [HLS-100] Command "source C:/Xilinx/Vivado_HLS/2015.4/common/technology/xilinx/interface/saxilite.hlp "
@I [HLS-100] Command 'ap_source' returned 0; elapsed 0Total elapsed time: 0.752 sec.
@I [HLS-100] Command 'ap_source' returned 0; elapsed 0Total elapsed time: 0.752 sec.
@I [HLS-100] Command "source C:/Xilinx/Vivado_HLS/2015.4/common/technology/xilinx/common/dsp48.hlp "
@I [HLS-100] Command 'ap_source' returned 0; elapsed 0.001Total elapsed time: 0.754 sec.
@I [HLS-100] Command 'ap_source' returned 0; elapsed 0.005Total elapsed time: 0.754 sec.
@I [HLS-100] Command 'ap_source' returned 0; elapsed 0.005Total elapsed time: 0.754 sec.
@I [HLS-100] Command "source C:/Xilinx/Vivado_HLS/2015.4/common/technology/xilinx/zynq/zynq_hp.hlp "
@I [HLS-100] Command 'ap_source' returned 0; elapsed 0.001Total elapsed time: 0.755 sec.
@I [HLS-100] Command 'import_lib' returned 0; elapsed 0.019Total elapsed time: 0.759 sec.
@I [HLS-100] Command "source C:/Xilinx/Vivado_HLS/2015.4/common/technology/xilinx/zynq/zynq_fpv6.gen "
@I [HLS-100] Command "source C:/Xilinx/Vivado_HLS/2015.4/common/technology/xilinx/common/xilinx_fpv6.gen "
@I [HLS-100] Command 'ap_source' returned 0; elapsed 0.001Total elapsed time: 0.761 sec.
@I [HLS-100] Command 'ap_source' returned 0; elapsed 0.002Total elapsed time: 0.762 sec.
@I [HLS-100] Command "set_part xc7z020clg484-1 "
@I [HLS-100] Command "add_library xilinx/zynq/zynq:xc7z020:clg484:-1 "
@I [HLS-100] Command "get_default_platform "
@I [HLS-100] Command 'get_default_platform' returned 0; elapsed 0Total elapsed time: 0.766 sec.
@I [HLS-100] Command "license_isbetapart xc7z020 "
@I [HLS-100] Command 'license_isbetapart' returned 1; elapsed 0.014Total elapsed time: 0.780 sec.
@I [HLS-100] Command "get_default_platform "
@I [HLS-100] Command 'get_default_platform' returned 0; elapsed 0Total elapsed time: 0.781 sec.
@I [HLS-100] Command "config_chip_info -quiet -resource  {SLICE 13300}  {LUT 53200}     {FF 106400} {DSP48E 220}   {BRAM 280}  "
@I [HLS-100] Command 'config_chip_info' returned 0; elapsed 0Total elapsed time: 0.782 sec.
@I [HLS-100] Command "config_chip_info -quiet -speed slow "
@I [HLS-100] Command 'config_chip_info' returned 0; elapsed 0Total elapsed time: 0.782 sec.
@I [HLS-100] Command 'add_library' returned 0; elapsed 0.018Total elapsed time: 0.783 sec.
@I [HLS-100] Command "add_library xilinx/zynq/zynq_fpv6 "
@I [HLS-100] Command "get_default_platform "
@I [HLS-100] Command 'get_default_platform' returned 0; elapsed 0Total elapsed time: 0.783 sec.
@I [HLS-100] Command 'add_library' returned 0; elapsed 0.001Total elapsed time: 0.784 sec.
@I [HLS-10] Setting target device to 'xc7z020clg484-1'
@I [HLS-100] Command 'set_part' returned 0; elapsed 0.023Total elapsed time: 0.785 sec.
@I [HLS-100] Command "get_default_platform "
@I [HLS-100] Command 'get_default_platform' returned 0; elapsed 0Total elapsed time: 0.785 sec.
@I [HLS-100] Command "config_chip_info -quiet -resource  {SLICE 13300}  {LUT 53200}     {FF 106400} {DSP48E 220}   {BRAM 280}  "
@I [HLS-100] Command 'config_chip_info' returned 0; elapsed 0Total elapsed time: 0.785 sec.
@I [HLS-100] Command "config_chip_info -quiet -speed slow "
@I [HLS-100] Command 'config_chip_info' returned 0; elapsed 0Total elapsed time: 0.785 sec.
@I [HLS-100] Command 'open_solution' returned 0; elapsed 0.259Total elapsed time: 0.786 sec.
@I [HLS-100] Command "export_design -format ip_catalog "
@I [HLS-100] Command "source C:/Users/Riccardo/Documents/HLS_COMMON/PATTERN_GENERATORS/PATTERN_GENERATOR_CROSS/Zynq/.autopilot/db/global.setting.tcl "
@I [HLS-100] Command 'ap_source' returned 0; elapsed 0.001Total elapsed time: 0.792 sec.
@I [HLS-100] Command "source C:/Xilinx/Vivado_HLS/2015.4/common/technology/generic/autopilot/common.gen "
@I [HLS-100] Command "source C:/Xilinx/Vivado_HLS/2015.4/common/technology/generic/autopilot/APCoreGen.gen "
@I [HLS-100] Command 'ap_source' returned 0; elapsed 0.001Total elapsed time: 0.798 sec.
@I [HLS-100] Command 'ap_source' returned 0; elapsed 0.001Total elapsed time: 0.798 sec.
@I [HLS-100] Command "source C:/Xilinx/Vivado_HLS/2015.4/common/technology/generic/autopilot/op.gen "
@I [HLS-100] Command 'ap_source' returned 0; elapsed 0.001Total elapsed time: 0.799 sec.
@I [HLS-100] Command "source C:/Xilinx/Vivado_HLS/2015.4/common/technology/generic/autopilot/op_simcore.gen "
@I [HLS-100] Command 'ap_source' returned 0; elapsed 0.001Total elapsed time: 0.800 sec.
@I [HLS-100] Command "source C:/Xilinx/Vivado_HLS/2015.4/common/technology/generic/autopilot/interface.gen "
@I [HLS-100] Command 'ap_source' returned 0; elapsed 0Total elapsed time: 0.800 sec.
@I [HLS-100] Command "source C:/Users/Riccardo/Documents/HLS_COMMON/PATTERN_GENERATORS/PATTERN_GENERATOR_CROSS/Zynq/.autopilot/db/global.setting.tcl "
@I [HLS-100] Command 'ap_source' returned 0; elapsed 0.001Total elapsed time: 0.801 sec.
@I [HLS-100] Command "source C:/Xilinx/Vivado_HLS/2015.4/common/technology/xilinx/zynq/zynq.gen "
@I [HLS-100] Command "source C:/Xilinx/Vivado_HLS/2015.4/common/technology/xilinx/common/virtex.gen "
@I [HLS-100] Command "source C:/Xilinx/Vivado_HLS/2015.4/common/technology/xilinx/common/xilinx.gen "
@I [HLS-100] Command "source C:/Xilinx/Vivado_HLS/2015.4/common/technology/xilinx/interface/plb46.gen "
@I [HLS-100] Command 'ap_source' returned 0; elapsed 0.001Total elapsed time: 0.804 sec.
@I [HLS-100] Command "source C:/Xilinx/Vivado_HLS/2015.4/common/technology/xilinx/interface/fsl.gen "
@I [HLS-100] Command 'ap_source' returned 0; elapsed 0Total elapsed time: 0.804 sec.
@I [HLS-100] Command "source C:/Xilinx/Vivado_HLS/2015.4/common/technology/xilinx/interface/axi4.gen "
@I [HLS-100] Command 'ap_source' returned 0; elapsed 0.003Total elapsed time: 0.807 sec.
@I [HLS-100] Command "source C:/Xilinx/Vivado_HLS/2015.4/common/technology/xilinx/interface/nativeAXI4.gen "
@I [HLS-100] Command "source C:/Xilinx/Vivado_HLS/2015.4/common/technology/xilinx/interface/saxilite.gen "
@I [HLS-100] Command 'ap_source' returned 0; elapsed 0.005Total elapsed time: 0.812 sec.
@I [HLS-100] Command "source C:/Xilinx/Vivado_HLS/2015.4/common/technology/xilinx/interface/maxi.gen "
@I [HLS-100] Command 'ap_source' returned 0; elapsed 0.008Total elapsed time: 0.820 sec.
@I [HLS-100] Command 'ap_source' returned 0; elapsed 0.013Total elapsed time: 0.820 sec.
@I [HLS-100] Command "source C:/Xilinx/Vivado_HLS/2015.4/common/technology/xilinx/scripts/xilinxcoregen.gen "
@I [HLS-100] Command 'ap_source' returned 0; elapsed 0.01Total elapsed time: 0.830 sec.
@I [HLS-100] Command "source C:/Xilinx/Vivado_HLS/2015.4/common/technology/xilinx/interface/XilEDKCoreGen.gen "
@I [HLS-100] Command 'ap_source' returned 0; elapsed 0.01Total elapsed time: 0.840 sec.
@I [HLS-100] Command "source C:/Xilinx/Vivado_HLS/2015.4/common/technology/xilinx/ip/dds_compiler.gen "
@I [HLS-100] Command 'ap_source' returned 0; elapsed 0.004Total elapsed time: 0.844 sec.
@I [HLS-100] Command "source C:/Xilinx/Vivado_HLS/2015.4/common/technology/xilinx/ip/util.gen "
@I [HLS-100] Command 'ap_source' returned 0; elapsed 0Total elapsed time: 0.844 sec.
@I [HLS-100] Command "source C:/Xilinx/Vivado_HLS/2015.4/common/technology/xilinx/ip/xfft.gen "
@I [HLS-100] Command 'ap_source' returned 0; elapsed 0.107Total elapsed time: 0.951 sec.
@I [HLS-100] Command "source C:/Xilinx/Vivado_HLS/2015.4/common/technology/xilinx/ip/xfir.gen "
@I [HLS-100] Command 'ap_source' returned 0; elapsed 0.031Total elapsed time: 0.982 sec.
@I [HLS-100] Command 'ap_source' returned 0; elapsed 0.18Total elapsed time: 0.982 sec.
@I [HLS-100] Command "source C:/Xilinx/Vivado_HLS/2015.4/common/technology/xilinx/common/dsp48.gen "
@I [HLS-100] Command 'ap_source' returned 0; elapsed 0Total elapsed time: 0.983 sec.
@I [HLS-100] Command 'ap_source' returned 0; elapsed 0.181Total elapsed time: 0.983 sec.
@I [HLS-100] Command 'ap_source' returned 0; elapsed 0.181Total elapsed time: 0.983 sec.
@I [HLS-100] Command "source C:/Xilinx/Vivado_HLS/2015.4/common/technology/xilinx/zynq/zynq_fpv6.gen "
@I [HLS-100] Command "source C:/Xilinx/Vivado_HLS/2015.4/common/technology/xilinx/common/xilinx_fpv6.gen "
@I [HLS-100] Command 'ap_source' returned 0; elapsed 0.002Total elapsed time: 0.985 sec.
@I [HLS-100] Command 'ap_source' returned 0; elapsed 0.002Total elapsed time: 0.985 sec.
@I [HLS-100] Command "source C:/Users/Riccardo/Documents/HLS_COMMON/PATTERN_GENERATORS/PATTERN_GENERATOR_CROSS/Zynq/.autopilot/db/global.setting.tcl "
@I [HLS-100] Command 'ap_source' returned 0; elapsed 0.001Total elapsed time: 0.987 sec.
@I [IMPL-8] Exporting RTL as an IP in IP-XACT.
@I [HLS-100] Command "source C:/Users/Riccardo/Documents/HLS_COMMON/PATTERN_GENERATORS/PATTERN_GENERATOR_CROSS/Zynq/.autopilot/db/global.setting.tcl "
@I [HLS-100] Command 'ap_source' returned 0; elapsed 0.001Total elapsed time: 0.990 sec.
@I [HLS-100] Command "source C:/Users/Riccardo/Documents/HLS_COMMON/PATTERN_GENERATORS/PATTERN_GENERATOR_CROSS/Zynq/.autopilot/db/global.setting.tcl "
@I [HLS-100] Command 'ap_source' returned 0; elapsed 0.001Total elapsed time: 0.997 sec.
@I [HLS-100] Command "source C:/Xilinx/Vivado_HLS/2015.4/common/technology/generic/autopilot/common.gen "
@I [HLS-100] Command "source C:/Xilinx/Vivado_HLS/2015.4/common/technology/generic/autopilot/APCoreGen.gen "
@I [HLS-100] Command 'ap_source' returned 0; elapsed 0.001Total elapsed time: 0.999 sec.
@I [HLS-100] Command 'ap_source' returned 0; elapsed 0.002Total elapsed time: 0.999 sec.
@I [HLS-100] Command "source C:/Xilinx/Vivado_HLS/2015.4/common/technology/generic/autopilot/op.gen "
@I [HLS-100] Command 'ap_source' returned 0; elapsed 0.001Total elapsed time: 1.0 sec.
@I [HLS-100] Command "source C:/Xilinx/Vivado_HLS/2015.4/common/technology/generic/autopilot/op_simcore.gen "
@I [HLS-100] Command 'ap_source' returned 0; elapsed 0.001Total elapsed time: 1.1 sec.
@I [HLS-100] Command "source C:/Xilinx/Vivado_HLS/2015.4/common/technology/generic/autopilot/interface.gen "
@I [HLS-100] Command 'ap_source' returned 0; elapsed 0.001Total elapsed time: 1.2 sec.
@I [HLS-100] Command "source C:/Users/Riccardo/Documents/HLS_COMMON/PATTERN_GENERATORS/PATTERN_GENERATOR_CROSS/Zynq/.autopilot/db/global.setting.tcl "
@I [HLS-100] Command 'ap_source' returned 0; elapsed 0.001Total elapsed time: 1.3 sec.
@I [HLS-100] Command "source C:/Xilinx/Vivado_HLS/2015.4/common/technology/xilinx/zynq/zynq.gen "
@I [HLS-100] Command "source C:/Xilinx/Vivado_HLS/2015.4/common/technology/xilinx/common/virtex.gen "
@I [HLS-100] Command "source C:/Xilinx/Vivado_HLS/2015.4/common/technology/xilinx/common/xilinx.gen "
@I [HLS-100] Command "source C:/Xilinx/Vivado_HLS/2015.4/common/technology/xilinx/interface/plb46.gen "
@I [HLS-100] Command 'ap_source' returned 0; elapsed 0.001Total elapsed time: 1.5 sec.
@I [HLS-100] Command "source C:/Xilinx/Vivado_HLS/2015.4/common/technology/xilinx/interface/fsl.gen "
@I [HLS-100] Command 'ap_source' returned 0; elapsed 0.001Total elapsed time: 1.6 sec.
@I [HLS-100] Command "source C:/Xilinx/Vivado_HLS/2015.4/common/technology/xilinx/interface/axi4.gen "
@I [HLS-100] Command 'ap_source' returned 0; elapsed 0.002Total elapsed time: 1.8 sec.
@I [HLS-100] Command "source C:/Xilinx/Vivado_HLS/2015.4/common/technology/xilinx/interface/nativeAXI4.gen "
@I [HLS-100] Command "source C:/Xilinx/Vivado_HLS/2015.4/common/technology/xilinx/interface/saxilite.gen "
@I [HLS-100] Command 'ap_source' returned 0; elapsed 0.005Total elapsed time: 1.13 sec.
@I [HLS-100] Command "source C:/Xilinx/Vivado_HLS/2015.4/common/technology/xilinx/interface/maxi.gen "
@I [HLS-100] Command 'ap_source' returned 0; elapsed 0.009Total elapsed time: 1.22 sec.
@I [HLS-100] Command 'ap_source' returned 0; elapsed 0.014Total elapsed time: 1.22 sec.
@I [HLS-100] Command "source C:/Xilinx/Vivado_HLS/2015.4/common/technology/xilinx/scripts/xilinxcoregen.gen "
@I [HLS-100] Command 'ap_source' returned 0; elapsed 0.01Total elapsed time: 1.32 sec.
@I [HLS-100] Command "source C:/Xilinx/Vivado_HLS/2015.4/common/technology/xilinx/interface/XilEDKCoreGen.gen "
@I [HLS-100] Command 'ap_source' returned 0; elapsed 0.01Total elapsed time: 1.42 sec.
@I [HLS-100] Command "source C:/Xilinx/Vivado_HLS/2015.4/common/technology/xilinx/ip/dds_compiler.gen "
@I [HLS-100] Command 'ap_source' returned 0; elapsed 0.004Total elapsed time: 1.47 sec.
@I [HLS-100] Command "source C:/Xilinx/Vivado_HLS/2015.4/common/technology/xilinx/ip/util.gen "
@I [HLS-100] Command 'ap_source' returned 0; elapsed 0Total elapsed time: 1.47 sec.
@I [HLS-100] Command "source C:/Xilinx/Vivado_HLS/2015.4/common/technology/xilinx/ip/xfft.gen "
@I [HLS-100] Command 'ap_source' returned 0; elapsed 0.105Total elapsed time: 1.152 sec.
@I [HLS-100] Command "source C:/Xilinx/Vivado_HLS/2015.4/common/technology/xilinx/ip/xfir.gen "
@I [HLS-100] Command 'ap_source' returned 0; elapsed 0.031Total elapsed time: 1.183 sec.
@I [HLS-100] Command 'ap_source' returned 0; elapsed 0.179Total elapsed time: 1.183 sec.
@I [HLS-100] Command "source C:/Xilinx/Vivado_HLS/2015.4/common/technology/xilinx/common/dsp48.gen "
@I [HLS-100] Command 'ap_source' returned 0; elapsed 0Total elapsed time: 1.184 sec.
@I [HLS-100] Command 'ap_source' returned 0; elapsed 0.182Total elapsed time: 1.185 sec.
@I [HLS-100] Command 'ap_source' returned 0; elapsed 0.182Total elapsed time: 1.185 sec.
@I [HLS-100] Command "source C:/Xilinx/Vivado_HLS/2015.4/common/technology/xilinx/zynq/zynq_fpv6.gen "
@I [HLS-100] Command "source C:/Xilinx/Vivado_HLS/2015.4/common/technology/xilinx/common/xilinx_fpv6.gen "
@I [HLS-100] Command 'ap_source' returned 0; elapsed 0.002Total elapsed time: 1.187 sec.
@I [HLS-100] Command 'ap_source' returned 0; elapsed 0.002Total elapsed time: 1.187 sec.
@I [HLS-100] Command "source C:/Users/Riccardo/Documents/HLS_COMMON/PATTERN_GENERATORS/PATTERN_GENERATOR_CROSS/Zynq/.autopilot/db/global.setting.tcl "
@I [HLS-100] Command 'ap_source' returned 0; elapsed 0.001Total elapsed time: 1.189 sec.
@I [HLS-100] Command "source C:/Users/Riccardo/Documents/HLS_COMMON/PATTERN_GENERATORS/PATTERN_GENERATOR_CROSS/Zynq/.autopilot/db/global.setting.tcl "
@I [HLS-100] Command 'ap_source' returned 0; elapsed 0.001Total elapsed time: 1.190 sec.
@I [HLS-100] Command "source C:/Users/Riccardo/Documents/HLS_COMMON/PATTERN_GENERATORS/PATTERN_GENERATOR_CROSS/Zynq/.autopilot/db/pattern_generator_cross.compgen.tcl "
@I [HLS-100] Command 'ap_source' returned 0; elapsed 0.001Total elapsed time: 1.192 sec.
@I [HLS-100] Command "source C:/Users/Riccardo/Documents/HLS_COMMON/PATTERN_GENERATORS/PATTERN_GENERATOR_CROSS/Zynq/.autopilot/db/global.setting.tcl "
@I [HLS-100] Command 'ap_source' returned 0; elapsed 0.001Total elapsed time: 1.204 sec.
@I [HLS-100] Command "source C:/Users/Riccardo/Documents/HLS_COMMON/PATTERN_GENERATORS/PATTERN_GENERATOR_CROSS/Zynq/.autopilot/db/global.setting.tcl "
@I [HLS-100] Command 'ap_source' returned 0; elapsed 0.001Total elapsed time: 1.205 sec.
@I [HLS-100] Command "source C:/Users/Riccardo/Documents/HLS_COMMON/PATTERN_GENERATORS/PATTERN_GENERATOR_CROSS/Zynq/.autopilot/db/pattern_generator_cross.compgen.tcl "
@I [HLS-100] Command "source C:/Users/Riccardo/Documents/HLS_COMMON/PATTERN_GENERATORS/PATTERN_GENERATOR_CROSS/Zynq/.autopilot/db/pattern_generator_cross.rtl_wrap.cfg.tcl "
@I [HLS-100] Command 'ap_source' returned 0; elapsed 0Total elapsed time: 1.207 sec.
@I [HLS-100] Command "source C:/Users/Riccardo/Documents/HLS_COMMON/PATTERN_GENERATORS/PATTERN_GENERATOR_CROSS/Zynq/.autopilot/db/pattern_generator_cross.rtl_wrap.cfg.tcl "
@I [HLS-100] Command 'ap_source' returned 0; elapsed 0.001Total elapsed time: 1.209 sec.
@I [HLS-100] Command "source C:/Users/Riccardo/Documents/HLS_COMMON/PATTERN_GENERATORS/PATTERN_GENERATOR_CROSS/Zynq/.autopilot/db/pattern_generator_cross.rtl_wrap.cfg.tcl "
@I [HLS-100] Command 'ap_source' returned 0; elapsed 0.001Total elapsed time: 1.210 sec.
@I [HLS-100] Command "source C:/Users/Riccardo/Documents/HLS_COMMON/PATTERN_GENERATORS/PATTERN_GENERATOR_CROSS/Zynq/.autopilot/db/pattern_generator_cross.tbgen.tcl "
@I [HLS-100] Command 'ap_source' returned 0; elapsed 0.001Total elapsed time: 1.211 sec.
@I [HLS-100] Command "source C:/Users/Riccardo/Documents/HLS_COMMON/PATTERN_GENERATORS/PATTERN_GENERATOR_CROSS/Zynq/.autopilot/db/pattern_generator_cross.tbgen.tcl "
@I [HLS-100] Command 'ap_source' returned 0; elapsed 0.001Total elapsed time: 1.212 sec.
@I [HLS-100] Command 'ap_source' returned 0; elapsed 0.03Total elapsed time: 1.235 sec.
@I [HLS-100] Command "source C:/Users/Riccardo/Documents/HLS_COMMON/PATTERN_GENERATORS/PATTERN_GENERATOR_CROSS/Zynq/.autopilot/db/global.setting.tcl "
@I [HLS-100] Command 'ap_source' returned 0; elapsed 0Total elapsed time: 1.255 sec.
@I [HLS-100] Command "source C:/Users/Riccardo/Documents/HLS_COMMON/PATTERN_GENERATORS/PATTERN_GENERATOR_CROSS/Zynq/.autopilot/db/global.setting.tcl "
@I [HLS-100] Command 'ap_source' returned 0; elapsed 0Total elapsed time: 1.256 sec.
@I [HLS-100] Command "source C:/Users/Riccardo/Documents/HLS_COMMON/PATTERN_GENERATORS/PATTERN_GENERATOR_CROSS/Zynq/.autopilot/db/pattern_generator_cross.compgen.tcl "
@I [HLS-100] Command 'ap_source' returned 0; elapsed 0.001Total elapsed time: 1.258 sec.
@I [HLS-100] Command "source C:/Users/Riccardo/Documents/HLS_COMMON/PATTERN_GENERATORS/PATTERN_GENERATOR_CROSS/Zynq/.autopilot/db/global.setting.tcl "
@I [HLS-100] Command 'ap_source' returned 0; elapsed 0.001Total elapsed time: 1.319 sec.
@I [HLS-100] Command "source C:/Users/Riccardo/Documents/HLS_COMMON/PATTERN_GENERATORS/PATTERN_GENERATOR_CROSS/Zynq/.autopilot/db/pattern_generator_cross.constraint.tcl "
@I [HLS-100] Command 'ap_source' returned 0; elapsed 0Total elapsed time: 1.321 sec.
@I [HLS-100] Command "source C:/Users/Riccardo/Documents/HLS_COMMON/PATTERN_GENERATORS/PATTERN_GENERATOR_CROSS/Zynq/.autopilot/db/pattern_generator_cross.rtl_wrap.cfg.tcl "
@I [HLS-100] Command 'ap_source' returned 0; elapsed 0.001Total elapsed time: 1.362 sec.
@I [HLS-100] Command "source C:/Users/Riccardo/Documents/HLS_COMMON/PATTERN_GENERATORS/PATTERN_GENERATOR_CROSS/Zynq/.autopilot/db/pattern_generator_cross.rtl_wrap.cfg.tcl "
@I [HLS-100] Command 'ap_source' returned 0; elapsed 0.001Total elapsed time: 1.363 sec.
@I [HLS-100] Command "source C:/Users/Riccardo/Documents/HLS_COMMON/PATTERN_GENERATORS/PATTERN_GENERATOR_CROSS/Zynq/.autopilot/db/pattern_generator_cross.rtl_wrap.cfg.tcl "
@I [HLS-100] Command 'ap_source' returned 0; elapsed 0.001Total elapsed time: 1.364 sec.
@I [HLS-100] Command "source C:/Users/Riccardo/Documents/HLS_COMMON/PATTERN_GENERATORS/PATTERN_GENERATOR_CROSS/Zynq/.autopilot/db/pattern_generator_cross.tbgen.tcl "
@I [HLS-100] Command 'ap_source' returned 0; elapsed 0.006Total elapsed time: 1.370 sec.
@I [HLS-100] Command "source C:/Users/Riccardo/Documents/HLS_COMMON/PATTERN_GENERATORS/PATTERN_GENERATOR_CROSS/Zynq/.autopilot/db/pattern_generator_cross.tbgen.tcl "
@I [HLS-100] Command 'ap_source' returned 0; elapsed 0.001Total elapsed time: 1.371 sec.
@I [HLS-100] Command "source C:/Users/Riccardo/Documents/HLS_COMMON/PATTERN_GENERATORS/PATTERN_GENERATOR_CROSS/Zynq/.autopilot/db/global.setting.tcl "
@I [HLS-100] Command 'ap_source' returned 0; elapsed 0.001Total elapsed time: 1.382 sec.
@I [HLS-100] Command "source C:/Users/Riccardo/Documents/HLS_COMMON/PATTERN_GENERATORS/PATTERN_GENERATOR_CROSS/Zynq/.autopilot/db/global.setting.tcl "
@I [HLS-100] Command 'ap_source' returned 0; elapsed 0.001Total elapsed time: 1.399 sec.
@I [HLS-100] Command "source C:/Users/Riccardo/Documents/HLS_COMMON/PATTERN_GENERATORS/PATTERN_GENERATOR_CROSS/Zynq/.autopilot/db/global.setting.tcl "
@I [HLS-100] Command 'ap_source' returned 0; elapsed 0.001Total elapsed time: 1.404 sec.
@I [HLS-100] Command "source C:/Users/Riccardo/Documents/HLS_COMMON/PATTERN_GENERATORS/PATTERN_GENERATOR_CROSS/Zynq/.autopilot/db/pattern_generator_cross.rtl_wrap.cfg.tcl "
@I [HLS-100] Command 'ap_source' returned 0; elapsed 0.001Total elapsed time: 1.407 sec.
@I [HLS-100] Command "source C:/Users/Riccardo/Documents/HLS_COMMON/PATTERN_GENERATORS/PATTERN_GENERATOR_CROSS/Zynq/.autopilot/db/pattern_generator_cross.rtl_wrap.cfg.tcl "
@I [HLS-100] Command 'ap_source' returned 0; elapsed 0.001Total elapsed time: 1.408 sec.
@I [HLS-100] Command "source C:/Users/Riccardo/Documents/HLS_COMMON/PATTERN_GENERATORS/PATTERN_GENERATOR_CROSS/Zynq/.autopilot/db/pattern_generator_cross.tbgen.tcl "
@I [HLS-100] Command 'ap_source' returned 0; elapsed 0.001Total elapsed time: 1.409 sec.
@I [HLS-100] Command "source C:/Users/Riccardo/Documents/HLS_COMMON/PATTERN_GENERATORS/PATTERN_GENERATOR_CROSS/Zynq/.autopilot/db/pattern_generator_cross.tbgen.tcl "
@I [HLS-100] Command 'ap_source' returned 0; elapsed 0.001Total elapsed time: 1.410 sec.
@I [HLS-100] Command "source C:/Users/Riccardo/Documents/HLS_COMMON/PATTERN_GENERATORS/PATTERN_GENERATOR_CROSS/Zynq/.autopilot/db/pattern_generator_cross.rtl_wrap.cfg.tcl "
@I [HLS-100] Command 'ap_source' returned 0; elapsed 0.001Total elapsed time: 1.418 sec.
@I [HLS-100] Command "source C:/Users/Riccardo/Documents/HLS_COMMON/PATTERN_GENERATORS/PATTERN_GENERATOR_CROSS/Zynq/.autopilot/db/pattern_generator_cross.rtl_wrap.cfg.tcl "
@I [HLS-100] Command 'ap_source' returned 0; elapsed 0.001Total elapsed time: 1.419 sec.
@I [HLS-100] Command "source C:/Users/Riccardo/Documents/HLS_COMMON/PATTERN_GENERATORS/PATTERN_GENERATOR_CROSS/Zynq/.autopilot/db/pattern_generator_cross.tbgen.tcl "
@I [HLS-100] Command 'ap_source' returned 0; elapsed 0.001Total elapsed time: 1.420 sec.
@I [HLS-100] Command "source C:/Users/Riccardo/Documents/HLS_COMMON/PATTERN_GENERATORS/PATTERN_GENERATOR_CROSS/Zynq/.autopilot/db/pattern_generator_cross.tbgen.tcl "
@I [HLS-100] Command 'ap_source' returned 0; elapsed 0Total elapsed time: 1.420 sec.
@I [HLS-100] Command "source C:/Users/Riccardo/Documents/HLS_COMMON/PATTERN_GENERATORS/PATTERN_GENERATOR_CROSS/Zynq/.autopilot/db/pattern_generator_cross.rtl_wrap.cfg.tcl "
@I [HLS-100] Command 'ap_source' returned 0; elapsed 0Total elapsed time: 1.426 sec.
@I [HLS-100] Command "source C:/Users/Riccardo/Documents/HLS_COMMON/PATTERN_GENERATORS/PATTERN_GENERATOR_CROSS/Zynq/.autopilot/db/pattern_generator_cross.rtl_wrap.cfg.tcl "
@I [HLS-100] Command 'ap_source' returned 0; elapsed 0Total elapsed time: 1.427 sec.
@I [HLS-100] Command "source C:/Users/Riccardo/Documents/HLS_COMMON/PATTERN_GENERATORS/PATTERN_GENERATOR_CROSS/Zynq/.autopilot/db/pattern_generator_cross.tbgen.tcl "
@I [HLS-100] Command 'ap_source' returned 0; elapsed 0.001Total elapsed time: 1.428 sec.
@I [HLS-100] Command "source C:/Users/Riccardo/Documents/HLS_COMMON/PATTERN_GENERATORS/PATTERN_GENERATOR_CROSS/Zynq/.autopilot/db/pattern_generator_cross.tbgen.tcl "
@I [HLS-100] Command 'ap_source' returned 0; elapsed 0.002Total elapsed time: 1.430 sec.
@I [HLS-100] Command "source C:/Users/Riccardo/Documents/HLS_COMMON/PATTERN_GENERATORS/PATTERN_GENERATOR_CROSS/Zynq/.autopilot/db/pattern_generator_cross.constraint.tcl "
@I [HLS-100] Command 'ap_source' returned 0; elapsed 0.001Total elapsed time: 1.438 sec.
@I [HLS-100] Command "source C:/Users/Riccardo/Documents/HLS_COMMON/PATTERN_GENERATORS/PATTERN_GENERATOR_CROSS/Zynq/.autopilot/db/global.setting.tcl "
@I [HLS-100] Command 'ap_source' returned 0; elapsed 0.001Total elapsed time: 1.461 sec.
@I [HLS-100] Command "source C:/Users/Riccardo/Documents/HLS_COMMON/PATTERN_GENERATORS/PATTERN_GENERATOR_CROSS/Zynq/.autopilot/db/global.setting.tcl "
@I [HLS-100] Command 'ap_source' returned 0; elapsed 0.001Total elapsed time: 1.480 sec.
@I [HLS-100] Command "source C:/Users/Riccardo/Documents/HLS_COMMON/PATTERN_GENERATORS/PATTERN_GENERATOR_CROSS/Zynq/.autopilot/db/pattern_generator_cross.constraint.tcl "
@I [HLS-100] Command 'ap_source' returned 0; elapsed 0.001Total elapsed time: 1.482 sec.
@I [HLS-100] Command "source C:/Users/Riccardo/Documents/HLS_COMMON/PATTERN_GENERATORS/PATTERN_GENERATOR_CROSS/Zynq/.autopilot/db/pattern_generator_cross.constraint.tcl "
@I [HLS-100] Command 'ap_source' returned 0; elapsed 0.001Total elapsed time: 1.483 sec.
@I [HLS-100] Command "source C:/Xilinx/Vivado_HLS/2015.4/common/technology/generic/autopilot/common.gen "
@I [HLS-100] Command "source C:/Xilinx/Vivado_HLS/2015.4/common/technology/generic/autopilot/APCoreGen.gen "
@I [HLS-100] Command 'ap_source' returned 0; elapsed 0.001Total elapsed time: 1.500 sec.
@I [HLS-100] Command 'ap_source' returned 0; elapsed 0.001Total elapsed time: 1.500 sec.
@I [HLS-100] Command "source C:/Xilinx/Vivado_HLS/2015.4/common/technology/generic/autopilot/op.gen "
@I [HLS-100] Command 'ap_source' returned 0; elapsed 0.001Total elapsed time: 1.501 sec.
@I [HLS-100] Command "source C:/Xilinx/Vivado_HLS/2015.4/common/technology/generic/autopilot/op_simcore.gen "
@I [HLS-100] Command 'ap_source' returned 0; elapsed 0.001Total elapsed time: 1.502 sec.
@I [HLS-100] Command "source C:/Xilinx/Vivado_HLS/2015.4/common/technology/generic/autopilot/interface.gen "
@I [HLS-100] Command 'ap_source' returned 0; elapsed 0Total elapsed time: 1.503 sec.
@I [HLS-100] Command "source C:/Users/Riccardo/Documents/HLS_COMMON/PATTERN_GENERATORS/PATTERN_GENERATOR_CROSS/Zynq/.autopilot/db/global.setting.tcl "
@I [HLS-100] Command 'ap_source' returned 0; elapsed 0.001Total elapsed time: 1.504 sec.
@I [HLS-100] Command "source C:/Xilinx/Vivado_HLS/2015.4/common/technology/xilinx/zynq/zynq.gen "
@I [HLS-100] Command "source C:/Xilinx/Vivado_HLS/2015.4/common/technology/xilinx/common/virtex.gen "
@I [HLS-100] Command "source C:/Xilinx/Vivado_HLS/2015.4/common/technology/xilinx/common/xilinx.gen "
@I [HLS-100] Command "source C:/Xilinx/Vivado_HLS/2015.4/common/technology/xilinx/interface/plb46.gen "
@I [HLS-100] Command 'ap_source' returned 0; elapsed 0.001Total elapsed time: 1.506 sec.
@I [HLS-100] Command "source C:/Xilinx/Vivado_HLS/2015.4/common/technology/xilinx/interface/fsl.gen "
@I [HLS-100] Command 'ap_source' returned 0; elapsed 0.001Total elapsed time: 1.507 sec.
@I [HLS-100] Command "source C:/Xilinx/Vivado_HLS/2015.4/common/technology/xilinx/interface/axi4.gen "
@I [HLS-100] Command 'ap_source' returned 0; elapsed 0.002Total elapsed time: 1.509 sec.
@I [HLS-100] Command "source C:/Xilinx/Vivado_HLS/2015.4/common/technology/xilinx/interface/nativeAXI4.gen "
@I [HLS-100] Command "source C:/Xilinx/Vivado_HLS/2015.4/common/technology/xilinx/interface/saxilite.gen "
@I [HLS-100] Command 'ap_source' returned 0; elapsed 0.004Total elapsed time: 1.513 sec.
@I [HLS-100] Command "source C:/Xilinx/Vivado_HLS/2015.4/common/technology/xilinx/interface/maxi.gen "
@I [HLS-100] Command 'ap_source' returned 0; elapsed 0.009Total elapsed time: 1.522 sec.
@I [HLS-100] Command 'ap_source' returned 0; elapsed 0.013Total elapsed time: 1.522 sec.
@I [HLS-100] Command "source C:/Xilinx/Vivado_HLS/2015.4/common/technology/xilinx/scripts/xilinxcoregen.gen "
@I [HLS-100] Command 'ap_source' returned 0; elapsed 0.01Total elapsed time: 1.532 sec.
@I [HLS-100] Command "source C:/Xilinx/Vivado_HLS/2015.4/common/technology/xilinx/interface/XilEDKCoreGen.gen "
@I [HLS-100] Command 'ap_source' returned 0; elapsed 0.011Total elapsed time: 1.543 sec.
@I [HLS-100] Command "source C:/Xilinx/Vivado_HLS/2015.4/common/technology/xilinx/ip/dds_compiler.gen "
@I [HLS-100] Command 'ap_source' returned 0; elapsed 0.004Total elapsed time: 1.547 sec.
@I [HLS-100] Command "source C:/Xilinx/Vivado_HLS/2015.4/common/technology/xilinx/ip/util.gen "
@I [HLS-100] Command 'ap_source' returned 0; elapsed 0Total elapsed time: 1.547 sec.
@I [HLS-100] Command "source C:/Xilinx/Vivado_HLS/2015.4/common/technology/xilinx/ip/xfft.gen "
@I [HLS-100] Command 'ap_source' returned 0; elapsed 0.102Total elapsed time: 1.649 sec.
@I [HLS-100] Command "source C:/Xilinx/Vivado_HLS/2015.4/common/technology/xilinx/ip/xfir.gen "
@I [HLS-100] Command 'ap_source' returned 0; elapsed 0.033Total elapsed time: 1.682 sec.
@I [HLS-100] Command 'ap_source' returned 0; elapsed 0.177Total elapsed time: 1.682 sec.
@I [HLS-100] Command "source C:/Xilinx/Vivado_HLS/2015.4/common/technology/xilinx/common/dsp48.gen "
@I [HLS-100] Command 'ap_source' returned 0; elapsed 0Total elapsed time: 1.683 sec.
@I [HLS-100] Command 'ap_source' returned 0; elapsed 0.179Total elapsed time: 1.683 sec.
@I [HLS-100] Command 'ap_source' returned 0; elapsed 0.179Total elapsed time: 1.683 sec.
@I [HLS-100] Command "source C:/Xilinx/Vivado_HLS/2015.4/common/technology/xilinx/zynq/zynq_fpv6.gen "
@I [HLS-100] Command "source C:/Xilinx/Vivado_HLS/2015.4/common/technology/xilinx/common/xilinx_fpv6.gen "
@I [HLS-100] Command 'ap_source' returned 0; elapsed 0.001Total elapsed time: 1.685 sec.
@I [HLS-100] Command 'ap_source' returned 0; elapsed 0.002Total elapsed time: 1.685 sec.
@I [HLS-100] Command "source C:/Users/Riccardo/Documents/HLS_COMMON/PATTERN_GENERATORS/PATTERN_GENERATOR_CROSS/Zynq/.autopilot/db/global.setting.tcl "
@I [HLS-100] Command 'ap_source' returned 0; elapsed 0Total elapsed time: 6.270 sec.
@I [HLS-100] Command "source C:/Xilinx/Vivado_HLS/2015.4/common/technology/generic/autopilot/common.gen "
@I [HLS-100] Command "source C:/Xilinx/Vivado_HLS/2015.4/common/technology/generic/autopilot/APCoreGen.gen "
@I [HLS-100] Command 'ap_source' returned 0; elapsed 0.001Total elapsed time: 6.277 sec.
@I [HLS-100] Command 'ap_source' returned 0; elapsed 0.001Total elapsed time: 6.277 sec.
@I [HLS-100] Command "source C:/Xilinx/Vivado_HLS/2015.4/common/technology/generic/autopilot/op.gen "
@I [HLS-100] Command 'ap_source' returned 0; elapsed 0.001Total elapsed time: 6.278 sec.
@I [HLS-100] Command "source C:/Xilinx/Vivado_HLS/2015.4/common/technology/generic/autopilot/op_simcore.gen "
@I [HLS-100] Command 'ap_source' returned 0; elapsed 0.001Total elapsed time: 6.279 sec.
@I [HLS-100] Command "source C:/Xilinx/Vivado_HLS/2015.4/common/technology/generic/autopilot/interface.gen "
@I [HLS-100] Command 'ap_source' returned 0; elapsed 0Total elapsed time: 6.279 sec.
@I [HLS-100] Command "source C:/Users/Riccardo/Documents/HLS_COMMON/PATTERN_GENERATORS/PATTERN_GENERATOR_CROSS/Zynq/.autopilot/db/global.setting.tcl "
@I [HLS-100] Command 'ap_source' returned 0; elapsed 0Total elapsed time: 6.280 sec.
@I [HLS-100] Command "source C:/Xilinx/Vivado_HLS/2015.4/common/technology/xilinx/zynq/zynq.gen "
@I [HLS-100] Command "source C:/Xilinx/Vivado_HLS/2015.4/common/technology/xilinx/common/virtex.gen "
@I [HLS-100] Command "source C:/Xilinx/Vivado_HLS/2015.4/common/technology/xilinx/common/xilinx.gen "
@I [HLS-100] Command "source C:/Xilinx/Vivado_HLS/2015.4/common/technology/xilinx/interface/plb46.gen "
@I [HLS-100] Command 'ap_source' returned 0; elapsed 0.002Total elapsed time: 6.283 sec.
@I [HLS-100] Command "source C:/Xilinx/Vivado_HLS/2015.4/common/technology/xilinx/interface/fsl.gen "
@I [HLS-100] Command 'ap_source' returned 0; elapsed 0Total elapsed time: 6.283 sec.
@I [HLS-100] Command "source C:/Xilinx/Vivado_HLS/2015.4/common/technology/xilinx/interface/axi4.gen "
@I [HLS-100] Command 'ap_source' returned 0; elapsed 0.003Total elapsed time: 6.286 sec.
@I [HLS-100] Command "source C:/Xilinx/Vivado_HLS/2015.4/common/technology/xilinx/interface/nativeAXI4.gen "
@I [HLS-100] Command "source C:/Xilinx/Vivado_HLS/2015.4/common/technology/xilinx/interface/saxilite.gen "
@I [HLS-100] Command 'ap_source' returned 0; elapsed 0.004Total elapsed time: 6.290 sec.
@I [HLS-100] Command "source C:/Xilinx/Vivado_HLS/2015.4/common/technology/xilinx/interface/maxi.gen "
@I [HLS-100] Command 'ap_source' returned 0; elapsed 0.009Total elapsed time: 6.299 sec.
@I [HLS-100] Command 'ap_source' returned 0; elapsed 0.013Total elapsed time: 6.299 sec.
@I [HLS-100] Command "source C:/Xilinx/Vivado_HLS/2015.4/common/technology/xilinx/scripts/xilinxcoregen.gen "
@I [HLS-100] Command 'ap_source' returned 0; elapsed 0.01Total elapsed time: 6.309 sec.
@I [HLS-100] Command "source C:/Xilinx/Vivado_HLS/2015.4/common/technology/xilinx/interface/XilEDKCoreGen.gen "
@I [HLS-100] Command 'ap_source' returned 0; elapsed 0.01Total elapsed time: 6.319 sec.
@I [HLS-100] Command "source C:/Xilinx/Vivado_HLS/2015.4/common/technology/xilinx/ip/dds_compiler.gen "
@I [HLS-100] Command 'ap_source' returned 0; elapsed 0.004Total elapsed time: 6.324 sec.
@I [HLS-100] Command "source C:/Xilinx/Vivado_HLS/2015.4/common/technology/xilinx/ip/util.gen "
@I [HLS-100] Command 'ap_source' returned 0; elapsed 0Total elapsed time: 6.324 sec.
@I [HLS-100] Command "source C:/Xilinx/Vivado_HLS/2015.4/common/technology/xilinx/ip/xfft.gen "
@I [HLS-100] Command 'ap_source' returned 0; elapsed 0.107Total elapsed time: 6.431 sec.
@I [HLS-100] Command "source C:/Xilinx/Vivado_HLS/2015.4/common/technology/xilinx/ip/xfir.gen "
@I [HLS-100] Command 'ap_source' returned 0; elapsed 0.033Total elapsed time: 6.464 sec.
@I [HLS-100] Command 'ap_source' returned 0; elapsed 0.183Total elapsed time: 6.464 sec.
@I [HLS-100] Command "source C:/Xilinx/Vivado_HLS/2015.4/common/technology/xilinx/common/dsp48.gen "
@I [HLS-100] Command 'ap_source' returned 0; elapsed 0.001Total elapsed time: 6.466 sec.
@I [HLS-100] Command 'ap_source' returned 0; elapsed 0.185Total elapsed time: 6.466 sec.
@I [HLS-100] Command 'ap_source' returned 0; elapsed 0.186Total elapsed time: 6.466 sec.
@I [HLS-100] Command "source C:/Xilinx/Vivado_HLS/2015.4/common/technology/xilinx/zynq/zynq_fpv6.gen "
@I [HLS-100] Command "source C:/Xilinx/Vivado_HLS/2015.4/common/technology/xilinx/common/xilinx_fpv6.gen "
@I [HLS-100] Command 'ap_source' returned 0; elapsed 0.002Total elapsed time: 6.468 sec.
@I [HLS-100] Command 'ap_source' returned 0; elapsed 0.002Total elapsed time: 6.468 sec.
@I [HLS-100] Command "source C:/Users/Riccardo/Documents/HLS_COMMON/PATTERN_GENERATORS/PATTERN_GENERATOR_CROSS/Zynq/.autopilot/db/global.setting.tcl "
@I [HLS-100] Command 'ap_source' returned 0; elapsed 0.001Total elapsed time: 6.470 sec.
@I [HLS-100] Command "source C:/Users/Riccardo/Documents/HLS_COMMON/PATTERN_GENERATORS/PATTERN_GENERATOR_CROSS/Zynq/.autopilot/db/global.setting.tcl "
@I [HLS-100] Command 'ap_source' returned 0; elapsed 0.001Total elapsed time: 6.472 sec.
@I [HLS-100] Command "source C:/Users/Riccardo/Documents/HLS_COMMON/PATTERN_GENERATORS/PATTERN_GENERATOR_CROSS/Zynq/.autopilot/db/global.setting.tcl "
@I [HLS-100] Command 'ap_source' returned 0; elapsed 0Total elapsed time: 6.476 sec.
@I [HLS-100] Command "source C:/Xilinx/Vivado_HLS/2015.4/common/technology/generic/autopilot/common.gen "
@I [HLS-100] Command "source C:/Xilinx/Vivado_HLS/2015.4/common/technology/generic/autopilot/APCoreGen.gen "
@I [HLS-100] Command 'ap_source' returned 0; elapsed 0Total elapsed time: 6.478 sec.
@I [HLS-100] Command 'ap_source' returned 0; elapsed 0.002Total elapsed time: 6.479 sec.
@I [HLS-100] Command "source C:/Xilinx/Vivado_HLS/2015.4/common/technology/generic/autopilot/op.gen "
@I [HLS-100] Command 'ap_source' returned 0; elapsed 0Total elapsed time: 6.479 sec.
@I [HLS-100] Command "source C:/Xilinx/Vivado_HLS/2015.4/common/technology/generic/autopilot/op_simcore.gen "
@I [HLS-100] Command 'ap_source' returned 0; elapsed 0.002Total elapsed time: 6.481 sec.
@I [HLS-100] Command "source C:/Xilinx/Vivado_HLS/2015.4/common/technology/generic/autopilot/interface.gen "
@I [HLS-100] Command 'ap_source' returned 0; elapsed 0Total elapsed time: 6.481 sec.
@I [HLS-100] Command "source C:/Users/Riccardo/Documents/HLS_COMMON/PATTERN_GENERATORS/PATTERN_GENERATOR_CROSS/Zynq/.autopilot/db/global.setting.tcl "
@I [HLS-100] Command 'ap_source' returned 0; elapsed 0.002Total elapsed time: 6.483 sec.
@I [HLS-100] Command "source C:/Xilinx/Vivado_HLS/2015.4/common/technology/xilinx/zynq/zynq.gen "
@I [HLS-100] Command "source C:/Xilinx/Vivado_HLS/2015.4/common/technology/xilinx/common/virtex.gen "
@I [HLS-100] Command "source C:/Xilinx/Vivado_HLS/2015.4/common/technology/xilinx/common/xilinx.gen "
@I [HLS-100] Command "source C:/Xilinx/Vivado_HLS/2015.4/common/technology/xilinx/interface/plb46.gen "
@I [HLS-100] Command 'ap_source' returned 0; elapsed 0.001Total elapsed time: 6.485 sec.
@I [HLS-100] Command "source C:/Xilinx/Vivado_HLS/2015.4/common/technology/xilinx/interface/fsl.gen "
@I [HLS-100] Command 'ap_source' returned 0; elapsed 0.001Total elapsed time: 6.486 sec.
@I [HLS-100] Command "source C:/Xilinx/Vivado_HLS/2015.4/common/technology/xilinx/interface/axi4.gen "
@I [HLS-100] Command 'ap_source' returned 0; elapsed 0.002Total elapsed time: 6.488 sec.
@I [HLS-100] Command "source C:/Xilinx/Vivado_HLS/2015.4/common/technology/xilinx/interface/nativeAXI4.gen "
@I [HLS-100] Command "source C:/Xilinx/Vivado_HLS/2015.4/common/technology/xilinx/interface/saxilite.gen "
@I [HLS-100] Command 'ap_source' returned 0; elapsed 0.005Total elapsed time: 6.493 sec.
@I [HLS-100] Command "source C:/Xilinx/Vivado_HLS/2015.4/common/technology/xilinx/interface/maxi.gen "
@I [HLS-100] Command 'ap_source' returned 0; elapsed 0.008Total elapsed time: 6.501 sec.
@I [HLS-100] Command 'ap_source' returned 0; elapsed 0.013Total elapsed time: 6.501 sec.
@I [HLS-100] Command "source C:/Xilinx/Vivado_HLS/2015.4/common/technology/xilinx/scripts/xilinxcoregen.gen "
@I [HLS-100] Command 'ap_source' returned 0; elapsed 0.01Total elapsed time: 6.511 sec.
@I [HLS-100] Command "source C:/Xilinx/Vivado_HLS/2015.4/common/technology/xilinx/interface/XilEDKCoreGen.gen "
@I [HLS-100] Command 'ap_source' returned 0; elapsed 0.01Total elapsed time: 6.521 sec.
@I [HLS-100] Command "source C:/Xilinx/Vivado_HLS/2015.4/common/technology/xilinx/ip/dds_compiler.gen "
@I [HLS-100] Command 'ap_source' returned 0; elapsed 0.005Total elapsed time: 6.526 sec.
@I [HLS-100] Command "source C:/Xilinx/Vivado_HLS/2015.4/common/technology/xilinx/ip/util.gen "
@I [HLS-100] Command 'ap_source' returned 0; elapsed 0Total elapsed time: 6.526 sec.
@I [HLS-100] Command "source C:/Xilinx/Vivado_HLS/2015.4/common/technology/xilinx/ip/xfft.gen "
@I [HLS-100] Command 'ap_source' returned 0; elapsed 0.104Total elapsed time: 6.630 sec.
@I [HLS-100] Command "source C:/Xilinx/Vivado_HLS/2015.4/common/technology/xilinx/ip/xfir.gen "
@I [HLS-100] Command 'ap_source' returned 0; elapsed 0.032Total elapsed time: 6.662 sec.
@I [HLS-100] Command 'ap_source' returned 0; elapsed 0.178Total elapsed time: 6.662 sec.
@I [HLS-100] Command "source C:/Xilinx/Vivado_HLS/2015.4/common/technology/xilinx/common/dsp48.gen "
@I [HLS-100] Command 'ap_source' returned 0; elapsed 0Total elapsed time: 6.663 sec.
@I [HLS-100] Command 'ap_source' returned 0; elapsed 0.18Total elapsed time: 6.663 sec.
@I [HLS-100] Command 'ap_source' returned 0; elapsed 0.18Total elapsed time: 6.663 sec.
@I [HLS-100] Command "source C:/Xilinx/Vivado_HLS/2015.4/common/technology/xilinx/zynq/zynq_fpv6.gen "
@I [HLS-100] Command "source C:/Xilinx/Vivado_HLS/2015.4/common/technology/xilinx/common/xilinx_fpv6.gen "
@I [HLS-100] Command 'ap_source' returned 0; elapsed 0.002Total elapsed time: 6.665 sec.
@I [HLS-100] Command 'ap_source' returned 0; elapsed 0.002Total elapsed time: 6.665 sec.
@I [HLS-100] Command "source C:/Users/Riccardo/Documents/HLS_COMMON/PATTERN_GENERATORS/PATTERN_GENERATOR_CROSS/Zynq/.autopilot/db/global.setting.tcl "
@I [HLS-100] Command 'ap_source' returned 0; elapsed 0.001Total elapsed time: 6.670 sec.
@I [HLS-100] Command "source C:/Users/Riccardo/Documents/HLS_COMMON/PATTERN_GENERATORS/PATTERN_GENERATOR_CROSS/Zynq/.autopilot/db/global.setting.tcl "
@I [HLS-100] Command 'ap_source' returned 0; elapsed 0.001Total elapsed time: 6.671 sec.
@I [HLS-100] Command "source C:/Users/Riccardo/Documents/HLS_COMMON/PATTERN_GENERATORS/PATTERN_GENERATOR_CROSS/Zynq/.autopilot/db/pattern_generator_cross.compgen.tcl "
@I [HLS-100] Command 'ap_source' returned 0; elapsed 0.001Total elapsed time: 6.673 sec.
@I [HLS-100] Command "source C:/Users/Riccardo/Documents/HLS_COMMON/PATTERN_GENERATORS/PATTERN_GENERATOR_CROSS/Zynq/.autopilot/db/global.setting.tcl "
@I [HLS-100] Command 'ap_source' returned 0; elapsed 0.001Total elapsed time: 6.709 sec.
@I [HLS-100] Command "source C:/Users/Riccardo/Documents/HLS_COMMON/PATTERN_GENERATORS/PATTERN_GENERATOR_CROSS/Zynq/.autopilot/db/pattern_generator_cross.constraint.tcl "
@I [HLS-100] Command 'ap_source' returned 0; elapsed 0Total elapsed time: 6.711 sec.
@I [HLS-100] Command "source C:/Xilinx/Vivado_HLS/2015.4/common/technology/generic/autopilot/common.gen "
@I [HLS-100] Command "source C:/Xilinx/Vivado_HLS/2015.4/common/technology/generic/autopilot/APCoreGen.gen "
@I [HLS-100] Command 'ap_source' returned 0; elapsed 0.001Total elapsed time: 6.718 sec.
@I [HLS-100] Command 'ap_source' returned 0; elapsed 0.001Total elapsed time: 6.718 sec.
@I [HLS-100] Command "source C:/Xilinx/Vivado_HLS/2015.4/common/technology/generic/autopilot/op.gen "
@I [HLS-100] Command 'ap_source' returned 0; elapsed 0.001Total elapsed time: 6.719 sec.
@I [HLS-100] Command "source C:/Xilinx/Vivado_HLS/2015.4/common/technology/generic/autopilot/op_simcore.gen "
@I [HLS-100] Command 'ap_source' returned 0; elapsed 0.001Total elapsed time: 6.720 sec.
@I [HLS-100] Command "source C:/Xilinx/Vivado_HLS/2015.4/common/technology/generic/autopilot/interface.gen "
@I [HLS-100] Command 'ap_source' returned 0; elapsed 0Total elapsed time: 6.720 sec.
@I [HLS-100] Command "source C:/Users/Riccardo/Documents/HLS_COMMON/PATTERN_GENERATORS/PATTERN_GENERATOR_CROSS/Zynq/.autopilot/db/global.setting.tcl "
@I [HLS-100] Command 'ap_source' returned 0; elapsed 0.001Total elapsed time: 6.721 sec.
@I [HLS-100] Command "source C:/Xilinx/Vivado_HLS/2015.4/common/technology/xilinx/zynq/zynq.gen "
@I [HLS-100] Command "source C:/Xilinx/Vivado_HLS/2015.4/common/technology/xilinx/common/virtex.gen "
@I [HLS-100] Command "source C:/Xilinx/Vivado_HLS/2015.4/common/technology/xilinx/common/xilinx.gen "
@I [HLS-100] Command "source C:/Xilinx/Vivado_HLS/2015.4/common/technology/xilinx/interface/plb46.gen "
@I [HLS-100] Command 'ap_source' returned 0; elapsed 0.001Total elapsed time: 6.723 sec.
@I [HLS-100] Command "source C:/Xilinx/Vivado_HLS/2015.4/common/technology/xilinx/interface/fsl.gen "
@I [HLS-100] Command 'ap_source' returned 0; elapsed 0.001Total elapsed time: 6.724 sec.
@I [HLS-100] Command "source C:/Xilinx/Vivado_HLS/2015.4/common/technology/xilinx/interface/axi4.gen "
@I [HLS-100] Command 'ap_source' returned 0; elapsed 0.002Total elapsed time: 6.726 sec.
@I [HLS-100] Command "source C:/Xilinx/Vivado_HLS/2015.4/common/technology/xilinx/interface/nativeAXI4.gen "
@I [HLS-100] Command "source C:/Xilinx/Vivado_HLS/2015.4/common/technology/xilinx/interface/saxilite.gen "
@I [HLS-100] Command 'ap_source' returned 0; elapsed 0.004Total elapsed time: 6.731 sec.
@I [HLS-100] Command "source C:/Xilinx/Vivado_HLS/2015.4/common/technology/xilinx/interface/maxi.gen "
@I [HLS-100] Command 'ap_source' returned 0; elapsed 0.008Total elapsed time: 6.739 sec.
@I [HLS-100] Command 'ap_source' returned 0; elapsed 0.013Total elapsed time: 6.739 sec.
@I [HLS-100] Command "source C:/Xilinx/Vivado_HLS/2015.4/common/technology/xilinx/scripts/xilinxcoregen.gen "
@I [HLS-100] Command 'ap_source' returned 0; elapsed 0.01Total elapsed time: 6.749 sec.
@I [HLS-100] Command "source C:/Xilinx/Vivado_HLS/2015.4/common/technology/xilinx/interface/XilEDKCoreGen.gen "
@I [HLS-100] Command 'ap_source' returned 0; elapsed 0.01Total elapsed time: 6.759 sec.
@I [HLS-100] Command "source C:/Xilinx/Vivado_HLS/2015.4/common/technology/xilinx/ip/dds_compiler.gen "
@I [HLS-100] Command 'ap_source' returned 0; elapsed 0.003Total elapsed time: 6.763 sec.
@I [HLS-100] Command "source C:/Xilinx/Vivado_HLS/2015.4/common/technology/xilinx/ip/util.gen "
@I [HLS-100] Command 'ap_source' returned 0; elapsed 0.001Total elapsed time: 6.764 sec.
@I [HLS-100] Command "source C:/Xilinx/Vivado_HLS/2015.4/common/technology/xilinx/ip/xfft.gen "
@I [HLS-100] Command 'ap_source' returned 0; elapsed 0.106Total elapsed time: 6.870 sec.
@I [HLS-100] Command "source C:/Xilinx/Vivado_HLS/2015.4/common/technology/xilinx/ip/xfir.gen "
@I [HLS-100] Command 'ap_source' returned 0; elapsed 0.032Total elapsed time: 6.902 sec.
@I [HLS-100] Command 'ap_source' returned 0; elapsed 0.18Total elapsed time: 6.902 sec.
@I [HLS-100] Command "source C:/Xilinx/Vivado_HLS/2015.4/common/technology/xilinx/common/dsp48.gen "
@I [HLS-100] Command 'ap_source' returned 0; elapsed 0Total elapsed time: 6.903 sec.
@I [HLS-100] Command 'ap_source' returned 0; elapsed 0.182Total elapsed time: 6.903 sec.
@I [HLS-100] Command 'ap_source' returned 0; elapsed 0.182Total elapsed time: 6.903 sec.
@I [HLS-100] Command "source C:/Xilinx/Vivado_HLS/2015.4/common/technology/xilinx/zynq/zynq_fpv6.gen "
@I [HLS-100] Command "source C:/Xilinx/Vivado_HLS/2015.4/common/technology/xilinx/common/xilinx_fpv6.gen "
@I [HLS-100] Command 'ap_source' returned 0; elapsed 0.002Total elapsed time: 6.905 sec.
@I [HLS-100] Command 'ap_source' returned 0; elapsed 0.002Total elapsed time: 6.905 sec.
@I [HLS-100] Command "source C:/Users/Riccardo/Documents/HLS_COMMON/PATTERN_GENERATORS/PATTERN_GENERATOR_CROSS/Zynq/.autopilot/db/global.setting.tcl "
@I [HLS-100] Command 'ap_source' returned 0; elapsed 0Total elapsed time: 6.930 sec.
@I [HLS-100] Command "source C:/Users/Riccardo/Documents/HLS_COMMON/PATTERN_GENERATORS/PATTERN_GENERATOR_CROSS/Zynq/.autopilot/db/global.setting.tcl "
@I [HLS-100] Command 'ap_source' returned 0; elapsed 0Total elapsed time: 11.19 sec.
@I [HLS-100] Command "source C:/Xilinx/Vivado_HLS/2015.4/common/technology/generic/autopilot/common.gen "
@I [HLS-100] Command "source C:/Xilinx/Vivado_HLS/2015.4/common/technology/generic/autopilot/APCoreGen.gen "
@I [HLS-100] Command 'ap_source' returned 0; elapsed 0.001Total elapsed time: 11.25 sec.
@I [HLS-100] Command 'ap_source' returned 0; elapsed 0.001Total elapsed time: 11.25 sec.
@I [HLS-100] Command "source C:/Xilinx/Vivado_HLS/2015.4/common/technology/generic/autopilot/op.gen "
@I [HLS-100] Command 'ap_source' returned 0; elapsed 0.001Total elapsed time: 11.26 sec.
@I [HLS-100] Command "source C:/Xilinx/Vivado_HLS/2015.4/common/technology/generic/autopilot/op_simcore.gen "
@I [HLS-100] Command 'ap_source' returned 0; elapsed 0.001Total elapsed time: 11.27 sec.
@I [HLS-100] Command "source C:/Xilinx/Vivado_HLS/2015.4/common/technology/generic/autopilot/interface.gen "
@I [HLS-100] Command 'ap_source' returned 0; elapsed 0.001Total elapsed time: 11.28 sec.
@I [HLS-100] Command "source C:/Users/Riccardo/Documents/HLS_COMMON/PATTERN_GENERATORS/PATTERN_GENERATOR_CROSS/Zynq/.autopilot/db/global.setting.tcl "
@I [HLS-100] Command 'ap_source' returned 0; elapsed 0.001Total elapsed time: 11.29 sec.
@I [HLS-100] Command "source C:/Xilinx/Vivado_HLS/2015.4/common/technology/xilinx/zynq/zynq.gen "
@I [HLS-100] Command "source C:/Xilinx/Vivado_HLS/2015.4/common/technology/xilinx/common/virtex.gen "
@I [HLS-100] Command "source C:/Xilinx/Vivado_HLS/2015.4/common/technology/xilinx/common/xilinx.gen "
@I [HLS-100] Command "source C:/Xilinx/Vivado_HLS/2015.4/common/technology/xilinx/interface/plb46.gen "
@I [HLS-100] Command 'ap_source' returned 0; elapsed 0.001Total elapsed time: 11.31 sec.
@I [HLS-100] Command "source C:/Xilinx/Vivado_HLS/2015.4/common/technology/xilinx/interface/fsl.gen "
@I [HLS-100] Command 'ap_source' returned 0; elapsed 0.001Total elapsed time: 11.32 sec.
@I [HLS-100] Command "source C:/Xilinx/Vivado_HLS/2015.4/common/technology/xilinx/interface/axi4.gen "
@I [HLS-100] Command 'ap_source' returned 0; elapsed 0.002Total elapsed time: 11.34 sec.
@I [HLS-100] Command "source C:/Xilinx/Vivado_HLS/2015.4/common/technology/xilinx/interface/nativeAXI4.gen "
@I [HLS-100] Command "source C:/Xilinx/Vivado_HLS/2015.4/common/technology/xilinx/interface/saxilite.gen "
@I [HLS-100] Command 'ap_source' returned 0; elapsed 0.004Total elapsed time: 11.39 sec.
@I [HLS-100] Command "source C:/Xilinx/Vivado_HLS/2015.4/common/technology/xilinx/interface/maxi.gen "
@I [HLS-100] Command 'ap_source' returned 0; elapsed 0.009Total elapsed time: 11.48 sec.
@I [HLS-100] Command 'ap_source' returned 0; elapsed 0.014Total elapsed time: 11.48 sec.
@I [HLS-100] Command "source C:/Xilinx/Vivado_HLS/2015.4/common/technology/xilinx/scripts/xilinxcoregen.gen "
@I [HLS-100] Command 'ap_source' returned 0; elapsed 0.01Total elapsed time: 11.58 sec.
@I [HLS-100] Command "source C:/Xilinx/Vivado_HLS/2015.4/common/technology/xilinx/interface/XilEDKCoreGen.gen "
@I [HLS-100] Command 'ap_source' returned 0; elapsed 0.01Total elapsed time: 11.68 sec.
@I [HLS-100] Command "source C:/Xilinx/Vivado_HLS/2015.4/common/technology/xilinx/ip/dds_compiler.gen "
@I [HLS-100] Command 'ap_source' returned 0; elapsed 0.004Total elapsed time: 11.73 sec.
@I [HLS-100] Command "source C:/Xilinx/Vivado_HLS/2015.4/common/technology/xilinx/ip/util.gen "
@I [HLS-100] Command 'ap_source' returned 0; elapsed 0Total elapsed time: 11.73 sec.
@I [HLS-100] Command "source C:/Xilinx/Vivado_HLS/2015.4/common/technology/xilinx/ip/xfft.gen "
@I [HLS-100] Command 'ap_source' returned 0; elapsed 0.11Total elapsed time: 11.183 sec.
@I [HLS-100] Command "source C:/Xilinx/Vivado_HLS/2015.4/common/technology/xilinx/ip/xfir.gen "
@I [HLS-100] Command 'ap_source' returned 0; elapsed 0.037Total elapsed time: 11.220 sec.
@I [HLS-100] Command 'ap_source' returned 0; elapsed 0.19Total elapsed time: 11.220 sec.
@I [HLS-100] Command "source C:/Xilinx/Vivado_HLS/2015.4/common/technology/xilinx/common/dsp48.gen "
@I [HLS-100] Command 'ap_source' returned 0; elapsed 0.001Total elapsed time: 11.222 sec.
@I [HLS-100] Command 'ap_source' returned 0; elapsed 0.193Total elapsed time: 11.222 sec.
@I [HLS-100] Command 'ap_source' returned 0; elapsed 0.193Total elapsed time: 11.222 sec.
@I [HLS-100] Command "source C:/Xilinx/Vivado_HLS/2015.4/common/technology/xilinx/zynq/zynq_fpv6.gen "
@I [HLS-100] Command "source C:/Xilinx/Vivado_HLS/2015.4/common/technology/xilinx/common/xilinx_fpv6.gen "
@I [HLS-100] Command 'ap_source' returned 0; elapsed 0.002Total elapsed time: 11.224 sec.
@I [HLS-100] Command 'ap_source' returned 0; elapsed 0.002Total elapsed time: 11.224 sec.
@I [HLS-100] Command "source C:/Users/Riccardo/Documents/HLS_COMMON/PATTERN_GENERATORS/PATTERN_GENERATOR_CROSS/Zynq/.autopilot/db/global.setting.tcl "
@I [HLS-100] Command 'ap_source' returned 0; elapsed 0.001Total elapsed time: 11.235 sec.
@I [HLS-100] Command "source C:/Users/Riccardo/Documents/HLS_COMMON/PATTERN_GENERATORS/PATTERN_GENERATOR_CROSS/Zynq/.autopilot/db/global.setting.tcl "
@I [HLS-100] Command 'ap_source' returned 0; elapsed 0.001Total elapsed time: 11.237 sec.
@I [HLS-100] Command "source C:/Users/Riccardo/Documents/HLS_COMMON/PATTERN_GENERATORS/PATTERN_GENERATOR_CROSS/Zynq/.autopilot/db/global.setting.tcl "
@I [HLS-100] Command 'ap_source' returned 0; elapsed 0.001Total elapsed time: 11.242 sec.
@I [HLS-100] Command "source C:/Xilinx/Vivado_HLS/2015.4/common/technology/generic/autopilot/common.gen "
@I [HLS-100] Command "source C:/Xilinx/Vivado_HLS/2015.4/common/technology/generic/autopilot/APCoreGen.gen "
@I [HLS-100] Command 'ap_source' returned 0; elapsed 0.001Total elapsed time: 11.244 sec.
@I [HLS-100] Command 'ap_source' returned 0; elapsed 0.002Total elapsed time: 11.245 sec.
@I [HLS-100] Command "source C:/Xilinx/Vivado_HLS/2015.4/common/technology/generic/autopilot/op.gen "
@I [HLS-100] Command 'ap_source' returned 0; elapsed 0Total elapsed time: 11.245 sec.
@I [HLS-100] Command "source C:/Xilinx/Vivado_HLS/2015.4/common/technology/generic/autopilot/op_simcore.gen "
@I [HLS-100] Command 'ap_source' returned 0; elapsed 0.002Total elapsed time: 11.247 sec.
@I [HLS-100] Command "source C:/Xilinx/Vivado_HLS/2015.4/common/technology/generic/autopilot/interface.gen "
@I [HLS-100] Command 'ap_source' returned 0; elapsed 0Total elapsed time: 11.247 sec.
@I [HLS-100] Command "source C:/Users/Riccardo/Documents/HLS_COMMON/PATTERN_GENERATORS/PATTERN_GENERATOR_CROSS/Zynq/.autopilot/db/global.setting.tcl "
@I [HLS-100] Command 'ap_source' returned 0; elapsed 0.002Total elapsed time: 11.249 sec.
@I [HLS-100] Command "source C:/Xilinx/Vivado_HLS/2015.4/common/technology/xilinx/zynq/zynq.gen "
@I [HLS-100] Command "source C:/Xilinx/Vivado_HLS/2015.4/common/technology/xilinx/common/virtex.gen "
@I [HLS-100] Command "source C:/Xilinx/Vivado_HLS/2015.4/common/technology/xilinx/common/xilinx.gen "
@I [HLS-100] Command "source C:/Xilinx/Vivado_HLS/2015.4/common/technology/xilinx/interface/plb46.gen "
@I [HLS-100] Command 'ap_source' returned 0; elapsed 0.001Total elapsed time: 11.251 sec.
@I [HLS-100] Command "source C:/Xilinx/Vivado_HLS/2015.4/common/technology/xilinx/interface/fsl.gen "
@I [HLS-100] Command 'ap_source' returned 0; elapsed 0.001Total elapsed time: 11.252 sec.
@I [HLS-100] Command "source C:/Xilinx/Vivado_HLS/2015.4/common/technology/xilinx/interface/axi4.gen "
@I [HLS-100] Command 'ap_source' returned 0; elapsed 0.002Total elapsed time: 11.254 sec.
@I [HLS-100] Command "source C:/Xilinx/Vivado_HLS/2015.4/common/technology/xilinx/interface/nativeAXI4.gen "
@I [HLS-100] Command "source C:/Xilinx/Vivado_HLS/2015.4/common/technology/xilinx/interface/saxilite.gen "
@I [HLS-100] Command 'ap_source' returned 0; elapsed 0.004Total elapsed time: 11.259 sec.
@I [HLS-100] Command "source C:/Xilinx/Vivado_HLS/2015.4/common/technology/xilinx/interface/maxi.gen "
@I [HLS-100] Command 'ap_source' returned 0; elapsed 0.009Total elapsed time: 11.268 sec.
@I [HLS-100] Command 'ap_source' returned 0; elapsed 0.014Total elapsed time: 11.268 sec.
@I [HLS-100] Command "source C:/Xilinx/Vivado_HLS/2015.4/common/technology/xilinx/scripts/xilinxcoregen.gen "
@I [HLS-100] Command 'ap_source' returned 0; elapsed 0.009Total elapsed time: 11.277 sec.
@I [HLS-100] Command "source C:/Xilinx/Vivado_HLS/2015.4/common/technology/xilinx/interface/XilEDKCoreGen.gen "
@I [HLS-100] Command 'ap_source' returned 0; elapsed 0.009Total elapsed time: 11.287 sec.
@I [HLS-100] Command "source C:/Xilinx/Vivado_HLS/2015.4/common/technology/xilinx/ip/dds_compiler.gen "
@I [HLS-100] Command 'ap_source' returned 0; elapsed 0.004Total elapsed time: 11.292 sec.
@I [HLS-100] Command "source C:/Xilinx/Vivado_HLS/2015.4/common/technology/xilinx/ip/util.gen "
@I [HLS-100] Command 'ap_source' returned 0; elapsed 0Total elapsed time: 11.292 sec.
@I [HLS-100] Command "source C:/Xilinx/Vivado_HLS/2015.4/common/technology/xilinx/ip/xfft.gen "
@I [HLS-100] Command 'ap_source' returned 0; elapsed 0.107Total elapsed time: 11.399 sec.
@I [HLS-100] Command "source C:/Xilinx/Vivado_HLS/2015.4/common/technology/xilinx/ip/xfir.gen "
@I [HLS-100] Command 'ap_source' returned 0; elapsed 0.033Total elapsed time: 11.432 sec.
@I [HLS-100] Command 'ap_source' returned 0; elapsed 0.182Total elapsed time: 11.432 sec.
@I [HLS-100] Command "source C:/Xilinx/Vivado_HLS/2015.4/common/technology/xilinx/common/dsp48.gen "
@I [HLS-100] Command 'ap_source' returned 0; elapsed 0.001Total elapsed time: 11.434 sec.
@I [HLS-100] Command 'ap_source' returned 0; elapsed 0.185Total elapsed time: 11.434 sec.
@I [HLS-100] Command 'ap_source' returned 0; elapsed 0.185Total elapsed time: 11.434 sec.
@I [HLS-100] Command "source C:/Xilinx/Vivado_HLS/2015.4/common/technology/xilinx/zynq/zynq_fpv6.gen "
@I [HLS-100] Command "source C:/Xilinx/Vivado_HLS/2015.4/common/technology/xilinx/common/xilinx_fpv6.gen "
@I [HLS-100] Command 'ap_source' returned 0; elapsed 0.002Total elapsed time: 11.436 sec.
@I [HLS-100] Command 'ap_source' returned 0; elapsed 0.002Total elapsed time: 11.436 sec.
@I [HLS-100] Command "source C:/Users/Riccardo/Documents/HLS_COMMON/PATTERN_GENERATORS/PATTERN_GENERATOR_CROSS/Zynq/.autopilot/db/global.setting.tcl "
@I [HLS-100] Command 'ap_source' returned 0; elapsed 0.001Total elapsed time: 11.439 sec.
@I [HLS-100] Command "source C:/Users/Riccardo/Documents/HLS_COMMON/PATTERN_GENERATORS/PATTERN_GENERATOR_CROSS/Zynq/.autopilot/db/global.setting.tcl "
@I [HLS-100] Command 'ap_source' returned 0; elapsed 0.001Total elapsed time: 11.440 sec.
@I [HLS-100] Command "source C:/Users/Riccardo/Documents/HLS_COMMON/PATTERN_GENERATORS/PATTERN_GENERATOR_CROSS/Zynq/.autopilot/db/pattern_generator_cross.compgen.tcl "
@I [HLS-100] Command 'ap_source' returned 0; elapsed 0.001Total elapsed time: 11.442 sec.
@I [HLS-100] Command "source C:/Users/Riccardo/Documents/HLS_COMMON/PATTERN_GENERATORS/PATTERN_GENERATOR_CROSS/Zynq/.autopilot/db/global.setting.tcl "
@I [HLS-100] Command 'ap_source' returned 0; elapsed 0.001Total elapsed time: 11.479 sec.
@I [HLS-100] Command "source C:/Users/Riccardo/Documents/HLS_COMMON/PATTERN_GENERATORS/PATTERN_GENERATOR_CROSS/Zynq/.autopilot/db/pattern_generator_cross.constraint.tcl "
@I [HLS-100] Command 'ap_source' returned 0; elapsed 0.001Total elapsed time: 11.481 sec.
@I [HLS-100] Command "source C:/Xilinx/Vivado_HLS/2015.4/common/technology/generic/autopilot/common.gen "
@I [HLS-100] Command "source C:/Xilinx/Vivado_HLS/2015.4/common/technology/generic/autopilot/APCoreGen.gen "
@I [HLS-100] Command 'ap_source' returned 0; elapsed 0.001Total elapsed time: 11.488 sec.
@I [HLS-100] Command 'ap_source' returned 0; elapsed 0.002Total elapsed time: 11.489 sec.
@I [HLS-100] Command "source C:/Xilinx/Vivado_HLS/2015.4/common/technology/generic/autopilot/op.gen "
@I [HLS-100] Command 'ap_source' returned 0; elapsed 0Total elapsed time: 11.489 sec.
@I [HLS-100] Command "source C:/Xilinx/Vivado_HLS/2015.4/common/technology/generic/autopilot/op_simcore.gen "
@I [HLS-100] Command 'ap_source' returned 0; elapsed 0.002Total elapsed time: 11.491 sec.
@I [HLS-100] Command "source C:/Xilinx/Vivado_HLS/2015.4/common/technology/generic/autopilot/interface.gen "
@I [HLS-100] Command 'ap_source' returned 0; elapsed 0Total elapsed time: 11.491 sec.
@I [HLS-100] Command "source C:/Users/Riccardo/Documents/HLS_COMMON/PATTERN_GENERATORS/PATTERN_GENERATOR_CROSS/Zynq/.autopilot/db/global.setting.tcl "
@I [HLS-100] Command 'ap_source' returned 0; elapsed 0.001Total elapsed time: 11.492 sec.
@I [HLS-100] Command "source C:/Xilinx/Vivado_HLS/2015.4/common/technology/xilinx/zynq/zynq.gen "
@I [HLS-100] Command "source C:/Xilinx/Vivado_HLS/2015.4/common/technology/xilinx/common/virtex.gen "
@I [HLS-100] Command "source C:/Xilinx/Vivado_HLS/2015.4/common/technology/xilinx/common/xilinx.gen "
@I [HLS-100] Command "source C:/Xilinx/Vivado_HLS/2015.4/common/technology/xilinx/interface/plb46.gen "
@I [HLS-100] Command 'ap_source' returned 0; elapsed 0.001Total elapsed time: 11.494 sec.
@I [HLS-100] Command "source C:/Xilinx/Vivado_HLS/2015.4/common/technology/xilinx/interface/fsl.gen "
@I [HLS-100] Command 'ap_source' returned 0; elapsed 0.001Total elapsed time: 11.495 sec.
@I [HLS-100] Command "source C:/Xilinx/Vivado_HLS/2015.4/common/technology/xilinx/interface/axi4.gen "
@I [HLS-100] Command 'ap_source' returned 0; elapsed 0.002Total elapsed time: 11.497 sec.
@I [HLS-100] Command "source C:/Xilinx/Vivado_HLS/2015.4/common/technology/xilinx/interface/nativeAXI4.gen "
@I [HLS-100] Command "source C:/Xilinx/Vivado_HLS/2015.4/common/technology/xilinx/interface/saxilite.gen "
@I [HLS-100] Command 'ap_source' returned 0; elapsed 0.005Total elapsed time: 11.502 sec.
@I [HLS-100] Command "source C:/Xilinx/Vivado_HLS/2015.4/common/technology/xilinx/interface/maxi.gen "
@I [HLS-100] Command 'ap_source' returned 0; elapsed 0.009Total elapsed time: 11.511 sec.
@I [HLS-100] Command 'ap_source' returned 0; elapsed 0.014Total elapsed time: 11.511 sec.
@I [HLS-100] Command "source C:/Xilinx/Vivado_HLS/2015.4/common/technology/xilinx/scripts/xilinxcoregen.gen "
@I [HLS-100] Command 'ap_source' returned 0; elapsed 0.01Total elapsed time: 11.521 sec.
@I [HLS-100] Command "source C:/Xilinx/Vivado_HLS/2015.4/common/technology/xilinx/interface/XilEDKCoreGen.gen "
@I [HLS-100] Command 'ap_source' returned 0; elapsed 0.01Total elapsed time: 11.531 sec.
@I [HLS-100] Command "source C:/Xilinx/Vivado_HLS/2015.4/common/technology/xilinx/ip/dds_compiler.gen "
@I [HLS-100] Command 'ap_source' returned 0; elapsed 0.004Total elapsed time: 11.536 sec.
@I [HLS-100] Command "source C:/Xilinx/Vivado_HLS/2015.4/common/technology/xilinx/ip/util.gen "
@I [HLS-100] Command 'ap_source' returned 0; elapsed 0Total elapsed time: 11.536 sec.
@I [HLS-100] Command "source C:/Xilinx/Vivado_HLS/2015.4/common/technology/xilinx/ip/xfft.gen "
@I [HLS-100] Command 'ap_source' returned 0; elapsed 0.108Total elapsed time: 11.644 sec.
@I [HLS-100] Command "source C:/Xilinx/Vivado_HLS/2015.4/common/technology/xilinx/ip/xfir.gen "
@I [HLS-100] Command 'ap_source' returned 0; elapsed 0.031Total elapsed time: 11.675 sec.
@I [HLS-100] Command 'ap_source' returned 0; elapsed 0.182Total elapsed time: 11.675 sec.
@I [HLS-100] Command "source C:/Xilinx/Vivado_HLS/2015.4/common/technology/xilinx/common/dsp48.gen "
@I [HLS-100] Command 'ap_source' returned 0; elapsed 0Total elapsed time: 11.676 sec.
@I [HLS-100] Command 'ap_source' returned 0; elapsed 0.185Total elapsed time: 11.677 sec.
@I [HLS-100] Command 'ap_source' returned 0; elapsed 0.185Total elapsed time: 11.677 sec.
@I [HLS-100] Command "source C:/Xilinx/Vivado_HLS/2015.4/common/technology/xilinx/zynq/zynq_fpv6.gen "
@I [HLS-100] Command "source C:/Xilinx/Vivado_HLS/2015.4/common/technology/xilinx/common/xilinx_fpv6.gen "
@I [HLS-100] Command 'ap_source' returned 0; elapsed 0.001Total elapsed time: 11.678 sec.
@I [HLS-100] Command 'ap_source' returned 0; elapsed 0.001Total elapsed time: 11.678 sec.
@I [HLS-100] Command "source C:/Users/Riccardo/Documents/HLS_COMMON/PATTERN_GENERATORS/PATTERN_GENERATOR_CROSS/Zynq/.autopilot/db/global.setting.tcl "
@I [HLS-100] Command 'ap_source' returned 0; elapsed 0.001Total elapsed time: 11.700 sec.
@I [HLS-100] Command 'export_design' returned 0; elapsed 16.513Total elapsed time: 17.299 sec.
@I [HLS-100] Command 'ap_source' returned 0; elapsed 16.776Total elapsed time: 17.299 sec.
@I [HLS-100] Command "cleanup_all "
@I [HLS-100] Command 'cleanup_all' returned 0; elapsed 0Total elapsed time: 17.299 sec.
