

================================================================
== Vivado HLS Report for 'convolution_filter'
================================================================
* Date:           Tue Sep 19 11:05:59 2017

* Version:        2016.2 (Build 1577090 on Thu Jun 02 16:59:10 MDT 2016)
* Project:        Configurable_Convolution_Filter
* Solution:       solution1
* Product family: zynq
* Target device:  xc7z020clg484-1


================================================================
== Performance Estimates
================================================================
+ Timing (ns): 
    * Summary: 
    +--------+-------+----------+------------+
    |  Clock | Target| Estimated| Uncertainty|
    +--------+-------+----------+------------+
    |ap_clk  |  41.67|     22.64|        5.21|
    +--------+-------+----------+------------+

+ Latency (clock cycles): 
    * Summary: 
    +--------+--------+--------+--------+---------+
    |     Latency     |     Interval    | Pipeline|
    |   min  |   max  |   min  |   max  |   Type  |
    +--------+--------+--------+--------+---------+
    |  310598|  310598|  310599|  310599|   none  |
    +--------+--------+--------+--------+---------+

    + Detail: 
        * Instance: 
        N/A

        * Loop: 
        +---------------------+--------+--------+----------+-----------+-----------+--------+----------+
        |                     |     Latency     | Iteration|  Initiation Interval  |  Trip  |          |
        |      Loop Name      |   min  |   max  |  Latency |  achieved |   target  |  Count | Pipelined|
        +---------------------+--------+--------+----------+-----------+-----------+--------+----------+
        |- Loop_row_Loop_col  |  310596|  310596|        29|          1|          1|  310569|    yes   |
        +---------------------+--------+--------+----------+-----------+-----------+--------+----------+



================================================================
== Utilization Estimates
================================================================
* Summary: 
+-----------------+---------+-------+--------+-------+
|       Name      | BRAM_18K| DSP48E|   FF   |  LUT  |
+-----------------+---------+-------+--------+-------+
|DSP              |        -|      -|       -|      -|
|Expression       |        -|      -|       0|   1215|
|FIFO             |        -|      -|       -|      -|
|Instance         |        2|      0|     968|   4104|
|Memory           |        6|      -|       0|      0|
|Multiplexer      |        -|      -|       -|    209|
|Register         |        -|      -|    1118|      9|
+-----------------+---------+-------+--------+-------+
|Total            |        8|      0|    2086|   5537|
+-----------------+---------+-------+--------+-------+
|Available        |      280|    220|  106400|  53200|
+-----------------+---------+-------+--------+-------+
|Utilization (%)  |        2|      0|       1|     10|
+-----------------+---------+-------+--------+-------+

+ Detail: 
    * Instance: 
    +------------------------------------------+--------------------------------------+---------+-------+-----+-----+
    |                 Instance                 |                Module                | BRAM_18K| DSP48E|  FF | LUT |
    +------------------------------------------+--------------------------------------+---------+-------+-----+-----+
    |convolution_filter_AXILiteS_s_axi_U       |convolution_filter_AXILiteS_s_axi     |        2|      0|  110|  110|
    |convolution_filter_mul_8s_8ns_16_1_U0     |convolution_filter_mul_8s_8ns_16_1    |        0|      0|    0|   64|
    |convolution_filter_mul_8s_8ns_16_1_U1     |convolution_filter_mul_8s_8ns_16_1    |        0|      0|    0|   64|
    |convolution_filter_mul_8s_8ns_16_1_U2     |convolution_filter_mul_8s_8ns_16_1    |        0|      0|    0|   64|
    |convolution_filter_mul_8s_8ns_16_1_U3     |convolution_filter_mul_8s_8ns_16_1    |        0|      0|    0|   64|
    |convolution_filter_mul_8s_8ns_16_1_U4     |convolution_filter_mul_8s_8ns_16_1    |        0|      0|    0|   64|
    |convolution_filter_mul_8s_8ns_16_1_U5     |convolution_filter_mul_8s_8ns_16_1    |        0|      0|    0|   64|
    |convolution_filter_mul_8s_8ns_16_1_U6     |convolution_filter_mul_8s_8ns_16_1    |        0|      0|    0|   64|
    |convolution_filter_mul_8s_8ns_16_1_U7     |convolution_filter_mul_8s_8ns_16_1    |        0|      0|    0|   64|
    |convolution_filter_mul_8s_8ns_16_1_U8     |convolution_filter_mul_8s_8ns_16_1    |        0|      0|    0|   64|
    |convolution_filter_mul_8s_8ns_16_1_U9     |convolution_filter_mul_8s_8ns_16_1    |        0|      0|    0|   64|
    |convolution_filter_mul_8s_8ns_16_1_U10    |convolution_filter_mul_8s_8ns_16_1    |        0|      0|    0|   64|
    |convolution_filter_mul_8s_8ns_16_1_U11    |convolution_filter_mul_8s_8ns_16_1    |        0|      0|    0|   64|
    |convolution_filter_mul_8s_8ns_16_1_U12    |convolution_filter_mul_8s_8ns_16_1    |        0|      0|    0|   64|
    |convolution_filter_mul_8s_8ns_16_1_U13    |convolution_filter_mul_8s_8ns_16_1    |        0|      0|    0|   64|
    |convolution_filter_mul_8s_8ns_16_1_U14    |convolution_filter_mul_8s_8ns_16_1    |        0|      0|    0|   64|
    |convolution_filter_mul_8s_8ns_16_1_U15    |convolution_filter_mul_8s_8ns_16_1    |        0|      0|    0|   64|
    |convolution_filter_mul_8s_8ns_16_1_U16    |convolution_filter_mul_8s_8ns_16_1    |        0|      0|    0|   64|
    |convolution_filter_mul_8s_8ns_16_1_U17    |convolution_filter_mul_8s_8ns_16_1    |        0|      0|    0|   64|
    |convolution_filter_mul_8s_8ns_16_1_U18    |convolution_filter_mul_8s_8ns_16_1    |        0|      0|    0|   64|
    |convolution_filter_mul_8s_8ns_16_1_U19    |convolution_filter_mul_8s_8ns_16_1    |        0|      0|    0|   64|
    |convolution_filter_mul_8s_8ns_16_1_U20    |convolution_filter_mul_8s_8ns_16_1    |        0|      0|    0|   64|
    |convolution_filter_mul_8s_8ns_16_1_U21    |convolution_filter_mul_8s_8ns_16_1    |        0|      0|    0|   64|
    |convolution_filter_mul_8s_8ns_16_1_U22    |convolution_filter_mul_8s_8ns_16_1    |        0|      0|    0|   64|
    |convolution_filter_mul_8s_8ns_16_1_U23    |convolution_filter_mul_8s_8ns_16_1    |        0|      0|    0|   64|
    |convolution_filter_mul_8s_8ns_16_1_U24    |convolution_filter_mul_8s_8ns_16_1    |        0|      0|    0|   64|
    |convolution_filter_mul_8s_8ns_16_1_U25    |convolution_filter_mul_8s_8ns_16_1    |        0|      0|    0|   64|
    |convolution_filter_mul_8s_8ns_16_1_U26    |convolution_filter_mul_8s_8ns_16_1    |        0|      0|    0|   64|
    |convolution_filter_mul_8s_8ns_16_1_U27    |convolution_filter_mul_8s_8ns_16_1    |        0|      0|    0|   64|
    |convolution_filter_mul_8s_8ns_16_1_U28    |convolution_filter_mul_8s_8ns_16_1    |        0|      0|    0|   64|
    |convolution_filter_mul_8s_8ns_16_1_U29    |convolution_filter_mul_8s_8ns_16_1    |        0|      0|    0|   64|
    |convolution_filter_mul_8s_8ns_16_1_U30    |convolution_filter_mul_8s_8ns_16_1    |        0|      0|    0|   64|
    |convolution_filter_mul_8s_8ns_16_1_U31    |convolution_filter_mul_8s_8ns_16_1    |        0|      0|    0|   64|
    |convolution_filter_mul_8s_8ns_16_1_U32    |convolution_filter_mul_8s_8ns_16_1    |        0|      0|    0|   64|
    |convolution_filter_mul_8s_8ns_16_1_U33    |convolution_filter_mul_8s_8ns_16_1    |        0|      0|    0|   64|
    |convolution_filter_mul_8s_8ns_16_1_U34    |convolution_filter_mul_8s_8ns_16_1    |        0|      0|    0|   64|
    |convolution_filter_mul_8s_8ns_16_1_U35    |convolution_filter_mul_8s_8ns_16_1    |        0|      0|    0|   64|
    |convolution_filter_mul_8s_8ns_16_1_U36    |convolution_filter_mul_8s_8ns_16_1    |        0|      0|    0|   64|
    |convolution_filter_mul_8s_8ns_16_1_U37    |convolution_filter_mul_8s_8ns_16_1    |        0|      0|    0|   64|
    |convolution_filter_mul_8s_8ns_16_1_U38    |convolution_filter_mul_8s_8ns_16_1    |        0|      0|    0|   64|
    |convolution_filter_mul_8s_8ns_16_1_U39    |convolution_filter_mul_8s_8ns_16_1    |        0|      0|    0|   64|
    |convolution_filter_mul_8s_8ns_16_1_U40    |convolution_filter_mul_8s_8ns_16_1    |        0|      0|    0|   64|
    |convolution_filter_mul_8s_8ns_16_1_U41    |convolution_filter_mul_8s_8ns_16_1    |        0|      0|    0|   64|
    |convolution_filter_mul_8s_8ns_16_1_U42    |convolution_filter_mul_8s_8ns_16_1    |        0|      0|    0|   64|
    |convolution_filter_mul_8s_8ns_16_1_U43    |convolution_filter_mul_8s_8ns_16_1    |        0|      0|    0|   64|
    |convolution_filter_mul_8s_8ns_16_1_U44    |convolution_filter_mul_8s_8ns_16_1    |        0|      0|    0|   64|
    |convolution_filter_mul_8s_8ns_16_1_U45    |convolution_filter_mul_8s_8ns_16_1    |        0|      0|    0|   64|
    |convolution_filter_mul_8s_8ns_16_1_U46    |convolution_filter_mul_8s_8ns_16_1    |        0|      0|    0|   64|
    |convolution_filter_mul_8s_8ns_16_1_U47    |convolution_filter_mul_8s_8ns_16_1    |        0|      0|    0|   64|
    |convolution_filter_mul_8s_8ns_16_1_U48    |convolution_filter_mul_8s_8ns_16_1    |        0|      0|    0|   64|
    |convolution_filter_sdiv_23s_8s_23_27_U49  |convolution_filter_sdiv_23s_8s_23_27  |        0|      0|  858|  858|
    +------------------------------------------+--------------------------------------+---------+-------+-----+-----+
    |Total                                     |                                      |        2|      0|  968| 4104|
    +------------------------------------------+--------------------------------------+---------+-------+-----+-----+

    * DSP48: 
    N/A

    * Memory: 
    +-------------------+------------------------------------+---------+---+----+------+-----+------+-------------+
    |       Memory      |               Module               | BRAM_18K| FF| LUT| Words| Bits| Banks| W*Bits*Banks|
    +-------------------+------------------------------------+---------+---+----+------+-----+------+-------------+
    |line_buffer_V_0_U  |convolution_filter_line_buffer_V_0  |        1|  0|   0|   640|    8|     1|         5120|
    |line_buffer_V_1_U  |convolution_filter_line_buffer_V_0  |        1|  0|   0|   640|    8|     1|         5120|
    |line_buffer_V_2_U  |convolution_filter_line_buffer_V_0  |        1|  0|   0|   640|    8|     1|         5120|
    |line_buffer_V_3_U  |convolution_filter_line_buffer_V_0  |        1|  0|   0|   640|    8|     1|         5120|
    |line_buffer_V_4_U  |convolution_filter_line_buffer_V_0  |        1|  0|   0|   640|    8|     1|         5120|
    |line_buffer_V_5_U  |convolution_filter_line_buffer_V_0  |        1|  0|   0|   640|    8|     1|         5120|
    +-------------------+------------------------------------+---------+---+----+------+-----+------+-------------+
    |Total              |                                    |        6|  0|   0|  3840|   48|     6|        30720|
    +-------------------+------------------------------------+---------+---+----+------+-----+------+-------------+

    * FIFO: 
    N/A

    * Expression: 
    +------------------------------------------+----------+-------+---+----+------------+------------+
    |               Variable Name              | Operation| DSP48E| FF| LUT| Bitwidth P0| Bitwidth P1|
    +------------------------------------------+----------+-------+---+----+------------+------------+
    |col_1_fu_841_p2                           |     +    |      0|  0|  10|          10|           1|
    |indvar_flatten_next_fu_618_p2             |     +    |      0|  0|  19|          19|           1|
    |out_img_V_TDATA                           |     +    |      0|  0|   8|           8|           8|
    |out_temp_V_6_6_fu_3161_p2                 |     +    |      0|  0|  22|          22|          22|
    |row_s_fu_652_p2                           |     +    |      0|  0|   9|           9|           1|
    |tmp10_fu_2741_p2                          |     +    |      0|  0|  17|          17|          17|
    |tmp11_fu_2771_p2                          |     +    |      0|  0|  18|          18|          18|
    |tmp12_fu_2761_p2                          |     +    |      0|  0|  17|          17|          17|
    |tmp13_fu_2901_p2                          |     +    |      0|  0|  20|          20|          20|
    |tmp14_fu_2841_p2                          |     +    |      0|  0|  19|          19|          19|
    |tmp15_fu_2811_p2                          |     +    |      0|  0|  18|          18|          18|
    |tmp16_fu_2801_p2                          |     +    |      0|  0|  17|          17|          17|
    |tmp17_fu_2831_p2                          |     +    |      0|  0|  18|          18|          18|
    |tmp18_fu_2821_p2                          |     +    |      0|  0|  17|          17|          17|
    |tmp19_fu_2891_p2                          |     +    |      0|  0|  19|          19|          19|
    |tmp1_fu_2911_p2                           |     +    |      0|  0|  21|          21|          21|
    |tmp20_fu_2861_p2                          |     +    |      0|  0|  18|          18|          18|
    |tmp21_fu_2851_p2                          |     +    |      0|  0|  17|          17|          17|
    |tmp22_fu_2881_p2                          |     +    |      0|  0|  18|          18|          18|
    |tmp23_fu_2871_p2                          |     +    |      0|  0|  17|          17|          17|
    |tmp24_fu_3151_p2                          |     +    |      0|  0|  21|          21|          21|
    |tmp25_fu_3021_p2                          |     +    |      0|  0|  20|          20|          20|
    |tmp26_fu_2961_p2                          |     +    |      0|  0|  19|          19|          19|
    |tmp27_fu_2931_p2                          |     +    |      0|  0|  18|          18|          18|
    |tmp28_fu_2921_p2                          |     +    |      0|  0|  17|          17|          17|
    |tmp29_fu_2951_p2                          |     +    |      0|  0|  18|          18|          18|
    |tmp2_fu_2791_p2                           |     +    |      0|  0|  20|          20|          20|
    |tmp30_fu_2941_p2                          |     +    |      0|  0|  17|          17|          17|
    |tmp31_fu_3011_p2                          |     +    |      0|  0|  19|          19|          19|
    |tmp32_fu_2981_p2                          |     +    |      0|  0|  18|          18|          18|
    |tmp33_fu_2971_p2                          |     +    |      0|  0|  17|          17|          17|
    |tmp34_fu_3001_p2                          |     +    |      0|  0|  18|          18|          18|
    |tmp35_fu_2991_p2                          |     +    |      0|  0|  17|          17|          17|
    |tmp36_fu_3141_p2                          |     +    |      0|  0|  20|          20|          20|
    |tmp37_fu_3071_p2                          |     +    |      0|  0|  19|          19|          19|
    |tmp38_fu_3041_p2                          |     +    |      0|  0|  18|          18|          18|
    |tmp39_fu_3031_p2                          |     +    |      0|  0|  17|          17|          17|
    |tmp3_fu_2731_p2                           |     +    |      0|  0|  19|          19|          19|
    |tmp40_fu_3061_p2                          |     +    |      0|  0|  18|          18|          18|
    |tmp41_fu_3051_p2                          |     +    |      0|  0|  17|          17|          17|
    |tmp42_fu_3131_p2                          |     +    |      0|  0|  19|          19|          19|
    |tmp43_fu_3091_p2                          |     +    |      0|  0|  18|          18|          18|
    |tmp44_fu_3081_p2                          |     +    |      0|  0|  17|          17|          17|
    |tmp45_fu_3121_p2                          |     +    |      0|  0|  18|          18|          18|
    |tmp46_fu_3101_p2                          |     +    |      0|  0|  17|          17|          17|
    |tmp47_fu_3111_p2                          |     +    |      0|  0|  17|          17|          17|
    |tmp4_fu_2701_p2                           |     +    |      0|  0|  18|          18|          18|
    |tmp5_fu_2691_p2                           |     +    |      0|  0|  17|          17|          17|
    |tmp6_fu_2721_p2                           |     +    |      0|  0|  18|          18|          18|
    |tmp7_fu_2711_p2                           |     +    |      0|  0|  17|          17|          17|
    |tmp8_fu_2781_p2                           |     +    |      0|  0|  19|          19|          19|
    |tmp9_fu_2751_p2                           |     +    |      0|  0|  18|          18|          18|
    |tmp_2_fu_624_p2                           |     +    |      0|  0|  19|          19|          10|
    |tmp_32_fu_835_p2                          |     +    |      0|  0|  19|          19|           1|
    |tmp_3_fu_779_p2                           |     +    |      0|  0|  32|          32|           1|
    |tmp_7_fu_744_p2                           |     +    |      0|  0|  32|           1|          32|
    |ap_sig_2351                               |    and   |      0|  0|   1|           1|           1|
    |ap_sig_2354                               |    and   |      0|  0|   1|           1|           1|
    |ap_sig_2356                               |    and   |      0|  0|   1|           1|           1|
    |ap_sig_2358                               |    and   |      0|  0|   1|           1|           1|
    |ap_sig_281                                |    and   |      0|  0|   1|           1|           1|
    |ap_sig_336                                |    and   |      0|  0|   1|           1|           1|
    |or_cond1_fu_829_p2                        |    and   |      0|  0|   1|           1|           1|
    |or_cond_fu_811_p2                         |    and   |      0|  0|   1|           1|           1|
    |exitcond_flatten_fu_612_p2                |   icmp   |      0|  0|   7|          19|          19|
    |exitcond_fu_630_p2                        |   icmp   |      0|  0|   4|          10|          10|
    |tmp_10_fu_795_p2                          |   icmp   |      0|  0|   4|          10|          10|
    |tmp_13_fu_823_p2                          |   icmp   |      0|  0|   4|          10|           2|
    |tmp_2_mid1_fu_678_p2                      |   icmp   |      0|  0|   3|           9|           2|
    |tmp_4_fu_714_p2                           |   icmp   |      0|  0|   7|          19|           6|
    |tmp_5_fu_738_p2                           |   icmp   |      0|  0|  11|          32|           3|
    |tmp_6_fu_720_p2                           |   icmp   |      0|  0|   7|          19|           6|
    |tmp_8_fu_726_p2                           |   icmp   |      0|  0|   7|          19|           6|
    |tmp_9_fu_684_p2                           |   icmp   |      0|  0|   3|           9|           2|
    |tmp_fu_664_p2                             |   icmp   |      0|  0|   3|           9|           7|
    |tmp_mid1_fu_658_p2                        |   icmp   |      0|  0|   3|           9|           7|
    |col_mid2_fu_644_p3                        |  select  |      0|  0|  10|           1|           1|
    |convolution_filter_ap_int_ap_6_fu_636_p3  |  select  |      0|  0|  19|           1|          19|
    |convolution_filter_ap_int_ap_7_fu_698_p3  |  select  |      0|  0|  19|           1|          19|
    |row_mid2_fu_706_p3                        |  select  |      0|  0|   9|           1|           9|
    |sel_SEBB1_fu_758_p3                       |  select  |      0|  0|  32|           1|           1|
    |sel_SEBB_fu_750_p3                        |  select  |      0|  0|  32|           1|          32|
    |tmp_2_mid2_fu_690_p3                      |  select  |      0|  0|   1|           1|           1|
    |tmp_mid2_fu_670_p3                        |  select  |      0|  0|   1|           1|           1|
    +------------------------------------------+----------+-------+---+----+------------+------------+
    |Total                                     |          |      0|  0|1215|        1180|        1099|
    +------------------------------------------+----------+-------+---+----+------------+------------+

    * Multiplexer: 
    +-----------------------------------------+----+-----------+-----+-----------+
    |                   Name                  | LUT| Input Size| Bits| Total Bits|
    +-----------------------------------------+----+-----------+-----+-----------+
    |ap_NS_fsm                                |   1|          4|    1|          4|
    |ap_reg_ppiten_pp0_it1                    |   1|          2|    1|          2|
    |ap_reg_ppiten_pp0_it2                    |   1|          2|    1|          2|
    |ap_reg_ppiten_pp0_it28                   |   1|          2|    1|          2|
    |ap_sig_ioackin_out_img_V_TREADY          |   1|          2|    1|          2|
    |col_reg_528                              |  10|          2|   10|         20|
    |convolution_filter_ap_int_ap_1_fu_308    |  32|          2|   32|         64|
    |convolution_filter_ap_int_ap_2_fu_304    |  32|          2|   32|         64|
    |convolution_filter_ap_int_ap_3_reg_517   |  19|          2|   19|         38|
    |convolution_mulfilter_ap_int_ap_reg_495  |  19|          2|   19|         38|
    |in_img_V_TDATA_blk_n                     |   1|          2|    1|          2|
    |in_temp_V_1_fu_312                       |   8|          2|    8|         16|
    |indvar_flatten_reg_484                   |  19|          2|   19|         38|
    |kernel_config_V_address0                 |   6|          4|    6|         24|
    |out_img_V_TDATA_blk_n                    |   1|          2|    1|          2|
    |row_reg_506                              |   9|          2|    9|         18|
    |window_V_0_6_loc_1_fu_336                |   8|          2|    8|         16|
    |window_V_1_6_loc_1_fu_332                |   8|          2|    8|         16|
    |window_V_2_6_loc_1_fu_328                |   8|          2|    8|         16|
    |window_V_3_6_loc_1_fu_324                |   8|          2|    8|         16|
    |window_V_4_6_loc_1_fu_320                |   8|          2|    8|         16|
    |window_V_5_6_loc_1_fu_316                |   8|          2|    8|         16|
    +-----------------------------------------+----+-----------+-----+-----------+
    |Total                                    | 209|         48|  209|        432|
    +-----------------------------------------+----+-----------+-----+-----------+

    * Register: 
    +-----------------------------------------+----+----+-----+-----------+
    |                   Name                  | FF | LUT| Bits| Const Bits|
    +-----------------------------------------+----+----+-----+-----------+
    |ap_CS_fsm                                |   3|   0|    3|          0|
    |ap_reg_ioackin_out_img_V_TREADY          |   1|   0|    1|          0|
    |ap_reg_ppiten_pp0_it0                    |   1|   0|    1|          0|
    |ap_reg_ppiten_pp0_it1                    |   1|   0|    1|          0|
    |ap_reg_ppiten_pp0_it10                   |   1|   0|    1|          0|
    |ap_reg_ppiten_pp0_it11                   |   1|   0|    1|          0|
    |ap_reg_ppiten_pp0_it12                   |   1|   0|    1|          0|
    |ap_reg_ppiten_pp0_it13                   |   1|   0|    1|          0|
    |ap_reg_ppiten_pp0_it14                   |   1|   0|    1|          0|
    |ap_reg_ppiten_pp0_it15                   |   1|   0|    1|          0|
    |ap_reg_ppiten_pp0_it16                   |   1|   0|    1|          0|
    |ap_reg_ppiten_pp0_it17                   |   1|   0|    1|          0|
    |ap_reg_ppiten_pp0_it18                   |   1|   0|    1|          0|
    |ap_reg_ppiten_pp0_it19                   |   1|   0|    1|          0|
    |ap_reg_ppiten_pp0_it2                    |   1|   0|    1|          0|
    |ap_reg_ppiten_pp0_it20                   |   1|   0|    1|          0|
    |ap_reg_ppiten_pp0_it21                   |   1|   0|    1|          0|
    |ap_reg_ppiten_pp0_it22                   |   1|   0|    1|          0|
    |ap_reg_ppiten_pp0_it23                   |   1|   0|    1|          0|
    |ap_reg_ppiten_pp0_it24                   |   1|   0|    1|          0|
    |ap_reg_ppiten_pp0_it25                   |   1|   0|    1|          0|
    |ap_reg_ppiten_pp0_it26                   |   1|   0|    1|          0|
    |ap_reg_ppiten_pp0_it27                   |   1|   0|    1|          0|
    |ap_reg_ppiten_pp0_it28                   |   1|   0|    1|          0|
    |ap_reg_ppiten_pp0_it3                    |   1|   0|    1|          0|
    |ap_reg_ppiten_pp0_it4                    |   1|   0|    1|          0|
    |ap_reg_ppiten_pp0_it5                    |   1|   0|    1|          0|
    |ap_reg_ppiten_pp0_it6                    |   1|   0|    1|          0|
    |ap_reg_ppiten_pp0_it7                    |   1|   0|    1|          0|
    |ap_reg_ppiten_pp0_it8                    |   1|   0|    1|          0|
    |ap_reg_ppiten_pp0_it9                    |   1|   0|    1|          0|
    |col_mid2_reg_3280                        |  10|   0|   10|          0|
    |col_reg_528                              |  10|   0|   10|          0|
    |convolution_filter_ap_int_ap_1_fu_308    |  32|   0|   32|          0|
    |convolution_filter_ap_int_ap_2_fu_304    |  32|   0|   32|          0|
    |convolution_filter_ap_int_ap_3_reg_517   |  19|   0|   19|          0|
    |convolution_mulfilter_ap_int_ap_reg_495  |  19|   0|   19|          0|
    |exitcond_flatten_reg_3271                |   1|   0|    1|          0|
    |in_temp_V_1_fu_312                       |   8|   0|    8|          0|
    |in_temp_V_1_load_reg_3383                |   8|   0|    8|          0|
    |in_temp_V_reg_3363                       |   8|   0|    8|          0|
    |indvar_flatten_reg_484                   |  19|   0|   19|          0|
    |kernel_V_0_0                             |   8|   0|    8|          0|
    |kernel_V_0_1                             |   8|   0|    8|          0|
    |kernel_V_0_2                             |   8|   0|    8|          0|
    |kernel_V_0_3                             |   8|   0|    8|          0|
    |kernel_V_0_4                             |   8|   0|    8|          0|
    |kernel_V_0_5                             |   8|   0|    8|          0|
    |kernel_V_0_6                             |   8|   0|    8|          0|
    |kernel_V_1_0                             |   8|   0|    8|          0|
    |kernel_V_1_1                             |   8|   0|    8|          0|
    |kernel_V_1_2                             |   8|   0|    8|          0|
    |kernel_V_1_3                             |   8|   0|    8|          0|
    |kernel_V_1_4                             |   8|   0|    8|          0|
    |kernel_V_1_5                             |   8|   0|    8|          0|
    |kernel_V_1_6                             |   8|   0|    8|          0|
    |kernel_V_2_0                             |   8|   0|    8|          0|
    |kernel_V_2_1                             |   8|   0|    8|          0|
    |kernel_V_2_2                             |   8|   0|    8|          0|
    |kernel_V_2_3                             |   8|   0|    8|          0|
    |kernel_V_2_4                             |   8|   0|    8|          0|
    |kernel_V_2_5                             |   8|   0|    8|          0|
    |kernel_V_2_6                             |   8|   0|    8|          0|
    |kernel_V_3_0                             |   8|   0|    8|          0|
    |kernel_V_3_1                             |   8|   0|    8|          0|
    |kernel_V_3_2                             |   8|   0|    8|          0|
    |kernel_V_3_3                             |   8|   0|    8|          0|
    |kernel_V_3_4                             |   8|   0|    8|          0|
    |kernel_V_3_5                             |   8|   0|    8|          0|
    |kernel_V_3_6                             |   8|   0|    8|          0|
    |kernel_V_4_0                             |   8|   0|    8|          0|
    |kernel_V_4_1                             |   8|   0|    8|          0|
    |kernel_V_4_2                             |   8|   0|    8|          0|
    |kernel_V_4_3                             |   8|   0|    8|          0|
    |kernel_V_4_4                             |   8|   0|    8|          0|
    |kernel_V_4_5                             |   8|   0|    8|          0|
    |kernel_V_4_6                             |   8|   0|    8|          0|
    |kernel_V_5_0                             |   8|   0|    8|          0|
    |kernel_V_5_1                             |   8|   0|    8|          0|
    |kernel_V_5_2                             |   8|   0|    8|          0|
    |kernel_V_5_3                             |   8|   0|    8|          0|
    |kernel_V_5_4                             |   8|   0|    8|          0|
    |kernel_V_5_5                             |   8|   0|    8|          0|
    |kernel_V_5_6                             |   8|   0|    8|          0|
    |kernel_V_6_0                             |   8|   0|    8|          0|
    |kernel_V_6_1                             |   8|   0|    8|          0|
    |kernel_V_6_2                             |   8|   0|    8|          0|
    |kernel_V_6_3                             |   8|   0|    8|          0|
    |kernel_V_6_4                             |   8|   0|    8|          0|
    |kernel_V_6_5                             |   8|   0|    8|          0|
    |kernel_V_6_6                             |   8|   0|    8|          0|
    |kernel_off_V                             |   8|   0|    8|          0|
    |kernel_off_V_load_reg_3425               |   8|   0|    8|          0|
    |kernel_sum_V                             |   8|   0|    8|          0|
    |line_buffer_V_0_addr_reg_3324            |  10|   0|   10|          0|
    |line_buffer_V_1_addr_reg_3330            |  10|   0|   10|          0|
    |line_buffer_V_2_addr_reg_3336            |  10|   0|   10|          0|
    |line_buffer_V_3_addr_reg_3342            |  10|   0|   10|          0|
    |line_buffer_V_4_addr_reg_3348            |  10|   0|   10|          0|
    |or_cond1_reg_3369                        |   1|   0|    1|          0|
    |or_cond_reg_3359                         |   1|   0|    1|          0|
    |row_reg_506                              |   9|   0|    9|          0|
    |tmp_10_reg_3320                          |   1|   0|    1|          0|
    |tmp_4_reg_3295                           |   1|   0|    1|          0|
    |tmp_64_reg_3312                          |   3|   0|    3|          0|
    |tmp_65_reg_3316                          |   3|   0|    3|          0|
    |tmp_6_reg_3299                           |   1|   0|    1|          0|
    |tmp_8_reg_3303                           |   1|   0|    1|          0|
    |window_V_0_1                             |   8|   0|    8|          0|
    |window_V_0_2                             |   8|   0|    8|          0|
    |window_V_0_3                             |   8|   0|    8|          0|
    |window_V_0_4                             |   8|   0|    8|          0|
    |window_V_0_5                             |   8|   0|    8|          0|
    |window_V_0_6                             |   8|   0|    8|          0|
    |window_V_0_6_loc_1_fu_336                |   8|   0|    8|          0|
    |window_V_0_6_loc_1_load_reg_3419         |   8|   0|    8|          0|
    |window_V_1_1                             |   8|   0|    8|          0|
    |window_V_1_2                             |   8|   0|    8|          0|
    |window_V_1_3                             |   8|   0|    8|          0|
    |window_V_1_4                             |   8|   0|    8|          0|
    |window_V_1_5                             |   8|   0|    8|          0|
    |window_V_1_6                             |   8|   0|    8|          0|
    |window_V_1_6_loc_1_fu_332                |   8|   0|    8|          0|
    |window_V_1_6_loc_1_load_reg_3413         |   8|   0|    8|          0|
    |window_V_2_1                             |   8|   0|    8|          0|
    |window_V_2_2                             |   8|   0|    8|          0|
    |window_V_2_3                             |   8|   0|    8|          0|
    |window_V_2_4                             |   8|   0|    8|          0|
    |window_V_2_5                             |   8|   0|    8|          0|
    |window_V_2_6                             |   8|   0|    8|          0|
    |window_V_2_6_loc_1_fu_328                |   8|   0|    8|          0|
    |window_V_2_6_loc_1_load_reg_3407         |   8|   0|    8|          0|
    |window_V_3_1                             |   8|   0|    8|          0|
    |window_V_3_2                             |   8|   0|    8|          0|
    |window_V_3_3                             |   8|   0|    8|          0|
    |window_V_3_4                             |   8|   0|    8|          0|
    |window_V_3_5                             |   8|   0|    8|          0|
    |window_V_3_6                             |   8|   0|    8|          0|
    |window_V_3_6_loc_1_fu_324                |   8|   0|    8|          0|
    |window_V_3_6_loc_1_load_reg_3401         |   8|   0|    8|          0|
    |window_V_4_1                             |   8|   0|    8|          0|
    |window_V_4_2                             |   8|   0|    8|          0|
    |window_V_4_3                             |   8|   0|    8|          0|
    |window_V_4_4                             |   8|   0|    8|          0|
    |window_V_4_5                             |   8|   0|    8|          0|
    |window_V_4_6                             |   8|   0|    8|          0|
    |window_V_4_6_loc_1_fu_320                |   8|   0|    8|          0|
    |window_V_4_6_loc_1_load_reg_3395         |   8|   0|    8|          0|
    |window_V_5_1                             |   8|   0|    8|          0|
    |window_V_5_2                             |   8|   0|    8|          0|
    |window_V_5_3                             |   8|   0|    8|          0|
    |window_V_5_4                             |   8|   0|    8|          0|
    |window_V_5_5                             |   8|   0|    8|          0|
    |window_V_5_6                             |   8|   0|    8|          0|
    |window_V_5_6_loc_1_fu_316                |   8|   0|    8|          0|
    |window_V_5_6_loc_1_load_reg_3389         |   8|   0|    8|          0|
    |window_V_6_1                             |   8|   0|    8|          0|
    |window_V_6_2                             |   8|   0|    8|          0|
    |window_V_6_3                             |   8|   0|    8|          0|
    |window_V_6_4                             |   8|   0|    8|          0|
    |window_V_6_5                             |   8|   0|    8|          0|
    |window_V_6_6                             |   8|   0|    8|          0|
    |kernel_off_V_load_reg_3425               |   0|   8|    8|          0|
    |or_cond1_reg_3369                        |   0|   1|    1|          0|
    +-----------------------------------------+----+----+-----+-----------+
    |Total                                    |1118|   9| 1127|          0|
    +-----------------------------------------+----+----+-----+-----------+



================================================================
== Interface
================================================================
* Summary: 
+------------------------+-----+-----+------------+--------------------+--------------+
|        RTL Ports       | Dir | Bits|  Protocol  |    Source Object   |    C Type    |
+------------------------+-----+-----+------------+--------------------+--------------+
|s_axi_AXILiteS_AWVALID  |  in |    1|    s_axi   |      AXILiteS      |     array    |
|s_axi_AXILiteS_AWREADY  | out |    1|    s_axi   |      AXILiteS      |     array    |
|s_axi_AXILiteS_AWADDR   |  in |    7|    s_axi   |      AXILiteS      |     array    |
|s_axi_AXILiteS_WVALID   |  in |    1|    s_axi   |      AXILiteS      |     array    |
|s_axi_AXILiteS_WREADY   | out |    1|    s_axi   |      AXILiteS      |     array    |
|s_axi_AXILiteS_WDATA    |  in |   32|    s_axi   |      AXILiteS      |     array    |
|s_axi_AXILiteS_WSTRB    |  in |    4|    s_axi   |      AXILiteS      |     array    |
|s_axi_AXILiteS_ARVALID  |  in |    1|    s_axi   |      AXILiteS      |     array    |
|s_axi_AXILiteS_ARREADY  | out |    1|    s_axi   |      AXILiteS      |     array    |
|s_axi_AXILiteS_ARADDR   |  in |    7|    s_axi   |      AXILiteS      |     array    |
|s_axi_AXILiteS_RVALID   | out |    1|    s_axi   |      AXILiteS      |     array    |
|s_axi_AXILiteS_RREADY   |  in |    1|    s_axi   |      AXILiteS      |     array    |
|s_axi_AXILiteS_RDATA    | out |   32|    s_axi   |      AXILiteS      |     array    |
|s_axi_AXILiteS_RRESP    | out |    2|    s_axi   |      AXILiteS      |     array    |
|s_axi_AXILiteS_BVALID   | out |    1|    s_axi   |      AXILiteS      |     array    |
|s_axi_AXILiteS_BREADY   |  in |    1|    s_axi   |      AXILiteS      |     array    |
|s_axi_AXILiteS_BRESP    | out |    2|    s_axi   |      AXILiteS      |     array    |
|ap_clk                  |  in |    1| ap_ctrl_hs | convolution_filter | return value |
|ap_rst_n                |  in |    1| ap_ctrl_hs | convolution_filter | return value |
|ap_start                |  in |    1| ap_ctrl_hs | convolution_filter | return value |
|ap_done                 | out |    1| ap_ctrl_hs | convolution_filter | return value |
|ap_idle                 | out |    1| ap_ctrl_hs | convolution_filter | return value |
|ap_ready                | out |    1| ap_ctrl_hs | convolution_filter | return value |
|in_img_V_TDATA          |  in |    8|    axis    |      in_img_V      |    pointer   |
|in_img_V_TVALID         |  in |    1|    axis    |      in_img_V      |    pointer   |
|in_img_V_TREADY         | out |    1|    axis    |      in_img_V      |    pointer   |
|out_img_V_TDATA         | out |    8|    axis    |      out_img_V     |    pointer   |
|out_img_V_TVALID        | out |    1|    axis    |      out_img_V     |    pointer   |
|out_img_V_TREADY        |  in |    1|    axis    |      out_img_V     |    pointer   |
+------------------------+-----+-----+------------+--------------------+--------------+

